
*** Running vivado
    with args -log vlock_design_xlconstant_0_0.vds -m64 -product Vivado -mode batch -messageDb vivado.pb -notrace -source vlock_design_xlconstant_0_0.tcl


****** Vivado v2016.4 (64-bit)
  **** SW Build 1756540 on Mon Jan 23 19:11:23 MST 2017
  **** IP Build 1755317 on Mon Jan 23 20:30:07 MST 2017
    ** Copyright 1986-2016 Xilinx, Inc. All Rights Reserved.

source vlock_design_xlconstant_0_0.tcl -notrace
Starting RTL Elaboration : Time (s): cpu = 00:00:14 ; elapsed = 00:00:22 . Memory (MB): peak = 291.996 ; gain = 82.512
INFO: [Synth 8-638] synthesizing module 'vlock_design_xlconstant_0_0' [c:/Users/Joao/Desktop/cr/Git/Reconfigurable_Computing/Lesson6/Ex6_1/Ex6_1.srcs/sources_1/bd/vlock_design/ip/vlock_design_xlconstant_0_0/sim/vlock_design_xlconstant_0_0.v:56]
INFO: [Synth 8-638] synthesizing module 'xlconstant' [c:/Users/Joao/Desktop/cr/Git/Reconfigurable_Computing/Lesson6/Ex6_1/Ex6_1.srcs/sources_1/bd/vlock_design/ipshared/e147/xlconstant.v:23]
INFO: [Synth 8-256] done synthesizing module 'xlconstant' (1#1) [c:/Users/Joao/Desktop/cr/Git/Reconfigurable_Computing/Lesson6/Ex6_1/Ex6_1.srcs/sources_1/bd/vlock_design/ipshared/e147/xlconstant.v:23]
INFO: [Synth 8-256] done synthesizing module 'vlock_design_xlconstant_0_0' (2#1) [c:/Users/Joao/Desktop/cr/Git/Reconfigurable_Computing/Lesson6/Ex6_1/Ex6_1.srcs/sources_1/bd/vlock_design/ip/vlock_design_xlconstant_0_0/sim/vlock_design_xlconstant_0_0.v:56]
Finished RTL Elaboration : Time (s): cpu = 00:00:16 ; elapsed = 00:00:24 . Memory (MB): peak = 329.410 ; gain = 119.926
Finished RTL Optimization Phase 1 : Time (s): cpu = 00:00:16 ; elapsed = 00:00:24 . Memory (MB): peak = 329.410 ; gain = 119.926
INFO: [Device 21-403] Loading part xc7a100tcsg324-1
Constraint Validation Runtime : Time (s): cpu = 00:00:00 ; elapsed = 00:00:00.281 . Memory (MB): peak = 529.766 ; gain = 0.000
Finished Constraint Validation : Time (s): cpu = 00:00:33 ; elapsed = 00:00:43 . Memory (MB): peak = 529.766 ; gain = 320.281
Finished Loading Part and Timing Information : Time (s): cpu = 00:00:33 ; elapsed = 00:00:43 . Memory (MB): peak = 529.766 ; gain = 320.281
Finished applying 'set_property' XDC Constraints : Time (s): cpu = 00:00:33 ; elapsed = 00:00:43 . Memory (MB): peak = 529.766 ; gain = 320.281
Finished RTL Optimization Phase 2 : Time (s): cpu = 00:00:33 ; elapsed = 00:00:43 . Memory (MB): peak = 529.766 ; gain = 320.281
Finished Cross Boundary and Area Optimization : Time (s): cpu = 00:00:34 ; elapsed = 00:00:44 . Memory (MB): peak = 529.766 ; gain = 320.281
Finished Applying XDC Timing Constraints : Time (s): cpu = 00:00:53 ; elapsed = 00:01:04 . Memory (MB): peak = 566.910 ; gain = 357.426
Finished Timing Optimization : Time (s): cpu = 00:00:53 ; elapsed = 00:01:04 . Memory (MB): peak = 566.910 ; gain = 357.426
Finished Technology Mapping : Time (s): cpu = 00:00:54 ; elapsed = 00:01:04 . Memory (MB): peak = 576.563 ; gain = 367.078
Finished IO Insertion : Time (s): cpu = 00:00:54 ; elapsed = 00:01:05 . Memory (MB): peak = 576.563 ; gain = 367.078
Finished Renaming Generated Instances : Time (s): cpu = 00:00:54 ; elapsed = 00:01:05 . Memory (MB): peak = 576.563 ; gain = 367.078
Finished Rebuilding User Hierarchy : Time (s): cpu = 00:00:54 ; elapsed = 00:01:05 . Memory (MB): peak = 576.563 ; gain = 367.078
Finished Renaming Generated Ports : Time (s): cpu = 00:00:54 ; elapsed = 00:01:05 . Memory (MB): peak = 576.563 ; gain = 367.078
Finished Handling Custom Attributes : Time (s): cpu = 00:00:55 ; elapsed = 00:01:05 . Memory (MB): peak = 576.563 ; gain = 367.078
Finished Renaming Generated Nets : Time (s): cpu = 00:00:55 ; elapsed = 00:01:05 . Memory (MB): peak = 576.563 ; gain = 367.078

Report Cell Usage: 
+-+-----+------+
| |Cell |Count |
+-+-----+------+
+-+-----+------+
Finished Writing Synthesis Report : Time (s): cpu = 00:00:55 ; elapsed = 00:01:05 . Memory (MB): peak = 576.563 ; gain = 367.078
synth_design: Time (s): cpu = 00:00:50 ; elapsed = 00:00:52 . Memory (MB): peak = 600.988 ; gain = 385.164
