
*** Running vivado
    with args -log Dezign1_xlslice_0_1.vds -m64 -product Vivado -mode batch -messageDb vivado.pb -notrace -source Dezign1_xlslice_0_1.tcl


****** Vivado v2016.4 (64-bit)
  **** SW Build 1756540 on Mon Jan 23 19:11:23 MST 2017
  **** IP Build 1755317 on Mon Jan 23 20:30:07 MST 2017
    ** Copyright 1986-2016 Xilinx, Inc. All Rights Reserved.

source Dezign1_xlslice_0_1.tcl -notrace
Starting RTL Elaboration : Time (s): cpu = 00:00:16 ; elapsed = 00:02:19 . Memory (MB): peak = 292.094 ; gain = 82.613
INFO: [Synth 8-638] synthesizing module 'Dezign1_xlslice_0_1' [c:/Users/Joao/Desktop/cr/Git/Reconfigurable_Computing/Lesson6/Ex6_2/Ex6_2.srcs/sources_1/bd/Dezign1/ip/Dezign1_xlslice_0_1/synth/Dezign1_xlslice_0_1.v:57]
INFO: [Synth 8-638] synthesizing module 'xlslice' [c:/Users/Joao/Desktop/cr/Git/Reconfigurable_Computing/Lesson6/Ex6_2/Ex6_2.srcs/sources_1/bd/Dezign1/ipshared/c49f/xlslice.v:14]
INFO: [Synth 8-256] done synthesizing module 'xlslice' (1#1) [c:/Users/Joao/Desktop/cr/Git/Reconfigurable_Computing/Lesson6/Ex6_2/Ex6_2.srcs/sources_1/bd/Dezign1/ipshared/c49f/xlslice.v:14]
INFO: [Synth 8-256] done synthesizing module 'Dezign1_xlslice_0_1' (2#1) [c:/Users/Joao/Desktop/cr/Git/Reconfigurable_Computing/Lesson6/Ex6_2/Ex6_2.srcs/sources_1/bd/Dezign1/ip/Dezign1_xlslice_0_1/synth/Dezign1_xlslice_0_1.v:57]
Finished RTL Elaboration : Time (s): cpu = 00:00:18 ; elapsed = 00:02:22 . Memory (MB): peak = 329.551 ; gain = 120.070
Finished RTL Optimization Phase 1 : Time (s): cpu = 00:00:18 ; elapsed = 00:02:22 . Memory (MB): peak = 329.551 ; gain = 120.070
INFO: [Device 21-403] Loading part xc7a100tcsg324-1
Constraint Validation Runtime : Time (s): cpu = 00:00:00 ; elapsed = 00:00:00.499 . Memory (MB): peak = 535.102 ; gain = 0.000
Finished Constraint Validation : Time (s): cpu = 00:00:35 ; elapsed = 00:02:52 . Memory (MB): peak = 535.102 ; gain = 325.621
Finished Loading Part and Timing Information : Time (s): cpu = 00:00:35 ; elapsed = 00:02:52 . Memory (MB): peak = 535.102 ; gain = 325.621
Finished applying 'set_property' XDC Constraints : Time (s): cpu = 00:00:35 ; elapsed = 00:02:52 . Memory (MB): peak = 535.102 ; gain = 325.621
Finished RTL Optimization Phase 2 : Time (s): cpu = 00:00:35 ; elapsed = 00:02:52 . Memory (MB): peak = 535.102 ; gain = 325.621
Finished Cross Boundary and Area Optimization : Time (s): cpu = 00:00:36 ; elapsed = 00:02:53 . Memory (MB): peak = 535.102 ; gain = 325.621
Finished Applying XDC Timing Constraints : Time (s): cpu = 00:00:57 ; elapsed = 00:03:22 . Memory (MB): peak = 566.926 ; gain = 357.445
Finished Timing Optimization : Time (s): cpu = 00:00:57 ; elapsed = 00:03:22 . Memory (MB): peak = 566.926 ; gain = 357.445
Finished Technology Mapping : Time (s): cpu = 00:00:57 ; elapsed = 00:03:22 . Memory (MB): peak = 576.500 ; gain = 367.020
Finished IO Insertion : Time (s): cpu = 00:00:58 ; elapsed = 00:03:23 . Memory (MB): peak = 576.500 ; gain = 367.020
Finished Renaming Generated Instances : Time (s): cpu = 00:00:58 ; elapsed = 00:03:23 . Memory (MB): peak = 576.500 ; gain = 367.020
Finished Rebuilding User Hierarchy : Time (s): cpu = 00:00:58 ; elapsed = 00:03:23 . Memory (MB): peak = 576.500 ; gain = 367.020
Finished Renaming Generated Ports : Time (s): cpu = 00:00:58 ; elapsed = 00:03:23 . Memory (MB): peak = 576.500 ; gain = 367.020
Finished Handling Custom Attributes : Time (s): cpu = 00:00:58 ; elapsed = 00:03:24 . Memory (MB): peak = 576.500 ; gain = 367.020
Finished Renaming Generated Nets : Time (s): cpu = 00:00:58 ; elapsed = 00:03:24 . Memory (MB): peak = 576.500 ; gain = 367.020

Report Cell Usage: 
+-+-----+------+
| |Cell |Count |
+-+-----+------+
+-+-----+------+
Finished Writing Synthesis Report : Time (s): cpu = 00:00:58 ; elapsed = 00:03:24 . Memory (MB): peak = 576.500 ; gain = 367.020
synth_design: Time (s): cpu = 00:00:51 ; elapsed = 00:01:21 . Memory (MB): peak = 592.605 ; gain = 376.051
