#-----------------------------------------------------------
# Vivado v2016.4 (64-bit)
# SW Build 1756540 on Mon Jan 23 19:11:23 MST 2017
# IP Build 1755317 on Mon Jan 23 20:30:07 MST 2017
# Start of session at: Sun May 21 19:04:07 2017
# Process ID: 15980
# Current directory: C:/Users/Joao/Desktop/cr/Git/Reconfigurable_Computing/Lesson4/Find_Min_Max
# Command line: vivado.exe -gui_launcher_event rodinguilauncherevent11292 C:\Users\Joao\Desktop\cr\Git\Reconfigurable_Computing\Lesson4\Find_Min_Max\Find_Min_Max.xpr
# Log file: C:/Users/Joao/Desktop/cr/Git/Reconfigurable_Computing/Lesson4/Find_Min_Max/vivado.log
# Journal file: C:/Users/Joao/Desktop/cr/Git/Reconfigurable_Computing/Lesson4/Find_Min_Max\vivado.jou
#-----------------------------------------------------------
start_gui
open_project C:/Users/Joao/Desktop/cr/Git/Reconfigurable_Computing/Lesson4/Find_Min_Max/Find_Min_Max.xpr
Scanning sources...
Finished scanning sources
INFO: [IP_Flow 19-234] Refreshing IP repositories
INFO: [IP_Flow 19-1700] Loaded user IP repository 'c:/Users/Joao/Desktop/cr/Git/Reconfigurable_Computing/Lesson4/Find_Min_Max'.
INFO: [IP_Flow 19-2313] Loaded Vivado IP repository 'C:/Xilinx/Vivado/2016.4/data/ip'.
open_bd_design {C:/Users/Joao/Desktop/cr/Git/Reconfigurable_Computing/Lesson4/Find_Min_Max/Find_Min_Max.srcs/sources_1/bd/memorycore/memorycore.bd}
Adding cell -- xilinx.com:ip:blk_mem_gen:8.3 - blk_mem_gen_0
Successfully read diagram <memorycore> from BD file <C:/Users/Joao/Desktop/cr/Git/Reconfigurable_Computing/Lesson4/Find_Min_Max/Find_Min_Max.srcs/sources_1/bd/memorycore/memorycore.bd>
open_bd_design: Time (s): cpu = 00:00:11 ; elapsed = 00:00:09 . Memory (MB): peak = 908.555 ; gain = 149.984
exit
INFO: [Common 17-206] Exiting Vivado at Sun May 21 19:07:04 2017...
