
*** Running vivado
    with args -log design1_dlmb_bram_if_cntlr_0.vds -m64 -product Vivado -mode batch -messageDb vivado.pb -notrace -source design1_dlmb_bram_if_cntlr_0.tcl


****** Vivado v2016.4 (64-bit)
  **** SW Build 1756540 on Mon Jan 23 19:11:23 MST 2017
  **** IP Build 1755317 on Mon Jan 23 20:30:07 MST 2017
    ** Copyright 1986-2016 Xilinx, Inc. All Rights Reserved.

source design1_dlmb_bram_if_cntlr_0.tcl -notrace
Starting RTL Elaboration : Time (s): cpu = 00:00:16 ; elapsed = 00:02:17 . Memory (MB): peak = 293.305 ; gain = 83.816
INFO: [Synth 8-638] synthesizing module 'design1_dlmb_bram_if_cntlr_0' [c:/Users/Joao/Desktop/cr/Git/Reconfigurable_Computing/Lesson6/Ex6_3/Ex6_3.srcs/sources_1/bd/design1/ip/design1_dlmb_bram_if_cntlr_0/synth/design1_dlmb_bram_if_cntlr_0.vhd:84]
INFO: [Synth 8-638] synthesizing module 'lmb_bram_if_cntlr' [c:/Users/Joao/Desktop/cr/Git/Reconfigurable_Computing/Lesson6/Ex6_3/Ex6_3.srcs/sources_1/bd/design1/ipshared/f4d9/hdl/lmb_bram_if_cntlr_v4_0_vh_rfs.vhd:3106]
INFO: [Synth 8-638] synthesizing module 'lmb_mux' [c:/Users/Joao/Desktop/cr/Git/Reconfigurable_Computing/Lesson6/Ex6_3/Ex6_3.srcs/sources_1/bd/design1/ipshared/f4d9/hdl/lmb_bram_if_cntlr_v4_0_vh_rfs.vhd:2601]
INFO: [Synth 8-638] synthesizing module 'pselect_mask' [c:/Users/Joao/Desktop/cr/Git/Reconfigurable_Computing/Lesson6/Ex6_3/Ex6_3.srcs/sources_1/bd/design1/ipshared/f4d9/hdl/lmb_bram_if_cntlr_v4_0_vh_rfs.vhd:2121]
INFO: [Synth 8-256] done synthesizing module 'pselect_mask' (1#1) [c:/Users/Joao/Desktop/cr/Git/Reconfigurable_Computing/Lesson6/Ex6_3/Ex6_3.srcs/sources_1/bd/design1/ipshared/f4d9/hdl/lmb_bram_if_cntlr_v4_0_vh_rfs.vhd:2121]
INFO: [Synth 8-256] done synthesizing module 'lmb_mux' (2#1) [c:/Users/Joao/Desktop/cr/Git/Reconfigurable_Computing/Lesson6/Ex6_3/Ex6_3.srcs/sources_1/bd/design1/ipshared/f4d9/hdl/lmb_bram_if_cntlr_v4_0_vh_rfs.vhd:2601]
INFO: [Synth 8-256] done synthesizing module 'lmb_bram_if_cntlr' (3#1) [c:/Users/Joao/Desktop/cr/Git/Reconfigurable_Computing/Lesson6/Ex6_3/Ex6_3.srcs/sources_1/bd/design1/ipshared/f4d9/hdl/lmb_bram_if_cntlr_v4_0_vh_rfs.vhd:3106]
INFO: [Synth 8-256] done synthesizing module 'design1_dlmb_bram_if_cntlr_0' (4#1) [c:/Users/Joao/Desktop/cr/Git/Reconfigurable_Computing/Lesson6/Ex6_3/Ex6_3.srcs/sources_1/bd/design1/ip/design1_dlmb_bram_if_cntlr_0/synth/design1_dlmb_bram_if_cntlr_0.vhd:84]
Finished RTL Elaboration : Time (s): cpu = 00:00:18 ; elapsed = 00:02:20 . Memory (MB): peak = 331.836 ; gain = 122.348
Finished RTL Optimization Phase 1 : Time (s): cpu = 00:00:18 ; elapsed = 00:02:21 . Memory (MB): peak = 331.836 ; gain = 122.348
INFO: [Device 21-403] Loading part xc7a100tcsg324-1
Constraint Validation Runtime : Time (s): cpu = 00:00:00 ; elapsed = 00:00:00.058 . Memory (MB): peak = 588.344 ; gain = 0.000
Finished Constraint Validation : Time (s): cpu = 00:00:37 ; elapsed = 00:02:46 . Memory (MB): peak = 588.344 ; gain = 378.855
Finished Loading Part and Timing Information : Time (s): cpu = 00:00:37 ; elapsed = 00:02:47 . Memory (MB): peak = 588.344 ; gain = 378.855
Finished applying 'set_property' XDC Constraints : Time (s): cpu = 00:00:37 ; elapsed = 00:02:47 . Memory (MB): peak = 588.344 ; gain = 378.855
Finished RTL Optimization Phase 2 : Time (s): cpu = 00:00:37 ; elapsed = 00:02:47 . Memory (MB): peak = 588.344 ; gain = 378.855
Finished Cross Boundary and Area Optimization : Time (s): cpu = 00:00:38 ; elapsed = 00:02:48 . Memory (MB): peak = 588.344 ; gain = 378.855
Finished Applying XDC Timing Constraints : Time (s): cpu = 00:00:58 ; elapsed = 00:03:13 . Memory (MB): peak = 589.715 ; gain = 380.227
Finished Timing Optimization : Time (s): cpu = 00:00:58 ; elapsed = 00:03:13 . Memory (MB): peak = 589.715 ; gain = 380.227
Finished Technology Mapping : Time (s): cpu = 00:00:58 ; elapsed = 00:03:13 . Memory (MB): peak = 609.086 ; gain = 399.598
Finished IO Insertion : Time (s): cpu = 00:00:59 ; elapsed = 00:03:14 . Memory (MB): peak = 609.086 ; gain = 399.598
Finished Renaming Generated Instances : Time (s): cpu = 00:00:59 ; elapsed = 00:03:14 . Memory (MB): peak = 609.086 ; gain = 399.598
Finished Rebuilding User Hierarchy : Time (s): cpu = 00:00:59 ; elapsed = 00:03:14 . Memory (MB): peak = 609.086 ; gain = 399.598
Finished Renaming Generated Ports : Time (s): cpu = 00:00:59 ; elapsed = 00:03:14 . Memory (MB): peak = 609.086 ; gain = 399.598
Finished Handling Custom Attributes : Time (s): cpu = 00:00:59 ; elapsed = 00:03:15 . Memory (MB): peak = 609.086 ; gain = 399.598
Finished Renaming Generated Nets : Time (s): cpu = 00:00:59 ; elapsed = 00:03:15 . Memory (MB): peak = 609.086 ; gain = 399.598

Report Cell Usage: 
+------+-----+------+
|      |Cell |Count |
+------+-----+------+
|1     |LUT2 |     3|
|2     |LUT3 |     4|
|3     |FDRE |     2|
+------+-----+------+
Finished Writing Synthesis Report : Time (s): cpu = 00:00:59 ; elapsed = 00:03:15 . Memory (MB): peak = 609.086 ; gain = 399.598
synth_design: Time (s): cpu = 00:00:53 ; elapsed = 00:01:12 . Memory (MB): peak = 625.918 ; gain = 409.438
