Copyright 1986-2016 Xilinx, Inc. All Rights Reserved.
------------------------------------------------------------------------------------
| Tool Version : Vivado v.2016.4 (win64) Build 1756540 Mon Jan 23 19:11:23 MST 2017
| Date         : Sun Mar 19 10:52:50 2017
| Host         : DESKTOP-2SMIO6T running 64-bit major release  (build 9200)
| Command      : upgrade_ip
| Device       : xc7a100tcsg324-1
------------------------------------------------------------------------------------

Upgrade Log for IP 'Find1000_RandomGenerator_0_0'

1. Summary
----------

SUCCESS in the upgrade of Find1000_RandomGenerator_0_0 (xilinx.com:user:RandomGenerator:1.0) from (Rev. 2) to (Rev. 4)






Copyright 1986-2016 Xilinx, Inc. All Rights Reserved.
------------------------------------------------------------------------------------
| Tool Version : Vivado v.2016.4 (win64) Build 1756540 Mon Jan 23 19:11:23 MST 2017
| Date         : Sun Mar 19 10:52:00 2017
| Host         : DESKTOP-2SMIO6T running 64-bit major release  (build 9200)
| Command      : upgrade_ip
| Device       : xc7a100tcsg324-1
------------------------------------------------------------------------------------

Upgrade Log for IP 'Find1000_RandomGenerator_0_0'

1. Summary
----------

SUCCESS in the update of Find1000_RandomGenerator_0_0 (xilinx.com:user:RandomGenerator:1.0 (Rev. 2)) to current project options.






Copyright 1986-2016 Xilinx, Inc. All Rights Reserved.
------------------------------------------------------------------------------------
| Tool Version : Vivado v.2016.4 (win64) Build 1756540 Mon Jan 23 19:11:23 MST 2017
| Date         : Sun Mar 19 10:45:59 2017
| Host         : DESKTOP-2SMIO6T running 64-bit major release  (build 9200)
| Command      : upgrade_ip
| Device       : xc7a100tcsg324-1
------------------------------------------------------------------------------------

Upgrade Log for IP 'Find1000_RandomGenerator_0_0'

1. Summary
----------

SUCCESS in the update of Find1000_RandomGenerator_0_0 (xilinx.com:user:RandomGenerator:1.0 (Rev. 2)) to current project options.






Copyright 1986-2016 Xilinx, Inc. All Rights Reserved.
------------------------------------------------------------------------------------
| Tool Version : Vivado v.2016.4 (win64) Build 1756540 Mon Jan 23 19:11:23 MST 2017
| Date         : Sun Mar 19 00:43:24 2017
| Host         : DESKTOP-2SMIO6T running 64-bit major release  (build 9200)
| Command      : upgrade_ip
| Device       : xc7a100tcsg324-1
------------------------------------------------------------------------------------

Upgrade Log for IP 'Find1000_Find1_0_0'

1. Summary
----------

SUCCESS in the upgrade of Find1000_Find1_0_0 (xilinx.com:user:Find1:1.0) from (Rev. 2) to (Rev. 3)

