
*** Running vivado
    with args -log Find1000_xlconstant_0_0.vds -m64 -product Vivado -mode batch -messageDb vivado.pb -notrace -source Find1000_xlconstant_0_0.tcl


****** Vivado v2016.4 (64-bit)
  **** SW Build 1756540 on Mon Jan 23 19:11:23 MST 2017
  **** IP Build 1755317 on Mon Jan 23 20:30:07 MST 2017
    ** Copyright 1986-2016 Xilinx, Inc. All Rights Reserved.

source Find1000_xlconstant_0_0.tcl -notrace
Starting Synthesize : Time (s): cpu = 00:00:14 ; elapsed = 00:01:08 . Memory (MB): peak = 289.883 ; gain = 79.586
INFO: [Synth 8-638] synthesizing module 'Find1000_xlconstant_0_0' [c:/Users/Joao/Desktop/cr/Git/Reconfigurable_Computing/Lesson3/Ex3/Ex3.srcs/sources_1/bd/Find1000/ip/Find1000_xlconstant_0_0/sim/Find1000_xlconstant_0_0.vhd:35]
INFO: [Synth 8-638] synthesizing module 'xlconstant' [c:/Users/Joao/Desktop/cr/Git/Reconfigurable_Computing/Lesson3/Ex3/Ex3.srcs/sources_1/bd/Find1000/ipshared/e147/xlconstant.vhd:36]
INFO: [Synth 8-256] done synthesizing module 'xlconstant' (1#1) [c:/Users/Joao/Desktop/cr/Git/Reconfigurable_Computing/Lesson3/Ex3/Ex3.srcs/sources_1/bd/Find1000/ipshared/e147/xlconstant.vhd:36]
INFO: [Synth 8-256] done synthesizing module 'Find1000_xlconstant_0_0' (2#1) [c:/Users/Joao/Desktop/cr/Git/Reconfigurable_Computing/Lesson3/Ex3/Ex3.srcs/sources_1/bd/Find1000/ip/Find1000_xlconstant_0_0/sim/Find1000_xlconstant_0_0.vhd:35]
Finished Synthesize : Time (s): cpu = 00:00:15 ; elapsed = 00:01:10 . Memory (MB): peak = 328.047 ; gain = 117.750
Finished Constraint Validation : Time (s): cpu = 00:00:15 ; elapsed = 00:01:10 . Memory (MB): peak = 328.047 ; gain = 117.750
INFO: [Device 21-403] Loading part xc7a100tcsg324-1
Finished Loading Part and Timing Information : Time (s): cpu = 00:00:15 ; elapsed = 00:01:10 . Memory (MB): peak = 328.047 ; gain = 117.750
Finished RTL Optimization Phase 2 : Time (s): cpu = 00:00:15 ; elapsed = 00:01:10 . Memory (MB): peak = 328.047 ; gain = 117.750
Finished Cross Boundary and Area Optimization : Time (s): cpu = 00:00:21 ; elapsed = 00:01:18 . Memory (MB): peak = 422.539 ; gain = 212.242
Finished Timing Optimization : Time (s): cpu = 00:00:21 ; elapsed = 00:01:18 . Memory (MB): peak = 422.539 ; gain = 212.242
Finished Technology Mapping : Time (s): cpu = 00:00:21 ; elapsed = 00:01:18 . Memory (MB): peak = 423.832 ; gain = 213.535
Finished IO Insertion : Time (s): cpu = 00:00:22 ; elapsed = 00:01:19 . Memory (MB): peak = 423.832 ; gain = 213.535
Finished Renaming Generated Instances : Time (s): cpu = 00:00:22 ; elapsed = 00:01:19 . Memory (MB): peak = 423.832 ; gain = 213.535
Finished Rebuilding User Hierarchy : Time (s): cpu = 00:00:22 ; elapsed = 00:01:19 . Memory (MB): peak = 423.832 ; gain = 213.535
Finished Renaming Generated Ports : Time (s): cpu = 00:00:22 ; elapsed = 00:01:19 . Memory (MB): peak = 423.832 ; gain = 213.535
Finished Handling Custom Attributes : Time (s): cpu = 00:00:22 ; elapsed = 00:01:19 . Memory (MB): peak = 423.832 ; gain = 213.535
Finished Renaming Generated Nets : Time (s): cpu = 00:00:22 ; elapsed = 00:01:19 . Memory (MB): peak = 423.832 ; gain = 213.535

Report Cell Usage: 
+-+-----+------+
| |Cell |Count |
+-+-----+------+
+-+-----+------+
Finished Writing Synthesis Report : Time (s): cpu = 00:00:22 ; elapsed = 00:01:19 . Memory (MB): peak = 423.832 ; gain = 213.535
synth_design: Time (s): cpu = 00:00:19 ; elapsed = 00:00:38 . Memory (MB): peak = 529.520 ; gain = 314.133
write_checkpoint: Time (s): cpu = 00:00:23 ; elapsed = 00:00:24 . Memory (MB): peak = 906.988 ; gain = 377.469
