
*** Running vivado
    with args -log Dezign1_clk_wiz_1_0.vds -m64 -product Vivado -mode batch -messageDb vivado.pb -notrace -source Dezign1_clk_wiz_1_0.tcl


****** Vivado v2016.4 (64-bit)
  **** SW Build 1756540 on Mon Jan 23 19:11:23 MST 2017
  **** IP Build 1755317 on Mon Jan 23 20:30:07 MST 2017
    ** Copyright 1986-2016 Xilinx, Inc. All Rights Reserved.

source Dezign1_clk_wiz_1_0.tcl -notrace
Starting RTL Elaboration : Time (s): cpu = 00:00:16 ; elapsed = 00:02:44 . Memory (MB): peak = 294.375 ; gain = 84.121
INFO: [Synth 8-638] synthesizing module 'Dezign1_clk_wiz_1_0' [c:/Users/Joao/Desktop/cr/Git/Reconfigurable_Computing/Lesson6/Ex6_2/Ex6_2.srcs/sources_1/bd/Dezign1/ip/Dezign1_clk_wiz_1_0/Dezign1_clk_wiz_1_0.v:70]
INFO: [Synth 8-638] synthesizing module 'Dezign1_clk_wiz_1_0_clk_wiz' [c:/Users/Joao/Desktop/cr/Git/Reconfigurable_Computing/Lesson6/Ex6_2/Ex6_2.srcs/sources_1/bd/Dezign1/ip/Dezign1_clk_wiz_1_0/Dezign1_clk_wiz_1_0_clk_wiz.v:68]
INFO: [Synth 8-638] synthesizing module 'IBUF' [C:/Xilinx/Vivado/2016.4/scripts/rt/data/unisim_comp.v:14146]
INFO: [Synth 8-256] done synthesizing module 'IBUF' (1#1) [C:/Xilinx/Vivado/2016.4/scripts/rt/data/unisim_comp.v:14146]
INFO: [Synth 8-638] synthesizing module 'MMCME2_ADV' [C:/Xilinx/Vivado/2016.4/scripts/rt/data/unisim_comp.v:20414]
INFO: [Synth 8-256] done synthesizing module 'MMCME2_ADV' (2#1) [C:/Xilinx/Vivado/2016.4/scripts/rt/data/unisim_comp.v:20414]
INFO: [Synth 8-638] synthesizing module 'BUFG' [C:/Xilinx/Vivado/2016.4/scripts/rt/data/unisim_comp.v:607]
INFO: [Synth 8-256] done synthesizing module 'BUFG' (3#1) [C:/Xilinx/Vivado/2016.4/scripts/rt/data/unisim_comp.v:607]
INFO: [Synth 8-256] done synthesizing module 'Dezign1_clk_wiz_1_0_clk_wiz' (4#1) [c:/Users/Joao/Desktop/cr/Git/Reconfigurable_Computing/Lesson6/Ex6_2/Ex6_2.srcs/sources_1/bd/Dezign1/ip/Dezign1_clk_wiz_1_0/Dezign1_clk_wiz_1_0_clk_wiz.v:68]
INFO: [Synth 8-256] done synthesizing module 'Dezign1_clk_wiz_1_0' (5#1) [c:/Users/Joao/Desktop/cr/Git/Reconfigurable_Computing/Lesson6/Ex6_2/Ex6_2.srcs/sources_1/bd/Dezign1/ip/Dezign1_clk_wiz_1_0/Dezign1_clk_wiz_1_0.v:70]
Finished RTL Elaboration : Time (s): cpu = 00:00:17 ; elapsed = 00:02:46 . Memory (MB): peak = 331.668 ; gain = 121.414
Finished RTL Optimization Phase 1 : Time (s): cpu = 00:00:18 ; elapsed = 00:02:47 . Memory (MB): peak = 331.668 ; gain = 121.414
INFO: [Device 21-403] Loading part xc7a100tcsg324-1
Constraint Validation Runtime : Time (s): cpu = 00:00:00 ; elapsed = 00:00:00.058 . Memory (MB): peak = 553.621 ; gain = 0.000
Finished Constraint Validation : Time (s): cpu = 00:00:36 ; elapsed = 00:03:14 . Memory (MB): peak = 553.621 ; gain = 343.367
Finished Loading Part and Timing Information : Time (s): cpu = 00:00:36 ; elapsed = 00:03:14 . Memory (MB): peak = 553.621 ; gain = 343.367
Finished applying 'set_property' XDC Constraints : Time (s): cpu = 00:00:36 ; elapsed = 00:03:14 . Memory (MB): peak = 553.621 ; gain = 343.367
Finished RTL Optimization Phase 2 : Time (s): cpu = 00:00:36 ; elapsed = 00:03:14 . Memory (MB): peak = 553.621 ; gain = 343.367
Finished Cross Boundary and Area Optimization : Time (s): cpu = 00:00:37 ; elapsed = 00:03:15 . Memory (MB): peak = 553.621 ; gain = 343.367
Finished Applying XDC Timing Constraints : Time (s): cpu = 00:00:57 ; elapsed = 00:03:43 . Memory (MB): peak = 570.094 ; gain = 359.840
Finished Timing Optimization : Time (s): cpu = 00:00:57 ; elapsed = 00:03:43 . Memory (MB): peak = 570.098 ; gain = 359.844
Finished Technology Mapping : Time (s): cpu = 00:00:57 ; elapsed = 00:03:43 . Memory (MB): peak = 579.805 ; gain = 369.551
Finished IO Insertion : Time (s): cpu = 00:00:58 ; elapsed = 00:03:45 . Memory (MB): peak = 579.805 ; gain = 369.551
Finished Renaming Generated Instances : Time (s): cpu = 00:00:58 ; elapsed = 00:03:45 . Memory (MB): peak = 579.805 ; gain = 369.551
Finished Rebuilding User Hierarchy : Time (s): cpu = 00:00:58 ; elapsed = 00:03:45 . Memory (MB): peak = 579.805 ; gain = 369.551
Finished Renaming Generated Ports : Time (s): cpu = 00:00:58 ; elapsed = 00:03:45 . Memory (MB): peak = 579.805 ; gain = 369.551
Finished Handling Custom Attributes : Time (s): cpu = 00:00:58 ; elapsed = 00:03:45 . Memory (MB): peak = 579.805 ; gain = 369.551
Finished Renaming Generated Nets : Time (s): cpu = 00:00:58 ; elapsed = 00:03:45 . Memory (MB): peak = 579.805 ; gain = 369.551

Report Cell Usage: 
+------+-----------+------+
|      |Cell       |Count |
+------+-----------+------+
|1     |BUFG       |     2|
|2     |MMCME2_ADV |     1|
|3     |IBUF       |     1|
+------+-----------+------+
Finished Writing Synthesis Report : Time (s): cpu = 00:00:58 ; elapsed = 00:03:45 . Memory (MB): peak = 579.805 ; gain = 369.551
get_clocks: Time (s): cpu = 00:00:05 ; elapsed = 00:00:07 . Memory (MB): peak = 960.340 ; gain = 354.391
synth_design: Time (s): cpu = 00:00:58 ; elapsed = 00:01:24 . Memory (MB): peak = 960.344 ; gain = 743.957
