
*** Running vivado
    with args -log design_1_xlconstant_0_1.vds -m64 -product Vivado -mode batch -messageDb vivado.pb -notrace -source design_1_xlconstant_0_1.tcl


****** Vivado v2016.4 (64-bit)
  **** SW Build 1756540 on Mon Jan 23 19:11:23 MST 2017
  **** IP Build 1755317 on Mon Jan 23 20:30:07 MST 2017
    ** Copyright 1986-2016 Xilinx, Inc. All Rights Reserved.

source design_1_xlconstant_0_1.tcl -notrace
Starting Synthesize : Time (s): cpu = 00:00:13 ; elapsed = 00:00:26 . Memory (MB): peak = 289.785 ; gain = 80.137
INFO: [Synth 8-638] synthesizing module 'design_1_xlconstant_0_1' [c:/Users/Joao/Desktop/cr/Git/Reconfigurable_Computing/Lesson3/Lesson3.srcs/sources_1/bd/design_1/ip/design_1_xlconstant_0_1/sim/design_1_xlconstant_0_1.vhd:35]
INFO: [Synth 8-638] synthesizing module 'xlconstant' [c:/Users/Joao/Desktop/cr/Git/Reconfigurable_Computing/Lesson3/Lesson3.srcs/sources_1/bd/design_1/ipshared/e147/xlconstant.vhd:36]
INFO: [Synth 8-256] done synthesizing module 'xlconstant' (1#1) [c:/Users/Joao/Desktop/cr/Git/Reconfigurable_Computing/Lesson3/Lesson3.srcs/sources_1/bd/design_1/ipshared/e147/xlconstant.vhd:36]
INFO: [Synth 8-256] done synthesizing module 'design_1_xlconstant_0_1' (2#1) [c:/Users/Joao/Desktop/cr/Git/Reconfigurable_Computing/Lesson3/Lesson3.srcs/sources_1/bd/design_1/ip/design_1_xlconstant_0_1/sim/design_1_xlconstant_0_1.vhd:35]
Finished Synthesize : Time (s): cpu = 00:00:15 ; elapsed = 00:00:28 . Memory (MB): peak = 327.234 ; gain = 117.586
Finished Constraint Validation : Time (s): cpu = 00:00:15 ; elapsed = 00:00:29 . Memory (MB): peak = 327.234 ; gain = 117.586
Finished Loading Part and Timing Information : Time (s): cpu = 00:00:15 ; elapsed = 00:00:29 . Memory (MB): peak = 327.234 ; gain = 117.586
Finished RTL Optimization Phase 2 : Time (s): cpu = 00:00:15 ; elapsed = 00:00:29 . Memory (MB): peak = 327.234 ; gain = 117.586
INFO: [Device 21-403] Loading part xc7a100tcsg324-1
Finished Cross Boundary and Area Optimization : Time (s): cpu = 00:00:21 ; elapsed = 00:00:38 . Memory (MB): peak = 422.625 ; gain = 212.977
Finished Timing Optimization : Time (s): cpu = 00:00:21 ; elapsed = 00:00:38 . Memory (MB): peak = 422.625 ; gain = 212.977
Finished Technology Mapping : Time (s): cpu = 00:00:21 ; elapsed = 00:00:38 . Memory (MB): peak = 424.563 ; gain = 214.914
Finished IO Insertion : Time (s): cpu = 00:00:22 ; elapsed = 00:00:39 . Memory (MB): peak = 424.563 ; gain = 214.914
Finished Renaming Generated Instances : Time (s): cpu = 00:00:22 ; elapsed = 00:00:39 . Memory (MB): peak = 424.563 ; gain = 214.914
Finished Rebuilding User Hierarchy : Time (s): cpu = 00:00:22 ; elapsed = 00:00:39 . Memory (MB): peak = 424.563 ; gain = 214.914
Finished Renaming Generated Ports : Time (s): cpu = 00:00:22 ; elapsed = 00:00:39 . Memory (MB): peak = 424.563 ; gain = 214.914
Finished Handling Custom Attributes : Time (s): cpu = 00:00:22 ; elapsed = 00:00:39 . Memory (MB): peak = 424.563 ; gain = 214.914
Finished Renaming Generated Nets : Time (s): cpu = 00:00:22 ; elapsed = 00:00:39 . Memory (MB): peak = 424.563 ; gain = 214.914

Report Cell Usage: 
+-+-----+------+
| |Cell |Count |
+-+-----+------+
+-+-----+------+
Finished Writing Synthesis Report : Time (s): cpu = 00:00:22 ; elapsed = 00:00:39 . Memory (MB): peak = 424.563 ; gain = 214.914
synth_design: Time (s): cpu = 00:00:21 ; elapsed = 00:00:33 . Memory (MB): peak = 528.566 ; gain = 312.668
write_checkpoint: Time (s): cpu = 00:00:24 ; elapsed = 00:01:07 . Memory (MB): peak = 906.070 ; gain = 377.504
