
*** Running vivado
    with args -log design1_xlslice_1_1.vds -m64 -product Vivado -mode batch -messageDb vivado.pb -notrace -source design1_xlslice_1_1.tcl


****** Vivado v2016.4 (64-bit)
  **** SW Build 1756540 on Mon Jan 23 19:11:23 MST 2017
  **** IP Build 1755317 on Mon Jan 23 20:30:07 MST 2017
    ** Copyright 1986-2016 Xilinx, Inc. All Rights Reserved.

source design1_xlslice_1_1.tcl -notrace
Starting RTL Elaboration : Time (s): cpu = 00:00:15 ; elapsed = 00:00:31 . Memory (MB): peak = 291.504 ; gain = 81.770
INFO: [Synth 8-638] synthesizing module 'design1_xlslice_1_1' [c:/Users/Joao/Desktop/cr/Git/Reconfigurable_Computing/Lesson6/Ex6_3/Ex6_3.srcs/sources_1/bd/design1/ip/design1_xlslice_1_1/synth/design1_xlslice_1_1.v:57]
INFO: [Synth 8-638] synthesizing module 'xlslice' [c:/Users/Joao/Desktop/cr/Git/Reconfigurable_Computing/Lesson6/Ex6_3/Ex6_3.srcs/sources_1/bd/design1/ipshared/c49f/xlslice.v:14]
INFO: [Synth 8-256] done synthesizing module 'xlslice' (1#1) [c:/Users/Joao/Desktop/cr/Git/Reconfigurable_Computing/Lesson6/Ex6_3/Ex6_3.srcs/sources_1/bd/design1/ipshared/c49f/xlslice.v:14]
INFO: [Synth 8-256] done synthesizing module 'design1_xlslice_1_1' (2#1) [c:/Users/Joao/Desktop/cr/Git/Reconfigurable_Computing/Lesson6/Ex6_3/Ex6_3.srcs/sources_1/bd/design1/ip/design1_xlslice_1_1/synth/design1_xlslice_1_1.v:57]
Finished RTL Elaboration : Time (s): cpu = 00:00:17 ; elapsed = 00:00:33 . Memory (MB): peak = 329.750 ; gain = 120.016
Finished RTL Optimization Phase 1 : Time (s): cpu = 00:00:17 ; elapsed = 00:00:33 . Memory (MB): peak = 329.750 ; gain = 120.016
INFO: [Device 21-403] Loading part xc7a100tcsg324-1
Constraint Validation Runtime : Time (s): cpu = 00:00:00 ; elapsed = 00:00:00.023 . Memory (MB): peak = 535.578 ; gain = 0.000
Finished Constraint Validation : Time (s): cpu = 00:00:35 ; elapsed = 00:00:56 . Memory (MB): peak = 535.578 ; gain = 325.844
Finished Loading Part and Timing Information : Time (s): cpu = 00:00:35 ; elapsed = 00:00:56 . Memory (MB): peak = 535.578 ; gain = 325.844
Finished applying 'set_property' XDC Constraints : Time (s): cpu = 00:00:35 ; elapsed = 00:00:56 . Memory (MB): peak = 535.578 ; gain = 325.844
Finished RTL Optimization Phase 2 : Time (s): cpu = 00:00:35 ; elapsed = 00:00:56 . Memory (MB): peak = 535.578 ; gain = 325.844
Finished Cross Boundary and Area Optimization : Time (s): cpu = 00:00:36 ; elapsed = 00:00:57 . Memory (MB): peak = 535.578 ; gain = 325.844
Finished Applying XDC Timing Constraints : Time (s): cpu = 00:00:56 ; elapsed = 00:01:23 . Memory (MB): peak = 566.574 ; gain = 356.840
Finished Timing Optimization : Time (s): cpu = 00:00:56 ; elapsed = 00:01:23 . Memory (MB): peak = 566.574 ; gain = 356.840
Finished Technology Mapping : Time (s): cpu = 00:00:56 ; elapsed = 00:01:23 . Memory (MB): peak = 576.215 ; gain = 366.480
Finished IO Insertion : Time (s): cpu = 00:00:58 ; elapsed = 00:01:24 . Memory (MB): peak = 576.215 ; gain = 366.480
Finished Renaming Generated Instances : Time (s): cpu = 00:00:58 ; elapsed = 00:01:24 . Memory (MB): peak = 576.215 ; gain = 366.480
Finished Rebuilding User Hierarchy : Time (s): cpu = 00:00:58 ; elapsed = 00:01:24 . Memory (MB): peak = 576.215 ; gain = 366.480
Finished Renaming Generated Ports : Time (s): cpu = 00:00:58 ; elapsed = 00:01:24 . Memory (MB): peak = 576.215 ; gain = 366.480
Finished Handling Custom Attributes : Time (s): cpu = 00:00:58 ; elapsed = 00:01:24 . Memory (MB): peak = 576.215 ; gain = 366.480
Finished Renaming Generated Nets : Time (s): cpu = 00:00:58 ; elapsed = 00:01:24 . Memory (MB): peak = 576.215 ; gain = 366.480

Report Cell Usage: 
+-+-----+------+
| |Cell |Count |
+-+-----+------+
+-+-----+------+
Finished Writing Synthesis Report : Time (s): cpu = 00:00:58 ; elapsed = 00:01:24 . Memory (MB): peak = 576.215 ; gain = 366.480
synth_design: Time (s): cpu = 00:00:52 ; elapsed = 00:01:05 . Memory (MB): peak = 592.363 ; gain = 376.578
