
*** Running vivado
    with args -log Find1000_xlconcat_0_0.vds -m64 -product Vivado -mode batch -messageDb vivado.pb -notrace -source Find1000_xlconcat_0_0.tcl


****** Vivado v2016.4 (64-bit)
  **** SW Build 1756540 on Mon Jan 23 19:11:23 MST 2017
  **** IP Build 1755317 on Mon Jan 23 20:30:07 MST 2017
    ** Copyright 1986-2016 Xilinx, Inc. All Rights Reserved.

source Find1000_xlconcat_0_0.tcl -notrace
Starting Synthesize : Time (s): cpu = 00:00:11 ; elapsed = 00:00:16 . Memory (MB): peak = 290.695 ; gain = 81.086
INFO: [Synth 8-638] synthesizing module 'Find1000_xlconcat_0_0' [c:/Users/Joao/Desktop/cr/Git/Reconfigurable_Computing/Lesson3/Ex3/Ex3.srcs/sources_1/bd/Find1000/ip/Find1000_xlconcat_0_0/synth/Find1000_xlconcat_0_0.vhd:67]
INFO: [Synth 8-638] synthesizing module 'xlconcat' [c:/Users/Joao/Desktop/cr/Git/Reconfigurable_Computing/Lesson3/Ex3/Ex3.srcs/sources_1/bd/Find1000/ipshared/2e37/xlconcat.vhd:100]
INFO: [Synth 8-256] done synthesizing module 'xlconcat' (1#1) [c:/Users/Joao/Desktop/cr/Git/Reconfigurable_Computing/Lesson3/Ex3/Ex3.srcs/sources_1/bd/Find1000/ipshared/2e37/xlconcat.vhd:100]
INFO: [Synth 8-256] done synthesizing module 'Find1000_xlconcat_0_0' (2#1) [c:/Users/Joao/Desktop/cr/Git/Reconfigurable_Computing/Lesson3/Ex3/Ex3.srcs/sources_1/bd/Find1000/ip/Find1000_xlconcat_0_0/synth/Find1000_xlconcat_0_0.vhd:67]
Finished Synthesize : Time (s): cpu = 00:00:13 ; elapsed = 00:00:18 . Memory (MB): peak = 328.063 ; gain = 118.453
Finished Constraint Validation : Time (s): cpu = 00:00:13 ; elapsed = 00:00:18 . Memory (MB): peak = 328.063 ; gain = 118.453
Finished Loading Part and Timing Information : Time (s): cpu = 00:00:13 ; elapsed = 00:00:18 . Memory (MB): peak = 328.063 ; gain = 118.453
INFO: [Device 21-403] Loading part xc7a100tcsg324-1
Finished RTL Optimization Phase 2 : Time (s): cpu = 00:00:13 ; elapsed = 00:00:18 . Memory (MB): peak = 329.027 ; gain = 119.418
Finished Cross Boundary and Area Optimization : Time (s): cpu = 00:00:19 ; elapsed = 00:00:24 . Memory (MB): peak = 444.063 ; gain = 234.453
Finished Timing Optimization : Time (s): cpu = 00:00:19 ; elapsed = 00:00:25 . Memory (MB): peak = 444.063 ; gain = 234.453
Finished Technology Mapping : Time (s): cpu = 00:00:19 ; elapsed = 00:00:25 . Memory (MB): peak = 446.293 ; gain = 236.684
Finished IO Insertion : Time (s): cpu = 00:00:20 ; elapsed = 00:00:26 . Memory (MB): peak = 446.293 ; gain = 236.684
Finished Renaming Generated Instances : Time (s): cpu = 00:00:20 ; elapsed = 00:00:26 . Memory (MB): peak = 446.293 ; gain = 236.684
Finished Rebuilding User Hierarchy : Time (s): cpu = 00:00:20 ; elapsed = 00:00:26 . Memory (MB): peak = 446.293 ; gain = 236.684
Finished Renaming Generated Ports : Time (s): cpu = 00:00:20 ; elapsed = 00:00:26 . Memory (MB): peak = 446.293 ; gain = 236.684
Finished Handling Custom Attributes : Time (s): cpu = 00:00:20 ; elapsed = 00:00:26 . Memory (MB): peak = 446.293 ; gain = 236.684
Finished Renaming Generated Nets : Time (s): cpu = 00:00:20 ; elapsed = 00:00:26 . Memory (MB): peak = 446.293 ; gain = 236.684

Report Cell Usage: 
+-+-----+------+
| |Cell |Count |
+-+-----+------+
+-+-----+------+
Finished Writing Synthesis Report : Time (s): cpu = 00:00:20 ; elapsed = 00:00:26 . Memory (MB): peak = 446.293 ; gain = 236.684
synth_design: Time (s): cpu = 00:00:19 ; elapsed = 00:00:21 . Memory (MB): peak = 525.176 ; gain = 309.363
write_checkpoint: Time (s): cpu = 00:00:21 ; elapsed = 00:00:38 . Memory (MB): peak = 910.879 ; gain = 385.703
