#-----------------------------------------------------------
# Vivado v2016.4 (64-bit)
# SW Build 1756540 on Mon Jan 23 19:11:23 MST 2017
# IP Build 1755317 on Mon Jan 23 20:30:07 MST 2017
# Start of session at: Mon Mar 27 16:49:26 2017
# Process ID: 24836
# Current directory: C:/Users/Joao/Desktop/cr/Git/Reconfigurable_Computing/Lesson4/RomRead
# Command line: vivado.exe -gui_launcher_event rodinguilauncherevent21580 C:\Users\Joao\Desktop\cr\Git\Reconfigurable_Computing\Lesson4\RomRead\RomRead.xpr
# Log file: C:/Users/Joao/Desktop/cr/Git/Reconfigurable_Computing/Lesson4/RomRead/vivado.log
# Journal file: C:/Users/Joao/Desktop/cr/Git/Reconfigurable_Computing/Lesson4/RomRead\vivado.jou
#-----------------------------------------------------------
start_gui
open_project C:/Users/Joao/Desktop/cr/Git/Reconfigurable_Computing/Lesson4/RomRead/RomRead.xpr
Scanning sources...
Finished scanning sources
INFO: [IP_Flow 19-234] Refreshing IP repositories
INFO: [IP_Flow 19-1700] Loaded user IP repository 'c:/Users/Joao/Desktop/cr/Git/Reconfigurable_Computing/Lesson4/RomRead'.
INFO: [IP_Flow 19-2313] Loaded Vivado IP repository 'C:/Xilinx/Vivado/2016.4/data/ip'.
close_project
open_project C:/Users/Joao/Desktop/cr/Git/Reconfigurable_Computing/Lesson4/Ex2/Ex2.xpr
Scanning sources...
Finished scanning sources
INFO: [IP_Flow 19-234] Refreshing IP repositories
INFO: [IP_Flow 19-1700] Loaded user IP repository 'c:/Users/Joao/Desktop/cr/Git/Reconfigurable_Computing'.
WARNING: [IP_Flow 19-3656] If you move the project, the path for repository 'c:/Users/Joao/Desktop/cr/Git/Reconfigurable_Computing' may become invalid. A better location for the repository would be in a path adjacent to the project. (Current project location is 'c:/Users/Joao/Desktop/cr/Git/Reconfigurable_Computing/Lesson4/Ex2'.)
INFO: [IP_Flow 19-2313] Loaded Vivado IP repository 'C:/Xilinx/Vivado/2016.4/data/ip'.
CRITICAL WARNING: [IP_Flow 19-1663] Duplicate IP found for 'xilinx.com:user:counter:1.0'. The one found in IP location 'c:/Users/Joao/Desktop/cr/Git/Reconfigurable_Computing/Lesson3/Counter/Counter.srcs/sources_1/imports/new' will take precedence over the same IP in location c:/Users/Joao/Desktop/cr/Git/Reconfigurable_Computing/Lesson3/Counter
CRITICAL WARNING: [IP_Flow 19-1663] Duplicate IP found for 'xilinx.com:user:ex1:1.0'. The one found in IP location 'c:/Users/Joao/Desktop/cr/Git/Reconfigurable_Computing/Lesson3/Ex1/ex1.srcs' will take precedence over the same IP in location c:/Users/Joao/Desktop/cr/Git/Reconfigurable_Computing/Lesson3/Ex1/ex1.srcs/sources_1/imports/ex1.srcs
open_project: Time (s): cpu = 00:00:09 ; elapsed = 00:00:11 . Memory (MB): peak = 786.109 ; gain = 25.500
exit
INFO: [Common 17-206] Exiting Vivado at Mon Mar 27 16:57:16 2017...
