
*** Running vivado
    with args -log swtodisplays_xlconstant_1_0.vds -m64 -product Vivado -mode batch -messageDb vivado.pb -notrace -source swtodisplays_xlconstant_1_0.tcl


****** Vivado v2016.4 (64-bit)
  **** SW Build 1756540 on Mon Jan 23 19:11:23 MST 2017
  **** IP Build 1755317 on Mon Jan 23 20:30:07 MST 2017
    ** Copyright 1986-2016 Xilinx, Inc. All Rights Reserved.

source swtodisplays_xlconstant_1_0.tcl -notrace
Starting Synthesize : Time (s): cpu = 00:00:09 ; elapsed = 00:02:18 . Memory (MB): peak = 290.078 ; gain = 80.641
INFO: [Synth 8-638] synthesizing module 'swtodisplays_xlconstant_1_0' [c:/Users/Joao/Desktop/cr/Git/Reconfigurable_Computing/Lesson4/swtodisplays/swtodisplays.srcs/sources_1/bd/swtodisplays/ip/swtodisplays_xlconstant_1_0/sim/swtodisplays_xlconstant_1_0.vhd:35]
INFO: [Synth 8-638] synthesizing module 'xlconstant' [c:/Users/Joao/Desktop/cr/Git/Reconfigurable_Computing/Lesson4/swtodisplays/swtodisplays.srcs/sources_1/bd/swtodisplays/ipshared/e147/xlconstant.vhd:36]
INFO: [Synth 8-256] done synthesizing module 'xlconstant' (1#1) [c:/Users/Joao/Desktop/cr/Git/Reconfigurable_Computing/Lesson4/swtodisplays/swtodisplays.srcs/sources_1/bd/swtodisplays/ipshared/e147/xlconstant.vhd:36]
INFO: [Synth 8-256] done synthesizing module 'swtodisplays_xlconstant_1_0' (2#1) [c:/Users/Joao/Desktop/cr/Git/Reconfigurable_Computing/Lesson4/swtodisplays/swtodisplays.srcs/sources_1/bd/swtodisplays/ip/swtodisplays_xlconstant_1_0/sim/swtodisplays_xlconstant_1_0.vhd:35]
Finished Synthesize : Time (s): cpu = 00:00:10 ; elapsed = 00:02:20 . Memory (MB): peak = 327.590 ; gain = 118.152
Finished Constraint Validation : Time (s): cpu = 00:00:10 ; elapsed = 00:02:20 . Memory (MB): peak = 327.590 ; gain = 118.152
Finished Loading Part and Timing Information : Time (s): cpu = 00:00:10 ; elapsed = 00:02:20 . Memory (MB): peak = 327.590 ; gain = 118.152
Finished RTL Optimization Phase 2 : Time (s): cpu = 00:00:10 ; elapsed = 00:02:20 . Memory (MB): peak = 327.590 ; gain = 118.152
INFO: [Device 21-403] Loading part xc7a100tcsg324-1
Finished Cross Boundary and Area Optimization : Time (s): cpu = 00:00:15 ; elapsed = 00:03:47 . Memory (MB): peak = 442.266 ; gain = 232.828
Finished Timing Optimization : Time (s): cpu = 00:00:15 ; elapsed = 00:03:47 . Memory (MB): peak = 442.266 ; gain = 232.828
Finished Technology Mapping : Time (s): cpu = 00:00:15 ; elapsed = 00:03:47 . Memory (MB): peak = 445.824 ; gain = 236.387
Finished IO Insertion : Time (s): cpu = 00:00:16 ; elapsed = 00:03:48 . Memory (MB): peak = 445.824 ; gain = 236.387
Finished Renaming Generated Instances : Time (s): cpu = 00:00:16 ; elapsed = 00:03:48 . Memory (MB): peak = 445.824 ; gain = 236.387
Finished Rebuilding User Hierarchy : Time (s): cpu = 00:00:16 ; elapsed = 00:03:48 . Memory (MB): peak = 445.824 ; gain = 236.387
Finished Renaming Generated Ports : Time (s): cpu = 00:00:16 ; elapsed = 00:03:48 . Memory (MB): peak = 445.824 ; gain = 236.387
Finished Handling Custom Attributes : Time (s): cpu = 00:00:16 ; elapsed = 00:03:48 . Memory (MB): peak = 445.824 ; gain = 236.387
Finished Renaming Generated Nets : Time (s): cpu = 00:00:16 ; elapsed = 00:03:48 . Memory (MB): peak = 445.824 ; gain = 236.387

Report Cell Usage: 
+-+-----+------+
| |Cell |Count |
+-+-----+------+
+-+-----+------+
Finished Writing Synthesis Report : Time (s): cpu = 00:00:16 ; elapsed = 00:03:48 . Memory (MB): peak = 445.824 ; gain = 236.387
synth_design: Time (s): cpu = 00:00:15 ; elapsed = 00:01:50 . Memory (MB): peak = 531.328 ; gain = 315.648
write_checkpoint: Time (s): cpu = 00:00:15 ; elapsed = 00:00:45 . Memory (MB): peak = 907.859 ; gain = 376.531
