
*** Running vivado
    with args -log design1_blk_mem_gen_0_0.vds -m64 -product Vivado -mode batch -messageDb vivado.pb -notrace -source design1_blk_mem_gen_0_0.tcl


****** Vivado v2016.4 (64-bit)
  **** SW Build 1756540 on Mon Jan 23 19:11:23 MST 2017
  **** IP Build 1755317 on Mon Jan 23 20:30:07 MST 2017
    ** Copyright 1986-2016 Xilinx, Inc. All Rights Reserved.

source design1_blk_mem_gen_0_0.tcl -notrace
Starting RTL Elaboration : Time (s): cpu = 00:00:18 ; elapsed = 00:00:36 . Memory (MB): peak = 293.945 ; gain = 84.652
INFO: [Synth 8-638] synthesizing module 'design1_blk_mem_gen_0_0' [c:/Users/Joao/Desktop/cr/Git/Reconfigurable_Computing/Lesson6/Ex6_1_sdk/Ex6_1_sdk.srcs/sources_1/bd/design1/ip/design1_blk_mem_gen_0_0/synth/design1_blk_mem_gen_0_0.vhd:71]
INFO: [Synth 8-256] done synthesizing module 'design1_blk_mem_gen_0_0' (9#1) [c:/Users/Joao/Desktop/cr/Git/Reconfigurable_Computing/Lesson6/Ex6_1_sdk/Ex6_1_sdk.srcs/sources_1/bd/design1/ip/design1_blk_mem_gen_0_0/synth/design1_blk_mem_gen_0_0.vhd:71]
Finished RTL Elaboration : Time (s): cpu = 00:01:40 ; elapsed = 00:02:27 . Memory (MB): peak = 492.113 ; gain = 282.820
Finished RTL Optimization Phase 1 : Time (s): cpu = 00:01:40 ; elapsed = 00:02:28 . Memory (MB): peak = 492.113 ; gain = 282.820
INFO: [Device 21-403] Loading part xc7a100tcsg324-1
Constraint Validation Runtime : Time (s): cpu = 00:00:00 ; elapsed = 00:00:00.058 . Memory (MB): peak = 560.137 ; gain = 0.000
Finished Constraint Validation : Time (s): cpu = 00:01:59 ; elapsed = 00:02:51 . Memory (MB): peak = 560.137 ; gain = 350.844
Finished Loading Part and Timing Information : Time (s): cpu = 00:01:59 ; elapsed = 00:02:51 . Memory (MB): peak = 560.137 ; gain = 350.844
Finished applying 'set_property' XDC Constraints : Time (s): cpu = 00:01:59 ; elapsed = 00:02:51 . Memory (MB): peak = 560.137 ; gain = 350.844
Finished RTL Optimization Phase 2 : Time (s): cpu = 00:01:59 ; elapsed = 00:02:51 . Memory (MB): peak = 560.137 ; gain = 350.844
Finished Cross Boundary and Area Optimization : Time (s): cpu = 00:02:00 ; elapsed = 00:02:52 . Memory (MB): peak = 560.137 ; gain = 350.844
Finished Applying XDC Timing Constraints : Time (s): cpu = 00:02:20 ; elapsed = 00:03:19 . Memory (MB): peak = 580.891 ; gain = 371.598
Finished Timing Optimization : Time (s): cpu = 00:02:20 ; elapsed = 00:03:19 . Memory (MB): peak = 580.910 ; gain = 371.617
Finished Technology Mapping : Time (s): cpu = 00:02:20 ; elapsed = 00:03:19 . Memory (MB): peak = 590.563 ; gain = 381.270
Finished IO Insertion : Time (s): cpu = 00:02:21 ; elapsed = 00:03:20 . Memory (MB): peak = 590.563 ; gain = 381.270
Finished Renaming Generated Instances : Time (s): cpu = 00:02:21 ; elapsed = 00:03:20 . Memory (MB): peak = 590.563 ; gain = 381.270
Finished Rebuilding User Hierarchy : Time (s): cpu = 00:02:21 ; elapsed = 00:03:20 . Memory (MB): peak = 590.563 ; gain = 381.270
Finished Renaming Generated Ports : Time (s): cpu = 00:02:21 ; elapsed = 00:03:20 . Memory (MB): peak = 590.563 ; gain = 381.270
Finished Handling Custom Attributes : Time (s): cpu = 00:02:21 ; elapsed = 00:03:20 . Memory (MB): peak = 590.563 ; gain = 381.270
Finished Renaming Generated Nets : Time (s): cpu = 00:02:21 ; elapsed = 00:03:20 . Memory (MB): peak = 590.563 ; gain = 381.270

Report Cell Usage: 
+------+---------+------+
|      |Cell     |Count |
+------+---------+------+
|1     |RAMB18E1 |     1|
+------+---------+------+
Finished Writing Synthesis Report : Time (s): cpu = 00:02:21 ; elapsed = 00:03:20 . Memory (MB): peak = 590.563 ; gain = 381.270
synth_design: Time (s): cpu = 00:02:16 ; elapsed = 00:03:03 . Memory (MB): peak = 621.195 ; gain = 405.613
