
*** Running vivado
    with args -log Find1000_xlconstant_2_0.vds -m64 -product Vivado -mode batch -messageDb vivado.pb -notrace -source Find1000_xlconstant_2_0.tcl


****** Vivado v2016.4 (64-bit)
  **** SW Build 1756540 on Mon Jan 23 19:11:23 MST 2017
  **** IP Build 1755317 on Mon Jan 23 20:30:07 MST 2017
    ** Copyright 1986-2016 Xilinx, Inc. All Rights Reserved.

source Find1000_xlconstant_2_0.tcl -notrace
Starting Synthesize : Time (s): cpu = 00:00:10 ; elapsed = 00:00:13 . Memory (MB): peak = 290.559 ; gain = 80.453
INFO: [Synth 8-638] synthesizing module 'Find1000_xlconstant_2_0' [c:/Users/Joao/Desktop/cr/Git/Reconfigurable_Computing/Lesson3/Lesson3.srcs/sources_1/bd/Find1000/ip/Find1000_xlconstant_2_0/sim/Find1000_xlconstant_2_0.vhd:35]
INFO: [Synth 8-638] synthesizing module 'xlconstant' [c:/Users/Joao/Desktop/cr/Git/Reconfigurable_Computing/Lesson3/Lesson3.srcs/sources_1/bd/Find1000/ipshared/e147/xlconstant.vhd:36]
INFO: [Synth 8-256] done synthesizing module 'xlconstant' (1#1) [c:/Users/Joao/Desktop/cr/Git/Reconfigurable_Computing/Lesson3/Lesson3.srcs/sources_1/bd/Find1000/ipshared/e147/xlconstant.vhd:36]
INFO: [Synth 8-256] done synthesizing module 'Find1000_xlconstant_2_0' (2#1) [c:/Users/Joao/Desktop/cr/Git/Reconfigurable_Computing/Lesson3/Lesson3.srcs/sources_1/bd/Find1000/ip/Find1000_xlconstant_2_0/sim/Find1000_xlconstant_2_0.vhd:35]
Finished Synthesize : Time (s): cpu = 00:00:11 ; elapsed = 00:00:15 . Memory (MB): peak = 328.000 ; gain = 117.895
Finished Constraint Validation : Time (s): cpu = 00:00:11 ; elapsed = 00:00:15 . Memory (MB): peak = 328.000 ; gain = 117.895
INFO: [Device 21-403] Loading part xc7a100tcsg324-1
Finished Loading Part and Timing Information : Time (s): cpu = 00:00:11 ; elapsed = 00:00:15 . Memory (MB): peak = 328.000 ; gain = 117.895
Finished RTL Optimization Phase 2 : Time (s): cpu = 00:00:11 ; elapsed = 00:00:15 . Memory (MB): peak = 328.000 ; gain = 117.895
Finished Cross Boundary and Area Optimization : Time (s): cpu = 00:00:17 ; elapsed = 00:00:21 . Memory (MB): peak = 423.305 ; gain = 213.199
Finished Timing Optimization : Time (s): cpu = 00:00:17 ; elapsed = 00:00:21 . Memory (MB): peak = 423.305 ; gain = 213.199
Finished Technology Mapping : Time (s): cpu = 00:00:17 ; elapsed = 00:00:21 . Memory (MB): peak = 424.934 ; gain = 214.828
Finished IO Insertion : Time (s): cpu = 00:00:18 ; elapsed = 00:00:22 . Memory (MB): peak = 424.934 ; gain = 214.828
Finished Renaming Generated Instances : Time (s): cpu = 00:00:18 ; elapsed = 00:00:22 . Memory (MB): peak = 424.934 ; gain = 214.828
Finished Rebuilding User Hierarchy : Time (s): cpu = 00:00:18 ; elapsed = 00:00:22 . Memory (MB): peak = 424.934 ; gain = 214.828
Finished Renaming Generated Ports : Time (s): cpu = 00:00:18 ; elapsed = 00:00:22 . Memory (MB): peak = 424.934 ; gain = 214.828
Finished Handling Custom Attributes : Time (s): cpu = 00:00:18 ; elapsed = 00:00:22 . Memory (MB): peak = 424.934 ; gain = 214.828
Finished Renaming Generated Nets : Time (s): cpu = 00:00:18 ; elapsed = 00:00:22 . Memory (MB): peak = 424.934 ; gain = 214.828

Report Cell Usage: 
+-+-----+------+
| |Cell |Count |
+-+-----+------+
+-+-----+------+
Finished Writing Synthesis Report : Time (s): cpu = 00:00:18 ; elapsed = 00:00:22 . Memory (MB): peak = 424.934 ; gain = 214.828
synth_design: Time (s): cpu = 00:00:17 ; elapsed = 00:00:18 . Memory (MB): peak = 529.250 ; gain = 313.855
write_checkpoint: Time (s): cpu = 00:00:19 ; elapsed = 00:00:19 . Memory (MB): peak = 907.012 ; gain = 377.762
