
*** Running vivado
    with args -log design1_ilmb_v10_0.vds -m64 -product Vivado -mode batch -messageDb vivado.pb -notrace -source design1_ilmb_v10_0.tcl


****** Vivado v2016.4 (64-bit)
  **** SW Build 1756540 on Mon Jan 23 19:11:23 MST 2017
  **** IP Build 1755317 on Mon Jan 23 20:30:07 MST 2017
    ** Copyright 1986-2016 Xilinx, Inc. All Rights Reserved.

source design1_ilmb_v10_0.tcl -notrace
Starting RTL Elaboration : Time (s): cpu = 00:00:16 ; elapsed = 00:01:17 . Memory (MB): peak = 293.070 ; gain = 83.691
INFO: [Synth 8-638] synthesizing module 'design1_ilmb_v10_0' [c:/Users/Joao/Desktop/cr/Git/Reconfigurable_Computing/Lesson6/Ex6_3/Ex6_3.srcs/sources_1/bd/design1/ip/design1_ilmb_v10_0/synth/design1_ilmb_v10_0.vhd:89]
INFO: [Synth 8-638] synthesizing module 'lmb_v10' [c:/Users/Joao/Desktop/cr/Git/Reconfigurable_Computing/Lesson6/Ex6_3/Ex6_3.srcs/sources_1/bd/design1/ipshared/162e/hdl/lmb_v10_v3_0_vh_rfs.vhd:140]
INFO: [Synth 8-638] synthesizing module 'FDS' [C:/Xilinx/Vivado/2016.4/scripts/rt/data/unisim_comp.v:4087]
INFO: [Synth 8-256] done synthesizing module 'FDS' (1#1) [C:/Xilinx/Vivado/2016.4/scripts/rt/data/unisim_comp.v:4087]
INFO: [Synth 8-256] done synthesizing module 'lmb_v10' (2#1) [c:/Users/Joao/Desktop/cr/Git/Reconfigurable_Computing/Lesson6/Ex6_3/Ex6_3.srcs/sources_1/bd/design1/ipshared/162e/hdl/lmb_v10_v3_0_vh_rfs.vhd:140]
INFO: [Synth 8-256] done synthesizing module 'design1_ilmb_v10_0' (3#1) [c:/Users/Joao/Desktop/cr/Git/Reconfigurable_Computing/Lesson6/Ex6_3/Ex6_3.srcs/sources_1/bd/design1/ip/design1_ilmb_v10_0/synth/design1_ilmb_v10_0.vhd:89]
Finished RTL Elaboration : Time (s): cpu = 00:00:18 ; elapsed = 00:01:21 . Memory (MB): peak = 330.523 ; gain = 121.145
Finished RTL Optimization Phase 1 : Time (s): cpu = 00:00:18 ; elapsed = 00:01:22 . Memory (MB): peak = 330.523 ; gain = 121.145
INFO: [Device 21-403] Loading part xc7a100tcsg324-1
Constraint Validation Runtime : Time (s): cpu = 00:00:00 ; elapsed = 00:00:00.475 . Memory (MB): peak = 545.895 ; gain = 0.000
Finished Constraint Validation : Time (s): cpu = 00:00:36 ; elapsed = 00:02:02 . Memory (MB): peak = 545.895 ; gain = 336.516
Finished Loading Part and Timing Information : Time (s): cpu = 00:00:36 ; elapsed = 00:02:02 . Memory (MB): peak = 545.895 ; gain = 336.516
Finished applying 'set_property' XDC Constraints : Time (s): cpu = 00:00:37 ; elapsed = 00:02:02 . Memory (MB): peak = 545.895 ; gain = 336.516
Finished RTL Optimization Phase 2 : Time (s): cpu = 00:00:37 ; elapsed = 00:02:03 . Memory (MB): peak = 545.895 ; gain = 336.516
Finished Cross Boundary and Area Optimization : Time (s): cpu = 00:00:37 ; elapsed = 00:02:04 . Memory (MB): peak = 545.895 ; gain = 336.516
Finished Applying XDC Timing Constraints : Time (s): cpu = 00:00:58 ; elapsed = 00:02:31 . Memory (MB): peak = 567.801 ; gain = 358.422
Finished Timing Optimization : Time (s): cpu = 00:00:58 ; elapsed = 00:02:31 . Memory (MB): peak = 567.801 ; gain = 358.422
Finished Technology Mapping : Time (s): cpu = 00:00:58 ; elapsed = 00:02:31 . Memory (MB): peak = 577.492 ; gain = 368.113
Finished IO Insertion : Time (s): cpu = 00:00:59 ; elapsed = 00:02:33 . Memory (MB): peak = 577.492 ; gain = 368.113
Finished Renaming Generated Instances : Time (s): cpu = 00:00:59 ; elapsed = 00:02:33 . Memory (MB): peak = 577.492 ; gain = 368.113
Finished Rebuilding User Hierarchy : Time (s): cpu = 00:00:59 ; elapsed = 00:02:33 . Memory (MB): peak = 577.492 ; gain = 368.113
Finished Renaming Generated Ports : Time (s): cpu = 00:00:59 ; elapsed = 00:02:33 . Memory (MB): peak = 577.492 ; gain = 368.113
Finished Handling Custom Attributes : Time (s): cpu = 00:00:59 ; elapsed = 00:02:33 . Memory (MB): peak = 577.492 ; gain = 368.113
Finished Renaming Generated Nets : Time (s): cpu = 00:00:59 ; elapsed = 00:02:33 . Memory (MB): peak = 577.492 ; gain = 368.113

Report Cell Usage: 
+------+-----+------+
|      |Cell |Count |
+------+-----+------+
|1     |FDS  |     1|
+------+-----+------+
Finished Writing Synthesis Report : Time (s): cpu = 00:00:59 ; elapsed = 00:02:33 . Memory (MB): peak = 577.492 ; gain = 368.113
synth_design: Time (s): cpu = 00:00:53 ; elapsed = 00:01:40 . Memory (MB): peak = 604.609 ; gain = 388.098
