Copyright 1986-2016 Xilinx, Inc. All Rights Reserved.
-----------------------------------------------------------------------------------------------
| Tool Version : Vivado v.2016.4 (win64) Build 1756540 Mon Jan 23 19:11:23 MST 2017
| Date         : Fri Mar 24 14:20:25 2017
| Host         : DESKTOP-2SMIO6T running 64-bit major release  (build 9200)
| Command      : report_control_sets -verbose -file disp32bits_wrapper_control_sets_placed.rpt
| Design       : disp32bits_wrapper
| Device       : xc7a100t
-----------------------------------------------------------------------------------------------

Control Set Information

Table of Contents
-----------------
1. Summary
2. Flip-Flop Distribution
3. Detailed Control Set Information

1. Summary
----------

+----------------------------------------------------------+-------+
|                          Status                          | Count |
+----------------------------------------------------------+-------+
| Number of unique control sets                            |     2 |
| Unused register locations in slices containing registers |    12 |
+----------------------------------------------------------+-------+


2. Flip-Flop Distribution
-------------------------

+--------------+-----------------------+------------------------+-----------------+--------------+
| Clock Enable | Synchronous Set/Reset | Asynchronous Set/Reset | Total Registers | Total Slices |
+--------------+-----------------------+------------------------+-----------------+--------------+
| No           | No                    | No                     |              20 |            6 |
| No           | No                    | Yes                    |               0 |            0 |
| No           | Yes                   | No                     |               0 |            0 |
| Yes          | No                    | No                     |               0 |            0 |
| Yes          | No                    | Yes                    |               0 |            0 |
| Yes          | Yes                   | No                     |               0 |            0 |
+--------------+-----------------------+------------------------+-----------------+--------------+


3. Detailed Control Set Information
-----------------------------------

+-------------------------------------+---------------+------------------+------------------+----------------+
|             Clock Signal            | Enable Signal | Set/Reset Signal | Slice Load Count | Bel Load Count |
+-------------------------------------+---------------+------------------+------------------+----------------+
|  clk_IBUF                           |               |                  |                1 |              3 |
|  disp32bits_i/clockdivider_0/U0/led |               |                  |                5 |             17 |
+-------------------------------------+---------------+------------------+------------------+----------------+


+--------+-----------------------+
| Fanout | Number of ControlSets |
+--------+-----------------------+
| 3      |                     1 |
| 16+    |                     1 |
+--------+-----------------------+


