
*** Running vivado
    with args -log disp32bits_wrapper.vdi -applog -m64 -product Vivado -messageDb vivado.pb -mode batch -source disp32bits_wrapper.tcl -notrace


****** Vivado v2016.4 (64-bit)
  **** SW Build 1756540 on Mon Jan 23 19:11:23 MST 2017
  **** IP Build 1755317 on Mon Jan 23 20:30:07 MST 2017
    ** Copyright 1986-2016 Xilinx, Inc. All Rights Reserved.

source disp32bits_wrapper.tcl -notrace
Design is defaulting to srcset: sources_1
Design is defaulting to constrset: constrs_1
INFO: [Project 1-454] Reading design checkpoint 'c:/Users/Joao/Desktop/cr/Git/Reconfigurable_Computing/Lesson4/32bitstodisp/32bitstodisp.srcs/sources_1/bd/disp32bits/ip/disp32bits_EightDispControl_0_0_1/disp32bits_EightDispControl_0_0.dcp' for cell 'disp32bits_i/EightDispControl_0'
INFO: [Project 1-454] Reading design checkpoint 'c:/Users/Joao/Desktop/cr/Git/Reconfigurable_Computing/Lesson4/32bitstodisp/32bitstodisp.srcs/sources_1/bd/disp32bits/ip/disp32bits_xlslice_0_0_1/disp32bits_xlslice_0_0.dcp' for cell 'disp32bits_i/xlslice_0'
INFO: [Project 1-454] Reading design checkpoint 'c:/Users/Joao/Desktop/cr/Git/Reconfigurable_Computing/Lesson4/32bitstodisp/32bitstodisp.srcs/sources_1/bd/disp32bits/ip/disp32bits_xlslice_1_0_1/disp32bits_xlslice_1_0.dcp' for cell 'disp32bits_i/xlslice_1'
INFO: [Project 1-454] Reading design checkpoint 'c:/Users/Joao/Desktop/cr/Git/Reconfigurable_Computing/Lesson4/32bitstodisp/32bitstodisp.srcs/sources_1/bd/disp32bits/ip/disp32bits_xlslice_2_0/disp32bits_xlslice_2_0.dcp' for cell 'disp32bits_i/xlslice_2'
INFO: [Project 1-454] Reading design checkpoint 'c:/Users/Joao/Desktop/cr/Git/Reconfigurable_Computing/Lesson4/32bitstodisp/32bitstodisp.srcs/sources_1/bd/disp32bits/ip/disp32bits_xlslice_3_0_1/disp32bits_xlslice_3_0.dcp' for cell 'disp32bits_i/xlslice_3'
INFO: [Project 1-454] Reading design checkpoint 'c:/Users/Joao/Desktop/cr/Git/Reconfigurable_Computing/Lesson4/32bitstodisp/32bitstodisp.srcs/sources_1/bd/disp32bits/ip/disp32bits_xlslice_4_0_1/disp32bits_xlslice_4_0.dcp' for cell 'disp32bits_i/xlslice_4'
INFO: [Project 1-454] Reading design checkpoint 'c:/Users/Joao/Desktop/cr/Git/Reconfigurable_Computing/Lesson4/32bitstodisp/32bitstodisp.srcs/sources_1/bd/disp32bits/ip/disp32bits_xlslice_5_0_1/disp32bits_xlslice_5_0.dcp' for cell 'disp32bits_i/xlslice_5'
INFO: [Project 1-454] Reading design checkpoint 'c:/Users/Joao/Desktop/cr/Git/Reconfigurable_Computing/Lesson4/32bitstodisp/32bitstodisp.srcs/sources_1/bd/disp32bits/ip/disp32bits_xlslice_6_0/disp32bits_xlslice_6_0.dcp' for cell 'disp32bits_i/xlslice_6'
INFO: [Project 1-454] Reading design checkpoint 'c:/Users/Joao/Desktop/cr/Git/Reconfigurable_Computing/Lesson4/32bitstodisp/32bitstodisp.srcs/sources_1/bd/disp32bits/ip/disp32bits_xlslice_7_0/disp32bits_xlslice_7_0.dcp' for cell 'disp32bits_i/xlslice_7'
INFO: [Project 1-454] Reading design checkpoint 'c:/Users/Joao/Desktop/cr/Git/Reconfigurable_Computing/Lesson4/32bitstodisp/32bitstodisp.srcs/sources_1/bd/disp32bits/ip/disp32bits_xlslice_8_0/disp32bits_xlslice_8_0.dcp' for cell 'disp32bits_i/xlslice_8'
INFO: [Project 1-454] Reading design checkpoint 'c:/Users/Joao/Desktop/cr/Git/Reconfigurable_Computing/Lesson4/32bitstodisp/32bitstodisp.srcs/sources_1/bd/disp32bits/ip/disp32bits_xlslice_9_0/disp32bits_xlslice_9_0.dcp' for cell 'disp32bits_i/xlslice_9'
INFO: [Netlist 29-17] Analyzing 38 Unisim elements for replacement
INFO: [Netlist 29-28] Unisim Transformation completed in 0 CPU seconds
INFO: [Project 1-479] Netlist was created with Vivado 2016.4
INFO: [Device 21-403] Loading part xc7a100tcsg324-1
INFO: [Project 1-570] Preparing netlist for logic optimization
Parsing XDC File [C:/Users/Joao/Desktop/cr/Git/Reconfigurable_Computing/Lesson4/Nexys4_Master.xdc]
WARNING: [Vivado 12-584] No ports matched 'led[0]'. [C:/Users/Joao/Desktop/cr/Git/Reconfigurable_Computing/Lesson4/Nexys4_Master.xdc:66]
CRITICAL WARNING: [Common 17-55] 'set_property' expects at least one object. [C:/Users/Joao/Desktop/cr/Git/Reconfigurable_Computing/Lesson4/Nexys4_Master.xdc:66]
Resolution: If [get_<value>] was used to populate the object, check to make sure this command returns at least one valid object.
WARNING: [Vivado 12-584] No ports matched 'led[0]'. [C:/Users/Joao/Desktop/cr/Git/Reconfigurable_Computing/Lesson4/Nexys4_Master.xdc:67]
CRITICAL WARNING: [Common 17-55] 'set_property' expects at least one object. [C:/Users/Joao/Desktop/cr/Git/Reconfigurable_Computing/Lesson4/Nexys4_Master.xdc:67]
Resolution: If [get_<value>] was used to populate the object, check to make sure this command returns at least one valid object.
WARNING: [Vivado 12-584] No ports matched 'led[1]'. [C:/Users/Joao/Desktop/cr/Git/Reconfigurable_Computing/Lesson4/Nexys4_Master.xdc:69]
CRITICAL WARNING: [Common 17-55] 'set_property' expects at least one object. [C:/Users/Joao/Desktop/cr/Git/Reconfigurable_Computing/Lesson4/Nexys4_Master.xdc:69]
Resolution: If [get_<value>] was used to populate the object, check to make sure this command returns at least one valid object.
WARNING: [Vivado 12-584] No ports matched 'led[1]'. [C:/Users/Joao/Desktop/cr/Git/Reconfigurable_Computing/Lesson4/Nexys4_Master.xdc:70]
CRITICAL WARNING: [Common 17-55] 'set_property' expects at least one object. [C:/Users/Joao/Desktop/cr/Git/Reconfigurable_Computing/Lesson4/Nexys4_Master.xdc:70]
Resolution: If [get_<value>] was used to populate the object, check to make sure this command returns at least one valid object.
WARNING: [Vivado 12-584] No ports matched 'led[2]'. [C:/Users/Joao/Desktop/cr/Git/Reconfigurable_Computing/Lesson4/Nexys4_Master.xdc:72]
CRITICAL WARNING: [Common 17-55] 'set_property' expects at least one object. [C:/Users/Joao/Desktop/cr/Git/Reconfigurable_Computing/Lesson4/Nexys4_Master.xdc:72]
Resolution: If [get_<value>] was used to populate the object, check to make sure this command returns at least one valid object.
WARNING: [Vivado 12-584] No ports matched 'led[2]'. [C:/Users/Joao/Desktop/cr/Git/Reconfigurable_Computing/Lesson4/Nexys4_Master.xdc:73]
CRITICAL WARNING: [Common 17-55] 'set_property' expects at least one object. [C:/Users/Joao/Desktop/cr/Git/Reconfigurable_Computing/Lesson4/Nexys4_Master.xdc:73]
Resolution: If [get_<value>] was used to populate the object, check to make sure this command returns at least one valid object.
WARNING: [Vivado 12-584] No ports matched 'led[3]'. [C:/Users/Joao/Desktop/cr/Git/Reconfigurable_Computing/Lesson4/Nexys4_Master.xdc:75]
CRITICAL WARNING: [Common 17-55] 'set_property' expects at least one object. [C:/Users/Joao/Desktop/cr/Git/Reconfigurable_Computing/Lesson4/Nexys4_Master.xdc:75]
Resolution: If [get_<value>] was used to populate the object, check to make sure this command returns at least one valid object.
WARNING: [Vivado 12-584] No ports matched 'led[3]'. [C:/Users/Joao/Desktop/cr/Git/Reconfigurable_Computing/Lesson4/Nexys4_Master.xdc:76]
CRITICAL WARNING: [Common 17-55] 'set_property' expects at least one object. [C:/Users/Joao/Desktop/cr/Git/Reconfigurable_Computing/Lesson4/Nexys4_Master.xdc:76]
Resolution: If [get_<value>] was used to populate the object, check to make sure this command returns at least one valid object.
WARNING: [Vivado 12-584] No ports matched 'led[4]'. [C:/Users/Joao/Desktop/cr/Git/Reconfigurable_Computing/Lesson4/Nexys4_Master.xdc:78]
CRITICAL WARNING: [Common 17-55] 'set_property' expects at least one object. [C:/Users/Joao/Desktop/cr/Git/Reconfigurable_Computing/Lesson4/Nexys4_Master.xdc:78]
Resolution: If [get_<value>] was used to populate the object, check to make sure this command returns at least one valid object.
WARNING: [Vivado 12-584] No ports matched 'led[4]'. [C:/Users/Joao/Desktop/cr/Git/Reconfigurable_Computing/Lesson4/Nexys4_Master.xdc:79]
CRITICAL WARNING: [Common 17-55] 'set_property' expects at least one object. [C:/Users/Joao/Desktop/cr/Git/Reconfigurable_Computing/Lesson4/Nexys4_Master.xdc:79]
Resolution: If [get_<value>] was used to populate the object, check to make sure this command returns at least one valid object.
WARNING: [Vivado 12-584] No ports matched 'led[5]'. [C:/Users/Joao/Desktop/cr/Git/Reconfigurable_Computing/Lesson4/Nexys4_Master.xdc:81]
CRITICAL WARNING: [Common 17-55] 'set_property' expects at least one object. [C:/Users/Joao/Desktop/cr/Git/Reconfigurable_Computing/Lesson4/Nexys4_Master.xdc:81]
Resolution: If [get_<value>] was used to populate the object, check to make sure this command returns at least one valid object.
WARNING: [Vivado 12-584] No ports matched 'led[5]'. [C:/Users/Joao/Desktop/cr/Git/Reconfigurable_Computing/Lesson4/Nexys4_Master.xdc:82]
CRITICAL WARNING: [Common 17-55] 'set_property' expects at least one object. [C:/Users/Joao/Desktop/cr/Git/Reconfigurable_Computing/Lesson4/Nexys4_Master.xdc:82]
Resolution: If [get_<value>] was used to populate the object, check to make sure this command returns at least one valid object.
WARNING: [Vivado 12-584] No ports matched 'led[6]'. [C:/Users/Joao/Desktop/cr/Git/Reconfigurable_Computing/Lesson4/Nexys4_Master.xdc:84]
CRITICAL WARNING: [Common 17-55] 'set_property' expects at least one object. [C:/Users/Joao/Desktop/cr/Git/Reconfigurable_Computing/Lesson4/Nexys4_Master.xdc:84]
Resolution: If [get_<value>] was used to populate the object, check to make sure this command returns at least one valid object.
WARNING: [Vivado 12-584] No ports matched 'led[6]'. [C:/Users/Joao/Desktop/cr/Git/Reconfigurable_Computing/Lesson4/Nexys4_Master.xdc:85]
CRITICAL WARNING: [Common 17-55] 'set_property' expects at least one object. [C:/Users/Joao/Desktop/cr/Git/Reconfigurable_Computing/Lesson4/Nexys4_Master.xdc:85]
Resolution: If [get_<value>] was used to populate the object, check to make sure this command returns at least one valid object.
WARNING: [Vivado 12-584] No ports matched 'led[7]'. [C:/Users/Joao/Desktop/cr/Git/Reconfigurable_Computing/Lesson4/Nexys4_Master.xdc:87]
CRITICAL WARNING: [Common 17-55] 'set_property' expects at least one object. [C:/Users/Joao/Desktop/cr/Git/Reconfigurable_Computing/Lesson4/Nexys4_Master.xdc:87]
Resolution: If [get_<value>] was used to populate the object, check to make sure this command returns at least one valid object.
WARNING: [Vivado 12-584] No ports matched 'led[7]'. [C:/Users/Joao/Desktop/cr/Git/Reconfigurable_Computing/Lesson4/Nexys4_Master.xdc:88]
CRITICAL WARNING: [Common 17-55] 'set_property' expects at least one object. [C:/Users/Joao/Desktop/cr/Git/Reconfigurable_Computing/Lesson4/Nexys4_Master.xdc:88]
Resolution: If [get_<value>] was used to populate the object, check to make sure this command returns at least one valid object.
WARNING: [Vivado 12-584] No ports matched 'led[8]'. [C:/Users/Joao/Desktop/cr/Git/Reconfigurable_Computing/Lesson4/Nexys4_Master.xdc:90]
CRITICAL WARNING: [Common 17-55] 'set_property' expects at least one object. [C:/Users/Joao/Desktop/cr/Git/Reconfigurable_Computing/Lesson4/Nexys4_Master.xdc:90]
Resolution: If [get_<value>] was used to populate the object, check to make sure this command returns at least one valid object.
WARNING: [Vivado 12-584] No ports matched 'led[8]'. [C:/Users/Joao/Desktop/cr/Git/Reconfigurable_Computing/Lesson4/Nexys4_Master.xdc:91]
CRITICAL WARNING: [Common 17-55] 'set_property' expects at least one object. [C:/Users/Joao/Desktop/cr/Git/Reconfigurable_Computing/Lesson4/Nexys4_Master.xdc:91]
Resolution: If [get_<value>] was used to populate the object, check to make sure this command returns at least one valid object.
WARNING: [Vivado 12-584] No ports matched 'led[9]'. [C:/Users/Joao/Desktop/cr/Git/Reconfigurable_Computing/Lesson4/Nexys4_Master.xdc:93]
CRITICAL WARNING: [Common 17-55] 'set_property' expects at least one object. [C:/Users/Joao/Desktop/cr/Git/Reconfigurable_Computing/Lesson4/Nexys4_Master.xdc:93]
Resolution: If [get_<value>] was used to populate the object, check to make sure this command returns at least one valid object.
WARNING: [Vivado 12-584] No ports matched 'led[9]'. [C:/Users/Joao/Desktop/cr/Git/Reconfigurable_Computing/Lesson4/Nexys4_Master.xdc:94]
CRITICAL WARNING: [Common 17-55] 'set_property' expects at least one object. [C:/Users/Joao/Desktop/cr/Git/Reconfigurable_Computing/Lesson4/Nexys4_Master.xdc:94]
Resolution: If [get_<value>] was used to populate the object, check to make sure this command returns at least one valid object.
WARNING: [Vivado 12-584] No ports matched 'led[10]'. [C:/Users/Joao/Desktop/cr/Git/Reconfigurable_Computing/Lesson4/Nexys4_Master.xdc:96]
CRITICAL WARNING: [Common 17-55] 'set_property' expects at least one object. [C:/Users/Joao/Desktop/cr/Git/Reconfigurable_Computing/Lesson4/Nexys4_Master.xdc:96]
Resolution: If [get_<value>] was used to populate the object, check to make sure this command returns at least one valid object.
WARNING: [Vivado 12-584] No ports matched 'led[10]'. [C:/Users/Joao/Desktop/cr/Git/Reconfigurable_Computing/Lesson4/Nexys4_Master.xdc:97]
CRITICAL WARNING: [Common 17-55] 'set_property' expects at least one object. [C:/Users/Joao/Desktop/cr/Git/Reconfigurable_Computing/Lesson4/Nexys4_Master.xdc:97]
Resolution: If [get_<value>] was used to populate the object, check to make sure this command returns at least one valid object.
WARNING: [Vivado 12-584] No ports matched 'led[11]'. [C:/Users/Joao/Desktop/cr/Git/Reconfigurable_Computing/Lesson4/Nexys4_Master.xdc:99]
CRITICAL WARNING: [Common 17-55] 'set_property' expects at least one object. [C:/Users/Joao/Desktop/cr/Git/Reconfigurable_Computing/Lesson4/Nexys4_Master.xdc:99]
Resolution: If [get_<value>] was used to populate the object, check to make sure this command returns at least one valid object.
WARNING: [Vivado 12-584] No ports matched 'led[11]'. [C:/Users/Joao/Desktop/cr/Git/Reconfigurable_Computing/Lesson4/Nexys4_Master.xdc:100]
CRITICAL WARNING: [Common 17-55] 'set_property' expects at least one object. [C:/Users/Joao/Desktop/cr/Git/Reconfigurable_Computing/Lesson4/Nexys4_Master.xdc:100]
Resolution: If [get_<value>] was used to populate the object, check to make sure this command returns at least one valid object.
WARNING: [Vivado 12-584] No ports matched 'led[12]'. [C:/Users/Joao/Desktop/cr/Git/Reconfigurable_Computing/Lesson4/Nexys4_Master.xdc:102]
CRITICAL WARNING: [Common 17-55] 'set_property' expects at least one object. [C:/Users/Joao/Desktop/cr/Git/Reconfigurable_Computing/Lesson4/Nexys4_Master.xdc:102]
Resolution: If [get_<value>] was used to populate the object, check to make sure this command returns at least one valid object.
WARNING: [Vivado 12-584] No ports matched 'led[12]'. [C:/Users/Joao/Desktop/cr/Git/Reconfigurable_Computing/Lesson4/Nexys4_Master.xdc:103]
CRITICAL WARNING: [Common 17-55] 'set_property' expects at least one object. [C:/Users/Joao/Desktop/cr/Git/Reconfigurable_Computing/Lesson4/Nexys4_Master.xdc:103]
Resolution: If [get_<value>] was used to populate the object, check to make sure this command returns at least one valid object.
WARNING: [Vivado 12-584] No ports matched 'led[13]'. [C:/Users/Joao/Desktop/cr/Git/Reconfigurable_Computing/Lesson4/Nexys4_Master.xdc:105]
CRITICAL WARNING: [Common 17-55] 'set_property' expects at least one object. [C:/Users/Joao/Desktop/cr/Git/Reconfigurable_Computing/Lesson4/Nexys4_Master.xdc:105]
Resolution: If [get_<value>] was used to populate the object, check to make sure this command returns at least one valid object.
WARNING: [Vivado 12-584] No ports matched 'led[13]'. [C:/Users/Joao/Desktop/cr/Git/Reconfigurable_Computing/Lesson4/Nexys4_Master.xdc:106]
CRITICAL WARNING: [Common 17-55] 'set_property' expects at least one object. [C:/Users/Joao/Desktop/cr/Git/Reconfigurable_Computing/Lesson4/Nexys4_Master.xdc:106]
Resolution: If [get_<value>] was used to populate the object, check to make sure this command returns at least one valid object.
WARNING: [Vivado 12-584] No ports matched 'led[14]'. [C:/Users/Joao/Desktop/cr/Git/Reconfigurable_Computing/Lesson4/Nexys4_Master.xdc:108]
CRITICAL WARNING: [Common 17-55] 'set_property' expects at least one object. [C:/Users/Joao/Desktop/cr/Git/Reconfigurable_Computing/Lesson4/Nexys4_Master.xdc:108]
Resolution: If [get_<value>] was used to populate the object, check to make sure this command returns at least one valid object.
WARNING: [Vivado 12-584] No ports matched 'led[14]'. [C:/Users/Joao/Desktop/cr/Git/Reconfigurable_Computing/Lesson4/Nexys4_Master.xdc:109]
CRITICAL WARNING: [Common 17-55] 'set_property' expects at least one object. [C:/Users/Joao/Desktop/cr/Git/Reconfigurable_Computing/Lesson4/Nexys4_Master.xdc:109]
Resolution: If [get_<value>] was used to populate the object, check to make sure this command returns at least one valid object.
WARNING: [Vivado 12-584] No ports matched 'led[15]'. [C:/Users/Joao/Desktop/cr/Git/Reconfigurable_Computing/Lesson4/Nexys4_Master.xdc:111]
CRITICAL WARNING: [Common 17-55] 'set_property' expects at least one object. [C:/Users/Joao/Desktop/cr/Git/Reconfigurable_Computing/Lesson4/Nexys4_Master.xdc:111]
Resolution: If [get_<value>] was used to populate the object, check to make sure this command returns at least one valid object.
WARNING: [Vivado 12-584] No ports matched 'led[15]'. [C:/Users/Joao/Desktop/cr/Git/Reconfigurable_Computing/Lesson4/Nexys4_Master.xdc:112]
CRITICAL WARNING: [Common 17-55] 'set_property' expects at least one object. [C:/Users/Joao/Desktop/cr/Git/Reconfigurable_Computing/Lesson4/Nexys4_Master.xdc:112]
Resolution: If [get_<value>] was used to populate the object, check to make sure this command returns at least one valid object.
WARNING: [Vivado 12-584] No ports matched 'btnC'. [C:/Users/Joao/Desktop/cr/Git/Reconfigurable_Computing/Lesson4/Nexys4_Master.xdc:194]
CRITICAL WARNING: [Common 17-55] 'set_property' expects at least one object. [C:/Users/Joao/Desktop/cr/Git/Reconfigurable_Computing/Lesson4/Nexys4_Master.xdc:194]
Resolution: If [get_<value>] was used to populate the object, check to make sure this command returns at least one valid object.
WARNING: [Vivado 12-584] No ports matched 'btnC'. [C:/Users/Joao/Desktop/cr/Git/Reconfigurable_Computing/Lesson4/Nexys4_Master.xdc:195]
CRITICAL WARNING: [Common 17-55] 'set_property' expects at least one object. [C:/Users/Joao/Desktop/cr/Git/Reconfigurable_Computing/Lesson4/Nexys4_Master.xdc:195]
Resolution: If [get_<value>] was used to populate the object, check to make sure this command returns at least one valid object.
WARNING: [Vivado 12-584] No ports matched 'btnU'. [C:/Users/Joao/Desktop/cr/Git/Reconfigurable_Computing/Lesson4/Nexys4_Master.xdc:197]
CRITICAL WARNING: [Common 17-55] 'set_property' expects at least one object. [C:/Users/Joao/Desktop/cr/Git/Reconfigurable_Computing/Lesson4/Nexys4_Master.xdc:197]
Resolution: If [get_<value>] was used to populate the object, check to make sure this command returns at least one valid object.
WARNING: [Vivado 12-584] No ports matched 'btnU'. [C:/Users/Joao/Desktop/cr/Git/Reconfigurable_Computing/Lesson4/Nexys4_Master.xdc:198]
CRITICAL WARNING: [Common 17-55] 'set_property' expects at least one object. [C:/Users/Joao/Desktop/cr/Git/Reconfigurable_Computing/Lesson4/Nexys4_Master.xdc:198]
Resolution: If [get_<value>] was used to populate the object, check to make sure this command returns at least one valid object.
WARNING: [Vivado 12-584] No ports matched 'btnL'. [C:/Users/Joao/Desktop/cr/Git/Reconfigurable_Computing/Lesson4/Nexys4_Master.xdc:200]
CRITICAL WARNING: [Common 17-55] 'set_property' expects at least one object. [C:/Users/Joao/Desktop/cr/Git/Reconfigurable_Computing/Lesson4/Nexys4_Master.xdc:200]
Resolution: If [get_<value>] was used to populate the object, check to make sure this command returns at least one valid object.
WARNING: [Vivado 12-584] No ports matched 'btnL'. [C:/Users/Joao/Desktop/cr/Git/Reconfigurable_Computing/Lesson4/Nexys4_Master.xdc:201]
CRITICAL WARNING: [Common 17-55] 'set_property' expects at least one object. [C:/Users/Joao/Desktop/cr/Git/Reconfigurable_Computing/Lesson4/Nexys4_Master.xdc:201]
Resolution: If [get_<value>] was used to populate the object, check to make sure this command returns at least one valid object.
WARNING: [Vivado 12-584] No ports matched 'btnR'. [C:/Users/Joao/Desktop/cr/Git/Reconfigurable_Computing/Lesson4/Nexys4_Master.xdc:203]
CRITICAL WARNING: [Common 17-55] 'set_property' expects at least one object. [C:/Users/Joao/Desktop/cr/Git/Reconfigurable_Computing/Lesson4/Nexys4_Master.xdc:203]
Resolution: If [get_<value>] was used to populate the object, check to make sure this command returns at least one valid object.
WARNING: [Vivado 12-584] No ports matched 'btnR'. [C:/Users/Joao/Desktop/cr/Git/Reconfigurable_Computing/Lesson4/Nexys4_Master.xdc:204]
CRITICAL WARNING: [Common 17-55] 'set_property' expects at least one object. [C:/Users/Joao/Desktop/cr/Git/Reconfigurable_Computing/Lesson4/Nexys4_Master.xdc:204]
Resolution: If [get_<value>] was used to populate the object, check to make sure this command returns at least one valid object.
WARNING: [Vivado 12-584] No ports matched 'btnD'. [C:/Users/Joao/Desktop/cr/Git/Reconfigurable_Computing/Lesson4/Nexys4_Master.xdc:206]
CRITICAL WARNING: [Common 17-55] 'set_property' expects at least one object. [C:/Users/Joao/Desktop/cr/Git/Reconfigurable_Computing/Lesson4/Nexys4_Master.xdc:206]
Resolution: If [get_<value>] was used to populate the object, check to make sure this command returns at least one valid object.
WARNING: [Vivado 12-584] No ports matched 'btnD'. [C:/Users/Joao/Desktop/cr/Git/Reconfigurable_Computing/Lesson4/Nexys4_Master.xdc:207]
CRITICAL WARNING: [Common 17-55] 'set_property' expects at least one object. [C:/Users/Joao/Desktop/cr/Git/Reconfigurable_Computing/Lesson4/Nexys4_Master.xdc:207]
Resolution: If [get_<value>] was used to populate the object, check to make sure this command returns at least one valid object.
Finished Parsing XDC File [C:/Users/Joao/Desktop/cr/Git/Reconfigurable_Computing/Lesson4/Nexys4_Master.xdc]
INFO: [Opt 31-138] Pushed 0 inverter(s) to 0 load pin(s).
INFO: [Project 1-111] Unisim Transformation Summary:
No Unisim elements were transformed.

link_design: Time (s): cpu = 00:00:10 ; elapsed = 00:00:12 . Memory (MB): peak = 486.582 ; gain = 276.309
Command: opt_design
Attempting to get a license for feature 'Implementation' and/or device 'xc7a100t'
INFO: [Common 17-349] Got license for feature 'Implementation' and/or device 'xc7a100t'
Running DRC as a precondition to command opt_design

Starting DRC Task
INFO: [DRC 23-27] Running DRC with 2 threads
INFO: [Project 1-461] DRC finished with 0 Errors
INFO: [Project 1-462] Please refer to the DRC report (report_drc) for more information.

Time (s): cpu = 00:00:02 ; elapsed = 00:00:02 . Memory (MB): peak = 493.336 ; gain = 6.754
INFO: [Timing 38-35] Done setting XDC timing constraints.

Starting Logic Optimization Task
Implement Debug Cores | Checksum: 173064033

Phase 1 Retarget
INFO: [Opt 31-138] Pushed 0 inverter(s) to 0 load pin(s).
INFO: [Opt 31-49] Retargeted 0 cell(s).
Phase 1 Retarget | Checksum: 197ba90e4

Time (s): cpu = 00:00:00 ; elapsed = 00:00:00.224 . Memory (MB): peak = 970.734 ; gain = 0.000

Phase 2 Constant propagation
INFO: [Opt 31-138] Pushed 0 inverter(s) to 0 load pin(s).
INFO: [Opt 31-10] Eliminated 0 cells.
Phase 2 Constant propagation | Checksum: 197ba90e4

Time (s): cpu = 00:00:00 ; elapsed = 00:00:00.286 . Memory (MB): peak = 970.734 ; gain = 0.000

Phase 3 Sweep
INFO: [Opt 31-12] Eliminated 12 unconnected nets.
INFO: [Opt 31-11] Eliminated 0 unconnected cells.
Phase 3 Sweep | Checksum: 174a8c18f

Time (s): cpu = 00:00:00 ; elapsed = 00:00:00.335 . Memory (MB): peak = 970.734 ; gain = 0.000

Phase 4 BUFG optimization
INFO: [Opt 31-12] Eliminated 0 unconnected nets.
INFO: [Opt 31-11] Eliminated 0 unconnected cells.
Phase 4 BUFG optimization | Checksum: 174a8c18f

Time (s): cpu = 00:00:00 ; elapsed = 00:00:00.389 . Memory (MB): peak = 970.734 ; gain = 0.000

Starting Connectivity Check Task

Time (s): cpu = 00:00:00 ; elapsed = 00:00:00.001 . Memory (MB): peak = 970.734 ; gain = 0.000
Ending Logic Optimization Task | Checksum: 174a8c18f

Time (s): cpu = 00:00:00 ; elapsed = 00:00:00.394 . Memory (MB): peak = 970.734 ; gain = 0.000

Starting Power Optimization Task
INFO: [Pwropt 34-132] Skipping clock gating for clocks with a period < 2.00 ns.
Ending Power Optimization Task | Checksum: 174a8c18f

Time (s): cpu = 00:00:00 ; elapsed = 00:00:00.079 . Memory (MB): peak = 970.734 ; gain = 0.000
INFO: [Common 17-83] Releasing license: Implementation
33 Infos, 42 Warnings, 42 Critical Warnings and 0 Errors encountered.
opt_design completed successfully
opt_design: Time (s): cpu = 00:00:21 ; elapsed = 00:00:22 . Memory (MB): peak = 970.734 ; gain = 484.152
Writing placer database...
Writing XDEF routing.
Writing XDEF routing logical nets.
Writing XDEF routing special nets.
Write XDEF Complete: Time (s): cpu = 00:00:00 ; elapsed = 00:00:00.095 . Memory (MB): peak = 970.734 ; gain = 0.000
INFO: [Common 17-1381] The checkpoint 'C:/Users/Joao/Desktop/cr/Git/Reconfigurable_Computing/Lesson4/32bitstodisp/32bitstodisp.runs/impl_1/disp32bits_wrapper_opt.dcp' has been generated.
INFO: [DRC 23-27] Running DRC with 2 threads
INFO: [Coretcl 2-168] The results of DRC are in file C:/Users/Joao/Desktop/cr/Git/Reconfigurable_Computing/Lesson4/32bitstodisp/32bitstodisp.runs/impl_1/disp32bits_wrapper_drc_opted.rpt.
INFO: [Chipscope 16-241] No debug cores found in the current design.
Before running the implement_debug_core command, either use the Set Up Debug wizard (GUI mode)
or use the create_debug_core and connect_debug_core Tcl commands to insert debug cores into the design.
Command: place_design
Attempting to get a license for feature 'Implementation' and/or device 'xc7a100t'
INFO: [Common 17-349] Got license for feature 'Implementation' and/or device 'xc7a100t'
INFO: [DRC 23-27] Running DRC with 2 threads
INFO: [Vivado_Tcl 4-198] DRC finished with 0 Errors
INFO: [Vivado_Tcl 4-199] Please refer to the DRC report (report_drc) for more information.
Running DRC as a precondition to command place_design
INFO: [DRC 23-27] Running DRC with 2 threads
WARNING: [DRC 23-20] Rule violation (CKLD-2) Clock Net has IO Driver, not a Clock Buf, and/or non-Clock loads - Clock net clk_IBUF is directly driven by an IO rather than a Clock Buffer or may be an IO driving a mix of Clock Buffer and non-Clock loads. This connectivity should be reviewed and corrected as appropriate. Driver(s): clk_IBUF_inst/O
INFO: [Vivado_Tcl 4-198] DRC finished with 0 Errors, 1 Warnings
INFO: [Vivado_Tcl 4-199] Please refer to the DRC report (report_drc) for more information.

Starting Placer Task
INFO: [Place 30-611] Multithreading enabled for place_design using a maximum of 2 CPUs

Phase 1 Placer Initialization
Netlist sorting complete. Time (s): cpu = 00:00:00 ; elapsed = 00:00:00.001 . Memory (MB): peak = 970.734 ; gain = 0.000
Netlist sorting complete. Time (s): cpu = 00:00:00 ; elapsed = 00:00:00 . Memory (MB): peak = 970.734 ; gain = 0.000

Phase 1.1 IO Placement/ Clock Placement/ Build Placer Device
WARNING: [Place 30-87] Partially locked IO Bus is found. Following components of the IO Bus sw are not locked:  'sw[31]'  'sw[30]'  'sw[29]'  'sw[28]'  'sw[27]'  'sw[26]'  'sw[25]'  'sw[24]'  'sw[23]'  'sw[22]'  'sw[21]'  'sw[20]'  'sw[19]'  'sw[18]'  'sw[17]'  'sw[16]' 
INFO: [Timing 38-35] Done setting XDC timing constraints.
Phase 1.1 IO Placement/ Clock Placement/ Build Placer Device | Checksum: eb30ff3a

Time (s): cpu = 00:00:02 ; elapsed = 00:00:02 . Memory (MB): peak = 993.809 ; gain = 23.074

Phase 1.2 Build Placer Netlist Model
Phase 1.2 Build Placer Netlist Model | Checksum: 1b47ab2f3

Time (s): cpu = 00:00:02 ; elapsed = 00:00:03 . Memory (MB): peak = 993.809 ; gain = 23.074

Phase 1.3 Constrain Clocks/Macros
Phase 1.3 Constrain Clocks/Macros | Checksum: 1b47ab2f3

Time (s): cpu = 00:00:02 ; elapsed = 00:00:03 . Memory (MB): peak = 993.809 ; gain = 23.074
Phase 1 Placer Initialization | Checksum: 1b47ab2f3

Time (s): cpu = 00:00:02 ; elapsed = 00:00:03 . Memory (MB): peak = 993.809 ; gain = 23.074

Phase 2 Global Placement
Phase 2 Global Placement | Checksum: 1151c2b55

Time (s): cpu = 00:00:03 ; elapsed = 00:00:04 . Memory (MB): peak = 993.809 ; gain = 23.074

Phase 3 Detail Placement

Phase 3.1 Commit Multi Column Macros
Phase 3.1 Commit Multi Column Macros | Checksum: 1151c2b55

Time (s): cpu = 00:00:03 ; elapsed = 00:00:04 . Memory (MB): peak = 993.809 ; gain = 23.074

Phase 3.2 Commit Most Macros & LUTRAMs
Phase 3.2 Commit Most Macros & LUTRAMs | Checksum: 1657c09e8

Time (s): cpu = 00:00:03 ; elapsed = 00:00:04 . Memory (MB): peak = 993.809 ; gain = 23.074

Phase 3.3 Area Swap Optimization
Phase 3.3 Area Swap Optimization | Checksum: e18be852

Time (s): cpu = 00:00:03 ; elapsed = 00:00:04 . Memory (MB): peak = 993.809 ; gain = 23.074

Phase 3.4 Pipeline Register Optimization
Phase 3.4 Pipeline Register Optimization | Checksum: e18be852

Time (s): cpu = 00:00:03 ; elapsed = 00:00:04 . Memory (MB): peak = 993.809 ; gain = 23.074

Phase 3.5 Small Shape Detail Placement
Phase 3.5 Small Shape Detail Placement | Checksum: 1fa658ec8

Time (s): cpu = 00:00:03 ; elapsed = 00:00:04 . Memory (MB): peak = 993.809 ; gain = 23.074

Phase 3.6 Re-assign LUT pins
Phase 3.6 Re-assign LUT pins | Checksum: 1fa658ec8

Time (s): cpu = 00:00:03 ; elapsed = 00:00:04 . Memory (MB): peak = 993.809 ; gain = 23.074

Phase 3.7 Pipeline Register Optimization
Phase 3.7 Pipeline Register Optimization | Checksum: 1fa658ec8

Time (s): cpu = 00:00:03 ; elapsed = 00:00:04 . Memory (MB): peak = 993.809 ; gain = 23.074
Phase 3 Detail Placement | Checksum: 1fa658ec8

Time (s): cpu = 00:00:03 ; elapsed = 00:00:04 . Memory (MB): peak = 993.809 ; gain = 23.074

Phase 4 Post Placement Optimization and Clean-Up

Phase 4.1 Post Commit Optimization
Phase 4.1 Post Commit Optimization | Checksum: 1fa658ec8

Time (s): cpu = 00:00:03 ; elapsed = 00:00:04 . Memory (MB): peak = 993.809 ; gain = 23.074

Phase 4.2 Post Placement Cleanup
Phase 4.2 Post Placement Cleanup | Checksum: 1fa658ec8

Time (s): cpu = 00:00:03 ; elapsed = 00:00:04 . Memory (MB): peak = 993.809 ; gain = 23.074

Phase 4.3 Placer Reporting
Phase 4.3 Placer Reporting | Checksum: 1fa658ec8

Time (s): cpu = 00:00:03 ; elapsed = 00:00:04 . Memory (MB): peak = 993.809 ; gain = 23.074

Phase 4.4 Final Placement Cleanup
Phase 4.4 Final Placement Cleanup | Checksum: 1fa658ec8

Time (s): cpu = 00:00:03 ; elapsed = 00:00:04 . Memory (MB): peak = 993.809 ; gain = 23.074
Phase 4 Post Placement Optimization and Clean-Up | Checksum: 1fa658ec8

Time (s): cpu = 00:00:03 ; elapsed = 00:00:04 . Memory (MB): peak = 993.809 ; gain = 23.074
Ending Placer Task | Checksum: 11077269a

Time (s): cpu = 00:00:03 ; elapsed = 00:00:04 . Memory (MB): peak = 993.809 ; gain = 23.074
INFO: [Common 17-83] Releasing license: Implementation
47 Infos, 44 Warnings, 42 Critical Warnings and 0 Errors encountered.
place_design completed successfully
place_design: Time (s): cpu = 00:00:05 ; elapsed = 00:00:06 . Memory (MB): peak = 993.809 ; gain = 23.074
Writing placer database...
Writing XDEF routing.
Writing XDEF routing logical nets.
Writing XDEF routing special nets.
Write XDEF Complete: Time (s): cpu = 00:00:00 ; elapsed = 00:00:00.090 . Memory (MB): peak = 993.809 ; gain = 0.000
INFO: [Common 17-1381] The checkpoint 'C:/Users/Joao/Desktop/cr/Git/Reconfigurable_Computing/Lesson4/32bitstodisp/32bitstodisp.runs/impl_1/disp32bits_wrapper_placed.dcp' has been generated.
report_io: Time (s): cpu = 00:00:00 ; elapsed = 00:00:00.135 . Memory (MB): peak = 993.809 ; gain = 0.000
report_utilization: Time (s): cpu = 00:00:00 ; elapsed = 00:00:00.040 . Memory (MB): peak = 993.809 ; gain = 0.000
report_control_sets: Time (s): cpu = 00:00:00 ; elapsed = 00:00:00.017 . Memory (MB): peak = 993.809 ; gain = 0.000
Command: route_design
Attempting to get a license for feature 'Implementation' and/or device 'xc7a100t'
INFO: [Common 17-349] Got license for feature 'Implementation' and/or device 'xc7a100t'
Running DRC as a precondition to command route_design
INFO: [DRC 23-27] Running DRC with 2 threads
WARNING: [DRC 23-20] Rule violation (PLIO-3) Placement Constraints Check for IO constraints - Partially locked IO Bus is found. Following components of the IO Bus sw[31:0] are not locked:  sw[31] sw[30] sw[29] sw[28] sw[27] sw[26] sw[25] sw[24] sw[23] sw[22] sw[21] sw[20] sw[19] sw[18] sw[17] sw[16]
INFO: [Vivado_Tcl 4-198] DRC finished with 0 Errors, 1 Warnings
INFO: [Vivado_Tcl 4-199] Please refer to the DRC report (report_drc) for more information.


Starting Routing Task
INFO: [Route 35-254] Multithreading enabled for route_design using a maximum of 2 CPUs
Checksum: PlaceDB: 790f4bc7 ConstDB: 0 ShapeSum: 9767dad3 RouteDB: 0

Phase 1 Build RT Design
Phase 1 Build RT Design | Checksum: 113168ed7

Time (s): cpu = 00:00:57 ; elapsed = 00:00:51 . Memory (MB): peak = 1131.164 ; gain = 137.355

Phase 2 Router Initialization

Phase 2.1 Create Timer
Phase 2.1 Create Timer | Checksum: 113168ed7

Time (s): cpu = 00:00:57 ; elapsed = 00:00:51 . Memory (MB): peak = 1132.957 ; gain = 139.148

Phase 2.2 Fix Topology Constraints
Phase 2.2 Fix Topology Constraints | Checksum: 113168ed7

Time (s): cpu = 00:00:57 ; elapsed = 00:00:51 . Memory (MB): peak = 1140.211 ; gain = 146.402

Phase 2.3 Pre Route Cleanup
Phase 2.3 Pre Route Cleanup | Checksum: 113168ed7

Time (s): cpu = 00:00:57 ; elapsed = 00:00:51 . Memory (MB): peak = 1140.211 ; gain = 146.402
 Number of Nodes with overlaps = 0

Phase 2.4 Update Timing
Phase 2.4 Update Timing | Checksum: a33fba7e

Time (s): cpu = 00:00:58 ; elapsed = 00:00:52 . Memory (MB): peak = 1144.094 ; gain = 150.285
INFO: [Route 35-416] Intermediate Timing Summary | WNS=7.644  | TNS=0.000  | WHS=0.037  | THS=0.000  |

Phase 2 Router Initialization | Checksum: a6aa4eab

Time (s): cpu = 00:00:58 ; elapsed = 00:00:52 . Memory (MB): peak = 1144.094 ; gain = 150.285

Phase 3 Initial Routing
Phase 3 Initial Routing | Checksum: 1a4f5f858

Time (s): cpu = 00:00:58 ; elapsed = 00:00:52 . Memory (MB): peak = 1144.094 ; gain = 150.285

Phase 4 Rip-up And Reroute

Phase 4.1 Global Iteration 0
 Number of Nodes with overlaps = 1
 Number of Nodes with overlaps = 0

Phase 4.1.1 Update Timing
Phase 4.1.1 Update Timing | Checksum: 1081a541c

Time (s): cpu = 00:00:58 ; elapsed = 00:00:52 . Memory (MB): peak = 1144.094 ; gain = 150.285
INFO: [Route 35-416] Intermediate Timing Summary | WNS=7.506  | TNS=0.000  | WHS=N/A    | THS=N/A    |

Phase 4.1 Global Iteration 0 | Checksum: 12c4178e4

Time (s): cpu = 00:00:58 ; elapsed = 00:00:52 . Memory (MB): peak = 1144.094 ; gain = 150.285
Phase 4 Rip-up And Reroute | Checksum: 12c4178e4

Time (s): cpu = 00:00:58 ; elapsed = 00:00:52 . Memory (MB): peak = 1144.094 ; gain = 150.285

Phase 5 Delay and Skew Optimization

Phase 5.1 Delay CleanUp
Phase 5.1 Delay CleanUp | Checksum: 12c4178e4

Time (s): cpu = 00:00:58 ; elapsed = 00:00:52 . Memory (MB): peak = 1144.094 ; gain = 150.285

Phase 5.2 Clock Skew Optimization
Phase 5.2 Clock Skew Optimization | Checksum: 12c4178e4

Time (s): cpu = 00:00:58 ; elapsed = 00:00:52 . Memory (MB): peak = 1144.094 ; gain = 150.285
Phase 5 Delay and Skew Optimization | Checksum: 12c4178e4

Time (s): cpu = 00:00:58 ; elapsed = 00:00:52 . Memory (MB): peak = 1144.094 ; gain = 150.285

Phase 6 Post Hold Fix

Phase 6.1 Hold Fix Iter

Phase 6.1.1 Update Timing
Phase 6.1.1 Update Timing | Checksum: 7d571673

Time (s): cpu = 00:00:58 ; elapsed = 00:00:52 . Memory (MB): peak = 1144.094 ; gain = 150.285
INFO: [Route 35-416] Intermediate Timing Summary | WNS=7.506  | TNS=0.000  | WHS=0.156  | THS=0.000  |

Phase 6.1 Hold Fix Iter | Checksum: 7d571673

Time (s): cpu = 00:00:58 ; elapsed = 00:00:52 . Memory (MB): peak = 1144.094 ; gain = 150.285
Phase 6 Post Hold Fix | Checksum: 7d571673

Time (s): cpu = 00:00:58 ; elapsed = 00:00:52 . Memory (MB): peak = 1144.094 ; gain = 150.285

Phase 7 Route finalize

Router Utilization Summary
  Global Vertical Routing Utilization    = 0.0301606 %
  Global Horizontal Routing Utilization  = 0.0618073 %
  Routable Net Status*
  *Does not include unroutable nets such as driverless and loadless.
  Run report_route_status for detailed report.
  Number of Failed Nets               = 0
  Number of Unrouted Nets             = 0
  Number of Partially Routed Nets     = 0
  Number of Node Overlaps             = 0

Phase 7 Route finalize | Checksum: b48e7b39

Time (s): cpu = 00:00:58 ; elapsed = 00:00:52 . Memory (MB): peak = 1144.094 ; gain = 150.285

Phase 8 Verifying routed nets

 Verification completed successfully
Phase 8 Verifying routed nets | Checksum: b48e7b39

Time (s): cpu = 00:00:58 ; elapsed = 00:00:52 . Memory (MB): peak = 1144.094 ; gain = 150.285

Phase 9 Depositing Routes
Phase 9 Depositing Routes | Checksum: ec59d1c5

Time (s): cpu = 00:00:58 ; elapsed = 00:00:52 . Memory (MB): peak = 1144.094 ; gain = 150.285

Phase 10 Post Router Timing
INFO: [Route 35-57] Estimated Timing Summary | WNS=7.506  | TNS=0.000  | WHS=0.156  | THS=0.000  |

INFO: [Route 35-327] The final timing numbers are based on the router estimated timing analysis. For a complete and accurate timing signoff, please run report_timing_summary.
Phase 10 Post Router Timing | Checksum: ec59d1c5

Time (s): cpu = 00:00:58 ; elapsed = 00:00:52 . Memory (MB): peak = 1144.094 ; gain = 150.285
INFO: [Route 35-16] Router Completed Successfully

Time (s): cpu = 00:00:58 ; elapsed = 00:00:52 . Memory (MB): peak = 1144.094 ; gain = 150.285

Routing Is Done.
INFO: [Common 17-83] Releasing license: Implementation
60 Infos, 45 Warnings, 42 Critical Warnings and 0 Errors encountered.
route_design completed successfully
route_design: Time (s): cpu = 00:01:00 ; elapsed = 00:00:54 . Memory (MB): peak = 1144.094 ; gain = 150.285
Writing placer database...
Writing XDEF routing.
Writing XDEF routing logical nets.
Writing XDEF routing special nets.
Write XDEF Complete: Time (s): cpu = 00:00:00 ; elapsed = 00:00:00.095 . Memory (MB): peak = 1144.094 ; gain = 0.000
INFO: [Common 17-1381] The checkpoint 'C:/Users/Joao/Desktop/cr/Git/Reconfigurable_Computing/Lesson4/32bitstodisp/32bitstodisp.runs/impl_1/disp32bits_wrapper_routed.dcp' has been generated.
INFO: [DRC 23-27] Running DRC with 2 threads
INFO: [Coretcl 2-168] The results of DRC are in file C:/Users/Joao/Desktop/cr/Git/Reconfigurable_Computing/Lesson4/32bitstodisp/32bitstodisp.runs/impl_1/disp32bits_wrapper_drc_routed.rpt.
INFO: [Timing 38-35] Done setting XDC timing constraints.
INFO: [DRC 23-133] Running Methodology with 2 threads
INFO: [Coretcl 2-1520] The results of Report Methodology are in file C:/Users/Joao/Desktop/cr/Git/Reconfigurable_Computing/Lesson4/32bitstodisp/32bitstodisp.runs/impl_1/disp32bits_wrapper_methodology_drc_routed.rpt.
INFO: [Timing 38-35] Done setting XDC timing constraints.
INFO: [Timing 38-91] UpdateTimingParams: Speed grade: -1, Delay Type: min_max.
INFO: [Timing 38-191] Multithreading enabled for timing update using a maximum of 2 CPUs
INFO: [Timing 38-35] Done setting XDC timing constraints.
Command: report_power -file disp32bits_wrapper_power_routed.rpt -pb disp32bits_wrapper_power_summary_routed.pb -rpx disp32bits_wrapper_power_routed.rpx
Running Vector-less Activity Propagation...

Finished Running Vector-less Activity Propagation
70 Infos, 45 Warnings, 42 Critical Warnings and 0 Errors encountered.
report_power completed successfully
INFO: [Common 17-206] Exiting Vivado at Mon Mar 27 11:57:23 2017...
