
*** Running vivado
    with args -log design1_ilmb_bram_if_cntlr_0.vds -m64 -product Vivado -mode batch -messageDb vivado.pb -notrace -source design1_ilmb_bram_if_cntlr_0.tcl


****** Vivado v2016.4 (64-bit)
  **** SW Build 1756540 on Mon Jan 23 19:11:23 MST 2017
  **** IP Build 1755317 on Mon Jan 23 20:30:07 MST 2017
    ** Copyright 1986-2016 Xilinx, Inc. All Rights Reserved.

source design1_ilmb_bram_if_cntlr_0.tcl -notrace
Starting RTL Elaboration : Time (s): cpu = 00:00:16 ; elapsed = 00:01:17 . Memory (MB): peak = 292.711 ; gain = 82.586
INFO: [Synth 8-638] synthesizing module 'design1_ilmb_bram_if_cntlr_0' [c:/Users/Joao/Desktop/cr/Git/Reconfigurable_Computing/Lesson6/Ex6_3/Ex6_3.srcs/sources_1/bd/design1/ip/design1_ilmb_bram_if_cntlr_0/synth/design1_ilmb_bram_if_cntlr_0.vhd:84]
INFO: [Synth 8-638] synthesizing module 'lmb_bram_if_cntlr' [c:/Users/Joao/Desktop/cr/Git/Reconfigurable_Computing/Lesson6/Ex6_3/Ex6_3.srcs/sources_1/bd/design1/ipshared/f4d9/hdl/lmb_bram_if_cntlr_v4_0_vh_rfs.vhd:3106]
INFO: [Synth 8-638] synthesizing module 'lmb_mux' [c:/Users/Joao/Desktop/cr/Git/Reconfigurable_Computing/Lesson6/Ex6_3/Ex6_3.srcs/sources_1/bd/design1/ipshared/f4d9/hdl/lmb_bram_if_cntlr_v4_0_vh_rfs.vhd:2601]
INFO: [Synth 8-638] synthesizing module 'pselect_mask' [c:/Users/Joao/Desktop/cr/Git/Reconfigurable_Computing/Lesson6/Ex6_3/Ex6_3.srcs/sources_1/bd/design1/ipshared/f4d9/hdl/lmb_bram_if_cntlr_v4_0_vh_rfs.vhd:2121]
INFO: [Synth 8-256] done synthesizing module 'pselect_mask' (1#1) [c:/Users/Joao/Desktop/cr/Git/Reconfigurable_Computing/Lesson6/Ex6_3/Ex6_3.srcs/sources_1/bd/design1/ipshared/f4d9/hdl/lmb_bram_if_cntlr_v4_0_vh_rfs.vhd:2121]
INFO: [Synth 8-256] done synthesizing module 'lmb_mux' (2#1) [c:/Users/Joao/Desktop/cr/Git/Reconfigurable_Computing/Lesson6/Ex6_3/Ex6_3.srcs/sources_1/bd/design1/ipshared/f4d9/hdl/lmb_bram_if_cntlr_v4_0_vh_rfs.vhd:2601]
INFO: [Synth 8-256] done synthesizing module 'lmb_bram_if_cntlr' (3#1) [c:/Users/Joao/Desktop/cr/Git/Reconfigurable_Computing/Lesson6/Ex6_3/Ex6_3.srcs/sources_1/bd/design1/ipshared/f4d9/hdl/lmb_bram_if_cntlr_v4_0_vh_rfs.vhd:3106]
INFO: [Synth 8-256] done synthesizing module 'design1_ilmb_bram_if_cntlr_0' (4#1) [c:/Users/Joao/Desktop/cr/Git/Reconfigurable_Computing/Lesson6/Ex6_3/Ex6_3.srcs/sources_1/bd/design1/ip/design1_ilmb_bram_if_cntlr_0/synth/design1_ilmb_bram_if_cntlr_0.vhd:84]
Finished RTL Elaboration : Time (s): cpu = 00:00:18 ; elapsed = 00:01:22 . Memory (MB): peak = 332.051 ; gain = 121.926
Finished RTL Optimization Phase 1 : Time (s): cpu = 00:00:19 ; elapsed = 00:01:22 . Memory (MB): peak = 332.051 ; gain = 121.926
INFO: [Device 21-403] Loading part xc7a100tcsg324-1
Constraint Validation Runtime : Time (s): cpu = 00:00:00 ; elapsed = 00:00:00.454 . Memory (MB): peak = 613.133 ; gain = 0.000
Finished Constraint Validation : Time (s): cpu = 00:00:37 ; elapsed = 00:02:02 . Memory (MB): peak = 613.133 ; gain = 403.008
Finished Loading Part and Timing Information : Time (s): cpu = 00:00:37 ; elapsed = 00:02:02 . Memory (MB): peak = 613.133 ; gain = 403.008
Finished applying 'set_property' XDC Constraints : Time (s): cpu = 00:00:37 ; elapsed = 00:02:02 . Memory (MB): peak = 613.133 ; gain = 403.008
Finished RTL Optimization Phase 2 : Time (s): cpu = 00:00:38 ; elapsed = 00:02:03 . Memory (MB): peak = 613.133 ; gain = 403.008
Finished Cross Boundary and Area Optimization : Time (s): cpu = 00:00:38 ; elapsed = 00:02:04 . Memory (MB): peak = 613.133 ; gain = 403.008
Finished Applying XDC Timing Constraints : Time (s): cpu = 00:00:59 ; elapsed = 00:02:31 . Memory (MB): peak = 613.133 ; gain = 403.008
Finished Timing Optimization : Time (s): cpu = 00:00:59 ; elapsed = 00:02:31 . Memory (MB): peak = 613.133 ; gain = 403.008
Finished Technology Mapping : Time (s): cpu = 00:00:59 ; elapsed = 00:02:31 . Memory (MB): peak = 613.133 ; gain = 403.008
Finished IO Insertion : Time (s): cpu = 00:01:00 ; elapsed = 00:02:33 . Memory (MB): peak = 613.133 ; gain = 403.008
Finished Renaming Generated Instances : Time (s): cpu = 00:01:00 ; elapsed = 00:02:33 . Memory (MB): peak = 613.133 ; gain = 403.008
Finished Rebuilding User Hierarchy : Time (s): cpu = 00:01:00 ; elapsed = 00:02:33 . Memory (MB): peak = 613.133 ; gain = 403.008
Finished Renaming Generated Ports : Time (s): cpu = 00:01:00 ; elapsed = 00:02:33 . Memory (MB): peak = 613.133 ; gain = 403.008
Finished Handling Custom Attributes : Time (s): cpu = 00:01:00 ; elapsed = 00:02:33 . Memory (MB): peak = 613.133 ; gain = 403.008
Finished Renaming Generated Nets : Time (s): cpu = 00:01:00 ; elapsed = 00:02:33 . Memory (MB): peak = 613.133 ; gain = 403.008

Report Cell Usage: 
+------+-----+------+
|      |Cell |Count |
+------+-----+------+
|1     |LUT1 |     1|
|2     |LUT2 |     6|
|3     |FDRE |     2|
+------+-----+------+
Finished Writing Synthesis Report : Time (s): cpu = 00:01:00 ; elapsed = 00:02:33 . Memory (MB): peak = 613.133 ; gain = 403.008
synth_design: Time (s): cpu = 00:00:54 ; elapsed = 00:01:40 . Memory (MB): peak = 626.125 ; gain = 409.895
