#-----------------------------------------------------------
# Vivado v2016.4 (64-bit)
# SW Build 1756540 on Mon Jan 23 19:11:23 MST 2017
# IP Build 1755317 on Mon Jan 23 20:30:07 MST 2017
# Start of session at: Fri Mar 17 16:46:09 2017
# Process ID: 30428
# Current directory: C:/Users/Joao/Desktop/cr/Git/Reconfigurable_Computing/Lesson2
# Command line: vivado.exe -gui_launcher_event rodinguilauncherevent30180 C:\Users\Joao\Desktop\cr\Git\Reconfigurable_Computing\Lesson2\Lesson2.xpr
# Log file: C:/Users/Joao/Desktop/cr/Git/Reconfigurable_Computing/Lesson2/vivado.log
# Journal file: C:/Users/Joao/Desktop/cr/Git/Reconfigurable_Computing/Lesson2\vivado.jou
#-----------------------------------------------------------
start_gui
open_project C:/Users/Joao/Desktop/cr/Git/Reconfigurable_Computing/Lesson2/Lesson2.xpr
Scanning sources...
Finished scanning sources
INFO: [IP_Flow 19-234] Refreshing IP repositories
INFO: [IP_Flow 19-1704] No user IP repositories specified
INFO: [IP_Flow 19-2313] Loaded Vivado IP repository 'C:/Xilinx/Vivado/2016.4/data/ip'.
open_project: Time (s): cpu = 00:00:13 ; elapsed = 00:00:07 . Memory (MB): peak = 784.684 ; gain = 133.980
close_project
open_project C:/Users/Joao/Desktop/cr/Git/Reconfigurable_Computing/Lesson3/clockdivider/clockdivider.xpr
Scanning sources...
Finished scanning sources
INFO: [IP_Flow 19-234] Refreshing IP repositories
INFO: [IP_Flow 19-1700] Loaded user IP repository 'c:/Users/Joao/Desktop/cr/Git/Reconfigurable_Computing/Lesson3/clockdivider/clockdivider.srcs/sources_1/new'.
INFO: [IP_Flow 19-2313] Loaded Vivado IP repository 'C:/Xilinx/Vivado/2016.4/data/ip'.
ipx::package_project -root_dir c:/users/joao/desktop/cr/git/reconfigurable_computing/lesson3/clockdivider/clockdivider.srcs/sources_1/new -vendor xilinx.com -library user -taxonomy /UserIP -force
INFO: [IP_Flow 19-4753] Inferred signal 'clock' from port 'clk' as interface 'clk'.
set_property core_revision 2 [ipx::current_core]
ipx::create_xgui_files [ipx::current_core]
ipx::update_checksums [ipx::current_core]
ipx::save_core [ipx::current_core]
update_ip_catalog -rebuild -repo_path c:/Users/Joao/Desktop/cr/Git/Reconfigurable_Computing/Lesson3/clockdivider/clockdivider.srcs/sources_1/new
INFO: [IP_Flow 19-725] Reloaded user IP repository 'c:/Users/Joao/Desktop/cr/Git/Reconfigurable_Computing/Lesson3/clockdivider/clockdivider.srcs/sources_1/new'
exit
INFO: [Common 17-206] Exiting Vivado at Fri Mar 17 17:10:32 2017...
