Copyright 1986-2016 Xilinx, Inc. All Rights Reserved.
------------------------------------------------------------------------------------
| Tool Version : Vivado v.2016.4 (win64) Build 1756540 Mon Jan 23 19:11:23 MST 2017
| Date         : Mon Mar 27 16:09:53 2017
| Host         : DESKTOP-2SMIO6T running 64-bit major release  (build 9200)
| Command      : upgrade_ip
| Device       : xc7a100tcsg324-1
------------------------------------------------------------------------------------

Upgrade Log for IP 'desig_RomRead_0_0'

1. Summary
----------

SUCCESS in the update of desig_RomRead_0_0 (xilinx.com:user:RomRead:1.0 (Rev. 3)) to current project options.






Copyright 1986-2016 Xilinx, Inc. All Rights Reserved.
------------------------------------------------------------------------------------
| Tool Version : Vivado v.2016.4 (win64) Build 1756540 Mon Jan 23 19:11:23 MST 2017
| Date         : Mon Mar 27 16:04:35 2017
| Host         : DESKTOP-2SMIO6T running 64-bit major release  (build 9200)
| Command      : upgrade_ip
| Device       : xc7a100tcsg324-1
------------------------------------------------------------------------------------

Upgrade Log for IP 'desig_RomRead_0_0'

1. Summary
----------

SUCCESS in the upgrade of desig_RomRead_0_0 (xilinx.com:user:RomRead:1.0) from (Rev. 2) to (Rev. 3)

