#-----------------------------------------------------------
# Vivado v2016.4 (64-bit)
# SW Build 1756540 on Mon Jan 23 19:11:23 MST 2017
# IP Build 1755317 on Mon Jan 23 20:30:07 MST 2017
# Start of session at: Mon Mar 27 15:53:45 2017
# Process ID: 22820
# Current directory: C:/Users/Joao/Desktop/cr/Git/Reconfigurable_Computing/Lesson4/Ex3
# Command line: vivado.exe -gui_launcher_event rodinguilauncherevent22600 C:\Users\Joao\Desktop\cr\Git\Reconfigurable_Computing\Lesson4\Ex3\Ex3.xpr
# Log file: C:/Users/Joao/Desktop/cr/Git/Reconfigurable_Computing/Lesson4/Ex3/vivado.log
# Journal file: C:/Users/Joao/Desktop/cr/Git/Reconfigurable_Computing/Lesson4/Ex3\vivado.jou
#-----------------------------------------------------------
start_gui
open_project C:/Users/Joao/Desktop/cr/Git/Reconfigurable_Computing/Lesson4/Ex3/Ex3.xpr
Scanning sources...
Finished scanning sources
INFO: [IP_Flow 19-234] Refreshing IP repositories
INFO: [IP_Flow 19-1700] Loaded user IP repository 'c:/Users/Joao/Desktop/cr/Git/Reconfigurable_Computing'.
WARNING: [IP_Flow 19-3656] If you move the project, the path for repository 'c:/Users/Joao/Desktop/cr/Git/Reconfigurable_Computing' may become invalid. A better location for the repository would be in a path adjacent to the project. (Current project location is 'c:/Users/Joao/Desktop/cr/Git/Reconfigurable_Computing/Lesson4/Ex3'.)
INFO: [IP_Flow 19-2313] Loaded Vivado IP repository 'C:/Xilinx/Vivado/2016.4/data/ip'.
CRITICAL WARNING: [IP_Flow 19-1663] Duplicate IP found for 'xilinx.com:user:counter:1.0'. The one found in IP location 'c:/Users/Joao/Desktop/cr/Git/Reconfigurable_Computing/Lesson3/Counter/Counter.srcs/sources_1/imports/new' will take precedence over the same IP in location c:/Users/Joao/Desktop/cr/Git/Reconfigurable_Computing/Lesson3/Counter
CRITICAL WARNING: [IP_Flow 19-1663] Duplicate IP found for 'xilinx.com:user:ex1:1.0'. The one found in IP location 'c:/Users/Joao/Desktop/cr/Git/Reconfigurable_Computing/Lesson3/Ex1/ex1.srcs' will take precedence over the same IP in location c:/Users/Joao/Desktop/cr/Git/Reconfigurable_Computing/Lesson3/Ex1/ex1.srcs/sources_1/imports/ex1.srcs
open_project: Time (s): cpu = 00:00:09 ; elapsed = 00:00:13 . Memory (MB): peak = 703.418 ; gain = 109.320
open_bd_design {C:/Users/Joao/Desktop/cr/Git/Reconfigurable_Computing/Lesson4/Ex3/Ex3.srcs/sources_1/bd/desig/desig.bd}
Adding cell -- xilinx.com:user:Sort:1.0 - Sort_0
Adding cell -- xilinx.com:ip:blk_mem_gen:8.3 - blk_mem_gen_0
Successfully read diagram <desig> from BD file <C:/Users/Joao/Desktop/cr/Git/Reconfigurable_Computing/Lesson4/Ex3/Ex3.srcs/sources_1/bd/desig/desig.bd>
open_bd_design: Time (s): cpu = 00:00:11 ; elapsed = 00:00:08 . Memory (MB): peak = 740.090 ; gain = 29.844
startgroup
set_property -dict [list CONFIG.words {512} CONFIG.size {32}] [get_bd_cells Sort_0]
endgroup
startgroup
create_bd_cell -type ip -vlnv xilinx.com:user:RomRead:1.0 RomRead_0
endgroup
set_property location {1 86 151} [get_bd_cells RomRead_0]
set_property -dict [list CONFIG.address_bits {32}] [get_bd_cells RomRead_0]
set_property -dict [list CONFIG.data_width {512}] [get_bd_cells RomRead_0]
set_property -dict [list CONFIG.data_width {16384}] [get_bd_cells RomRead_0]
connect_bd_net [get_bd_pins Sort_0/data_in] [get_bd_pins RomRead_0/data_in]
set_property location {1 110 202} [get_bd_cells RomRead_0]
delete_bd_objs [get_bd_nets Net]
open_project C:/Users/Joao/Desktop/cr/Git/Reconfigurable_Computing/Lesson4/RomRead/RomRead.xpr
Scanning sources...
Finished scanning sources
INFO: [IP_Flow 19-234] Refreshing IP repositories
INFO: [IP_Flow 19-1700] Loaded user IP repository 'c:/Users/Joao/Desktop/cr/Git/Reconfigurable_Computing/Lesson4/RomRead'.
INFO: [IP_Flow 19-2313] Loaded Vivado IP repository 'C:/Xilinx/Vivado/2016.4/data/ip'.
close_project
INFO: [Device 21-403] Loading part xc7a100tcsg324-1
WARNING: [IP_Flow 19-4067] Ignoring invalid widget type specified checkbox.Providing a default widget
WARNING: [IP_Flow 19-4067] Ignoring invalid widget type specified checkbox.Providing a default widget
startgroup
set_property -dict [list CONFIG.Memory_Type {Single_Port_ROM} CONFIG.Write_Depth_A {16384} CONFIG.Enable_A {Always_Enabled} CONFIG.Register_PortA_Output_of_Memory_Primitives {false} CONFIG.Load_Init_File {true} CONFIG.Coe_File {C:/Users/Joao/Desktop/cr/Git/Reconfigurable_Computing/Lesson4/mul.coe} CONFIG.use_bram_block {Stand_Alone} CONFIG.Enable_32bit_Address {false} CONFIG.Use_Byte_Write_Enable {false} CONFIG.Byte_Size {9} CONFIG.Use_RSTA_Pin {false} CONFIG.Port_A_Write_Rate {0}] [get_bd_cells blk_mem_gen_0]
INFO: [IP_Flow 19-3484] Absolute path of file 'c:/Users/Joao/Desktop/cr/Git/Reconfigurable_Computing/Lesson4/mul.coe' provided. It will be converted relative to IP Instance files '../../../../../../../mul.coe'
endgroup
ipx::edit_ip_in_project -upgrade true -name RomRead_v1_0_project -directory C:/Users/Joao/Desktop/cr/Git/Reconfigurable_Computing/Lesson4/Ex3/Ex3.tmp/RomRead_v1_0_project c:/Users/Joao/Desktop/cr/Git/Reconfigurable_Computing/Lesson4/RomRead/component.xml
INFO: [ProjectBase 1-489] The host OS only allows 260 characters in a normal path. The project is stored in a path with more than 80 characters. If you experience issues with IP, Block Designs, or files not being found, please consider moving the project to a location with a shorter path. Alternately consider using the OS subst command to map part of the path to a drive letter.
Current project path is 'c:/users/joao/desktop/cr/git/reconfigurable_computing/lesson4/ex3/ex3.tmp/romread_v1_0_project'
INFO: [IP_Flow 19-234] Refreshing IP repositories
INFO: [IP_Flow 19-1704] No user IP repositories specified
INFO: [IP_Flow 19-2313] Loaded Vivado IP repository 'C:/Xilinx/Vivado/2016.4/data/ip'.
INFO: [IP_Flow 19-234] Refreshing IP repositories
INFO: [IP_Flow 19-1700] Loaded user IP repository 'c:/Users/Joao/Desktop/cr/Git/Reconfigurable_Computing'.
CRITICAL WARNING: [IP_Flow 19-1663] Duplicate IP found for 'xilinx.com:user:counter:1.0'. The one found in IP location 'c:/Users/Joao/Desktop/cr/Git/Reconfigurable_Computing/Lesson3/Counter/Counter.srcs/sources_1/imports/new' will take precedence over the same IP in location c:/Users/Joao/Desktop/cr/Git/Reconfigurable_Computing/Lesson3/Counter
CRITICAL WARNING: [IP_Flow 19-1663] Duplicate IP found for 'xilinx.com:user:ex1:1.0'. The one found in IP location 'c:/Users/Joao/Desktop/cr/Git/Reconfigurable_Computing/Lesson3/Ex1/ex1.srcs' will take precedence over the same IP in location c:/Users/Joao/Desktop/cr/Git/Reconfigurable_Computing/Lesson3/Ex1/ex1.srcs/sources_1/imports/ex1.srcs
INFO: [IP_Flow 19-795] Syncing license key meta-data
INFO: [IP_Flow 19-793] Syncing display name meta-data
INFO: [IP_Flow 19-798] Syncing taxonomy meta-data
ipx::edit_ip_in_project: Time (s): cpu = 00:00:08 ; elapsed = 00:00:08 . Memory (MB): peak = 1013.609 ; gain = 0.000
set_property core_revision 3 [ipx::current_core]
ipx::create_xgui_files [ipx::current_core]
ipx::update_checksums [ipx::current_core]
ipx::save_core [ipx::current_core]
close_project -delete
update_ip_catalog -rebuild -repo_path c:/Users/Joao/Desktop/cr/Git/Reconfigurable_Computing
INFO: [IP_Flow 19-725] Reloaded user IP repository 'c:/Users/Joao/Desktop/cr/Git/Reconfigurable_Computing'
CRITICAL WARNING: [IP_Flow 19-1663] Duplicate IP found for 'xilinx.com:user:counter:1.0'. The one found in IP location 'c:/Users/Joao/Desktop/cr/Git/Reconfigurable_Computing/Lesson3/Counter/Counter.srcs/sources_1/imports/new' will take precedence over the same IP in location c:/Users/Joao/Desktop/cr/Git/Reconfigurable_Computing/Lesson3/Counter
CRITICAL WARNING: [IP_Flow 19-1663] Duplicate IP found for 'xilinx.com:user:ex1:1.0'. The one found in IP location 'c:/Users/Joao/Desktop/cr/Git/Reconfigurable_Computing/Lesson3/Ex1/ex1.srcs' will take precedence over the same IP in location c:/Users/Joao/Desktop/cr/Git/Reconfigurable_Computing/Lesson3/Ex1/ex1.srcs/sources_1/imports/ex1.srcs
report_ip_status -name ip_status 
upgrade_ip -vlnv xilinx.com:user:RomRead:1.0 [get_ips  desig_RomRead_0_0] -log ip_upgrade.log
Upgrading 'C:/Users/Joao/Desktop/cr/Git/Reconfigurable_Computing/Lesson4/Ex3/Ex3.srcs/sources_1/bd/desig/desig.bd'
INFO: [IP_Flow 19-3422] Upgraded desig_RomRead_0_0 (RomRead_v1_0 1.0) from revision 2 to revision 3
Wrote  : <C:/Users/Joao/Desktop/cr/Git/Reconfigurable_Computing/Lesson4/Ex3/Ex3.srcs/sources_1/bd/desig/desig.bd> 
INFO: [Coretcl 2-1525] Wrote upgrade log to 'C:/Users/Joao/Desktop/cr/Git/Reconfigurable_Computing/Lesson4/Ex3/ip_upgrade.log'.
export_ip_user_files -of_objects [get_ips desig_RomRead_0_0] -no_script -sync -force -quiet
report_ip_status -name ip_status 
update_ip_catalog -rebuild -scan_changes
INFO: [IP_Flow 19-234] Refreshing IP repositories
INFO: [IP_Flow 19-1700] Loaded user IP repository 'c:/Users/Joao/Desktop/cr/Git/Reconfigurable_Computing'.
WARNING: [IP_Flow 19-3656] If you move the project, the path for repository 'c:/Users/Joao/Desktop/cr/Git/Reconfigurable_Computing' may become invalid. A better location for the repository would be in a path adjacent to the project. (Current project location is 'c:/Users/Joao/Desktop/cr/Git/Reconfigurable_Computing/Lesson4/Ex3'.)
CRITICAL WARNING: [IP_Flow 19-1663] Duplicate IP found for 'xilinx.com:user:counter:1.0'. The one found in IP location 'c:/Users/Joao/Desktop/cr/Git/Reconfigurable_Computing/Lesson3/Counter/Counter.srcs/sources_1/imports/new' will take precedence over the same IP in location c:/Users/Joao/Desktop/cr/Git/Reconfigurable_Computing/Lesson3/Counter
CRITICAL WARNING: [IP_Flow 19-1663] Duplicate IP found for 'xilinx.com:user:ex1:1.0'. The one found in IP location 'c:/Users/Joao/Desktop/cr/Git/Reconfigurable_Computing/Lesson3/Ex1/ex1.srcs' will take precedence over the same IP in location c:/Users/Joao/Desktop/cr/Git/Reconfigurable_Computing/Lesson3/Ex1/ex1.srcs/sources_1/imports/ex1.srcs
report_ip_status -name ip_status
ipx::edit_ip_in_project -upgrade true -name RomRead_v1_0_project -directory C:/Users/Joao/Desktop/cr/Git/Reconfigurable_Computing/Lesson4/Ex3/Ex3.tmp/RomRead_v1_0_project c:/Users/Joao/Desktop/cr/Git/Reconfigurable_Computing/Lesson4/RomRead/component.xml
INFO: [ProjectBase 1-489] The host OS only allows 260 characters in a normal path. The project is stored in a path with more than 80 characters. If you experience issues with IP, Block Designs, or files not being found, please consider moving the project to a location with a shorter path. Alternately consider using the OS subst command to map part of the path to a drive letter.
Current project path is 'c:/users/joao/desktop/cr/git/reconfigurable_computing/lesson4/ex3/ex3.tmp/romread_v1_0_project'
INFO: [IP_Flow 19-234] Refreshing IP repositories
INFO: [IP_Flow 19-1704] No user IP repositories specified
INFO: [IP_Flow 19-2313] Loaded Vivado IP repository 'C:/Xilinx/Vivado/2016.4/data/ip'.
INFO: [IP_Flow 19-234] Refreshing IP repositories
INFO: [IP_Flow 19-1700] Loaded user IP repository 'c:/Users/Joao/Desktop/cr/Git/Reconfigurable_Computing'.
CRITICAL WARNING: [IP_Flow 19-1663] Duplicate IP found for 'xilinx.com:user:counter:1.0'. The one found in IP location 'c:/Users/Joao/Desktop/cr/Git/Reconfigurable_Computing/Lesson3/Counter/Counter.srcs/sources_1/imports/new' will take precedence over the same IP in location c:/Users/Joao/Desktop/cr/Git/Reconfigurable_Computing/Lesson3/Counter
CRITICAL WARNING: [IP_Flow 19-1663] Duplicate IP found for 'xilinx.com:user:ex1:1.0'. The one found in IP location 'c:/Users/Joao/Desktop/cr/Git/Reconfigurable_Computing/Lesson3/Ex1/ex1.srcs' will take precedence over the same IP in location c:/Users/Joao/Desktop/cr/Git/Reconfigurable_Computing/Lesson3/Ex1/ex1.srcs/sources_1/imports/ex1.srcs
INFO: [IP_Flow 19-795] Syncing license key meta-data
INFO: [IP_Flow 19-793] Syncing display name meta-data
INFO: [IP_Flow 19-798] Syncing taxonomy meta-data
ipx::edit_ip_in_project: Time (s): cpu = 00:00:07 ; elapsed = 00:00:07 . Memory (MB): peak = 1044.914 ; gain = 0.000
current_project Ex3
set_property -dict [list CONFIG.address_bits {32}] [get_bd_cells RomRead_0]
upgrade_ip -vlnv xilinx.com:user:RomRead:1.0 [get_ips  desig_RomRead_0_0] -log ip_upgrade.log
Upgrading 'C:/Users/Joao/Desktop/cr/Git/Reconfigurable_Computing/Lesson4/Ex3/Ex3.srcs/sources_1/bd/desig/desig.bd'
INFO: [IP_Flow 19-1972] Upgraded desig_RomRead_0_0 from RomRead_v1_0 1.0 to RomRead_v1_0 1.0
Wrote  : <C:/Users/Joao/Desktop/cr/Git/Reconfigurable_Computing/Lesson4/Ex3/Ex3.srcs/sources_1/bd/desig/desig.bd> 
INFO: [Coretcl 2-1525] Wrote upgrade log to 'C:/Users/Joao/Desktop/cr/Git/Reconfigurable_Computing/Lesson4/Ex3/ip_upgrade.log'.
export_ip_user_files -of_objects [get_ips desig_RomRead_0_0] -no_script -sync -force -quiet
report_ip_status -name ip_status 
connect_bd_net [get_bd_pins Sort_0/data_in] [get_bd_pins RomRead_0/data_in]
startgroup
set_property -dict [list CONFIG.data_width {16384} CONFIG.address_bits {32}] [get_bd_cells RomRead_0]
endgroup
