
*** Running vivado
    with args -log design1_xlconstant_0_0.vds -m64 -product Vivado -mode batch -messageDb vivado.pb -notrace -source design1_xlconstant_0_0.tcl


****** Vivado v2016.4 (64-bit)
  **** SW Build 1756540 on Mon Jan 23 19:11:23 MST 2017
  **** IP Build 1755317 on Mon Jan 23 20:30:07 MST 2017
    ** Copyright 1986-2016 Xilinx, Inc. All Rights Reserved.

source design1_xlconstant_0_0.tcl -notrace
Starting RTL Elaboration : Time (s): cpu = 00:00:15 ; elapsed = 00:00:31 . Memory (MB): peak = 292.055 ; gain = 82.691
INFO: [Synth 8-638] synthesizing module 'design1_xlconstant_0_0' [c:/Users/Joao/Desktop/cr/Git/Reconfigurable_Computing/Lesson6/Ex6_3/Ex6_3.srcs/sources_1/bd/design1/ip/design1_xlconstant_0_0/sim/design1_xlconstant_0_0.v:56]
INFO: [Synth 8-638] synthesizing module 'xlconstant' [c:/Users/Joao/Desktop/cr/Git/Reconfigurable_Computing/Lesson6/Ex6_3/Ex6_3.srcs/sources_1/bd/design1/ipshared/e147/xlconstant.v:23]
INFO: [Synth 8-256] done synthesizing module 'xlconstant' (1#1) [c:/Users/Joao/Desktop/cr/Git/Reconfigurable_Computing/Lesson6/Ex6_3/Ex6_3.srcs/sources_1/bd/design1/ipshared/e147/xlconstant.v:23]
INFO: [Synth 8-256] done synthesizing module 'design1_xlconstant_0_0' (2#1) [c:/Users/Joao/Desktop/cr/Git/Reconfigurable_Computing/Lesson6/Ex6_3/Ex6_3.srcs/sources_1/bd/design1/ip/design1_xlconstant_0_0/sim/design1_xlconstant_0_0.v:56]
Finished RTL Elaboration : Time (s): cpu = 00:00:17 ; elapsed = 00:00:33 . Memory (MB): peak = 330.379 ; gain = 121.016
Finished RTL Optimization Phase 1 : Time (s): cpu = 00:00:17 ; elapsed = 00:00:33 . Memory (MB): peak = 330.379 ; gain = 121.016
INFO: [Device 21-403] Loading part xc7a100tcsg324-1
Constraint Validation Runtime : Time (s): cpu = 00:00:00 ; elapsed = 00:00:00.024 . Memory (MB): peak = 530.770 ; gain = 0.000
Finished Constraint Validation : Time (s): cpu = 00:00:34 ; elapsed = 00:00:55 . Memory (MB): peak = 530.770 ; gain = 321.406
Finished Loading Part and Timing Information : Time (s): cpu = 00:00:34 ; elapsed = 00:00:55 . Memory (MB): peak = 530.770 ; gain = 321.406
Finished applying 'set_property' XDC Constraints : Time (s): cpu = 00:00:34 ; elapsed = 00:00:55 . Memory (MB): peak = 530.770 ; gain = 321.406
Finished RTL Optimization Phase 2 : Time (s): cpu = 00:00:34 ; elapsed = 00:00:55 . Memory (MB): peak = 530.770 ; gain = 321.406
Finished Cross Boundary and Area Optimization : Time (s): cpu = 00:00:35 ; elapsed = 00:00:56 . Memory (MB): peak = 530.770 ; gain = 321.406
Finished Applying XDC Timing Constraints : Time (s): cpu = 00:00:55 ; elapsed = 00:01:20 . Memory (MB): peak = 567.121 ; gain = 357.758
Finished Timing Optimization : Time (s): cpu = 00:00:55 ; elapsed = 00:01:20 . Memory (MB): peak = 567.121 ; gain = 357.758
Finished Technology Mapping : Time (s): cpu = 00:00:55 ; elapsed = 00:01:20 . Memory (MB): peak = 576.738 ; gain = 367.375
Finished IO Insertion : Time (s): cpu = 00:00:56 ; elapsed = 00:01:21 . Memory (MB): peak = 576.738 ; gain = 367.375
Finished Renaming Generated Instances : Time (s): cpu = 00:00:56 ; elapsed = 00:01:21 . Memory (MB): peak = 576.738 ; gain = 367.375
Finished Rebuilding User Hierarchy : Time (s): cpu = 00:00:56 ; elapsed = 00:01:21 . Memory (MB): peak = 576.738 ; gain = 367.375
Finished Renaming Generated Ports : Time (s): cpu = 00:00:56 ; elapsed = 00:01:21 . Memory (MB): peak = 576.738 ; gain = 367.375
Finished Handling Custom Attributes : Time (s): cpu = 00:00:56 ; elapsed = 00:01:21 . Memory (MB): peak = 576.738 ; gain = 367.375
Finished Renaming Generated Nets : Time (s): cpu = 00:00:56 ; elapsed = 00:01:21 . Memory (MB): peak = 576.738 ; gain = 367.375

Report Cell Usage: 
+-+-----+------+
| |Cell |Count |
+-+-----+------+
+-+-----+------+
Finished Writing Synthesis Report : Time (s): cpu = 00:00:56 ; elapsed = 00:01:21 . Memory (MB): peak = 576.738 ; gain = 367.375
synth_design: Time (s): cpu = 00:00:50 ; elapsed = 00:01:01 . Memory (MB): peak = 601.020 ; gain = 385.406
