Copyright 1986-2016 Xilinx, Inc. All Rights Reserved.
------------------------------------------------------------------------------------
| Tool Version : Vivado v.2016.4 (win64) Build 1756540 Mon Jan 23 19:11:23 MST 2017
| Date         : Fri Mar 17 18:38:00 2017
| Host         : DESKTOP-2SMIO6T running 64-bit major release  (build 9200)
| Command      : upgrade_ip
| Device       : xc7a100tcsg324-1
------------------------------------------------------------------------------------

Upgrade Log for IP 'ex2_clockdivider_0_0'

1. Summary
----------

SUCCESS in the upgrade of ex2_clockdivider_0_0 (xilinx.com:user:clockdivider:1.0) from (Rev. 4) to (Rev. 5)






Copyright 1986-2016 Xilinx, Inc. All Rights Reserved.
------------------------------------------------------------------------------------
| Tool Version : Vivado v.2016.4 (win64) Build 1756540 Mon Jan 23 19:11:23 MST 2017
| Date         : Fri Mar 17 18:24:05 2017
| Host         : DESKTOP-2SMIO6T running 64-bit major release  (build 9200)
| Command      : upgrade_ip
| Device       : xc7a100tcsg324-1
------------------------------------------------------------------------------------

Upgrade Log for IP 'ex2_clockdivider_0_0'

1. Summary
----------

SUCCESS in the upgrade of ex2_clockdivider_0_0 (xilinx.com:user:clockdivider:1.0) from (Rev. 3) to (Rev. 4)

