#-----------------------------------------------------------
# Vivado v2016.4 (64-bit)
# SW Build 1756540 on Mon Jan 23 19:11:23 MST 2017
# IP Build 1755317 on Mon Jan 23 20:30:07 MST 2017
# Start of session at: Wed Apr 05 14:31:07 2017
# Process ID: 7580
# Current directory: C:/Users/Joao/Desktop/cr/Git/Reconfigurable_Computing/Repository/Nexys4DispCont
# Command line: vivado.exe -gui_launcher_event rodinguilauncherevent10808 C:\Users\Joao\Desktop\cr\Git\Reconfigurable_Computing\Repository\Nexys4DispCont\Nexys4DispCont.xpr
# Log file: C:/Users/Joao/Desktop/cr/Git/Reconfigurable_Computing/Repository/Nexys4DispCont/vivado.log
# Journal file: C:/Users/Joao/Desktop/cr/Git/Reconfigurable_Computing/Repository/Nexys4DispCont\vivado.jou
#-----------------------------------------------------------
start_gui
open_project C:/Users/Joao/Desktop/cr/Git/Reconfigurable_Computing/Repository/Nexys4DispCont/Nexys4DispCont.xpr
INFO: [Project 1-313] Project file moved from 'K:/CRExamples2017/AT5/Repository/Nexys4DispCont' since last save.
Scanning sources...
Finished scanning sources
INFO: [IP_Flow 19-234] Refreshing IP repositories
INFO: [IP_Flow 19-1700] Loaded user IP repository 'c:/Users/Joao/Desktop/cr/Git/Reconfigurable_Computing/Repository/Nexys4DispCont/Nexys4DispCont.srcs/sources_1/imports/new'.
INFO: [IP_Flow 19-2313] Loaded Vivado IP repository 'C:/Xilinx/Vivado/2016.4/data/ip'.
exit
INFO: [Common 17-206] Exiting Vivado at Wed Apr 05 14:31:32 2017...
