
*** Running vivado
    with args -log design1_xlslice_0_2.vds -m64 -product Vivado -mode batch -messageDb vivado.pb -notrace -source design1_xlslice_0_2.tcl


****** Vivado v2016.4 (64-bit)
  **** SW Build 1756540 on Mon Jan 23 19:11:23 MST 2017
  **** IP Build 1755317 on Mon Jan 23 20:30:07 MST 2017
    ** Copyright 1986-2016 Xilinx, Inc. All Rights Reserved.

source design1_xlslice_0_2.tcl -notrace
Starting RTL Elaboration : Time (s): cpu = 00:00:15 ; elapsed = 00:00:32 . Memory (MB): peak = 292.383 ; gain = 82.648
INFO: [Synth 8-638] synthesizing module 'design1_xlslice_0_2' [c:/Users/Joao/Desktop/cr/Git/Reconfigurable_Computing/Lesson6/Ex6_1_sdk/Ex6_1_sdk.srcs/sources_1/bd/design1/ip/design1_xlslice_0_2/synth/design1_xlslice_0_2.v:57]
INFO: [Synth 8-638] synthesizing module 'xlslice' [c:/Users/Joao/Desktop/cr/Git/Reconfigurable_Computing/Lesson6/Ex6_1_sdk/Ex6_1_sdk.srcs/sources_1/bd/design1/ipshared/c49f/xlslice.v:14]
INFO: [Synth 8-256] done synthesizing module 'xlslice' (1#1) [c:/Users/Joao/Desktop/cr/Git/Reconfigurable_Computing/Lesson6/Ex6_1_sdk/Ex6_1_sdk.srcs/sources_1/bd/design1/ipshared/c49f/xlslice.v:14]
INFO: [Synth 8-256] done synthesizing module 'design1_xlslice_0_2' (2#1) [c:/Users/Joao/Desktop/cr/Git/Reconfigurable_Computing/Lesson6/Ex6_1_sdk/Ex6_1_sdk.srcs/sources_1/bd/design1/ip/design1_xlslice_0_2/synth/design1_xlslice_0_2.v:57]
Finished RTL Elaboration : Time (s): cpu = 00:00:17 ; elapsed = 00:00:34 . Memory (MB): peak = 329.836 ; gain = 120.102
Finished RTL Optimization Phase 1 : Time (s): cpu = 00:00:17 ; elapsed = 00:00:35 . Memory (MB): peak = 329.836 ; gain = 120.102
INFO: [Device 21-403] Loading part xc7a100tcsg324-1
Constraint Validation Runtime : Time (s): cpu = 00:00:00 ; elapsed = 00:00:00.036 . Memory (MB): peak = 535.484 ; gain = 0.000
Finished Constraint Validation : Time (s): cpu = 00:00:34 ; elapsed = 00:00:59 . Memory (MB): peak = 535.484 ; gain = 325.750
Finished Loading Part and Timing Information : Time (s): cpu = 00:00:34 ; elapsed = 00:00:59 . Memory (MB): peak = 535.484 ; gain = 325.750
Finished applying 'set_property' XDC Constraints : Time (s): cpu = 00:00:34 ; elapsed = 00:00:59 . Memory (MB): peak = 535.484 ; gain = 325.750
Finished RTL Optimization Phase 2 : Time (s): cpu = 00:00:34 ; elapsed = 00:00:59 . Memory (MB): peak = 535.484 ; gain = 325.750
Finished Cross Boundary and Area Optimization : Time (s): cpu = 00:00:35 ; elapsed = 00:01:00 . Memory (MB): peak = 535.484 ; gain = 325.750
Finished Applying XDC Timing Constraints : Time (s): cpu = 00:00:56 ; elapsed = 00:01:31 . Memory (MB): peak = 566.578 ; gain = 356.844
Finished Timing Optimization : Time (s): cpu = 00:00:56 ; elapsed = 00:01:31 . Memory (MB): peak = 566.578 ; gain = 356.844
Finished Technology Mapping : Time (s): cpu = 00:00:56 ; elapsed = 00:01:31 . Memory (MB): peak = 576.180 ; gain = 366.445
Finished IO Insertion : Time (s): cpu = 00:00:57 ; elapsed = 00:01:33 . Memory (MB): peak = 576.180 ; gain = 366.445
Finished Renaming Generated Instances : Time (s): cpu = 00:00:57 ; elapsed = 00:01:33 . Memory (MB): peak = 576.180 ; gain = 366.445
Finished Rebuilding User Hierarchy : Time (s): cpu = 00:00:57 ; elapsed = 00:01:33 . Memory (MB): peak = 576.180 ; gain = 366.445
Finished Renaming Generated Ports : Time (s): cpu = 00:00:57 ; elapsed = 00:01:33 . Memory (MB): peak = 576.180 ; gain = 366.445
Finished Handling Custom Attributes : Time (s): cpu = 00:00:57 ; elapsed = 00:01:33 . Memory (MB): peak = 576.180 ; gain = 366.445
Finished Renaming Generated Nets : Time (s): cpu = 00:00:57 ; elapsed = 00:01:33 . Memory (MB): peak = 576.180 ; gain = 366.445

Report Cell Usage: 
+-+-----+------+
| |Cell |Count |
+-+-----+------+
+-+-----+------+
Finished Writing Synthesis Report : Time (s): cpu = 00:00:57 ; elapsed = 00:01:33 . Memory (MB): peak = 576.180 ; gain = 366.445
synth_design: Time (s): cpu = 00:00:51 ; elapsed = 00:01:14 . Memory (MB): peak = 592.289 ; gain = 376.305
