#-----------------------------------------------------------
# Vivado v2016.4 (64-bit)
# SW Build 1756540 on Mon Jan 23 19:11:23 MST 2017
# IP Build 1755317 on Mon Jan 23 20:30:07 MST 2017
# Start of session at: Sun May 21 22:53:53 2017
# Process ID: 46988
# Current directory: C:/Users/Joao/Desktop/cr/Git/Reconfigurable_Computing/Lesson3/Find1s
# Command line: vivado.exe -gui_launcher_event rodinguilauncherevent45212 C:\Users\Joao\Desktop\cr\Git\Reconfigurable_Computing\Lesson3\Find1s\Find1s.xpr
# Log file: C:/Users/Joao/Desktop/cr/Git/Reconfigurable_Computing/Lesson3/Find1s/vivado.log
# Journal file: C:/Users/Joao/Desktop/cr/Git/Reconfigurable_Computing/Lesson3/Find1s\vivado.jou
#-----------------------------------------------------------
start_gui
open_project C:/Users/Joao/Desktop/cr/Git/Reconfigurable_Computing/Lesson3/Find1s/Find1s.xpr
Scanning sources...
Finished scanning sources
WARNING: [filemgmt 56-3] IP Repository Path: Could not find the directory 'C:/users/joao/desktop/cr/git/reconfigurable_computing/lesson3/not_working/lesson3.srcs/sources_1/new'.
INFO: [IP_Flow 19-234] Refreshing IP repositories
INFO: [IP_Flow 19-1700] Loaded user IP repository 'c:/users/joao/desktop/cr/git/reconfigurable_computing/lesson3'.
WARNING: [IP_Flow 19-3685] Ignored loading user repository 'c:/users/joao/desktop/cr/git/reconfigurable_computing/lesson3/not_working/lesson3.srcs/sources_1/new'. The path is contained within another repository.
INFO: [IP_Flow 19-2313] Loaded Vivado IP repository 'C:/Xilinx/Vivado/2016.4/data/ip'.
CRITICAL WARNING: [IP_Flow 19-1663] Duplicate IP found for 'xilinx.com:user:counter:1.0'. The one found in IP location 'c:/users/joao/desktop/cr/git/reconfigurable_computing/lesson3/Counter/Counter.srcs/sources_1/imports/new' will take precedence over the same IP in location c:/users/joao/desktop/cr/git/reconfigurable_computing/lesson3/Counter
CRITICAL WARNING: [IP_Flow 19-1663] Duplicate IP found for 'xilinx.com:user:ex1:1.0'. The one found in IP location 'c:/users/joao/desktop/cr/git/reconfigurable_computing/lesson3/Ex1/ex1.srcs' will take precedence over the same IP in location c:/users/joao/desktop/cr/git/reconfigurable_computing/lesson3/Ex1/ex1.srcs/sources_1/imports/ex1.srcs
open_project: Time (s): cpu = 00:00:12 ; elapsed = 00:00:11 . Memory (MB): peak = 755.992 ; gain = 114.063
exit
INFO: [Common 17-206] Exiting Vivado at Sun May 21 22:54:46 2017...
