
*** Running vivado
    with args -log desigf_blk_mem_gen_0_0.vds -m64 -product Vivado -mode batch -messageDb vivado.pb -notrace -source desigf_blk_mem_gen_0_0.tcl


****** Vivado v2016.4 (64-bit)
  **** SW Build 1756540 on Mon Jan 23 19:11:23 MST 2017
  **** IP Build 1755317 on Mon Jan 23 20:30:07 MST 2017
    ** Copyright 1986-2016 Xilinx, Inc. All Rights Reserved.

source desigf_blk_mem_gen_0_0.tcl -notrace
Starting RTL Elaboration : Time (s): cpu = 00:00:11 ; elapsed = 00:00:13 . Memory (MB): peak = 293.371 ; gain = 83.215
INFO: [Synth 8-638] synthesizing module 'desigf_blk_mem_gen_0_0' [c:/Users/Joao/Desktop/cr/Git/Reconfigurable_Computing/Exame/Toplevel/Toplevel.srcs/sources_1/bd/desigf/ip/desigf_blk_mem_gen_0_0/synth/desigf_blk_mem_gen_0_0.vhd:67]
INFO: [Synth 8-256] done synthesizing module 'desigf_blk_mem_gen_0_0' (9#1) [c:/Users/Joao/Desktop/cr/Git/Reconfigurable_Computing/Exame/Toplevel/Toplevel.srcs/sources_1/bd/desigf/ip/desigf_blk_mem_gen_0_0/synth/desigf_blk_mem_gen_0_0.vhd:67]
Finished RTL Elaboration : Time (s): cpu = 00:01:15 ; elapsed = 00:01:23 . Memory (MB): peak = 491.590 ; gain = 281.434
Finished RTL Optimization Phase 1 : Time (s): cpu = 00:01:15 ; elapsed = 00:01:23 . Memory (MB): peak = 491.590 ; gain = 281.434
INFO: [Device 21-403] Loading part xc7a100tcsg324-1
Constraint Validation Runtime : Time (s): cpu = 00:00:00 ; elapsed = 00:00:00.033 . Memory (MB): peak = 559.965 ; gain = 0.000
Finished Constraint Validation : Time (s): cpu = 00:01:26 ; elapsed = 00:01:35 . Memory (MB): peak = 559.965 ; gain = 349.809
Finished Loading Part and Timing Information : Time (s): cpu = 00:01:26 ; elapsed = 00:01:35 . Memory (MB): peak = 559.965 ; gain = 349.809
Finished applying 'set_property' XDC Constraints : Time (s): cpu = 00:01:26 ; elapsed = 00:01:35 . Memory (MB): peak = 559.965 ; gain = 349.809
Finished RTL Optimization Phase 2 : Time (s): cpu = 00:01:26 ; elapsed = 00:01:35 . Memory (MB): peak = 559.965 ; gain = 349.809
Finished Cross Boundary and Area Optimization : Time (s): cpu = 00:01:26 ; elapsed = 00:01:35 . Memory (MB): peak = 559.965 ; gain = 349.809
Finished Applying XDC Timing Constraints : Time (s): cpu = 00:01:38 ; elapsed = 00:01:48 . Memory (MB): peak = 580.379 ; gain = 370.223
Finished Timing Optimization : Time (s): cpu = 00:01:38 ; elapsed = 00:01:48 . Memory (MB): peak = 580.379 ; gain = 370.223
Finished Technology Mapping : Time (s): cpu = 00:01:38 ; elapsed = 00:01:48 . Memory (MB): peak = 590.027 ; gain = 379.871
Finished IO Insertion : Time (s): cpu = 00:01:39 ; elapsed = 00:01:48 . Memory (MB): peak = 590.027 ; gain = 379.871
Finished Renaming Generated Instances : Time (s): cpu = 00:01:39 ; elapsed = 00:01:48 . Memory (MB): peak = 590.027 ; gain = 379.871
Finished Rebuilding User Hierarchy : Time (s): cpu = 00:01:39 ; elapsed = 00:01:48 . Memory (MB): peak = 590.027 ; gain = 379.871
Finished Renaming Generated Ports : Time (s): cpu = 00:01:39 ; elapsed = 00:01:48 . Memory (MB): peak = 590.027 ; gain = 379.871
Finished Handling Custom Attributes : Time (s): cpu = 00:01:39 ; elapsed = 00:01:48 . Memory (MB): peak = 590.027 ; gain = 379.871
Finished Renaming Generated Nets : Time (s): cpu = 00:01:39 ; elapsed = 00:01:48 . Memory (MB): peak = 590.027 ; gain = 379.871

Report Cell Usage: 
+------+---------+------+
|      |Cell     |Count |
+------+---------+------+
|1     |RAMB18E1 |     1|
+------+---------+------+
Finished Writing Synthesis Report : Time (s): cpu = 00:01:39 ; elapsed = 00:01:48 . Memory (MB): peak = 590.027 ; gain = 379.871
synth_design: Time (s): cpu = 00:01:37 ; elapsed = 00:01:46 . Memory (MB): peak = 621.742 ; gain = 406.289
