
*** Running vivado
    with args -log design1_xlslice_1_1.vds -m64 -product Vivado -mode batch -messageDb vivado.pb -notrace -source design1_xlslice_1_1.tcl


****** Vivado v2016.4 (64-bit)
  **** SW Build 1756540 on Mon Jan 23 19:11:23 MST 2017
  **** IP Build 1755317 on Mon Jan 23 20:30:07 MST 2017
    ** Copyright 1986-2016 Xilinx, Inc. All Rights Reserved.

source design1_xlslice_1_1.tcl -notrace
Starting RTL Elaboration : Time (s): cpu = 00:00:16 ; elapsed = 00:00:45 . Memory (MB): peak = 292.410 ; gain = 82.344
INFO: [Synth 8-638] synthesizing module 'design1_xlslice_1_1' [c:/Users/Joao/Desktop/cr/Git/Reconfigurable_Computing/Projecto_final/projeto/projeto.srcs/sources_1/bd/design1/ip/design1_xlslice_1_1/synth/design1_xlslice_1_1.v:57]
INFO: [Synth 8-638] synthesizing module 'xlslice' [c:/Users/Joao/Desktop/cr/Git/Reconfigurable_Computing/Projecto_final/projeto/projeto.srcs/sources_1/bd/design1/ipshared/c49f/xlslice.v:14]
INFO: [Synth 8-256] done synthesizing module 'xlslice' (1#1) [c:/Users/Joao/Desktop/cr/Git/Reconfigurable_Computing/Projecto_final/projeto/projeto.srcs/sources_1/bd/design1/ipshared/c49f/xlslice.v:14]
INFO: [Synth 8-256] done synthesizing module 'design1_xlslice_1_1' (2#1) [c:/Users/Joao/Desktop/cr/Git/Reconfigurable_Computing/Projecto_final/projeto/projeto.srcs/sources_1/bd/design1/ip/design1_xlslice_1_1/synth/design1_xlslice_1_1.v:57]
Finished RTL Elaboration : Time (s): cpu = 00:00:17 ; elapsed = 00:00:48 . Memory (MB): peak = 329.777 ; gain = 119.711
Finished RTL Optimization Phase 1 : Time (s): cpu = 00:00:18 ; elapsed = 00:00:48 . Memory (MB): peak = 329.777 ; gain = 119.711
INFO: [Device 21-403] Loading part xc7a100tcsg324-1
Constraint Validation Runtime : Time (s): cpu = 00:00:00 ; elapsed = 00:00:00.073 . Memory (MB): peak = 535.496 ; gain = 0.004
Finished Constraint Validation : Time (s): cpu = 00:00:35 ; elapsed = 00:01:17 . Memory (MB): peak = 535.496 ; gain = 325.430
Finished Loading Part and Timing Information : Time (s): cpu = 00:00:35 ; elapsed = 00:01:17 . Memory (MB): peak = 535.496 ; gain = 325.430
Finished applying 'set_property' XDC Constraints : Time (s): cpu = 00:00:35 ; elapsed = 00:01:17 . Memory (MB): peak = 535.496 ; gain = 325.430
Finished RTL Optimization Phase 2 : Time (s): cpu = 00:00:35 ; elapsed = 00:01:17 . Memory (MB): peak = 535.496 ; gain = 325.430
Finished Cross Boundary and Area Optimization : Time (s): cpu = 00:00:36 ; elapsed = 00:01:18 . Memory (MB): peak = 535.496 ; gain = 325.430
Finished Applying XDC Timing Constraints : Time (s): cpu = 00:00:57 ; elapsed = 00:01:52 . Memory (MB): peak = 567.609 ; gain = 357.543
Finished Timing Optimization : Time (s): cpu = 00:00:57 ; elapsed = 00:01:52 . Memory (MB): peak = 567.609 ; gain = 357.543
Finished Technology Mapping : Time (s): cpu = 00:00:57 ; elapsed = 00:01:52 . Memory (MB): peak = 577.316 ; gain = 367.250
Finished IO Insertion : Time (s): cpu = 00:00:58 ; elapsed = 00:01:54 . Memory (MB): peak = 577.316 ; gain = 367.250
Finished Renaming Generated Instances : Time (s): cpu = 00:00:58 ; elapsed = 00:01:54 . Memory (MB): peak = 577.316 ; gain = 367.250
Finished Rebuilding User Hierarchy : Time (s): cpu = 00:00:58 ; elapsed = 00:01:54 . Memory (MB): peak = 577.316 ; gain = 367.250
Finished Renaming Generated Ports : Time (s): cpu = 00:00:58 ; elapsed = 00:01:54 . Memory (MB): peak = 577.316 ; gain = 367.250
Finished Handling Custom Attributes : Time (s): cpu = 00:00:58 ; elapsed = 00:01:54 . Memory (MB): peak = 577.316 ; gain = 367.250
Finished Renaming Generated Nets : Time (s): cpu = 00:00:58 ; elapsed = 00:01:54 . Memory (MB): peak = 577.316 ; gain = 367.250

Report Cell Usage: 
+-+-----+------+
| |Cell |Count |
+-+-----+------+
+-+-----+------+
Finished Writing Synthesis Report : Time (s): cpu = 00:00:58 ; elapsed = 00:01:54 . Memory (MB): peak = 577.316 ; gain = 367.250
synth_design: Time (s): cpu = 00:00:51 ; elapsed = 00:01:21 . Memory (MB): peak = 593.344 ; gain = 377.023
