
*** Running vivado
    with args -log ex2_wrapper.vds -m64 -product Vivado -mode batch -messageDb vivado.pb -notrace -source ex2_wrapper.tcl


****** Vivado v2016.4 (64-bit)
  **** SW Build 1756540 on Mon Jan 23 19:11:23 MST 2017
  **** IP Build 1755317 on Mon Jan 23 20:30:07 MST 2017
    ** Copyright 1986-2016 Xilinx, Inc. All Rights Reserved.

source ex2_wrapper.tcl -notrace
INFO: [IP_Flow 19-234] Refreshing IP repositories
INFO: [IP_Flow 19-1700] Loaded user IP repository 'c:/users/joao/desktop/cr/git/reconfigurable_computing/lesson3/ex2/ex2.srcs'.
INFO: [IP_Flow 19-1700] Loaded user IP repository 'c:/Users/Joao/Desktop/cr/Git/Reconfigurable_Computing/Repository'.
INFO: [IP_Flow 19-1700] Loaded user IP repository 'c:/Users/Joao/Desktop/cr/Git/Reconfigurable_Computing/Lesson3/Counter'.
INFO: [IP_Flow 19-1700] Loaded user IP repository 'c:/Users/Joao/Desktop/cr/Git/Reconfigurable_Computing/Lesson3/clockdivider'.
INFO: [IP_Flow 19-2313] Loaded Vivado IP repository 'C:/Xilinx/Vivado/2016.4/data/ip'.
add_files: Time (s): cpu = 00:00:02 ; elapsed = 00:00:10 . Memory (MB): peak = 215.316 ; gain = 5.125
Command: synth_design -top ex2_wrapper -part xc7a100tcsg324-1
Starting synth_design
Attempting to get a license for feature 'Synthesis' and/or device 'xc7a100t'
INFO: [Common 17-349] Got license for feature 'Synthesis' and/or device 'xc7a100t'
INFO: Launching helper process for spawning children vivado processes
INFO: Helper process launched with PID 9076 
---------------------------------------------------------------------------------
Starting RTL Elaboration : Time (s): cpu = 00:00:11 ; elapsed = 00:00:38 . Memory (MB): peak = 292.441 ; gain = 82.250
---------------------------------------------------------------------------------
INFO: [Synth 8-638] synthesizing module 'ex2_wrapper' [C:/Users/Joao/Desktop/cr/Git/Reconfigurable_Computing/Lesson3/Ex2/Ex2.srcs/sources_1/bd/ex2/hdl/ex2_wrapper.vhd:24]
INFO: [Synth 8-3491] module 'ex2' declared at 'C:/Users/Joao/Desktop/cr/Git/Reconfigurable_Computing/Lesson3/Ex2/Ex2.srcs/sources_1/bd/ex2/hdl/ex2.vhd:14' bound to instance 'ex2_i' of component 'ex2' [C:/Users/Joao/Desktop/cr/Git/Reconfigurable_Computing/Lesson3/Ex2/Ex2.srcs/sources_1/bd/ex2/hdl/ex2_wrapper.vhd:35]
INFO: [Synth 8-638] synthesizing module 'ex2' [C:/Users/Joao/Desktop/cr/Git/Reconfigurable_Computing/Lesson3/Ex2/Ex2.srcs/sources_1/bd/ex2/hdl/ex2.vhd:28]
INFO: [Synth 8-3491] module 'ex2_BinToBCD16_0_0' declared at 'C:/Users/Joao/Desktop/cr/Git/Reconfigurable_Computing/Lesson3/Ex2/Ex2.runs/synth_1/.Xil/Vivado-15060-DESKTOP-2SMIO6T/realtime/ex2_BinToBCD16_0_0_stub.vhdl:5' bound to instance 'BinToBCD16_0' of component 'ex2_BinToBCD16_0_0' [C:/Users/Joao/Desktop/cr/Git/Reconfigurable_Computing/Lesson3/Ex2/Ex2.srcs/sources_1/bd/ex2/hdl/ex2.vhd:104]
INFO: [Synth 8-638] synthesizing module 'ex2_BinToBCD16_0_0' [C:/Users/Joao/Desktop/cr/Git/Reconfigurable_Computing/Lesson3/Ex2/Ex2.runs/synth_1/.Xil/Vivado-15060-DESKTOP-2SMIO6T/realtime/ex2_BinToBCD16_0_0_stub.vhdl:21]
INFO: [Synth 8-3491] module 'ex2_EightDispControl_0_0' declared at 'C:/Users/Joao/Desktop/cr/Git/Reconfigurable_Computing/Lesson3/Ex2/Ex2.runs/synth_1/.Xil/Vivado-15060-DESKTOP-2SMIO6T/realtime/ex2_EightDispControl_0_0_stub.vhdl:5' bound to instance 'EightDispControl_0' of component 'ex2_EightDispControl_0_0' [C:/Users/Joao/Desktop/cr/Git/Reconfigurable_Computing/Lesson3/Ex2/Ex2.srcs/sources_1/bd/ex2/hdl/ex2.vhd:117]
INFO: [Synth 8-638] synthesizing module 'ex2_EightDispControl_0_0' [C:/Users/Joao/Desktop/cr/Git/Reconfigurable_Computing/Lesson3/Ex2/Ex2.runs/synth_1/.Xil/Vivado-15060-DESKTOP-2SMIO6T/realtime/ex2_EightDispControl_0_0_stub.vhdl:22]
INFO: [Synth 8-3491] module 'ex2_clockdivider_0_0' declared at 'C:/Users/Joao/Desktop/cr/Git/Reconfigurable_Computing/Lesson3/Ex2/Ex2.runs/synth_1/.Xil/Vivado-15060-DESKTOP-2SMIO6T/realtime/ex2_clockdivider_0_0_stub.vhdl:5' bound to instance 'clockdivider_0' of component 'ex2_clockdivider_0_0' [C:/Users/Joao/Desktop/cr/Git/Reconfigurable_Computing/Lesson3/Ex2/Ex2.srcs/sources_1/bd/ex2/hdl/ex2.vhd:131]
INFO: [Synth 8-638] synthesizing module 'ex2_clockdivider_0_0' [C:/Users/Joao/Desktop/cr/Git/Reconfigurable_Computing/Lesson3/Ex2/Ex2.runs/synth_1/.Xil/Vivado-15060-DESKTOP-2SMIO6T/realtime/ex2_clockdivider_0_0_stub.vhdl:14]
INFO: [Synth 8-3491] module 'ex2_maxdivider_0_0' declared at 'C:/Users/Joao/Desktop/cr/Git/Reconfigurable_Computing/Lesson3/Ex2/Ex2.runs/synth_1/.Xil/Vivado-15060-DESKTOP-2SMIO6T/realtime/ex2_maxdivider_0_0_stub.vhdl:5' bound to instance 'maxdivider_0' of component 'ex2_maxdivider_0_0' [C:/Users/Joao/Desktop/cr/Git/Reconfigurable_Computing/Lesson3/Ex2/Ex2.srcs/sources_1/bd/ex2/hdl/ex2.vhd:137]
INFO: [Synth 8-638] synthesizing module 'ex2_maxdivider_0_0' [C:/Users/Joao/Desktop/cr/Git/Reconfigurable_Computing/Lesson3/Ex2/Ex2.runs/synth_1/.Xil/Vivado-15060-DESKTOP-2SMIO6T/realtime/ex2_maxdivider_0_0_stub.vhdl:15]
INFO: [Synth 8-3491] module 'ex2_xlconstant_0_0' declared at 'C:/Users/Joao/Desktop/cr/Git/Reconfigurable_Computing/Lesson3/Ex2/Ex2.runs/synth_1/.Xil/Vivado-15060-DESKTOP-2SMIO6T/realtime/ex2_xlconstant_0_0_stub.vhdl:5' bound to instance 'xlconstant_0' of component 'ex2_xlconstant_0_0' [C:/Users/Joao/Desktop/cr/Git/Reconfigurable_Computing/Lesson3/Ex2/Ex2.srcs/sources_1/bd/ex2/hdl/ex2.vhd:144]
INFO: [Synth 8-638] synthesizing module 'ex2_xlconstant_0_0' [C:/Users/Joao/Desktop/cr/Git/Reconfigurable_Computing/Lesson3/Ex2/Ex2.runs/synth_1/.Xil/Vivado-15060-DESKTOP-2SMIO6T/realtime/ex2_xlconstant_0_0_stub.vhdl:12]
INFO: [Synth 8-3491] module 'ex2_xlconstant_1_0' declared at 'C:/Users/Joao/Desktop/cr/Git/Reconfigurable_Computing/Lesson3/Ex2/Ex2.runs/synth_1/.Xil/Vivado-15060-DESKTOP-2SMIO6T/realtime/ex2_xlconstant_1_0_stub.vhdl:5' bound to instance 'xlconstant_1' of component 'ex2_xlconstant_1_0' [C:/Users/Joao/Desktop/cr/Git/Reconfigurable_Computing/Lesson3/Ex2/Ex2.srcs/sources_1/bd/ex2/hdl/ex2.vhd:148]
INFO: [Synth 8-638] synthesizing module 'ex2_xlconstant_1_0' [C:/Users/Joao/Desktop/cr/Git/Reconfigurable_Computing/Lesson3/Ex2/Ex2.runs/synth_1/.Xil/Vivado-15060-DESKTOP-2SMIO6T/realtime/ex2_xlconstant_1_0_stub.vhdl:12]
INFO: [Synth 8-256] done synthesizing module 'ex2' (1#1) [C:/Users/Joao/Desktop/cr/Git/Reconfigurable_Computing/Lesson3/Ex2/Ex2.srcs/sources_1/bd/ex2/hdl/ex2.vhd:28]
INFO: [Synth 8-256] done synthesizing module 'ex2_wrapper' (2#1) [C:/Users/Joao/Desktop/cr/Git/Reconfigurable_Computing/Lesson3/Ex2/Ex2.srcs/sources_1/bd/ex2/hdl/ex2_wrapper.vhd:24]
---------------------------------------------------------------------------------
Finished RTL Elaboration : Time (s): cpu = 00:00:13 ; elapsed = 00:00:40 . Memory (MB): peak = 329.801 ; gain = 119.609
---------------------------------------------------------------------------------

Report Check Netlist: 
+------+------------------+-------+---------+-------+------------------+
|      |Item              |Errors |Warnings |Status |Description       |
+------+------------------+-------+---------+-------+------------------+
|1     |multi_driven_nets |      0|        0|Passed |Multi driven nets |
+------+------------------+-------+---------+-------+------------------+
---------------------------------------------------------------------------------
Finished RTL Optimization Phase 1 : Time (s): cpu = 00:00:13 ; elapsed = 00:00:40 . Memory (MB): peak = 329.801 ; gain = 119.609
---------------------------------------------------------------------------------
WARNING: [Project 1-486] Could not resolve non-primitive black box cell 'ex2_BinToBCD16_0_0' instantiated as 'ex2_i/BinToBCD16_0' [C:/Users/Joao/Desktop/cr/Git/Reconfigurable_Computing/Lesson3/Ex2/Ex2.srcs/sources_1/bd/ex2/hdl/ex2.vhd:104]
WARNING: [Project 1-486] Could not resolve non-primitive black box cell 'ex2_EightDispControl_0_0' instantiated as 'ex2_i/EightDispControl_0' [C:/Users/Joao/Desktop/cr/Git/Reconfigurable_Computing/Lesson3/Ex2/Ex2.srcs/sources_1/bd/ex2/hdl/ex2.vhd:117]
WARNING: [Project 1-486] Could not resolve non-primitive black box cell 'ex2_clockdivider_0_0' instantiated as 'ex2_i/clockdivider_0' [C:/Users/Joao/Desktop/cr/Git/Reconfigurable_Computing/Lesson3/Ex2/Ex2.srcs/sources_1/bd/ex2/hdl/ex2.vhd:131]
WARNING: [Project 1-486] Could not resolve non-primitive black box cell 'ex2_maxdivider_0_0' instantiated as 'ex2_i/maxdivider_0' [C:/Users/Joao/Desktop/cr/Git/Reconfigurable_Computing/Lesson3/Ex2/Ex2.srcs/sources_1/bd/ex2/hdl/ex2.vhd:137]
WARNING: [Project 1-486] Could not resolve non-primitive black box cell 'ex2_xlconstant_0_0' instantiated as 'ex2_i/xlconstant_0' [C:/Users/Joao/Desktop/cr/Git/Reconfigurable_Computing/Lesson3/Ex2/Ex2.srcs/sources_1/bd/ex2/hdl/ex2.vhd:144]
WARNING: [Project 1-486] Could not resolve non-primitive black box cell 'ex2_xlconstant_1_0' instantiated as 'ex2_i/xlconstant_1' [C:/Users/Joao/Desktop/cr/Git/Reconfigurable_Computing/Lesson3/Ex2/Ex2.srcs/sources_1/bd/ex2/hdl/ex2.vhd:148]
INFO: [Device 21-403] Loading part xc7a100tcsg324-1
INFO: [Project 1-570] Preparing netlist for logic optimization

Processing XDC Constraints
Initializing timing engine
Parsing XDC File [C:/Users/Joao/Desktop/cr/Git/Reconfigurable_Computing/Lesson3/Ex2/Ex2.runs/synth_1/.Xil/Vivado-15060-DESKTOP-2SMIO6T/dcp/ex2_maxdivider_0_0_in_context.xdc] for cell 'ex2_i/maxdivider_0'
Finished Parsing XDC File [C:/Users/Joao/Desktop/cr/Git/Reconfigurable_Computing/Lesson3/Ex2/Ex2.runs/synth_1/.Xil/Vivado-15060-DESKTOP-2SMIO6T/dcp/ex2_maxdivider_0_0_in_context.xdc] for cell 'ex2_i/maxdivider_0'
Parsing XDC File [C:/Users/Joao/Desktop/cr/Git/Reconfigurable_Computing/Lesson3/Ex2/Ex2.runs/synth_1/.Xil/Vivado-15060-DESKTOP-2SMIO6T/dcp_2/ex2_BinToBCD16_0_0_in_context.xdc] for cell 'ex2_i/BinToBCD16_0'
Finished Parsing XDC File [C:/Users/Joao/Desktop/cr/Git/Reconfigurable_Computing/Lesson3/Ex2/Ex2.runs/synth_1/.Xil/Vivado-15060-DESKTOP-2SMIO6T/dcp_2/ex2_BinToBCD16_0_0_in_context.xdc] for cell 'ex2_i/BinToBCD16_0'
Parsing XDC File [C:/Users/Joao/Desktop/cr/Git/Reconfigurable_Computing/Lesson3/Ex2/Ex2.runs/synth_1/.Xil/Vivado-15060-DESKTOP-2SMIO6T/dcp_3/ex2_EightDispControl_0_0_in_context.xdc] for cell 'ex2_i/EightDispControl_0'
Finished Parsing XDC File [C:/Users/Joao/Desktop/cr/Git/Reconfigurable_Computing/Lesson3/Ex2/Ex2.runs/synth_1/.Xil/Vivado-15060-DESKTOP-2SMIO6T/dcp_3/ex2_EightDispControl_0_0_in_context.xdc] for cell 'ex2_i/EightDispControl_0'
Parsing XDC File [C:/Users/Joao/Desktop/cr/Git/Reconfigurable_Computing/Lesson3/Ex2/Ex2.runs/synth_1/.Xil/Vivado-15060-DESKTOP-2SMIO6T/dcp_4/ex2_xlconstant_0_0_in_context.xdc] for cell 'ex2_i/xlconstant_0'
Finished Parsing XDC File [C:/Users/Joao/Desktop/cr/Git/Reconfigurable_Computing/Lesson3/Ex2/Ex2.runs/synth_1/.Xil/Vivado-15060-DESKTOP-2SMIO6T/dcp_4/ex2_xlconstant_0_0_in_context.xdc] for cell 'ex2_i/xlconstant_0'
Parsing XDC File [C:/Users/Joao/Desktop/cr/Git/Reconfigurable_Computing/Lesson3/Ex2/Ex2.runs/synth_1/.Xil/Vivado-15060-DESKTOP-2SMIO6T/dcp_5/ex2_xlconstant_1_0_in_context.xdc] for cell 'ex2_i/xlconstant_1'
Finished Parsing XDC File [C:/Users/Joao/Desktop/cr/Git/Reconfigurable_Computing/Lesson3/Ex2/Ex2.runs/synth_1/.Xil/Vivado-15060-DESKTOP-2SMIO6T/dcp_5/ex2_xlconstant_1_0_in_context.xdc] for cell 'ex2_i/xlconstant_1'
Parsing XDC File [C:/Users/Joao/Desktop/cr/Git/Reconfigurable_Computing/Lesson3/Ex2/Ex2.runs/synth_1/.Xil/Vivado-15060-DESKTOP-2SMIO6T/dcp_6/ex2_clockdivider_0_0_in_context.xdc] for cell 'ex2_i/clockdivider_0'
Finished Parsing XDC File [C:/Users/Joao/Desktop/cr/Git/Reconfigurable_Computing/Lesson3/Ex2/Ex2.runs/synth_1/.Xil/Vivado-15060-DESKTOP-2SMIO6T/dcp_6/ex2_clockdivider_0_0_in_context.xdc] for cell 'ex2_i/clockdivider_0'
Parsing XDC File [C:/Users/Joao/Desktop/cr/Git/Reconfigurable_Computing/Lesson3/Ex2/Ex2.srcs/constrs_1/imports/Not_working/Nexys4_Master.xdc]
WARNING: [Vivado 12-584] No ports matched 'led[0]'. [C:/Users/Joao/Desktop/cr/Git/Reconfigurable_Computing/Lesson3/Ex2/Ex2.srcs/constrs_1/imports/Not_working/Nexys4_Master.xdc:66]
WARNING: [Vivado 12-584] No ports matched 'led[0]'. [C:/Users/Joao/Desktop/cr/Git/Reconfigurable_Computing/Lesson3/Ex2/Ex2.srcs/constrs_1/imports/Not_working/Nexys4_Master.xdc:67]
WARNING: [Vivado 12-584] No ports matched 'led[1]'. [C:/Users/Joao/Desktop/cr/Git/Reconfigurable_Computing/Lesson3/Ex2/Ex2.srcs/constrs_1/imports/Not_working/Nexys4_Master.xdc:69]
WARNING: [Vivado 12-584] No ports matched 'led[1]'. [C:/Users/Joao/Desktop/cr/Git/Reconfigurable_Computing/Lesson3/Ex2/Ex2.srcs/constrs_1/imports/Not_working/Nexys4_Master.xdc:70]
WARNING: [Vivado 12-584] No ports matched 'led[2]'. [C:/Users/Joao/Desktop/cr/Git/Reconfigurable_Computing/Lesson3/Ex2/Ex2.srcs/constrs_1/imports/Not_working/Nexys4_Master.xdc:72]
WARNING: [Vivado 12-584] No ports matched 'led[2]'. [C:/Users/Joao/Desktop/cr/Git/Reconfigurable_Computing/Lesson3/Ex2/Ex2.srcs/constrs_1/imports/Not_working/Nexys4_Master.xdc:73]
WARNING: [Vivado 12-584] No ports matched 'led[3]'. [C:/Users/Joao/Desktop/cr/Git/Reconfigurable_Computing/Lesson3/Ex2/Ex2.srcs/constrs_1/imports/Not_working/Nexys4_Master.xdc:75]
WARNING: [Vivado 12-584] No ports matched 'led[3]'. [C:/Users/Joao/Desktop/cr/Git/Reconfigurable_Computing/Lesson3/Ex2/Ex2.srcs/constrs_1/imports/Not_working/Nexys4_Master.xdc:76]
WARNING: [Vivado 12-584] No ports matched 'led[4]'. [C:/Users/Joao/Desktop/cr/Git/Reconfigurable_Computing/Lesson3/Ex2/Ex2.srcs/constrs_1/imports/Not_working/Nexys4_Master.xdc:78]
WARNING: [Vivado 12-584] No ports matched 'led[4]'. [C:/Users/Joao/Desktop/cr/Git/Reconfigurable_Computing/Lesson3/Ex2/Ex2.srcs/constrs_1/imports/Not_working/Nexys4_Master.xdc:79]
WARNING: [Vivado 12-584] No ports matched 'led[5]'. [C:/Users/Joao/Desktop/cr/Git/Reconfigurable_Computing/Lesson3/Ex2/Ex2.srcs/constrs_1/imports/Not_working/Nexys4_Master.xdc:81]
WARNING: [Vivado 12-584] No ports matched 'led[5]'. [C:/Users/Joao/Desktop/cr/Git/Reconfigurable_Computing/Lesson3/Ex2/Ex2.srcs/constrs_1/imports/Not_working/Nexys4_Master.xdc:82]
WARNING: [Vivado 12-584] No ports matched 'led[6]'. [C:/Users/Joao/Desktop/cr/Git/Reconfigurable_Computing/Lesson3/Ex2/Ex2.srcs/constrs_1/imports/Not_working/Nexys4_Master.xdc:84]
WARNING: [Vivado 12-584] No ports matched 'led[6]'. [C:/Users/Joao/Desktop/cr/Git/Reconfigurable_Computing/Lesson3/Ex2/Ex2.srcs/constrs_1/imports/Not_working/Nexys4_Master.xdc:85]
WARNING: [Vivado 12-584] No ports matched 'led[7]'. [C:/Users/Joao/Desktop/cr/Git/Reconfigurable_Computing/Lesson3/Ex2/Ex2.srcs/constrs_1/imports/Not_working/Nexys4_Master.xdc:87]
WARNING: [Vivado 12-584] No ports matched 'led[7]'. [C:/Users/Joao/Desktop/cr/Git/Reconfigurable_Computing/Lesson3/Ex2/Ex2.srcs/constrs_1/imports/Not_working/Nexys4_Master.xdc:88]
WARNING: [Vivado 12-584] No ports matched 'led[8]'. [C:/Users/Joao/Desktop/cr/Git/Reconfigurable_Computing/Lesson3/Ex2/Ex2.srcs/constrs_1/imports/Not_working/Nexys4_Master.xdc:90]
WARNING: [Vivado 12-584] No ports matched 'led[8]'. [C:/Users/Joao/Desktop/cr/Git/Reconfigurable_Computing/Lesson3/Ex2/Ex2.srcs/constrs_1/imports/Not_working/Nexys4_Master.xdc:91]
WARNING: [Vivado 12-584] No ports matched 'led[9]'. [C:/Users/Joao/Desktop/cr/Git/Reconfigurable_Computing/Lesson3/Ex2/Ex2.srcs/constrs_1/imports/Not_working/Nexys4_Master.xdc:93]
WARNING: [Vivado 12-584] No ports matched 'led[9]'. [C:/Users/Joao/Desktop/cr/Git/Reconfigurable_Computing/Lesson3/Ex2/Ex2.srcs/constrs_1/imports/Not_working/Nexys4_Master.xdc:94]
WARNING: [Vivado 12-584] No ports matched 'led[10]'. [C:/Users/Joao/Desktop/cr/Git/Reconfigurable_Computing/Lesson3/Ex2/Ex2.srcs/constrs_1/imports/Not_working/Nexys4_Master.xdc:96]
WARNING: [Vivado 12-584] No ports matched 'led[10]'. [C:/Users/Joao/Desktop/cr/Git/Reconfigurable_Computing/Lesson3/Ex2/Ex2.srcs/constrs_1/imports/Not_working/Nexys4_Master.xdc:97]
WARNING: [Vivado 12-584] No ports matched 'led[11]'. [C:/Users/Joao/Desktop/cr/Git/Reconfigurable_Computing/Lesson3/Ex2/Ex2.srcs/constrs_1/imports/Not_working/Nexys4_Master.xdc:99]
WARNING: [Vivado 12-584] No ports matched 'led[11]'. [C:/Users/Joao/Desktop/cr/Git/Reconfigurable_Computing/Lesson3/Ex2/Ex2.srcs/constrs_1/imports/Not_working/Nexys4_Master.xdc:100]
WARNING: [Vivado 12-584] No ports matched 'led[12]'. [C:/Users/Joao/Desktop/cr/Git/Reconfigurable_Computing/Lesson3/Ex2/Ex2.srcs/constrs_1/imports/Not_working/Nexys4_Master.xdc:102]
WARNING: [Vivado 12-584] No ports matched 'led[12]'. [C:/Users/Joao/Desktop/cr/Git/Reconfigurable_Computing/Lesson3/Ex2/Ex2.srcs/constrs_1/imports/Not_working/Nexys4_Master.xdc:103]
WARNING: [Vivado 12-584] No ports matched 'led[13]'. [C:/Users/Joao/Desktop/cr/Git/Reconfigurable_Computing/Lesson3/Ex2/Ex2.srcs/constrs_1/imports/Not_working/Nexys4_Master.xdc:105]
WARNING: [Vivado 12-584] No ports matched 'led[13]'. [C:/Users/Joao/Desktop/cr/Git/Reconfigurable_Computing/Lesson3/Ex2/Ex2.srcs/constrs_1/imports/Not_working/Nexys4_Master.xdc:106]
WARNING: [Vivado 12-584] No ports matched 'led[14]'. [C:/Users/Joao/Desktop/cr/Git/Reconfigurable_Computing/Lesson3/Ex2/Ex2.srcs/constrs_1/imports/Not_working/Nexys4_Master.xdc:108]
WARNING: [Vivado 12-584] No ports matched 'led[14]'. [C:/Users/Joao/Desktop/cr/Git/Reconfigurable_Computing/Lesson3/Ex2/Ex2.srcs/constrs_1/imports/Not_working/Nexys4_Master.xdc:109]
WARNING: [Vivado 12-584] No ports matched 'led[15]'. [C:/Users/Joao/Desktop/cr/Git/Reconfigurable_Computing/Lesson3/Ex2/Ex2.srcs/constrs_1/imports/Not_working/Nexys4_Master.xdc:111]
WARNING: [Vivado 12-584] No ports matched 'led[15]'. [C:/Users/Joao/Desktop/cr/Git/Reconfigurable_Computing/Lesson3/Ex2/Ex2.srcs/constrs_1/imports/Not_working/Nexys4_Master.xdc:112]
WARNING: [Vivado 12-584] No ports matched 'btnU'. [C:/Users/Joao/Desktop/cr/Git/Reconfigurable_Computing/Lesson3/Ex2/Ex2.srcs/constrs_1/imports/Not_working/Nexys4_Master.xdc:197]
WARNING: [Vivado 12-584] No ports matched 'btnU'. [C:/Users/Joao/Desktop/cr/Git/Reconfigurable_Computing/Lesson3/Ex2/Ex2.srcs/constrs_1/imports/Not_working/Nexys4_Master.xdc:198]
WARNING: [Vivado 12-584] No ports matched 'btnL'. [C:/Users/Joao/Desktop/cr/Git/Reconfigurable_Computing/Lesson3/Ex2/Ex2.srcs/constrs_1/imports/Not_working/Nexys4_Master.xdc:200]
WARNING: [Vivado 12-584] No ports matched 'btnL'. [C:/Users/Joao/Desktop/cr/Git/Reconfigurable_Computing/Lesson3/Ex2/Ex2.srcs/constrs_1/imports/Not_working/Nexys4_Master.xdc:201]
WARNING: [Vivado 12-584] No ports matched 'btnR'. [C:/Users/Joao/Desktop/cr/Git/Reconfigurable_Computing/Lesson3/Ex2/Ex2.srcs/constrs_1/imports/Not_working/Nexys4_Master.xdc:203]
WARNING: [Vivado 12-584] No ports matched 'btnR'. [C:/Users/Joao/Desktop/cr/Git/Reconfigurable_Computing/Lesson3/Ex2/Ex2.srcs/constrs_1/imports/Not_working/Nexys4_Master.xdc:204]
WARNING: [Vivado 12-584] No ports matched 'btnD'. [C:/Users/Joao/Desktop/cr/Git/Reconfigurable_Computing/Lesson3/Ex2/Ex2.srcs/constrs_1/imports/Not_working/Nexys4_Master.xdc:206]
WARNING: [Vivado 12-584] No ports matched 'btnD'. [C:/Users/Joao/Desktop/cr/Git/Reconfigurable_Computing/Lesson3/Ex2/Ex2.srcs/constrs_1/imports/Not_working/Nexys4_Master.xdc:207]
Finished Parsing XDC File [C:/Users/Joao/Desktop/cr/Git/Reconfigurable_Computing/Lesson3/Ex2/Ex2.srcs/constrs_1/imports/Not_working/Nexys4_Master.xdc]
WARNING: [Project 1-498] One or more constraints failed evaluation while reading constraint file [C:/Users/Joao/Desktop/cr/Git/Reconfigurable_Computing/Lesson3/Ex2/Ex2.srcs/constrs_1/imports/Not_working/Nexys4_Master.xdc] and the design contains unresolved black boxes. These constraints will be read post-synthesis (as long as their source constraint file is marked as used_in_implementation) and should be applied correctly then. You should review the constraints listed in the file [.Xil/ex2_wrapper_propImpl.xdc] and check the run log file to verify that these constraints were correctly applied.
INFO: [Project 1-236] Implementation specific constraints were found while reading constraint file [C:/Users/Joao/Desktop/cr/Git/Reconfigurable_Computing/Lesson3/Ex2/Ex2.srcs/constrs_1/imports/Not_working/Nexys4_Master.xdc]. These constraints will be ignored for synthesis but will be used in implementation. Impacted constraints are listed in the file [.Xil/ex2_wrapper_propImpl.xdc].
Resolution: To avoid this warning, move constraints listed in [.Xil/ex2_wrapper_propImpl.xdc] to another XDC file and exclude this new file from synthesis with the used_in_synthesis property (File Properties dialog in GUI) and re-run elaboration/synthesis.
Parsing XDC File [C:/Users/Joao/Desktop/cr/Git/Reconfigurable_Computing/Lesson3/Ex2/Ex2.runs/synth_1/dont_touch.xdc]
Finished Parsing XDC File [C:/Users/Joao/Desktop/cr/Git/Reconfigurable_Computing/Lesson3/Ex2/Ex2.runs/synth_1/dont_touch.xdc]
Completed Processing XDC Constraints

INFO: [Project 1-111] Unisim Transformation Summary:
No Unisim elements were transformed.

Constraint Validation Runtime : Time (s): cpu = 00:00:00 ; elapsed = 00:00:00.041 . Memory (MB): peak = 578.297 ; gain = 0.000
---------------------------------------------------------------------------------
Finished Constraint Validation : Time (s): cpu = 00:00:25 ; elapsed = 00:01:13 . Memory (MB): peak = 578.297 ; gain = 368.105
---------------------------------------------------------------------------------
---------------------------------------------------------------------------------
Start Loading Part and Timing Information
---------------------------------------------------------------------------------
Loading part: xc7a100tcsg324-1
---------------------------------------------------------------------------------
Finished Loading Part and Timing Information : Time (s): cpu = 00:00:25 ; elapsed = 00:01:13 . Memory (MB): peak = 578.297 ; gain = 368.105
---------------------------------------------------------------------------------
---------------------------------------------------------------------------------
Start Applying 'set_property' XDC Constraints
---------------------------------------------------------------------------------
Applied set_property DONT_TOUCH = true for ex2_i. (constraint file  auto generated constraint, line ).
Applied set_property DONT_TOUCH = true for ex2_i/BinToBCD16_0. (constraint file  auto generated constraint, line ).
Applied set_property DONT_TOUCH = true for ex2_i/EightDispControl_0. (constraint file  auto generated constraint, line ).
Applied set_property DONT_TOUCH = true for ex2_i/clockdivider_0. (constraint file  auto generated constraint, line ).
Applied set_property DONT_TOUCH = true for ex2_i/maxdivider_0. (constraint file  auto generated constraint, line ).
Applied set_property DONT_TOUCH = true for ex2_i/xlconstant_0. (constraint file  auto generated constraint, line ).
Applied set_property DONT_TOUCH = true for ex2_i/xlconstant_1. (constraint file  auto generated constraint, line ).
---------------------------------------------------------------------------------
Finished applying 'set_property' XDC Constraints : Time (s): cpu = 00:00:25 ; elapsed = 00:01:13 . Memory (MB): peak = 578.297 ; gain = 368.105
---------------------------------------------------------------------------------
---------------------------------------------------------------------------------
Finished RTL Optimization Phase 2 : Time (s): cpu = 00:00:25 ; elapsed = 00:01:13 . Memory (MB): peak = 578.297 ; gain = 368.105
---------------------------------------------------------------------------------

Report RTL Partitions: 
+-+--------------+------------+----------+
| |RTL Partition |Replication |Instances |
+-+--------------+------------+----------+
+-+--------------+------------+----------+
---------------------------------------------------------------------------------
Start RTL Component Statistics 
---------------------------------------------------------------------------------
Detailed RTL Component Info : 
---------------------------------------------------------------------------------
Finished RTL Component Statistics 
---------------------------------------------------------------------------------
---------------------------------------------------------------------------------
Start RTL Hierarchical Component Statistics 
---------------------------------------------------------------------------------
Hierarchical RTL Component report 
---------------------------------------------------------------------------------
Finished RTL Hierarchical Component Statistics
---------------------------------------------------------------------------------
---------------------------------------------------------------------------------
Start Part Resource Summary
---------------------------------------------------------------------------------
Part Resources:
DSPs: 240 (col length:80)
BRAMs: 270 (col length: RAMB18 80 RAMB36 40)
---------------------------------------------------------------------------------
Finished Part Resource Summary
---------------------------------------------------------------------------------
---------------------------------------------------------------------------------
Start Cross Boundary and Area Optimization
---------------------------------------------------------------------------------
---------------------------------------------------------------------------------
Finished Cross Boundary and Area Optimization : Time (s): cpu = 00:00:26 ; elapsed = 00:01:14 . Memory (MB): peak = 578.297 ; gain = 368.105
---------------------------------------------------------------------------------

Report RTL Partitions: 
+-+--------------+------------+----------+
| |RTL Partition |Replication |Instances |
+-+--------------+------------+----------+
+-+--------------+------------+----------+
---------------------------------------------------------------------------------
Start Timing Optimization
---------------------------------------------------------------------------------
---------------------------------------------------------------------------------
Start Applying XDC Timing Constraints
---------------------------------------------------------------------------------
---------------------------------------------------------------------------------
Finished Applying XDC Timing Constraints : Time (s): cpu = 00:00:39 ; elapsed = 00:01:29 . Memory (MB): peak = 578.297 ; gain = 368.105
---------------------------------------------------------------------------------
---------------------------------------------------------------------------------
Finished Timing Optimization : Time (s): cpu = 00:00:39 ; elapsed = 00:01:29 . Memory (MB): peak = 578.297 ; gain = 368.105
---------------------------------------------------------------------------------

Report RTL Partitions: 
+-+--------------+------------+----------+
| |RTL Partition |Replication |Instances |
+-+--------------+------------+----------+
+-+--------------+------------+----------+
---------------------------------------------------------------------------------
Start Technology Mapping
---------------------------------------------------------------------------------
---------------------------------------------------------------------------------
Finished Technology Mapping : Time (s): cpu = 00:00:39 ; elapsed = 00:01:29 . Memory (MB): peak = 580.809 ; gain = 370.617
---------------------------------------------------------------------------------

Report RTL Partitions: 
+-+--------------+------------+----------+
| |RTL Partition |Replication |Instances |
+-+--------------+------------+----------+
+-+--------------+------------+----------+
---------------------------------------------------------------------------------
Start IO Insertion
---------------------------------------------------------------------------------
---------------------------------------------------------------------------------
Start Flattening Before IO Insertion
---------------------------------------------------------------------------------
---------------------------------------------------------------------------------
Finished Flattening Before IO Insertion
---------------------------------------------------------------------------------
---------------------------------------------------------------------------------
Start Final Netlist Cleanup
---------------------------------------------------------------------------------
---------------------------------------------------------------------------------
Finished Final Netlist Cleanup
---------------------------------------------------------------------------------
---------------------------------------------------------------------------------
Finished IO Insertion : Time (s): cpu = 00:00:39 ; elapsed = 00:01:31 . Memory (MB): peak = 580.809 ; gain = 370.617
---------------------------------------------------------------------------------

Report Check Netlist: 
+------+------------------+-------+---------+-------+------------------+
|      |Item              |Errors |Warnings |Status |Description       |
+------+------------------+-------+---------+-------+------------------+
|1     |multi_driven_nets |      0|        0|Passed |Multi driven nets |
+------+------------------+-------+---------+-------+------------------+
---------------------------------------------------------------------------------
Start Renaming Generated Instances
---------------------------------------------------------------------------------
---------------------------------------------------------------------------------
Finished Renaming Generated Instances : Time (s): cpu = 00:00:39 ; elapsed = 00:01:31 . Memory (MB): peak = 580.809 ; gain = 370.617
---------------------------------------------------------------------------------

Report RTL Partitions: 
+-+--------------+------------+----------+
| |RTL Partition |Replication |Instances |
+-+--------------+------------+----------+
+-+--------------+------------+----------+
---------------------------------------------------------------------------------
Start Rebuilding User Hierarchy
---------------------------------------------------------------------------------
---------------------------------------------------------------------------------
Finished Rebuilding User Hierarchy : Time (s): cpu = 00:00:39 ; elapsed = 00:01:31 . Memory (MB): peak = 580.809 ; gain = 370.617
---------------------------------------------------------------------------------
---------------------------------------------------------------------------------
Start Renaming Generated Ports
---------------------------------------------------------------------------------
---------------------------------------------------------------------------------
Finished Renaming Generated Ports : Time (s): cpu = 00:00:39 ; elapsed = 00:01:31 . Memory (MB): peak = 580.809 ; gain = 370.617
---------------------------------------------------------------------------------
---------------------------------------------------------------------------------
Start Handling Custom Attributes
---------------------------------------------------------------------------------
---------------------------------------------------------------------------------
Finished Handling Custom Attributes : Time (s): cpu = 00:00:39 ; elapsed = 00:01:31 . Memory (MB): peak = 580.809 ; gain = 370.617
---------------------------------------------------------------------------------
---------------------------------------------------------------------------------
Start Renaming Generated Nets
---------------------------------------------------------------------------------
---------------------------------------------------------------------------------
Finished Renaming Generated Nets : Time (s): cpu = 00:00:39 ; elapsed = 00:01:31 . Memory (MB): peak = 580.809 ; gain = 370.617
---------------------------------------------------------------------------------
---------------------------------------------------------------------------------
Start Writing Synthesis Report
---------------------------------------------------------------------------------

Report BlackBoxes: 
+------+-------------------------+----------+
|      |BlackBox name            |Instances |
+------+-------------------------+----------+
|1     |ex2_BinToBCD16_0_0       |         1|
|2     |ex2_EightDispControl_0_0 |         1|
|3     |ex2_clockdivider_0_0     |         1|
|4     |ex2_maxdivider_0_0       |         1|
|5     |ex2_xlconstant_0_0       |         1|
|6     |ex2_xlconstant_1_0       |         1|
+------+-------------------------+----------+

Report Cell Usage: 
+------+------------------------------+------+
|      |Cell                          |Count |
+------+------------------------------+------+
|1     |ex2_BinToBCD16_0_0_bbox       |     1|
|2     |ex2_EightDispControl_0_0_bbox |     1|
|3     |ex2_clockdivider_0_0_bbox     |     1|
|4     |ex2_maxdivider_0_0_bbox       |     1|
|5     |ex2_xlconstant_0_0_bbox       |     1|
|6     |ex2_xlconstant_1_0_bbox       |     1|
|7     |IBUF                          |    18|
|8     |OBUF                          |    15|
+------+------------------------------+------+

Report Instance Areas: 
+------+---------+-------+------+
|      |Instance |Module |Cells |
+------+---------+-------+------+
|1     |top      |       |    83|
|2     |  ex2_i  |ex2    |    50|
+------+---------+-------+------+
---------------------------------------------------------------------------------
Finished Writing Synthesis Report : Time (s): cpu = 00:00:39 ; elapsed = 00:01:31 . Memory (MB): peak = 580.809 ; gain = 370.617
---------------------------------------------------------------------------------
Synthesis finished with 0 errors, 0 critical warnings and 0 warnings.
Synthesis Optimization Runtime : Time (s): cpu = 00:00:19 ; elapsed = 00:00:31 . Memory (MB): peak = 580.809 ; gain = 112.496
Synthesis Optimization Complete : Time (s): cpu = 00:00:40 ; elapsed = 00:01:32 . Memory (MB): peak = 580.809 ; gain = 370.617
INFO: [Project 1-571] Translating synthesized netlist
INFO: [Netlist 29-17] Analyzing 18 Unisim elements for replacement
INFO: [Netlist 29-28] Unisim Transformation completed in 0 CPU seconds
INFO: [Project 1-570] Preparing netlist for logic optimization
INFO: [Opt 31-138] Pushed 0 inverter(s) to 0 load pin(s).
INFO: [Project 1-111] Unisim Transformation Summary:
No Unisim elements were transformed.

INFO: [Common 17-83] Releasing license: Synthesis
37 Infos, 47 Warnings, 0 Critical Warnings and 0 Errors encountered.
synth_design completed successfully
synth_design: Time (s): cpu = 00:00:35 ; elapsed = 00:01:04 . Memory (MB): peak = 595.910 ; gain = 380.594
INFO: [Common 17-1381] The checkpoint 'C:/Users/Joao/Desktop/cr/Git/Reconfigurable_Computing/Lesson3/Ex2/Ex2.runs/synth_1/ex2_wrapper.dcp' has been generated.
report_utilization: Time (s): cpu = 00:00:00 ; elapsed = 00:00:00.033 . Memory (MB): peak = 595.910 ; gain = 0.000
INFO: [Common 17-206] Exiting Vivado at Fri Mar 17 18:40:42 2017...
