#-----------------------------------------------------------
# Vivado v2016.4 (64-bit)
# SW Build 1756540 on Mon Jan 23 19:11:23 MST 2017
# IP Build 1755317 on Mon Jan 23 20:30:07 MST 2017
# Start of session at: Sun May 21 21:18:18 2017
# Process ID: 60096
# Current directory: C:/Users/Joao/Desktop/cr/Git/Reconfigurable_Computing/Lesson6/Ex6_1_sdk
# Command line: vivado.exe -gui_launcher_event rodinguilauncherevent60100 C:\Users\Joao\Desktop\cr\Git\Reconfigurable_Computing\Lesson6\Ex6_1_sdk\Ex6_1_sdk.xpr
# Log file: C:/Users/Joao/Desktop/cr/Git/Reconfigurable_Computing/Lesson6/Ex6_1_sdk/vivado.log
# Journal file: C:/Users/Joao/Desktop/cr/Git/Reconfigurable_Computing/Lesson6/Ex6_1_sdk\vivado.jou
#-----------------------------------------------------------
start_gui
open_project C:/Users/Joao/Desktop/cr/Git/Reconfigurable_Computing/Lesson6/Ex6_1_sdk/Ex6_1_sdk.xpr
Scanning sources...
Finished scanning sources
INFO: [IP_Flow 19-234] Refreshing IP repositories
INFO: [IP_Flow 19-1700] Loaded user IP repository 'c:/Users/Joao/Desktop/cr/Git/Reconfigurable_Computing'.
WARNING: [IP_Flow 19-3656] If you move the project, the path for repository 'c:/Users/Joao/Desktop/cr/Git/Reconfigurable_Computing' may become invalid. A better location for the repository would be in a path adjacent to the project. (Current project location is 'c:/Users/Joao/Desktop/cr/Git/Reconfigurable_Computing/Lesson6/Ex6_1_sdk'.)
INFO: [IP_Flow 19-2313] Loaded Vivado IP repository 'C:/Xilinx/Vivado/2016.4/data/ip'.
CRITICAL WARNING: [IP_Flow 19-1663] Duplicate IP found for 'ua.pt:user:BinToBCD16:1.0'. The one found in IP location 'c:/Users/Joao/Desktop/cr/Git/Reconfigurable_Computing/Exame/BinToBCD2017/BinToBCD2017.srcs/sources_1/imports/6' will take precedence over the same IP in location c:/Users/Joao/Desktop/cr/Git/Reconfigurable_Computing/Repository/BinToBCD2017/BinToBCD2017.srcs/sources_1/imports/6
CRITICAL WARNING: [IP_Flow 19-1663] Duplicate IP found for 'ua.pt:user:EightDispControl:1.0'. The one found in IP location 'c:/Users/Joao/Desktop/cr/Git/Reconfigurable_Computing/Exame/Nexys4DispCont/Nexys4DispCont.srcs/sources_1/imports/new' will take precedence over the same IP in location c:/Users/Joao/Desktop/cr/Git/Reconfigurable_Computing/Repository/Nexys4DispCont/Nexys4DispCont.srcs/sources_1/imports/new
CRITICAL WARNING: [IP_Flow 19-1663] Duplicate IP found for 'xilinx.com:user:Sort:1.0'. The one found in IP location 'c:/Users/Joao/Desktop/cr/Git/Reconfigurable_Computing/Exame/Sort/Sort.srcs/sources_1/new' will take precedence over the same IP in location c:/Users/Joao/Desktop/cr/Git/Reconfigurable_Computing/Lesson4/Sort
CRITICAL WARNING: [IP_Flow 19-1663] Duplicate IP found for 'xilinx.com:user:counter:1.0'. The one found in IP location 'c:/Users/Joao/Desktop/cr/Git/Reconfigurable_Computing/Lesson3/Counter/Counter.srcs/sources_1/imports/new' will take precedence over the same IP in location c:/Users/Joao/Desktop/cr/Git/Reconfigurable_Computing/Lesson3/Counter
CRITICAL WARNING: [IP_Flow 19-1663] Duplicate IP found for 'xilinx.com:user:ex1:1.0'. The one found in IP location 'c:/Users/Joao/Desktop/cr/Git/Reconfigurable_Computing/Lesson3/Ex1/ex1.srcs' will take precedence over the same IP in location c:/Users/Joao/Desktop/cr/Git/Reconfigurable_Computing/Lesson3/Ex1/ex1.srcs/sources_1/imports/ex1.srcs
open_project: Time (s): cpu = 00:00:30 ; elapsed = 00:00:45 . Memory (MB): peak = 856.969 ; gain = 214.547
open_bd_design {C:/Users/Joao/Desktop/cr/Git/Reconfigurable_Computing/Lesson6/Ex6_1_sdk/Ex6_1_sdk.srcs/sources_1/bd/design1/design1.bd}
Adding cell -- xilinx.com:ip:microblaze:10.0 - microblaze_0
Adding cell -- xilinx.com:ip:mdm:3.2 - mdm_1
Adding cell -- xilinx.com:ip:clk_wiz:5.3 - clk_wiz_1
Adding cell -- xilinx.com:ip:proc_sys_reset:5.0 - rst_clk_wiz_1_100M
Adding cell -- xilinx.com:ip:axi_gpio:2.0 - axi_gpio_0
Adding cell -- xilinx.com:ip:xlslice:1.0 - xlslice_1
Adding cell -- xilinx.com:ip:xlslice:1.0 - xlslice_0
Adding cell -- xilinx.com:ip:xlslice:1.0 - xlslice_2
Adding cell -- xilinx.com:ip:xlslice:1.0 - xlslice_3
Adding cell -- xilinx.com:user:ClockDivider:1.0 - ClockDivider_0
Adding cell -- xilinx.com:ip:c_counter_binary:12.0 - c_counter_binary_0
Adding cell -- ua.pt:user:EightDispControl:1.0 - EightDispControl_0
Adding cell -- ua.pt:user:BinToBCD16:1.0 - BinToBCD16_0
Adding cell -- xilinx.com:ip:xlconstant:1.1 - xlconstant_0
Adding cell -- xilinx.com:ip:blk_mem_gen:8.3 - blk_mem_gen_1
Adding cell -- xilinx.com:ip:axi_crossbar:2.1 - xbar
Adding cell -- xilinx.com:ip:lmb_v10:3.0 - dlmb_v10
Adding cell -- xilinx.com:ip:lmb_v10:3.0 - ilmb_v10
Adding cell -- xilinx.com:ip:lmb_bram_if_cntlr:4.0 - dlmb_bram_if_cntlr
Adding cell -- xilinx.com:ip:lmb_bram_if_cntlr:4.0 - ilmb_bram_if_cntlr
Adding cell -- xilinx.com:ip:blk_mem_gen:8.3 - lmb_bram
Successfully read diagram <design1> from BD file <C:/Users/Joao/Desktop/cr/Git/Reconfigurable_Computing/Lesson6/Ex6_1_sdk/Ex6_1_sdk.srcs/sources_1/bd/design1/design1.bd>
open_bd_design: Time (s): cpu = 00:00:11 ; elapsed = 00:00:10 . Memory (MB): peak = 881.145 ; gain = 22.641
exit
INFO: [Common 17-206] Exiting Vivado at Sun May 21 21:42:21 2017...
