
*** Running vivado
    with args -log Find1000_xlconstant_2_0.vds -m64 -product Vivado -mode batch -messageDb vivado.pb -notrace -source Find1000_xlconstant_2_0.tcl


****** Vivado v2016.4 (64-bit)
  **** SW Build 1756540 on Mon Jan 23 19:11:23 MST 2017
  **** IP Build 1755317 on Mon Jan 23 20:30:07 MST 2017
    ** Copyright 1986-2016 Xilinx, Inc. All Rights Reserved.

source Find1000_xlconstant_2_0.tcl -notrace
Starting Synthesize : Time (s): cpu = 00:00:07 ; elapsed = 00:00:14 . Memory (MB): peak = 290.332 ; gain = 80.754
INFO: [Synth 8-638] synthesizing module 'Find1000_xlconstant_2_0' [c:/Users/Joao/Desktop/cr/Git/Reconfigurable_Computing/Lesson3/Lesson3.srcs/sources_1/bd/Find1000/ip/Find1000_xlconstant_2_0/sim/Find1000_xlconstant_2_0.vhd:35]
INFO: [Synth 8-638] synthesizing module 'xlconstant' [c:/Users/Joao/Desktop/cr/Git/Reconfigurable_Computing/Lesson3/Lesson3.srcs/sources_1/bd/Find1000/ipshared/e147/xlconstant.vhd:36]
INFO: [Synth 8-256] done synthesizing module 'xlconstant' (1#1) [c:/Users/Joao/Desktop/cr/Git/Reconfigurable_Computing/Lesson3/Lesson3.srcs/sources_1/bd/Find1000/ipshared/e147/xlconstant.vhd:36]
INFO: [Synth 8-256] done synthesizing module 'Find1000_xlconstant_2_0' (2#1) [c:/Users/Joao/Desktop/cr/Git/Reconfigurable_Computing/Lesson3/Lesson3.srcs/sources_1/bd/Find1000/ip/Find1000_xlconstant_2_0/sim/Find1000_xlconstant_2_0.vhd:35]
Finished Synthesize : Time (s): cpu = 00:00:08 ; elapsed = 00:00:15 . Memory (MB): peak = 327.770 ; gain = 118.191
Finished Constraint Validation : Time (s): cpu = 00:00:08 ; elapsed = 00:00:15 . Memory (MB): peak = 327.770 ; gain = 118.191
INFO: [Device 21-403] Loading part xc7a100tcsg324-1
Finished Loading Part and Timing Information : Time (s): cpu = 00:00:08 ; elapsed = 00:00:15 . Memory (MB): peak = 327.770 ; gain = 118.191
Finished RTL Optimization Phase 2 : Time (s): cpu = 00:00:08 ; elapsed = 00:00:15 . Memory (MB): peak = 327.770 ; gain = 118.191
Finished Cross Boundary and Area Optimization : Time (s): cpu = 00:00:12 ; elapsed = 00:00:20 . Memory (MB): peak = 442.941 ; gain = 233.363
Finished Timing Optimization : Time (s): cpu = 00:00:12 ; elapsed = 00:00:20 . Memory (MB): peak = 442.941 ; gain = 233.363
Finished Technology Mapping : Time (s): cpu = 00:00:12 ; elapsed = 00:00:20 . Memory (MB): peak = 445.031 ; gain = 235.453
Finished IO Insertion : Time (s): cpu = 00:00:13 ; elapsed = 00:00:20 . Memory (MB): peak = 445.031 ; gain = 235.453
Finished Renaming Generated Instances : Time (s): cpu = 00:00:13 ; elapsed = 00:00:20 . Memory (MB): peak = 445.031 ; gain = 235.453
Finished Rebuilding User Hierarchy : Time (s): cpu = 00:00:13 ; elapsed = 00:00:20 . Memory (MB): peak = 445.031 ; gain = 235.453
Finished Renaming Generated Ports : Time (s): cpu = 00:00:13 ; elapsed = 00:00:20 . Memory (MB): peak = 445.031 ; gain = 235.453
Finished Handling Custom Attributes : Time (s): cpu = 00:00:13 ; elapsed = 00:00:20 . Memory (MB): peak = 445.031 ; gain = 235.453
Finished Renaming Generated Nets : Time (s): cpu = 00:00:13 ; elapsed = 00:00:20 . Memory (MB): peak = 445.031 ; gain = 235.453

Report Cell Usage: 
+-+-----+------+
| |Cell |Count |
+-+-----+------+
+-+-----+------+
Finished Writing Synthesis Report : Time (s): cpu = 00:00:13 ; elapsed = 00:00:20 . Memory (MB): peak = 445.031 ; gain = 235.453
synth_design: Time (s): cpu = 00:00:13 ; elapsed = 00:00:16 . Memory (MB): peak = 532.031 ; gain = 316.250
write_checkpoint: Time (s): cpu = 00:00:15 ; elapsed = 00:00:16 . Memory (MB): peak = 908.777 ; gain = 376.746
