Copyright 1986-2016 Xilinx, Inc. All Rights Reserved.
----------------------------------------------------------------------------------------------------------------------------------------------------------------
| Tool Version     : Vivado v.2016.4 (win64) Build 1733598 Wed Dec 14 22:35:39 MST 2016
| Date             : Thu Mar 09 20:53:31 2017
| Host             : DETI-PC0018 running 64-bit Service Pack 1  (build 7601)
| Command          : report_power -file memdis_wrapper_power_routed.rpt -pb memdis_wrapper_power_summary_routed.pb -rpx memdis_wrapper_power_routed.rpx
| Design           : memdis_wrapper
| Device           : xc7a100tcsg324-1
| Design State     : routed
| Grade            : commercial
| Process          : typical
| Characterization : Production
----------------------------------------------------------------------------------------------------------------------------------------------------------------

Power Report

Table of Contents
-----------------
1. Summary
1.1 On-Chip Components
1.2 Power Supply Summary
1.3 Confidence Level
2. Settings
2.1 Environment
2.2 Clock Constraints
3. Detailed Reports
3.1 By Hierarchy

1. Summary
----------

+--------------------------+-------+
| Total On-Chip Power (W)  | 0.131 |
| Dynamic (W)              | 0.033 |
| Device Static (W)        | 0.099 |
| Effective TJA (C/W)      | 4.6   |
| Max Ambient (C)          | 84.4  |
| Junction Temperature (C) | 25.6  |
| Confidence Level         | Low   |
| Setting File             | ---   |
| Simulation Activity File | ---   |
| Design Nets Matched      | NA    |
+--------------------------+-------+


1.1 On-Chip Components
----------------------

+----------------+-----------+----------+-----------+-----------------+
| On-Chip        | Power (W) | Used     | Available | Utilization (%) |
+----------------+-----------+----------+-----------+-----------------+
| Clocks         |     0.002 |        3 |       --- |             --- |
| Slice Logic    |    <0.001 |      310 |       --- |             --- |
|   LUT as Logic |    <0.001 |      117 |     63400 |            0.18 |
|   Register     |    <0.001 |       84 |    126800 |            0.07 |
|   F7/F8 Muxes  |    <0.001 |       31 |     63400 |            0.05 |
|   CARRY4       |    <0.001 |        5 |     15850 |            0.03 |
|   Others       |     0.000 |       52 |       --- |             --- |
| Signals        |    <0.001 |      356 |       --- |             --- |
| Block RAM      |     0.021 |       30 |       135 |           22.22 |
| I/O            |     0.009 |       33 |       210 |           15.71 |
| Static Power   |     0.099 |          |           |                 |
| Total          |     0.131 |          |           |                 |
+----------------+-----------+----------+-----------+-----------------+


1.2 Power Supply Summary
------------------------

+-----------+-------------+-----------+-------------+------------+
| Source    | Voltage (V) | Total (A) | Dynamic (A) | Static (A) |
+-----------+-------------+-----------+-------------+------------+
| Vccint    |       1.000 |     0.038 |       0.022 |      0.016 |
| Vccaux    |       1.800 |     0.018 |       0.000 |      0.018 |
| Vcco33    |       3.300 |     0.007 |       0.003 |      0.004 |
| Vcco25    |       2.500 |     0.000 |       0.000 |      0.000 |
| Vcco18    |       1.800 |     0.000 |       0.000 |      0.000 |
| Vcco15    |       1.500 |     0.000 |       0.000 |      0.000 |
| Vcco135   |       1.350 |     0.000 |       0.000 |      0.000 |
| Vcco12    |       1.200 |     0.000 |       0.000 |      0.000 |
| Vccaux_io |       1.800 |     0.000 |       0.000 |      0.000 |
| Vccbram   |       1.000 |     0.003 |       0.002 |      0.001 |
| MGTAVcc   |       1.000 |     0.000 |       0.000 |      0.000 |
| MGTAVtt   |       1.200 |     0.000 |       0.000 |      0.000 |
| Vccadc    |       1.800 |     0.020 |       0.000 |      0.020 |
+-----------+-------------+-----------+-------------+------------+


1.3 Confidence Level
--------------------

+-----------------------------+------------+--------------------------------------------------------+------------------------------------------------------------------------------------------------------------+
| User Input Data             | Confidence | Details                                                | Action                                                                                                     |
+-----------------------------+------------+--------------------------------------------------------+------------------------------------------------------------------------------------------------------------+
| Design implementation state | High       | Design is routed                                       |                                                                                                            |
| Clock nodes activity        | High       | User specified more than 95% of clocks                 |                                                                                                            |
| I/O nodes activity          | Low        | More than 75% of inputs are missing user specification | Provide missing input activity with simulation results or by editing the "By Resource Type -> I/Os" view   |
| Internal nodes activity     | Medium     | User specified less than 25% of internal nodes         | Provide missing internal nodes activity with simulation results or by editing the "By Resource Type" views |
| Device models               | High       | Device models are Production                           |                                                                                                            |
|                             |            |                                                        |                                                                                                            |
| Overall confidence level    | Low        |                                                        |                                                                                                            |
+-----------------------------+------------+--------------------------------------------------------+------------------------------------------------------------------------------------------------------------+


2. Settings
-----------

2.1 Environment
---------------

+-----------------------+--------------------------+
| Ambient Temp (C)      | 25.0                     |
| ThetaJA (C/W)         | 4.6                      |
| Airflow (LFM)         | 250                      |
| Heat Sink             | medium (Medium Profile)  |
| ThetaSA (C/W)         | 4.6                      |
| Board Selection       | medium (10"x10")         |
| # of Board Layers     | 12to15 (12 to 15 Layers) |
| Board Temperature (C) | 25.0                     |
+-----------------------+--------------------------+


2.2 Clock Constraints
---------------------

+-------------+--------+-----------------+
| Clock       | Domain | Constraint (ns) |
+-------------+--------+-----------------+
| sys_clk_pin | clk    |            10.0 |
+-------------+--------+-----------------+


3. Detailed Reports
-------------------

3.1 By Hierarchy
----------------

+------------------------------------------------+-----------+
| Name                                           | Power (W) |
+------------------------------------------------+-----------+
| memdis_wrapper                                 |     0.033 |
|   memdis_i                                     |     0.023 |
|     FirstBlock_wrapper_0                       |     0.002 |
|       U0                                       |     0.002 |
|         FirstBlock_i                           |     0.002 |
|           BinToBCD16_0                         |     0.001 |
|             U0                                 |     0.001 |
|           EightDispControl_0                   |    <0.001 |
|             U0                                 |    <0.001 |
|     blk_mem_gen_0                              |     0.022 |
|       U0                                       |     0.022 |
|         inst_blk_mem_gen                       |     0.022 |
|           gnbram.gnativebmg.native_blk_mem_gen |     0.022 |
|             valid.cstr                         |     0.022 |
|               bindec_a.bindec_inst_a           |    <0.001 |
|               has_mux_a.A                      |    <0.001 |
|               ramloop[0].ram.r                 |    <0.001 |
|                 prim_init.ram                  |    <0.001 |
|               ramloop[10].ram.r                |    <0.001 |
|                 prim_init.ram                  |    <0.001 |
|               ramloop[11].ram.r                |    <0.001 |
|                 prim_init.ram                  |    <0.001 |
|               ramloop[12].ram.r                |    <0.001 |
|                 prim_init.ram                  |    <0.001 |
|               ramloop[13].ram.r                |    <0.001 |
|                 prim_init.ram                  |    <0.001 |
|               ramloop[14].ram.r                |    <0.001 |
|                 prim_init.ram                  |    <0.001 |
|               ramloop[15].ram.r                |    <0.001 |
|                 prim_init.ram                  |    <0.001 |
|               ramloop[16].ram.r                |     0.003 |
|                 prim_init.ram                  |     0.003 |
|               ramloop[17].ram.r                |     0.003 |
|                 prim_init.ram                  |     0.003 |
|               ramloop[18].ram.r                |     0.003 |
|                 prim_init.ram                  |     0.003 |
|               ramloop[19].ram.r                |     0.003 |
|                 prim_init.ram                  |     0.003 |
|               ramloop[1].ram.r                 |    <0.001 |
|                 prim_init.ram                  |    <0.001 |
|               ramloop[20].ram.r                |     0.003 |
|                 prim_init.ram                  |     0.003 |
|               ramloop[21].ram.r                |     0.003 |
|                 prim_init.ram                  |     0.003 |
|               ramloop[22].ram.r                |     0.003 |
|                 prim_init.ram                  |     0.003 |
|               ramloop[2].ram.r                 |    <0.001 |
|                 prim_init.ram                  |    <0.001 |
|               ramloop[3].ram.r                 |    <0.001 |
|                 prim_init.ram                  |    <0.001 |
|               ramloop[4].ram.r                 |    <0.001 |
|                 prim_init.ram                  |    <0.001 |
|               ramloop[5].ram.r                 |    <0.001 |
|                 prim_init.ram                  |    <0.001 |
|               ramloop[6].ram.r                 |    <0.001 |
|                 prim_init.ram                  |    <0.001 |
|               ramloop[7].ram.r                 |    <0.001 |
|                 prim_init.ram                  |    <0.001 |
|               ramloop[8].ram.r                 |    <0.001 |
|                 prim_init.ram                  |    <0.001 |
|               ramloop[9].ram.r                 |    <0.001 |
|                 prim_init.ram                  |    <0.001 |
+------------------------------------------------+-----------+


