
*** Running vivado
    with args -log desigf_Control_1_0_0.vds -m64 -product Vivado -mode batch -messageDb vivado.pb -notrace -source desigf_Control_1_0_0.tcl


****** Vivado v2016.4 (64-bit)
  **** SW Build 1756540 on Mon Jan 23 19:11:23 MST 2017
  **** IP Build 1755317 on Mon Jan 23 20:30:07 MST 2017
    ** Copyright 1986-2016 Xilinx, Inc. All Rights Reserved.

source desigf_Control_1_0_0.tcl -notrace
Command: synth_design -top desigf_Control_1_0_0 -part xc7a100tcsg324-1 -mode out_of_context
Starting synth_design
Attempting to get a license for feature 'Synthesis' and/or device 'xc7a100t'
INFO: [Common 17-349] Got license for feature 'Synthesis' and/or device 'xc7a100t'
INFO: Launching helper process for spawning children vivado processes
INFO: Helper process launched with PID 8468 
---------------------------------------------------------------------------------
Starting RTL Elaboration : Time (s): cpu = 00:00:13 ; elapsed = 00:00:22 . Memory (MB): peak = 291.496 ; gain = 81.262
---------------------------------------------------------------------------------
INFO: [Synth 8-638] synthesizing module 'desigf_Control_1_0_0' [c:/Users/Joao/Desktop/cr/Git/Reconfigurable_Computing/Exame/Toplevel/Toplevel.srcs/sources_1/bd/desigf/ip/desigf_Control_1_0_0/synth/desigf_Control_1_0_0.vhd:69]
INFO: [Synth 8-3491] module 'Control_1' declared at 'c:/Users/Joao/Desktop/cr/Git/Reconfigurable_Computing/Exame/Toplevel/Toplevel.srcs/sources_1/bd/desigf/ipshared/4a3c/sources_1/imports/Downloads/Control_1.vhd:6' bound to instance 'U0' of component 'Control_1' [c:/Users/Joao/Desktop/cr/Git/Reconfigurable_Computing/Exame/Toplevel/Toplevel.srcs/sources_1/bd/desigf/ip/desigf_Control_1_0_0/synth/desigf_Control_1_0_0.vhd:94]
INFO: [Synth 8-638] synthesizing module 'Control_1' [c:/Users/Joao/Desktop/cr/Git/Reconfigurable_Computing/Exame/Toplevel/Toplevel.srcs/sources_1/bd/desigf/ipshared/4a3c/sources_1/imports/Downloads/Control_1.vhd:17]
WARNING: [Synth 8-614] signal 'indata' is read in the process but is not in the sensitivity list [c:/Users/Joao/Desktop/cr/Git/Reconfigurable_Computing/Exame/Toplevel/Toplevel.srcs/sources_1/bd/desigf/ipshared/4a3c/sources_1/imports/Downloads/Control_1.vhd:40]
WARNING: [Synth 8-5787] Register addr_reg in module Control_1 is clocked by two different clocks in the same process. This may cause simulation mismatches and synthesis errors. Consider using different process statements  [c:/Users/Joao/Desktop/cr/Git/Reconfigurable_Computing/Exame/Toplevel/Toplevel.srcs/sources_1/bd/desigf/ipshared/4a3c/sources_1/imports/Downloads/Control_1.vhd:25]
INFO: [Synth 8-256] done synthesizing module 'Control_1' (1#1) [c:/Users/Joao/Desktop/cr/Git/Reconfigurable_Computing/Exame/Toplevel/Toplevel.srcs/sources_1/bd/desigf/ipshared/4a3c/sources_1/imports/Downloads/Control_1.vhd:17]
INFO: [Synth 8-256] done synthesizing module 'desigf_Control_1_0_0' (2#1) [c:/Users/Joao/Desktop/cr/Git/Reconfigurable_Computing/Exame/Toplevel/Toplevel.srcs/sources_1/bd/desigf/ip/desigf_Control_1_0_0/synth/desigf_Control_1_0_0.vhd:69]
---------------------------------------------------------------------------------
Finished RTL Elaboration : Time (s): cpu = 00:00:15 ; elapsed = 00:00:25 . Memory (MB): peak = 328.859 ; gain = 118.625
---------------------------------------------------------------------------------

Report Check Netlist: 
+------+------------------+-------+---------+-------+------------------+
|      |Item              |Errors |Warnings |Status |Description       |
+------+------------------+-------+---------+-------+------------------+
|1     |multi_driven_nets |      0|        0|Passed |Multi driven nets |
+------+------------------+-------+---------+-------+------------------+
---------------------------------------------------------------------------------
Finished RTL Optimization Phase 1 : Time (s): cpu = 00:00:15 ; elapsed = 00:00:25 . Memory (MB): peak = 328.859 ; gain = 118.625
---------------------------------------------------------------------------------
INFO: [Device 21-403] Loading part xc7a100tcsg324-1
INFO: [Project 1-570] Preparing netlist for logic optimization

Processing XDC Constraints
Initializing timing engine
Parsing XDC File [c:/Users/Joao/Desktop/cr/Git/Reconfigurable_Computing/Exame/Toplevel/Toplevel.srcs/sources_1/bd/desigf/ip/desigf_Control_1_0_0/constrs_1/imports/Exame/Nexys4_Master.xdc] for cell 'U0'
WARNING: [Vivado 12-584] No ports matched 'sw[3]'. [c:/Users/Joao/Desktop/cr/Git/Reconfigurable_Computing/Exame/Toplevel/Toplevel.srcs/sources_1/bd/desigf/ip/desigf_Control_1_0_0/constrs_1/imports/Exame/Nexys4_Master.xdc:23]
CRITICAL WARNING: [Common 17-55] 'set_property' expects at least one object. [c:/Users/Joao/Desktop/cr/Git/Reconfigurable_Computing/Exame/Toplevel/Toplevel.srcs/sources_1/bd/desigf/ip/desigf_Control_1_0_0/constrs_1/imports/Exame/Nexys4_Master.xdc:23]
Resolution: If [get_<value>] was used to populate the object, check to make sure this command returns at least one valid object.
WARNING: [Vivado 12-584] No ports matched 'sw[3]'. [c:/Users/Joao/Desktop/cr/Git/Reconfigurable_Computing/Exame/Toplevel/Toplevel.srcs/sources_1/bd/desigf/ip/desigf_Control_1_0_0/constrs_1/imports/Exame/Nexys4_Master.xdc:24]
CRITICAL WARNING: [Common 17-55] 'set_property' expects at least one object. [c:/Users/Joao/Desktop/cr/Git/Reconfigurable_Computing/Exame/Toplevel/Toplevel.srcs/sources_1/bd/desigf/ip/desigf_Control_1_0_0/constrs_1/imports/Exame/Nexys4_Master.xdc:24]
Resolution: If [get_<value>] was used to populate the object, check to make sure this command returns at least one valid object.
WARNING: [Vivado 12-584] No ports matched 'sw[4]'. [c:/Users/Joao/Desktop/cr/Git/Reconfigurable_Computing/Exame/Toplevel/Toplevel.srcs/sources_1/bd/desigf/ip/desigf_Control_1_0_0/constrs_1/imports/Exame/Nexys4_Master.xdc:26]
CRITICAL WARNING: [Common 17-55] 'set_property' expects at least one object. [c:/Users/Joao/Desktop/cr/Git/Reconfigurable_Computing/Exame/Toplevel/Toplevel.srcs/sources_1/bd/desigf/ip/desigf_Control_1_0_0/constrs_1/imports/Exame/Nexys4_Master.xdc:26]
Resolution: If [get_<value>] was used to populate the object, check to make sure this command returns at least one valid object.
WARNING: [Vivado 12-584] No ports matched 'sw[4]'. [c:/Users/Joao/Desktop/cr/Git/Reconfigurable_Computing/Exame/Toplevel/Toplevel.srcs/sources_1/bd/desigf/ip/desigf_Control_1_0_0/constrs_1/imports/Exame/Nexys4_Master.xdc:27]
CRITICAL WARNING: [Common 17-55] 'set_property' expects at least one object. [c:/Users/Joao/Desktop/cr/Git/Reconfigurable_Computing/Exame/Toplevel/Toplevel.srcs/sources_1/bd/desigf/ip/desigf_Control_1_0_0/constrs_1/imports/Exame/Nexys4_Master.xdc:27]
Resolution: If [get_<value>] was used to populate the object, check to make sure this command returns at least one valid object.
WARNING: [Vivado 12-584] No ports matched 'sw[5]'. [c:/Users/Joao/Desktop/cr/Git/Reconfigurable_Computing/Exame/Toplevel/Toplevel.srcs/sources_1/bd/desigf/ip/desigf_Control_1_0_0/constrs_1/imports/Exame/Nexys4_Master.xdc:29]
CRITICAL WARNING: [Common 17-55] 'set_property' expects at least one object. [c:/Users/Joao/Desktop/cr/Git/Reconfigurable_Computing/Exame/Toplevel/Toplevel.srcs/sources_1/bd/desigf/ip/desigf_Control_1_0_0/constrs_1/imports/Exame/Nexys4_Master.xdc:29]
Resolution: If [get_<value>] was used to populate the object, check to make sure this command returns at least one valid object.
WARNING: [Vivado 12-584] No ports matched 'sw[5]'. [c:/Users/Joao/Desktop/cr/Git/Reconfigurable_Computing/Exame/Toplevel/Toplevel.srcs/sources_1/bd/desigf/ip/desigf_Control_1_0_0/constrs_1/imports/Exame/Nexys4_Master.xdc:30]
CRITICAL WARNING: [Common 17-55] 'set_property' expects at least one object. [c:/Users/Joao/Desktop/cr/Git/Reconfigurable_Computing/Exame/Toplevel/Toplevel.srcs/sources_1/bd/desigf/ip/desigf_Control_1_0_0/constrs_1/imports/Exame/Nexys4_Master.xdc:30]
Resolution: If [get_<value>] was used to populate the object, check to make sure this command returns at least one valid object.
WARNING: [Vivado 12-584] No ports matched 'sw[6]'. [c:/Users/Joao/Desktop/cr/Git/Reconfigurable_Computing/Exame/Toplevel/Toplevel.srcs/sources_1/bd/desigf/ip/desigf_Control_1_0_0/constrs_1/imports/Exame/Nexys4_Master.xdc:32]
CRITICAL WARNING: [Common 17-55] 'set_property' expects at least one object. [c:/Users/Joao/Desktop/cr/Git/Reconfigurable_Computing/Exame/Toplevel/Toplevel.srcs/sources_1/bd/desigf/ip/desigf_Control_1_0_0/constrs_1/imports/Exame/Nexys4_Master.xdc:32]
Resolution: If [get_<value>] was used to populate the object, check to make sure this command returns at least one valid object.
WARNING: [Vivado 12-584] No ports matched 'sw[6]'. [c:/Users/Joao/Desktop/cr/Git/Reconfigurable_Computing/Exame/Toplevel/Toplevel.srcs/sources_1/bd/desigf/ip/desigf_Control_1_0_0/constrs_1/imports/Exame/Nexys4_Master.xdc:33]
CRITICAL WARNING: [Common 17-55] 'set_property' expects at least one object. [c:/Users/Joao/Desktop/cr/Git/Reconfigurable_Computing/Exame/Toplevel/Toplevel.srcs/sources_1/bd/desigf/ip/desigf_Control_1_0_0/constrs_1/imports/Exame/Nexys4_Master.xdc:33]
Resolution: If [get_<value>] was used to populate the object, check to make sure this command returns at least one valid object.
WARNING: [Vivado 12-584] No ports matched 'sw[7]'. [c:/Users/Joao/Desktop/cr/Git/Reconfigurable_Computing/Exame/Toplevel/Toplevel.srcs/sources_1/bd/desigf/ip/desigf_Control_1_0_0/constrs_1/imports/Exame/Nexys4_Master.xdc:35]
CRITICAL WARNING: [Common 17-55] 'set_property' expects at least one object. [c:/Users/Joao/Desktop/cr/Git/Reconfigurable_Computing/Exame/Toplevel/Toplevel.srcs/sources_1/bd/desigf/ip/desigf_Control_1_0_0/constrs_1/imports/Exame/Nexys4_Master.xdc:35]
Resolution: If [get_<value>] was used to populate the object, check to make sure this command returns at least one valid object.
WARNING: [Vivado 12-584] No ports matched 'sw[7]'. [c:/Users/Joao/Desktop/cr/Git/Reconfigurable_Computing/Exame/Toplevel/Toplevel.srcs/sources_1/bd/desigf/ip/desigf_Control_1_0_0/constrs_1/imports/Exame/Nexys4_Master.xdc:36]
CRITICAL WARNING: [Common 17-55] 'set_property' expects at least one object. [c:/Users/Joao/Desktop/cr/Git/Reconfigurable_Computing/Exame/Toplevel/Toplevel.srcs/sources_1/bd/desigf/ip/desigf_Control_1_0_0/constrs_1/imports/Exame/Nexys4_Master.xdc:36]
Resolution: If [get_<value>] was used to populate the object, check to make sure this command returns at least one valid object.
WARNING: [Vivado 12-584] No ports matched 'sw[8]'. [c:/Users/Joao/Desktop/cr/Git/Reconfigurable_Computing/Exame/Toplevel/Toplevel.srcs/sources_1/bd/desigf/ip/desigf_Control_1_0_0/constrs_1/imports/Exame/Nexys4_Master.xdc:38]
CRITICAL WARNING: [Common 17-55] 'set_property' expects at least one object. [c:/Users/Joao/Desktop/cr/Git/Reconfigurable_Computing/Exame/Toplevel/Toplevel.srcs/sources_1/bd/desigf/ip/desigf_Control_1_0_0/constrs_1/imports/Exame/Nexys4_Master.xdc:38]
Resolution: If [get_<value>] was used to populate the object, check to make sure this command returns at least one valid object.
WARNING: [Vivado 12-584] No ports matched 'sw[8]'. [c:/Users/Joao/Desktop/cr/Git/Reconfigurable_Computing/Exame/Toplevel/Toplevel.srcs/sources_1/bd/desigf/ip/desigf_Control_1_0_0/constrs_1/imports/Exame/Nexys4_Master.xdc:39]
CRITICAL WARNING: [Common 17-55] 'set_property' expects at least one object. [c:/Users/Joao/Desktop/cr/Git/Reconfigurable_Computing/Exame/Toplevel/Toplevel.srcs/sources_1/bd/desigf/ip/desigf_Control_1_0_0/constrs_1/imports/Exame/Nexys4_Master.xdc:39]
Resolution: If [get_<value>] was used to populate the object, check to make sure this command returns at least one valid object.
WARNING: [Vivado 12-584] No ports matched 'sw[9]'. [c:/Users/Joao/Desktop/cr/Git/Reconfigurable_Computing/Exame/Toplevel/Toplevel.srcs/sources_1/bd/desigf/ip/desigf_Control_1_0_0/constrs_1/imports/Exame/Nexys4_Master.xdc:41]
CRITICAL WARNING: [Common 17-55] 'set_property' expects at least one object. [c:/Users/Joao/Desktop/cr/Git/Reconfigurable_Computing/Exame/Toplevel/Toplevel.srcs/sources_1/bd/desigf/ip/desigf_Control_1_0_0/constrs_1/imports/Exame/Nexys4_Master.xdc:41]
Resolution: If [get_<value>] was used to populate the object, check to make sure this command returns at least one valid object.
WARNING: [Vivado 12-584] No ports matched 'sw[9]'. [c:/Users/Joao/Desktop/cr/Git/Reconfigurable_Computing/Exame/Toplevel/Toplevel.srcs/sources_1/bd/desigf/ip/desigf_Control_1_0_0/constrs_1/imports/Exame/Nexys4_Master.xdc:42]
CRITICAL WARNING: [Common 17-55] 'set_property' expects at least one object. [c:/Users/Joao/Desktop/cr/Git/Reconfigurable_Computing/Exame/Toplevel/Toplevel.srcs/sources_1/bd/desigf/ip/desigf_Control_1_0_0/constrs_1/imports/Exame/Nexys4_Master.xdc:42]
Resolution: If [get_<value>] was used to populate the object, check to make sure this command returns at least one valid object.
WARNING: [Vivado 12-584] No ports matched 'sw[10]'. [c:/Users/Joao/Desktop/cr/Git/Reconfigurable_Computing/Exame/Toplevel/Toplevel.srcs/sources_1/bd/desigf/ip/desigf_Control_1_0_0/constrs_1/imports/Exame/Nexys4_Master.xdc:44]
CRITICAL WARNING: [Common 17-55] 'set_property' expects at least one object. [c:/Users/Joao/Desktop/cr/Git/Reconfigurable_Computing/Exame/Toplevel/Toplevel.srcs/sources_1/bd/desigf/ip/desigf_Control_1_0_0/constrs_1/imports/Exame/Nexys4_Master.xdc:44]
Resolution: If [get_<value>] was used to populate the object, check to make sure this command returns at least one valid object.
WARNING: [Vivado 12-584] No ports matched 'sw[10]'. [c:/Users/Joao/Desktop/cr/Git/Reconfigurable_Computing/Exame/Toplevel/Toplevel.srcs/sources_1/bd/desigf/ip/desigf_Control_1_0_0/constrs_1/imports/Exame/Nexys4_Master.xdc:45]
CRITICAL WARNING: [Common 17-55] 'set_property' expects at least one object. [c:/Users/Joao/Desktop/cr/Git/Reconfigurable_Computing/Exame/Toplevel/Toplevel.srcs/sources_1/bd/desigf/ip/desigf_Control_1_0_0/constrs_1/imports/Exame/Nexys4_Master.xdc:45]
Resolution: If [get_<value>] was used to populate the object, check to make sure this command returns at least one valid object.
WARNING: [Vivado 12-584] No ports matched 'sw[11]'. [c:/Users/Joao/Desktop/cr/Git/Reconfigurable_Computing/Exame/Toplevel/Toplevel.srcs/sources_1/bd/desigf/ip/desigf_Control_1_0_0/constrs_1/imports/Exame/Nexys4_Master.xdc:47]
CRITICAL WARNING: [Common 17-55] 'set_property' expects at least one object. [c:/Users/Joao/Desktop/cr/Git/Reconfigurable_Computing/Exame/Toplevel/Toplevel.srcs/sources_1/bd/desigf/ip/desigf_Control_1_0_0/constrs_1/imports/Exame/Nexys4_Master.xdc:47]
Resolution: If [get_<value>] was used to populate the object, check to make sure this command returns at least one valid object.
WARNING: [Vivado 12-584] No ports matched 'sw[11]'. [c:/Users/Joao/Desktop/cr/Git/Reconfigurable_Computing/Exame/Toplevel/Toplevel.srcs/sources_1/bd/desigf/ip/desigf_Control_1_0_0/constrs_1/imports/Exame/Nexys4_Master.xdc:48]
CRITICAL WARNING: [Common 17-55] 'set_property' expects at least one object. [c:/Users/Joao/Desktop/cr/Git/Reconfigurable_Computing/Exame/Toplevel/Toplevel.srcs/sources_1/bd/desigf/ip/desigf_Control_1_0_0/constrs_1/imports/Exame/Nexys4_Master.xdc:48]
Resolution: If [get_<value>] was used to populate the object, check to make sure this command returns at least one valid object.
WARNING: [Vivado 12-584] No ports matched 'sw[12]'. [c:/Users/Joao/Desktop/cr/Git/Reconfigurable_Computing/Exame/Toplevel/Toplevel.srcs/sources_1/bd/desigf/ip/desigf_Control_1_0_0/constrs_1/imports/Exame/Nexys4_Master.xdc:50]
CRITICAL WARNING: [Common 17-55] 'set_property' expects at least one object. [c:/Users/Joao/Desktop/cr/Git/Reconfigurable_Computing/Exame/Toplevel/Toplevel.srcs/sources_1/bd/desigf/ip/desigf_Control_1_0_0/constrs_1/imports/Exame/Nexys4_Master.xdc:50]
Resolution: If [get_<value>] was used to populate the object, check to make sure this command returns at least one valid object.
WARNING: [Vivado 12-584] No ports matched 'sw[12]'. [c:/Users/Joao/Desktop/cr/Git/Reconfigurable_Computing/Exame/Toplevel/Toplevel.srcs/sources_1/bd/desigf/ip/desigf_Control_1_0_0/constrs_1/imports/Exame/Nexys4_Master.xdc:51]
CRITICAL WARNING: [Common 17-55] 'set_property' expects at least one object. [c:/Users/Joao/Desktop/cr/Git/Reconfigurable_Computing/Exame/Toplevel/Toplevel.srcs/sources_1/bd/desigf/ip/desigf_Control_1_0_0/constrs_1/imports/Exame/Nexys4_Master.xdc:51]
Resolution: If [get_<value>] was used to populate the object, check to make sure this command returns at least one valid object.
WARNING: [Vivado 12-584] No ports matched 'sw[13]'. [c:/Users/Joao/Desktop/cr/Git/Reconfigurable_Computing/Exame/Toplevel/Toplevel.srcs/sources_1/bd/desigf/ip/desigf_Control_1_0_0/constrs_1/imports/Exame/Nexys4_Master.xdc:53]
CRITICAL WARNING: [Common 17-55] 'set_property' expects at least one object. [c:/Users/Joao/Desktop/cr/Git/Reconfigurable_Computing/Exame/Toplevel/Toplevel.srcs/sources_1/bd/desigf/ip/desigf_Control_1_0_0/constrs_1/imports/Exame/Nexys4_Master.xdc:53]
Resolution: If [get_<value>] was used to populate the object, check to make sure this command returns at least one valid object.
WARNING: [Vivado 12-584] No ports matched 'sw[13]'. [c:/Users/Joao/Desktop/cr/Git/Reconfigurable_Computing/Exame/Toplevel/Toplevel.srcs/sources_1/bd/desigf/ip/desigf_Control_1_0_0/constrs_1/imports/Exame/Nexys4_Master.xdc:54]
CRITICAL WARNING: [Common 17-55] 'set_property' expects at least one object. [c:/Users/Joao/Desktop/cr/Git/Reconfigurable_Computing/Exame/Toplevel/Toplevel.srcs/sources_1/bd/desigf/ip/desigf_Control_1_0_0/constrs_1/imports/Exame/Nexys4_Master.xdc:54]
Resolution: If [get_<value>] was used to populate the object, check to make sure this command returns at least one valid object.
WARNING: [Vivado 12-584] No ports matched 'sw[14]'. [c:/Users/Joao/Desktop/cr/Git/Reconfigurable_Computing/Exame/Toplevel/Toplevel.srcs/sources_1/bd/desigf/ip/desigf_Control_1_0_0/constrs_1/imports/Exame/Nexys4_Master.xdc:56]
CRITICAL WARNING: [Common 17-55] 'set_property' expects at least one object. [c:/Users/Joao/Desktop/cr/Git/Reconfigurable_Computing/Exame/Toplevel/Toplevel.srcs/sources_1/bd/desigf/ip/desigf_Control_1_0_0/constrs_1/imports/Exame/Nexys4_Master.xdc:56]
Resolution: If [get_<value>] was used to populate the object, check to make sure this command returns at least one valid object.
WARNING: [Vivado 12-584] No ports matched 'sw[14]'. [c:/Users/Joao/Desktop/cr/Git/Reconfigurable_Computing/Exame/Toplevel/Toplevel.srcs/sources_1/bd/desigf/ip/desigf_Control_1_0_0/constrs_1/imports/Exame/Nexys4_Master.xdc:57]
CRITICAL WARNING: [Common 17-55] 'set_property' expects at least one object. [c:/Users/Joao/Desktop/cr/Git/Reconfigurable_Computing/Exame/Toplevel/Toplevel.srcs/sources_1/bd/desigf/ip/desigf_Control_1_0_0/constrs_1/imports/Exame/Nexys4_Master.xdc:57]
Resolution: If [get_<value>] was used to populate the object, check to make sure this command returns at least one valid object.
WARNING: [Vivado 12-584] No ports matched 'sw[15]'. [c:/Users/Joao/Desktop/cr/Git/Reconfigurable_Computing/Exame/Toplevel/Toplevel.srcs/sources_1/bd/desigf/ip/desigf_Control_1_0_0/constrs_1/imports/Exame/Nexys4_Master.xdc:59]
CRITICAL WARNING: [Common 17-55] 'set_property' expects at least one object. [c:/Users/Joao/Desktop/cr/Git/Reconfigurable_Computing/Exame/Toplevel/Toplevel.srcs/sources_1/bd/desigf/ip/desigf_Control_1_0_0/constrs_1/imports/Exame/Nexys4_Master.xdc:59]
Resolution: If [get_<value>] was used to populate the object, check to make sure this command returns at least one valid object.
WARNING: [Vivado 12-584] No ports matched 'sw[15]'. [c:/Users/Joao/Desktop/cr/Git/Reconfigurable_Computing/Exame/Toplevel/Toplevel.srcs/sources_1/bd/desigf/ip/desigf_Control_1_0_0/constrs_1/imports/Exame/Nexys4_Master.xdc:60]
CRITICAL WARNING: [Common 17-55] 'set_property' expects at least one object. [c:/Users/Joao/Desktop/cr/Git/Reconfigurable_Computing/Exame/Toplevel/Toplevel.srcs/sources_1/bd/desigf/ip/desigf_Control_1_0_0/constrs_1/imports/Exame/Nexys4_Master.xdc:60]
Resolution: If [get_<value>] was used to populate the object, check to make sure this command returns at least one valid object.
WARNING: [Vivado 12-584] No ports matched 'led[0]'. [c:/Users/Joao/Desktop/cr/Git/Reconfigurable_Computing/Exame/Toplevel/Toplevel.srcs/sources_1/bd/desigf/ip/desigf_Control_1_0_0/constrs_1/imports/Exame/Nexys4_Master.xdc:66]
CRITICAL WARNING: [Common 17-55] 'set_property' expects at least one object. [c:/Users/Joao/Desktop/cr/Git/Reconfigurable_Computing/Exame/Toplevel/Toplevel.srcs/sources_1/bd/desigf/ip/desigf_Control_1_0_0/constrs_1/imports/Exame/Nexys4_Master.xdc:66]
Resolution: If [get_<value>] was used to populate the object, check to make sure this command returns at least one valid object.
WARNING: [Vivado 12-584] No ports matched 'led[0]'. [c:/Users/Joao/Desktop/cr/Git/Reconfigurable_Computing/Exame/Toplevel/Toplevel.srcs/sources_1/bd/desigf/ip/desigf_Control_1_0_0/constrs_1/imports/Exame/Nexys4_Master.xdc:67]
CRITICAL WARNING: [Common 17-55] 'set_property' expects at least one object. [c:/Users/Joao/Desktop/cr/Git/Reconfigurable_Computing/Exame/Toplevel/Toplevel.srcs/sources_1/bd/desigf/ip/desigf_Control_1_0_0/constrs_1/imports/Exame/Nexys4_Master.xdc:67]
Resolution: If [get_<value>] was used to populate the object, check to make sure this command returns at least one valid object.
WARNING: [Vivado 12-584] No ports matched 'led[1]'. [c:/Users/Joao/Desktop/cr/Git/Reconfigurable_Computing/Exame/Toplevel/Toplevel.srcs/sources_1/bd/desigf/ip/desigf_Control_1_0_0/constrs_1/imports/Exame/Nexys4_Master.xdc:69]
CRITICAL WARNING: [Common 17-55] 'set_property' expects at least one object. [c:/Users/Joao/Desktop/cr/Git/Reconfigurable_Computing/Exame/Toplevel/Toplevel.srcs/sources_1/bd/desigf/ip/desigf_Control_1_0_0/constrs_1/imports/Exame/Nexys4_Master.xdc:69]
Resolution: If [get_<value>] was used to populate the object, check to make sure this command returns at least one valid object.
WARNING: [Vivado 12-584] No ports matched 'led[1]'. [c:/Users/Joao/Desktop/cr/Git/Reconfigurable_Computing/Exame/Toplevel/Toplevel.srcs/sources_1/bd/desigf/ip/desigf_Control_1_0_0/constrs_1/imports/Exame/Nexys4_Master.xdc:70]
CRITICAL WARNING: [Common 17-55] 'set_property' expects at least one object. [c:/Users/Joao/Desktop/cr/Git/Reconfigurable_Computing/Exame/Toplevel/Toplevel.srcs/sources_1/bd/desigf/ip/desigf_Control_1_0_0/constrs_1/imports/Exame/Nexys4_Master.xdc:70]
Resolution: If [get_<value>] was used to populate the object, check to make sure this command returns at least one valid object.
WARNING: [Vivado 12-584] No ports matched 'led[2]'. [c:/Users/Joao/Desktop/cr/Git/Reconfigurable_Computing/Exame/Toplevel/Toplevel.srcs/sources_1/bd/desigf/ip/desigf_Control_1_0_0/constrs_1/imports/Exame/Nexys4_Master.xdc:72]
CRITICAL WARNING: [Common 17-55] 'set_property' expects at least one object. [c:/Users/Joao/Desktop/cr/Git/Reconfigurable_Computing/Exame/Toplevel/Toplevel.srcs/sources_1/bd/desigf/ip/desigf_Control_1_0_0/constrs_1/imports/Exame/Nexys4_Master.xdc:72]
Resolution: If [get_<value>] was used to populate the object, check to make sure this command returns at least one valid object.
WARNING: [Vivado 12-584] No ports matched 'led[2]'. [c:/Users/Joao/Desktop/cr/Git/Reconfigurable_Computing/Exame/Toplevel/Toplevel.srcs/sources_1/bd/desigf/ip/desigf_Control_1_0_0/constrs_1/imports/Exame/Nexys4_Master.xdc:73]
CRITICAL WARNING: [Common 17-55] 'set_property' expects at least one object. [c:/Users/Joao/Desktop/cr/Git/Reconfigurable_Computing/Exame/Toplevel/Toplevel.srcs/sources_1/bd/desigf/ip/desigf_Control_1_0_0/constrs_1/imports/Exame/Nexys4_Master.xdc:73]
Resolution: If [get_<value>] was used to populate the object, check to make sure this command returns at least one valid object.
WARNING: [Vivado 12-584] No ports matched 'led[3]'. [c:/Users/Joao/Desktop/cr/Git/Reconfigurable_Computing/Exame/Toplevel/Toplevel.srcs/sources_1/bd/desigf/ip/desigf_Control_1_0_0/constrs_1/imports/Exame/Nexys4_Master.xdc:75]
CRITICAL WARNING: [Common 17-55] 'set_property' expects at least one object. [c:/Users/Joao/Desktop/cr/Git/Reconfigurable_Computing/Exame/Toplevel/Toplevel.srcs/sources_1/bd/desigf/ip/desigf_Control_1_0_0/constrs_1/imports/Exame/Nexys4_Master.xdc:75]
Resolution: If [get_<value>] was used to populate the object, check to make sure this command returns at least one valid object.
WARNING: [Vivado 12-584] No ports matched 'led[3]'. [c:/Users/Joao/Desktop/cr/Git/Reconfigurable_Computing/Exame/Toplevel/Toplevel.srcs/sources_1/bd/desigf/ip/desigf_Control_1_0_0/constrs_1/imports/Exame/Nexys4_Master.xdc:76]
CRITICAL WARNING: [Common 17-55] 'set_property' expects at least one object. [c:/Users/Joao/Desktop/cr/Git/Reconfigurable_Computing/Exame/Toplevel/Toplevel.srcs/sources_1/bd/desigf/ip/desigf_Control_1_0_0/constrs_1/imports/Exame/Nexys4_Master.xdc:76]
Resolution: If [get_<value>] was used to populate the object, check to make sure this command returns at least one valid object.
WARNING: [Vivado 12-584] No ports matched 'led[4]'. [c:/Users/Joao/Desktop/cr/Git/Reconfigurable_Computing/Exame/Toplevel/Toplevel.srcs/sources_1/bd/desigf/ip/desigf_Control_1_0_0/constrs_1/imports/Exame/Nexys4_Master.xdc:78]
CRITICAL WARNING: [Common 17-55] 'set_property' expects at least one object. [c:/Users/Joao/Desktop/cr/Git/Reconfigurable_Computing/Exame/Toplevel/Toplevel.srcs/sources_1/bd/desigf/ip/desigf_Control_1_0_0/constrs_1/imports/Exame/Nexys4_Master.xdc:78]
Resolution: If [get_<value>] was used to populate the object, check to make sure this command returns at least one valid object.
WARNING: [Vivado 12-584] No ports matched 'led[4]'. [c:/Users/Joao/Desktop/cr/Git/Reconfigurable_Computing/Exame/Toplevel/Toplevel.srcs/sources_1/bd/desigf/ip/desigf_Control_1_0_0/constrs_1/imports/Exame/Nexys4_Master.xdc:79]
CRITICAL WARNING: [Common 17-55] 'set_property' expects at least one object. [c:/Users/Joao/Desktop/cr/Git/Reconfigurable_Computing/Exame/Toplevel/Toplevel.srcs/sources_1/bd/desigf/ip/desigf_Control_1_0_0/constrs_1/imports/Exame/Nexys4_Master.xdc:79]
Resolution: If [get_<value>] was used to populate the object, check to make sure this command returns at least one valid object.
WARNING: [Vivado 12-584] No ports matched 'led[5]'. [c:/Users/Joao/Desktop/cr/Git/Reconfigurable_Computing/Exame/Toplevel/Toplevel.srcs/sources_1/bd/desigf/ip/desigf_Control_1_0_0/constrs_1/imports/Exame/Nexys4_Master.xdc:81]
CRITICAL WARNING: [Common 17-55] 'set_property' expects at least one object. [c:/Users/Joao/Desktop/cr/Git/Reconfigurable_Computing/Exame/Toplevel/Toplevel.srcs/sources_1/bd/desigf/ip/desigf_Control_1_0_0/constrs_1/imports/Exame/Nexys4_Master.xdc:81]
Resolution: If [get_<value>] was used to populate the object, check to make sure this command returns at least one valid object.
WARNING: [Vivado 12-584] No ports matched 'led[5]'. [c:/Users/Joao/Desktop/cr/Git/Reconfigurable_Computing/Exame/Toplevel/Toplevel.srcs/sources_1/bd/desigf/ip/desigf_Control_1_0_0/constrs_1/imports/Exame/Nexys4_Master.xdc:82]
CRITICAL WARNING: [Common 17-55] 'set_property' expects at least one object. [c:/Users/Joao/Desktop/cr/Git/Reconfigurable_Computing/Exame/Toplevel/Toplevel.srcs/sources_1/bd/desigf/ip/desigf_Control_1_0_0/constrs_1/imports/Exame/Nexys4_Master.xdc:82]
Resolution: If [get_<value>] was used to populate the object, check to make sure this command returns at least one valid object.
WARNING: [Vivado 12-584] No ports matched 'led[6]'. [c:/Users/Joao/Desktop/cr/Git/Reconfigurable_Computing/Exame/Toplevel/Toplevel.srcs/sources_1/bd/desigf/ip/desigf_Control_1_0_0/constrs_1/imports/Exame/Nexys4_Master.xdc:84]
CRITICAL WARNING: [Common 17-55] 'set_property' expects at least one object. [c:/Users/Joao/Desktop/cr/Git/Reconfigurable_Computing/Exame/Toplevel/Toplevel.srcs/sources_1/bd/desigf/ip/desigf_Control_1_0_0/constrs_1/imports/Exame/Nexys4_Master.xdc:84]
Resolution: If [get_<value>] was used to populate the object, check to make sure this command returns at least one valid object.
WARNING: [Vivado 12-584] No ports matched 'led[6]'. [c:/Users/Joao/Desktop/cr/Git/Reconfigurable_Computing/Exame/Toplevel/Toplevel.srcs/sources_1/bd/desigf/ip/desigf_Control_1_0_0/constrs_1/imports/Exame/Nexys4_Master.xdc:85]
CRITICAL WARNING: [Common 17-55] 'set_property' expects at least one object. [c:/Users/Joao/Desktop/cr/Git/Reconfigurable_Computing/Exame/Toplevel/Toplevel.srcs/sources_1/bd/desigf/ip/desigf_Control_1_0_0/constrs_1/imports/Exame/Nexys4_Master.xdc:85]
Resolution: If [get_<value>] was used to populate the object, check to make sure this command returns at least one valid object.
WARNING: [Vivado 12-584] No ports matched 'led[7]'. [c:/Users/Joao/Desktop/cr/Git/Reconfigurable_Computing/Exame/Toplevel/Toplevel.srcs/sources_1/bd/desigf/ip/desigf_Control_1_0_0/constrs_1/imports/Exame/Nexys4_Master.xdc:87]
CRITICAL WARNING: [Common 17-55] 'set_property' expects at least one object. [c:/Users/Joao/Desktop/cr/Git/Reconfigurable_Computing/Exame/Toplevel/Toplevel.srcs/sources_1/bd/desigf/ip/desigf_Control_1_0_0/constrs_1/imports/Exame/Nexys4_Master.xdc:87]
Resolution: If [get_<value>] was used to populate the object, check to make sure this command returns at least one valid object.
WARNING: [Vivado 12-584] No ports matched 'led[7]'. [c:/Users/Joao/Desktop/cr/Git/Reconfigurable_Computing/Exame/Toplevel/Toplevel.srcs/sources_1/bd/desigf/ip/desigf_Control_1_0_0/constrs_1/imports/Exame/Nexys4_Master.xdc:88]
CRITICAL WARNING: [Common 17-55] 'set_property' expects at least one object. [c:/Users/Joao/Desktop/cr/Git/Reconfigurable_Computing/Exame/Toplevel/Toplevel.srcs/sources_1/bd/desigf/ip/desigf_Control_1_0_0/constrs_1/imports/Exame/Nexys4_Master.xdc:88]
Resolution: If [get_<value>] was used to populate the object, check to make sure this command returns at least one valid object.
WARNING: [Vivado 12-584] No ports matched 'led[8]'. [c:/Users/Joao/Desktop/cr/Git/Reconfigurable_Computing/Exame/Toplevel/Toplevel.srcs/sources_1/bd/desigf/ip/desigf_Control_1_0_0/constrs_1/imports/Exame/Nexys4_Master.xdc:90]
CRITICAL WARNING: [Common 17-55] 'set_property' expects at least one object. [c:/Users/Joao/Desktop/cr/Git/Reconfigurable_Computing/Exame/Toplevel/Toplevel.srcs/sources_1/bd/desigf/ip/desigf_Control_1_0_0/constrs_1/imports/Exame/Nexys4_Master.xdc:90]
Resolution: If [get_<value>] was used to populate the object, check to make sure this command returns at least one valid object.
WARNING: [Vivado 12-584] No ports matched 'led[8]'. [c:/Users/Joao/Desktop/cr/Git/Reconfigurable_Computing/Exame/Toplevel/Toplevel.srcs/sources_1/bd/desigf/ip/desigf_Control_1_0_0/constrs_1/imports/Exame/Nexys4_Master.xdc:91]
CRITICAL WARNING: [Common 17-55] 'set_property' expects at least one object. [c:/Users/Joao/Desktop/cr/Git/Reconfigurable_Computing/Exame/Toplevel/Toplevel.srcs/sources_1/bd/desigf/ip/desigf_Control_1_0_0/constrs_1/imports/Exame/Nexys4_Master.xdc:91]
Resolution: If [get_<value>] was used to populate the object, check to make sure this command returns at least one valid object.
WARNING: [Vivado 12-584] No ports matched 'led[9]'. [c:/Users/Joao/Desktop/cr/Git/Reconfigurable_Computing/Exame/Toplevel/Toplevel.srcs/sources_1/bd/desigf/ip/desigf_Control_1_0_0/constrs_1/imports/Exame/Nexys4_Master.xdc:93]
CRITICAL WARNING: [Common 17-55] 'set_property' expects at least one object. [c:/Users/Joao/Desktop/cr/Git/Reconfigurable_Computing/Exame/Toplevel/Toplevel.srcs/sources_1/bd/desigf/ip/desigf_Control_1_0_0/constrs_1/imports/Exame/Nexys4_Master.xdc:93]
Resolution: If [get_<value>] was used to populate the object, check to make sure this command returns at least one valid object.
WARNING: [Vivado 12-584] No ports matched 'led[9]'. [c:/Users/Joao/Desktop/cr/Git/Reconfigurable_Computing/Exame/Toplevel/Toplevel.srcs/sources_1/bd/desigf/ip/desigf_Control_1_0_0/constrs_1/imports/Exame/Nexys4_Master.xdc:94]
CRITICAL WARNING: [Common 17-55] 'set_property' expects at least one object. [c:/Users/Joao/Desktop/cr/Git/Reconfigurable_Computing/Exame/Toplevel/Toplevel.srcs/sources_1/bd/desigf/ip/desigf_Control_1_0_0/constrs_1/imports/Exame/Nexys4_Master.xdc:94]
Resolution: If [get_<value>] was used to populate the object, check to make sure this command returns at least one valid object.
WARNING: [Vivado 12-584] No ports matched 'led[10]'. [c:/Users/Joao/Desktop/cr/Git/Reconfigurable_Computing/Exame/Toplevel/Toplevel.srcs/sources_1/bd/desigf/ip/desigf_Control_1_0_0/constrs_1/imports/Exame/Nexys4_Master.xdc:96]
CRITICAL WARNING: [Common 17-55] 'set_property' expects at least one object. [c:/Users/Joao/Desktop/cr/Git/Reconfigurable_Computing/Exame/Toplevel/Toplevel.srcs/sources_1/bd/desigf/ip/desigf_Control_1_0_0/constrs_1/imports/Exame/Nexys4_Master.xdc:96]
Resolution: If [get_<value>] was used to populate the object, check to make sure this command returns at least one valid object.
WARNING: [Vivado 12-584] No ports matched 'led[10]'. [c:/Users/Joao/Desktop/cr/Git/Reconfigurable_Computing/Exame/Toplevel/Toplevel.srcs/sources_1/bd/desigf/ip/desigf_Control_1_0_0/constrs_1/imports/Exame/Nexys4_Master.xdc:97]
CRITICAL WARNING: [Common 17-55] 'set_property' expects at least one object. [c:/Users/Joao/Desktop/cr/Git/Reconfigurable_Computing/Exame/Toplevel/Toplevel.srcs/sources_1/bd/desigf/ip/desigf_Control_1_0_0/constrs_1/imports/Exame/Nexys4_Master.xdc:97]
Resolution: If [get_<value>] was used to populate the object, check to make sure this command returns at least one valid object.
WARNING: [Vivado 12-584] No ports matched 'led[11]'. [c:/Users/Joao/Desktop/cr/Git/Reconfigurable_Computing/Exame/Toplevel/Toplevel.srcs/sources_1/bd/desigf/ip/desigf_Control_1_0_0/constrs_1/imports/Exame/Nexys4_Master.xdc:99]
CRITICAL WARNING: [Common 17-55] 'set_property' expects at least one object. [c:/Users/Joao/Desktop/cr/Git/Reconfigurable_Computing/Exame/Toplevel/Toplevel.srcs/sources_1/bd/desigf/ip/desigf_Control_1_0_0/constrs_1/imports/Exame/Nexys4_Master.xdc:99]
Resolution: If [get_<value>] was used to populate the object, check to make sure this command returns at least one valid object.
WARNING: [Vivado 12-584] No ports matched 'led[11]'. [c:/Users/Joao/Desktop/cr/Git/Reconfigurable_Computing/Exame/Toplevel/Toplevel.srcs/sources_1/bd/desigf/ip/desigf_Control_1_0_0/constrs_1/imports/Exame/Nexys4_Master.xdc:100]
CRITICAL WARNING: [Common 17-55] 'set_property' expects at least one object. [c:/Users/Joao/Desktop/cr/Git/Reconfigurable_Computing/Exame/Toplevel/Toplevel.srcs/sources_1/bd/desigf/ip/desigf_Control_1_0_0/constrs_1/imports/Exame/Nexys4_Master.xdc:100]
Resolution: If [get_<value>] was used to populate the object, check to make sure this command returns at least one valid object.
WARNING: [Vivado 12-584] No ports matched 'led[12]'. [c:/Users/Joao/Desktop/cr/Git/Reconfigurable_Computing/Exame/Toplevel/Toplevel.srcs/sources_1/bd/desigf/ip/desigf_Control_1_0_0/constrs_1/imports/Exame/Nexys4_Master.xdc:102]
CRITICAL WARNING: [Common 17-55] 'set_property' expects at least one object. [c:/Users/Joao/Desktop/cr/Git/Reconfigurable_Computing/Exame/Toplevel/Toplevel.srcs/sources_1/bd/desigf/ip/desigf_Control_1_0_0/constrs_1/imports/Exame/Nexys4_Master.xdc:102]
Resolution: If [get_<value>] was used to populate the object, check to make sure this command returns at least one valid object.
WARNING: [Vivado 12-584] No ports matched 'led[12]'. [c:/Users/Joao/Desktop/cr/Git/Reconfigurable_Computing/Exame/Toplevel/Toplevel.srcs/sources_1/bd/desigf/ip/desigf_Control_1_0_0/constrs_1/imports/Exame/Nexys4_Master.xdc:103]
CRITICAL WARNING: [Common 17-55] 'set_property' expects at least one object. [c:/Users/Joao/Desktop/cr/Git/Reconfigurable_Computing/Exame/Toplevel/Toplevel.srcs/sources_1/bd/desigf/ip/desigf_Control_1_0_0/constrs_1/imports/Exame/Nexys4_Master.xdc:103]
Resolution: If [get_<value>] was used to populate the object, check to make sure this command returns at least one valid object.
WARNING: [Vivado 12-584] No ports matched 'led[13]'. [c:/Users/Joao/Desktop/cr/Git/Reconfigurable_Computing/Exame/Toplevel/Toplevel.srcs/sources_1/bd/desigf/ip/desigf_Control_1_0_0/constrs_1/imports/Exame/Nexys4_Master.xdc:105]
CRITICAL WARNING: [Common 17-55] 'set_property' expects at least one object. [c:/Users/Joao/Desktop/cr/Git/Reconfigurable_Computing/Exame/Toplevel/Toplevel.srcs/sources_1/bd/desigf/ip/desigf_Control_1_0_0/constrs_1/imports/Exame/Nexys4_Master.xdc:105]
Resolution: If [get_<value>] was used to populate the object, check to make sure this command returns at least one valid object.
WARNING: [Vivado 12-584] No ports matched 'led[13]'. [c:/Users/Joao/Desktop/cr/Git/Reconfigurable_Computing/Exame/Toplevel/Toplevel.srcs/sources_1/bd/desigf/ip/desigf_Control_1_0_0/constrs_1/imports/Exame/Nexys4_Master.xdc:106]
CRITICAL WARNING: [Common 17-55] 'set_property' expects at least one object. [c:/Users/Joao/Desktop/cr/Git/Reconfigurable_Computing/Exame/Toplevel/Toplevel.srcs/sources_1/bd/desigf/ip/desigf_Control_1_0_0/constrs_1/imports/Exame/Nexys4_Master.xdc:106]
Resolution: If [get_<value>] was used to populate the object, check to make sure this command returns at least one valid object.
WARNING: [Vivado 12-584] No ports matched 'led[14]'. [c:/Users/Joao/Desktop/cr/Git/Reconfigurable_Computing/Exame/Toplevel/Toplevel.srcs/sources_1/bd/desigf/ip/desigf_Control_1_0_0/constrs_1/imports/Exame/Nexys4_Master.xdc:108]
CRITICAL WARNING: [Common 17-55] 'set_property' expects at least one object. [c:/Users/Joao/Desktop/cr/Git/Reconfigurable_Computing/Exame/Toplevel/Toplevel.srcs/sources_1/bd/desigf/ip/desigf_Control_1_0_0/constrs_1/imports/Exame/Nexys4_Master.xdc:108]
Resolution: If [get_<value>] was used to populate the object, check to make sure this command returns at least one valid object.
WARNING: [Vivado 12-584] No ports matched 'led[14]'. [c:/Users/Joao/Desktop/cr/Git/Reconfigurable_Computing/Exame/Toplevel/Toplevel.srcs/sources_1/bd/desigf/ip/desigf_Control_1_0_0/constrs_1/imports/Exame/Nexys4_Master.xdc:109]
CRITICAL WARNING: [Common 17-55] 'set_property' expects at least one object. [c:/Users/Joao/Desktop/cr/Git/Reconfigurable_Computing/Exame/Toplevel/Toplevel.srcs/sources_1/bd/desigf/ip/desigf_Control_1_0_0/constrs_1/imports/Exame/Nexys4_Master.xdc:109]
Resolution: If [get_<value>] was used to populate the object, check to make sure this command returns at least one valid object.
WARNING: [Vivado 12-584] No ports matched 'led[15]'. [c:/Users/Joao/Desktop/cr/Git/Reconfigurable_Computing/Exame/Toplevel/Toplevel.srcs/sources_1/bd/desigf/ip/desigf_Control_1_0_0/constrs_1/imports/Exame/Nexys4_Master.xdc:111]
CRITICAL WARNING: [Common 17-55] 'set_property' expects at least one object. [c:/Users/Joao/Desktop/cr/Git/Reconfigurable_Computing/Exame/Toplevel/Toplevel.srcs/sources_1/bd/desigf/ip/desigf_Control_1_0_0/constrs_1/imports/Exame/Nexys4_Master.xdc:111]
Resolution: If [get_<value>] was used to populate the object, check to make sure this command returns at least one valid object.
WARNING: [Vivado 12-584] No ports matched 'led[15]'. [c:/Users/Joao/Desktop/cr/Git/Reconfigurable_Computing/Exame/Toplevel/Toplevel.srcs/sources_1/bd/desigf/ip/desigf_Control_1_0_0/constrs_1/imports/Exame/Nexys4_Master.xdc:112]
CRITICAL WARNING: [Common 17-55] 'set_property' expects at least one object. [c:/Users/Joao/Desktop/cr/Git/Reconfigurable_Computing/Exame/Toplevel/Toplevel.srcs/sources_1/bd/desigf/ip/desigf_Control_1_0_0/constrs_1/imports/Exame/Nexys4_Master.xdc:112]
Resolution: If [get_<value>] was used to populate the object, check to make sure this command returns at least one valid object.
WARNING: [Vivado 12-584] No ports matched 'seg[0]'. [c:/Users/Joao/Desktop/cr/Git/Reconfigurable_Computing/Exame/Toplevel/Toplevel.srcs/sources_1/bd/desigf/ip/desigf_Control_1_0_0/constrs_1/imports/Exame/Nexys4_Master.xdc:137]
CRITICAL WARNING: [Common 17-55] 'set_property' expects at least one object. [c:/Users/Joao/Desktop/cr/Git/Reconfigurable_Computing/Exame/Toplevel/Toplevel.srcs/sources_1/bd/desigf/ip/desigf_Control_1_0_0/constrs_1/imports/Exame/Nexys4_Master.xdc:137]
Resolution: If [get_<value>] was used to populate the object, check to make sure this command returns at least one valid object.
WARNING: [Vivado 12-584] No ports matched 'seg[0]'. [c:/Users/Joao/Desktop/cr/Git/Reconfigurable_Computing/Exame/Toplevel/Toplevel.srcs/sources_1/bd/desigf/ip/desigf_Control_1_0_0/constrs_1/imports/Exame/Nexys4_Master.xdc:138]
CRITICAL WARNING: [Common 17-55] 'set_property' expects at least one object. [c:/Users/Joao/Desktop/cr/Git/Reconfigurable_Computing/Exame/Toplevel/Toplevel.srcs/sources_1/bd/desigf/ip/desigf_Control_1_0_0/constrs_1/imports/Exame/Nexys4_Master.xdc:138]
Resolution: If [get_<value>] was used to populate the object, check to make sure this command returns at least one valid object.
WARNING: [Vivado 12-584] No ports matched 'seg[1]'. [c:/Users/Joao/Desktop/cr/Git/Reconfigurable_Computing/Exame/Toplevel/Toplevel.srcs/sources_1/bd/desigf/ip/desigf_Control_1_0_0/constrs_1/imports/Exame/Nexys4_Master.xdc:140]
CRITICAL WARNING: [Common 17-55] 'set_property' expects at least one object. [c:/Users/Joao/Desktop/cr/Git/Reconfigurable_Computing/Exame/Toplevel/Toplevel.srcs/sources_1/bd/desigf/ip/desigf_Control_1_0_0/constrs_1/imports/Exame/Nexys4_Master.xdc:140]
Resolution: If [get_<value>] was used to populate the object, check to make sure this command returns at least one valid object.
WARNING: [Vivado 12-584] No ports matched 'seg[1]'. [c:/Users/Joao/Desktop/cr/Git/Reconfigurable_Computing/Exame/Toplevel/Toplevel.srcs/sources_1/bd/desigf/ip/desigf_Control_1_0_0/constrs_1/imports/Exame/Nexys4_Master.xdc:141]
CRITICAL WARNING: [Common 17-55] 'set_property' expects at least one object. [c:/Users/Joao/Desktop/cr/Git/Reconfigurable_Computing/Exame/Toplevel/Toplevel.srcs/sources_1/bd/desigf/ip/desigf_Control_1_0_0/constrs_1/imports/Exame/Nexys4_Master.xdc:141]
Resolution: If [get_<value>] was used to populate the object, check to make sure this command returns at least one valid object.
WARNING: [Vivado 12-584] No ports matched 'seg[2]'. [c:/Users/Joao/Desktop/cr/Git/Reconfigurable_Computing/Exame/Toplevel/Toplevel.srcs/sources_1/bd/desigf/ip/desigf_Control_1_0_0/constrs_1/imports/Exame/Nexys4_Master.xdc:143]
CRITICAL WARNING: [Common 17-55] 'set_property' expects at least one object. [c:/Users/Joao/Desktop/cr/Git/Reconfigurable_Computing/Exame/Toplevel/Toplevel.srcs/sources_1/bd/desigf/ip/desigf_Control_1_0_0/constrs_1/imports/Exame/Nexys4_Master.xdc:143]
Resolution: If [get_<value>] was used to populate the object, check to make sure this command returns at least one valid object.
WARNING: [Vivado 12-584] No ports matched 'seg[2]'. [c:/Users/Joao/Desktop/cr/Git/Reconfigurable_Computing/Exame/Toplevel/Toplevel.srcs/sources_1/bd/desigf/ip/desigf_Control_1_0_0/constrs_1/imports/Exame/Nexys4_Master.xdc:144]
CRITICAL WARNING: [Common 17-55] 'set_property' expects at least one object. [c:/Users/Joao/Desktop/cr/Git/Reconfigurable_Computing/Exame/Toplevel/Toplevel.srcs/sources_1/bd/desigf/ip/desigf_Control_1_0_0/constrs_1/imports/Exame/Nexys4_Master.xdc:144]
Resolution: If [get_<value>] was used to populate the object, check to make sure this command returns at least one valid object.
WARNING: [Vivado 12-584] No ports matched 'seg[3]'. [c:/Users/Joao/Desktop/cr/Git/Reconfigurable_Computing/Exame/Toplevel/Toplevel.srcs/sources_1/bd/desigf/ip/desigf_Control_1_0_0/constrs_1/imports/Exame/Nexys4_Master.xdc:146]
CRITICAL WARNING: [Common 17-55] 'set_property' expects at least one object. [c:/Users/Joao/Desktop/cr/Git/Reconfigurable_Computing/Exame/Toplevel/Toplevel.srcs/sources_1/bd/desigf/ip/desigf_Control_1_0_0/constrs_1/imports/Exame/Nexys4_Master.xdc:146]
Resolution: If [get_<value>] was used to populate the object, check to make sure this command returns at least one valid object.
WARNING: [Vivado 12-584] No ports matched 'seg[3]'. [c:/Users/Joao/Desktop/cr/Git/Reconfigurable_Computing/Exame/Toplevel/Toplevel.srcs/sources_1/bd/desigf/ip/desigf_Control_1_0_0/constrs_1/imports/Exame/Nexys4_Master.xdc:147]
CRITICAL WARNING: [Common 17-55] 'set_property' expects at least one object. [c:/Users/Joao/Desktop/cr/Git/Reconfigurable_Computing/Exame/Toplevel/Toplevel.srcs/sources_1/bd/desigf/ip/desigf_Control_1_0_0/constrs_1/imports/Exame/Nexys4_Master.xdc:147]
Resolution: If [get_<value>] was used to populate the object, check to make sure this command returns at least one valid object.
WARNING: [Vivado 12-584] No ports matched 'seg[4]'. [c:/Users/Joao/Desktop/cr/Git/Reconfigurable_Computing/Exame/Toplevel/Toplevel.srcs/sources_1/bd/desigf/ip/desigf_Control_1_0_0/constrs_1/imports/Exame/Nexys4_Master.xdc:149]
CRITICAL WARNING: [Common 17-55] 'set_property' expects at least one object. [c:/Users/Joao/Desktop/cr/Git/Reconfigurable_Computing/Exame/Toplevel/Toplevel.srcs/sources_1/bd/desigf/ip/desigf_Control_1_0_0/constrs_1/imports/Exame/Nexys4_Master.xdc:149]
Resolution: If [get_<value>] was used to populate the object, check to make sure this command returns at least one valid object.
WARNING: [Vivado 12-584] No ports matched 'seg[4]'. [c:/Users/Joao/Desktop/cr/Git/Reconfigurable_Computing/Exame/Toplevel/Toplevel.srcs/sources_1/bd/desigf/ip/desigf_Control_1_0_0/constrs_1/imports/Exame/Nexys4_Master.xdc:150]
CRITICAL WARNING: [Common 17-55] 'set_property' expects at least one object. [c:/Users/Joao/Desktop/cr/Git/Reconfigurable_Computing/Exame/Toplevel/Toplevel.srcs/sources_1/bd/desigf/ip/desigf_Control_1_0_0/constrs_1/imports/Exame/Nexys4_Master.xdc:150]
Resolution: If [get_<value>] was used to populate the object, check to make sure this command returns at least one valid object.
WARNING: [Vivado 12-584] No ports matched 'seg[5]'. [c:/Users/Joao/Desktop/cr/Git/Reconfigurable_Computing/Exame/Toplevel/Toplevel.srcs/sources_1/bd/desigf/ip/desigf_Control_1_0_0/constrs_1/imports/Exame/Nexys4_Master.xdc:152]
CRITICAL WARNING: [Common 17-55] 'set_property' expects at least one object. [c:/Users/Joao/Desktop/cr/Git/Reconfigurable_Computing/Exame/Toplevel/Toplevel.srcs/sources_1/bd/desigf/ip/desigf_Control_1_0_0/constrs_1/imports/Exame/Nexys4_Master.xdc:152]
Resolution: If [get_<value>] was used to populate the object, check to make sure this command returns at least one valid object.
WARNING: [Vivado 12-584] No ports matched 'seg[5]'. [c:/Users/Joao/Desktop/cr/Git/Reconfigurable_Computing/Exame/Toplevel/Toplevel.srcs/sources_1/bd/desigf/ip/desigf_Control_1_0_0/constrs_1/imports/Exame/Nexys4_Master.xdc:153]
CRITICAL WARNING: [Common 17-55] 'set_property' expects at least one object. [c:/Users/Joao/Desktop/cr/Git/Reconfigurable_Computing/Exame/Toplevel/Toplevel.srcs/sources_1/bd/desigf/ip/desigf_Control_1_0_0/constrs_1/imports/Exame/Nexys4_Master.xdc:153]
Resolution: If [get_<value>] was used to populate the object, check to make sure this command returns at least one valid object.
WARNING: [Vivado 12-584] No ports matched 'seg[6]'. [c:/Users/Joao/Desktop/cr/Git/Reconfigurable_Computing/Exame/Toplevel/Toplevel.srcs/sources_1/bd/desigf/ip/desigf_Control_1_0_0/constrs_1/imports/Exame/Nexys4_Master.xdc:155]
CRITICAL WARNING: [Common 17-55] 'set_property' expects at least one object. [c:/Users/Joao/Desktop/cr/Git/Reconfigurable_Computing/Exame/Toplevel/Toplevel.srcs/sources_1/bd/desigf/ip/desigf_Control_1_0_0/constrs_1/imports/Exame/Nexys4_Master.xdc:155]
Resolution: If [get_<value>] was used to populate the object, check to make sure this command returns at least one valid object.
WARNING: [Vivado 12-584] No ports matched 'seg[6]'. [c:/Users/Joao/Desktop/cr/Git/Reconfigurable_Computing/Exame/Toplevel/Toplevel.srcs/sources_1/bd/desigf/ip/desigf_Control_1_0_0/constrs_1/imports/Exame/Nexys4_Master.xdc:156]
CRITICAL WARNING: [Common 17-55] 'set_property' expects at least one object. [c:/Users/Joao/Desktop/cr/Git/Reconfigurable_Computing/Exame/Toplevel/Toplevel.srcs/sources_1/bd/desigf/ip/desigf_Control_1_0_0/constrs_1/imports/Exame/Nexys4_Master.xdc:156]
Resolution: If [get_<value>] was used to populate the object, check to make sure this command returns at least one valid object.
WARNING: [Vivado 12-584] No ports matched 'an[0]'. [c:/Users/Joao/Desktop/cr/Git/Reconfigurable_Computing/Exame/Toplevel/Toplevel.srcs/sources_1/bd/desigf/ip/desigf_Control_1_0_0/constrs_1/imports/Exame/Nexys4_Master.xdc:163]
CRITICAL WARNING: [Common 17-55] 'set_property' expects at least one object. [c:/Users/Joao/Desktop/cr/Git/Reconfigurable_Computing/Exame/Toplevel/Toplevel.srcs/sources_1/bd/desigf/ip/desigf_Control_1_0_0/constrs_1/imports/Exame/Nexys4_Master.xdc:163]
Resolution: If [get_<value>] was used to populate the object, check to make sure this command returns at least one valid object.
WARNING: [Vivado 12-584] No ports matched 'an[0]'. [c:/Users/Joao/Desktop/cr/Git/Reconfigurable_Computing/Exame/Toplevel/Toplevel.srcs/sources_1/bd/desigf/ip/desigf_Control_1_0_0/constrs_1/imports/Exame/Nexys4_Master.xdc:164]
CRITICAL WARNING: [Common 17-55] 'set_property' expects at least one object. [c:/Users/Joao/Desktop/cr/Git/Reconfigurable_Computing/Exame/Toplevel/Toplevel.srcs/sources_1/bd/desigf/ip/desigf_Control_1_0_0/constrs_1/imports/Exame/Nexys4_Master.xdc:164]
Resolution: If [get_<value>] was used to populate the object, check to make sure this command returns at least one valid object.
WARNING: [Vivado 12-584] No ports matched 'an[1]'. [c:/Users/Joao/Desktop/cr/Git/Reconfigurable_Computing/Exame/Toplevel/Toplevel.srcs/sources_1/bd/desigf/ip/desigf_Control_1_0_0/constrs_1/imports/Exame/Nexys4_Master.xdc:166]
CRITICAL WARNING: [Common 17-55] 'set_property' expects at least one object. [c:/Users/Joao/Desktop/cr/Git/Reconfigurable_Computing/Exame/Toplevel/Toplevel.srcs/sources_1/bd/desigf/ip/desigf_Control_1_0_0/constrs_1/imports/Exame/Nexys4_Master.xdc:166]
Resolution: If [get_<value>] was used to populate the object, check to make sure this command returns at least one valid object.
WARNING: [Vivado 12-584] No ports matched 'an[1]'. [c:/Users/Joao/Desktop/cr/Git/Reconfigurable_Computing/Exame/Toplevel/Toplevel.srcs/sources_1/bd/desigf/ip/desigf_Control_1_0_0/constrs_1/imports/Exame/Nexys4_Master.xdc:167]
CRITICAL WARNING: [Common 17-55] 'set_property' expects at least one object. [c:/Users/Joao/Desktop/cr/Git/Reconfigurable_Computing/Exame/Toplevel/Toplevel.srcs/sources_1/bd/desigf/ip/desigf_Control_1_0_0/constrs_1/imports/Exame/Nexys4_Master.xdc:167]
Resolution: If [get_<value>] was used to populate the object, check to make sure this command returns at least one valid object.
WARNING: [Vivado 12-584] No ports matched 'an[2]'. [c:/Users/Joao/Desktop/cr/Git/Reconfigurable_Computing/Exame/Toplevel/Toplevel.srcs/sources_1/bd/desigf/ip/desigf_Control_1_0_0/constrs_1/imports/Exame/Nexys4_Master.xdc:169]
CRITICAL WARNING: [Common 17-55] 'set_property' expects at least one object. [c:/Users/Joao/Desktop/cr/Git/Reconfigurable_Computing/Exame/Toplevel/Toplevel.srcs/sources_1/bd/desigf/ip/desigf_Control_1_0_0/constrs_1/imports/Exame/Nexys4_Master.xdc:169]
Resolution: If [get_<value>] was used to populate the object, check to make sure this command returns at least one valid object.
WARNING: [Vivado 12-584] No ports matched 'an[2]'. [c:/Users/Joao/Desktop/cr/Git/Reconfigurable_Computing/Exame/Toplevel/Toplevel.srcs/sources_1/bd/desigf/ip/desigf_Control_1_0_0/constrs_1/imports/Exame/Nexys4_Master.xdc:170]
CRITICAL WARNING: [Common 17-55] 'set_property' expects at least one object. [c:/Users/Joao/Desktop/cr/Git/Reconfigurable_Computing/Exame/Toplevel/Toplevel.srcs/sources_1/bd/desigf/ip/desigf_Control_1_0_0/constrs_1/imports/Exame/Nexys4_Master.xdc:170]
Resolution: If [get_<value>] was used to populate the object, check to make sure this command returns at least one valid object.
WARNING: [Vivado 12-584] No ports matched 'an[3]'. [c:/Users/Joao/Desktop/cr/Git/Reconfigurable_Computing/Exame/Toplevel/Toplevel.srcs/sources_1/bd/desigf/ip/desigf_Control_1_0_0/constrs_1/imports/Exame/Nexys4_Master.xdc:172]
CRITICAL WARNING: [Common 17-55] 'set_property' expects at least one object. [c:/Users/Joao/Desktop/cr/Git/Reconfigurable_Computing/Exame/Toplevel/Toplevel.srcs/sources_1/bd/desigf/ip/desigf_Control_1_0_0/constrs_1/imports/Exame/Nexys4_Master.xdc:172]
Resolution: If [get_<value>] was used to populate the object, check to make sure this command returns at least one valid object.
WARNING: [Vivado 12-584] No ports matched 'an[3]'. [c:/Users/Joao/Desktop/cr/Git/Reconfigurable_Computing/Exame/Toplevel/Toplevel.srcs/sources_1/bd/desigf/ip/desigf_Control_1_0_0/constrs_1/imports/Exame/Nexys4_Master.xdc:173]
CRITICAL WARNING: [Common 17-55] 'set_property' expects at least one object. [c:/Users/Joao/Desktop/cr/Git/Reconfigurable_Computing/Exame/Toplevel/Toplevel.srcs/sources_1/bd/desigf/ip/desigf_Control_1_0_0/constrs_1/imports/Exame/Nexys4_Master.xdc:173]
Resolution: If [get_<value>] was used to populate the object, check to make sure this command returns at least one valid object.
WARNING: [Vivado 12-584] No ports matched 'an[4]'. [c:/Users/Joao/Desktop/cr/Git/Reconfigurable_Computing/Exame/Toplevel/Toplevel.srcs/sources_1/bd/desigf/ip/desigf_Control_1_0_0/constrs_1/imports/Exame/Nexys4_Master.xdc:175]
CRITICAL WARNING: [Common 17-55] 'set_property' expects at least one object. [c:/Users/Joao/Desktop/cr/Git/Reconfigurable_Computing/Exame/Toplevel/Toplevel.srcs/sources_1/bd/desigf/ip/desigf_Control_1_0_0/constrs_1/imports/Exame/Nexys4_Master.xdc:175]
Resolution: If [get_<value>] was used to populate the object, check to make sure this command returns at least one valid object.
WARNING: [Vivado 12-584] No ports matched 'an[4]'. [c:/Users/Joao/Desktop/cr/Git/Reconfigurable_Computing/Exame/Toplevel/Toplevel.srcs/sources_1/bd/desigf/ip/desigf_Control_1_0_0/constrs_1/imports/Exame/Nexys4_Master.xdc:176]
CRITICAL WARNING: [Common 17-55] 'set_property' expects at least one object. [c:/Users/Joao/Desktop/cr/Git/Reconfigurable_Computing/Exame/Toplevel/Toplevel.srcs/sources_1/bd/desigf/ip/desigf_Control_1_0_0/constrs_1/imports/Exame/Nexys4_Master.xdc:176]
Resolution: If [get_<value>] was used to populate the object, check to make sure this command returns at least one valid object.
WARNING: [Vivado 12-584] No ports matched 'an[5]'. [c:/Users/Joao/Desktop/cr/Git/Reconfigurable_Computing/Exame/Toplevel/Toplevel.srcs/sources_1/bd/desigf/ip/desigf_Control_1_0_0/constrs_1/imports/Exame/Nexys4_Master.xdc:178]
CRITICAL WARNING: [Common 17-55] 'set_property' expects at least one object. [c:/Users/Joao/Desktop/cr/Git/Reconfigurable_Computing/Exame/Toplevel/Toplevel.srcs/sources_1/bd/desigf/ip/desigf_Control_1_0_0/constrs_1/imports/Exame/Nexys4_Master.xdc:178]
Resolution: If [get_<value>] was used to populate the object, check to make sure this command returns at least one valid object.
WARNING: [Vivado 12-584] No ports matched 'an[5]'. [c:/Users/Joao/Desktop/cr/Git/Reconfigurable_Computing/Exame/Toplevel/Toplevel.srcs/sources_1/bd/desigf/ip/desigf_Control_1_0_0/constrs_1/imports/Exame/Nexys4_Master.xdc:179]
CRITICAL WARNING: [Common 17-55] 'set_property' expects at least one object. [c:/Users/Joao/Desktop/cr/Git/Reconfigurable_Computing/Exame/Toplevel/Toplevel.srcs/sources_1/bd/desigf/ip/desigf_Control_1_0_0/constrs_1/imports/Exame/Nexys4_Master.xdc:179]
Resolution: If [get_<value>] was used to populate the object, check to make sure this command returns at least one valid object.
WARNING: [Vivado 12-584] No ports matched 'an[6]'. [c:/Users/Joao/Desktop/cr/Git/Reconfigurable_Computing/Exame/Toplevel/Toplevel.srcs/sources_1/bd/desigf/ip/desigf_Control_1_0_0/constrs_1/imports/Exame/Nexys4_Master.xdc:181]
CRITICAL WARNING: [Common 17-55] 'set_property' expects at least one object. [c:/Users/Joao/Desktop/cr/Git/Reconfigurable_Computing/Exame/Toplevel/Toplevel.srcs/sources_1/bd/desigf/ip/desigf_Control_1_0_0/constrs_1/imports/Exame/Nexys4_Master.xdc:181]
Resolution: If [get_<value>] was used to populate the object, check to make sure this command returns at least one valid object.
WARNING: [Vivado 12-584] No ports matched 'an[6]'. [c:/Users/Joao/Desktop/cr/Git/Reconfigurable_Computing/Exame/Toplevel/Toplevel.srcs/sources_1/bd/desigf/ip/desigf_Control_1_0_0/constrs_1/imports/Exame/Nexys4_Master.xdc:182]
CRITICAL WARNING: [Common 17-55] 'set_property' expects at least one object. [c:/Users/Joao/Desktop/cr/Git/Reconfigurable_Computing/Exame/Toplevel/Toplevel.srcs/sources_1/bd/desigf/ip/desigf_Control_1_0_0/constrs_1/imports/Exame/Nexys4_Master.xdc:182]
Resolution: If [get_<value>] was used to populate the object, check to make sure this command returns at least one valid object.
WARNING: [Vivado 12-584] No ports matched 'an[7]'. [c:/Users/Joao/Desktop/cr/Git/Reconfigurable_Computing/Exame/Toplevel/Toplevel.srcs/sources_1/bd/desigf/ip/desigf_Control_1_0_0/constrs_1/imports/Exame/Nexys4_Master.xdc:184]
CRITICAL WARNING: [Common 17-55] 'set_property' expects at least one object. [c:/Users/Joao/Desktop/cr/Git/Reconfigurable_Computing/Exame/Toplevel/Toplevel.srcs/sources_1/bd/desigf/ip/desigf_Control_1_0_0/constrs_1/imports/Exame/Nexys4_Master.xdc:184]
Resolution: If [get_<value>] was used to populate the object, check to make sure this command returns at least one valid object.
WARNING: [Vivado 12-584] No ports matched 'an[7]'. [c:/Users/Joao/Desktop/cr/Git/Reconfigurable_Computing/Exame/Toplevel/Toplevel.srcs/sources_1/bd/desigf/ip/desigf_Control_1_0_0/constrs_1/imports/Exame/Nexys4_Master.xdc:185]
CRITICAL WARNING: [Common 17-55] 'set_property' expects at least one object. [c:/Users/Joao/Desktop/cr/Git/Reconfigurable_Computing/Exame/Toplevel/Toplevel.srcs/sources_1/bd/desigf/ip/desigf_Control_1_0_0/constrs_1/imports/Exame/Nexys4_Master.xdc:185]
Resolution: If [get_<value>] was used to populate the object, check to make sure this command returns at least one valid object.
WARNING: [Vivado 12-584] No ports matched 'btnC'. [c:/Users/Joao/Desktop/cr/Git/Reconfigurable_Computing/Exame/Toplevel/Toplevel.srcs/sources_1/bd/desigf/ip/desigf_Control_1_0_0/constrs_1/imports/Exame/Nexys4_Master.xdc:194]
CRITICAL WARNING: [Common 17-55] 'set_property' expects at least one object. [c:/Users/Joao/Desktop/cr/Git/Reconfigurable_Computing/Exame/Toplevel/Toplevel.srcs/sources_1/bd/desigf/ip/desigf_Control_1_0_0/constrs_1/imports/Exame/Nexys4_Master.xdc:194]
Resolution: If [get_<value>] was used to populate the object, check to make sure this command returns at least one valid object.
WARNING: [Vivado 12-584] No ports matched 'btnC'. [c:/Users/Joao/Desktop/cr/Git/Reconfigurable_Computing/Exame/Toplevel/Toplevel.srcs/sources_1/bd/desigf/ip/desigf_Control_1_0_0/constrs_1/imports/Exame/Nexys4_Master.xdc:195]
CRITICAL WARNING: [Common 17-55] 'set_property' expects at least one object. [c:/Users/Joao/Desktop/cr/Git/Reconfigurable_Computing/Exame/Toplevel/Toplevel.srcs/sources_1/bd/desigf/ip/desigf_Control_1_0_0/constrs_1/imports/Exame/Nexys4_Master.xdc:195]
Resolution: If [get_<value>] was used to populate the object, check to make sure this command returns at least one valid object.
WARNING: [Vivado 12-584] No ports matched 'btnU'. [c:/Users/Joao/Desktop/cr/Git/Reconfigurable_Computing/Exame/Toplevel/Toplevel.srcs/sources_1/bd/desigf/ip/desigf_Control_1_0_0/constrs_1/imports/Exame/Nexys4_Master.xdc:197]
CRITICAL WARNING: [Common 17-55] 'set_property' expects at least one object. [c:/Users/Joao/Desktop/cr/Git/Reconfigurable_Computing/Exame/Toplevel/Toplevel.srcs/sources_1/bd/desigf/ip/desigf_Control_1_0_0/constrs_1/imports/Exame/Nexys4_Master.xdc:197]
Resolution: If [get_<value>] was used to populate the object, check to make sure this command returns at least one valid object.
WARNING: [Vivado 12-584] No ports matched 'btnU'. [c:/Users/Joao/Desktop/cr/Git/Reconfigurable_Computing/Exame/Toplevel/Toplevel.srcs/sources_1/bd/desigf/ip/desigf_Control_1_0_0/constrs_1/imports/Exame/Nexys4_Master.xdc:198]
CRITICAL WARNING: [Common 17-55] 'set_property' expects at least one object. [c:/Users/Joao/Desktop/cr/Git/Reconfigurable_Computing/Exame/Toplevel/Toplevel.srcs/sources_1/bd/desigf/ip/desigf_Control_1_0_0/constrs_1/imports/Exame/Nexys4_Master.xdc:198]
Resolution: If [get_<value>] was used to populate the object, check to make sure this command returns at least one valid object.
WARNING: [Vivado 12-584] No ports matched 'btnL'. [c:/Users/Joao/Desktop/cr/Git/Reconfigurable_Computing/Exame/Toplevel/Toplevel.srcs/sources_1/bd/desigf/ip/desigf_Control_1_0_0/constrs_1/imports/Exame/Nexys4_Master.xdc:200]
CRITICAL WARNING: [Common 17-55] 'set_property' expects at least one object. [c:/Users/Joao/Desktop/cr/Git/Reconfigurable_Computing/Exame/Toplevel/Toplevel.srcs/sources_1/bd/desigf/ip/desigf_Control_1_0_0/constrs_1/imports/Exame/Nexys4_Master.xdc:200]
Resolution: If [get_<value>] was used to populate the object, check to make sure this command returns at least one valid object.
WARNING: [Vivado 12-584] No ports matched 'btnL'. [c:/Users/Joao/Desktop/cr/Git/Reconfigurable_Computing/Exame/Toplevel/Toplevel.srcs/sources_1/bd/desigf/ip/desigf_Control_1_0_0/constrs_1/imports/Exame/Nexys4_Master.xdc:201]
CRITICAL WARNING: [Common 17-55] 'set_property' expects at least one object. [c:/Users/Joao/Desktop/cr/Git/Reconfigurable_Computing/Exame/Toplevel/Toplevel.srcs/sources_1/bd/desigf/ip/desigf_Control_1_0_0/constrs_1/imports/Exame/Nexys4_Master.xdc:201]
Resolution: If [get_<value>] was used to populate the object, check to make sure this command returns at least one valid object.
WARNING: [Vivado 12-584] No ports matched 'btnR'. [c:/Users/Joao/Desktop/cr/Git/Reconfigurable_Computing/Exame/Toplevel/Toplevel.srcs/sources_1/bd/desigf/ip/desigf_Control_1_0_0/constrs_1/imports/Exame/Nexys4_Master.xdc:203]
CRITICAL WARNING: [Common 17-55] 'set_property' expects at least one object. [c:/Users/Joao/Desktop/cr/Git/Reconfigurable_Computing/Exame/Toplevel/Toplevel.srcs/sources_1/bd/desigf/ip/desigf_Control_1_0_0/constrs_1/imports/Exame/Nexys4_Master.xdc:203]
Resolution: If [get_<value>] was used to populate the object, check to make sure this command returns at least one valid object.
WARNING: [Vivado 12-584] No ports matched 'btnR'. [c:/Users/Joao/Desktop/cr/Git/Reconfigurable_Computing/Exame/Toplevel/Toplevel.srcs/sources_1/bd/desigf/ip/desigf_Control_1_0_0/constrs_1/imports/Exame/Nexys4_Master.xdc:204]
CRITICAL WARNING: [Common 17-55] 'set_property' expects at least one object. [c:/Users/Joao/Desktop/cr/Git/Reconfigurable_Computing/Exame/Toplevel/Toplevel.srcs/sources_1/bd/desigf/ip/desigf_Control_1_0_0/constrs_1/imports/Exame/Nexys4_Master.xdc:204]
Resolution: If [get_<value>] was used to populate the object, check to make sure this command returns at least one valid object.
WARNING: [Vivado 12-584] No ports matched 'btnD'. [c:/Users/Joao/Desktop/cr/Git/Reconfigurable_Computing/Exame/Toplevel/Toplevel.srcs/sources_1/bd/desigf/ip/desigf_Control_1_0_0/constrs_1/imports/Exame/Nexys4_Master.xdc:206]
CRITICAL WARNING: [Common 17-55] 'set_property' expects at least one object. [c:/Users/Joao/Desktop/cr/Git/Reconfigurable_Computing/Exame/Toplevel/Toplevel.srcs/sources_1/bd/desigf/ip/desigf_Control_1_0_0/constrs_1/imports/Exame/Nexys4_Master.xdc:206]
Resolution: If [get_<value>] was used to populate the object, check to make sure this command returns at least one valid object.
WARNING: [Vivado 12-584] No ports matched 'btnD'. [c:/Users/Joao/Desktop/cr/Git/Reconfigurable_Computing/Exame/Toplevel/Toplevel.srcs/sources_1/bd/desigf/ip/desigf_Control_1_0_0/constrs_1/imports/Exame/Nexys4_Master.xdc:207]
CRITICAL WARNING: [Common 17-55] 'set_property' expects at least one object. [c:/Users/Joao/Desktop/cr/Git/Reconfigurable_Computing/Exame/Toplevel/Toplevel.srcs/sources_1/bd/desigf/ip/desigf_Control_1_0_0/constrs_1/imports/Exame/Nexys4_Master.xdc:207]
Resolution: If [get_<value>] was used to populate the object, check to make sure this command returns at least one valid object.
Finished Parsing XDC File [c:/Users/Joao/Desktop/cr/Git/Reconfigurable_Computing/Exame/Toplevel/Toplevel.srcs/sources_1/bd/desigf/ip/desigf_Control_1_0_0/constrs_1/imports/Exame/Nexys4_Master.xdc] for cell 'U0'
INFO: [Project 1-236] Implementation specific constraints were found while reading constraint file [c:/Users/Joao/Desktop/cr/Git/Reconfigurable_Computing/Exame/Toplevel/Toplevel.srcs/sources_1/bd/desigf/ip/desigf_Control_1_0_0/constrs_1/imports/Exame/Nexys4_Master.xdc]. These constraints will be ignored for synthesis but will be used in implementation. Impacted constraints are listed in the file [.Xil/desigf_Control_1_0_0_propImpl.xdc].
Resolution: To avoid this warning, move constraints listed in [.Xil/desigf_Control_1_0_0_propImpl.xdc] to another XDC file and exclude this new file from synthesis with the used_in_synthesis property (File Properties dialog in GUI) and re-run elaboration/synthesis.
Parsing XDC File [C:/Users/Joao/Desktop/cr/Git/Reconfigurable_Computing/Exame/Toplevel/Toplevel.runs/desigf_Control_1_0_0_synth_1/dont_touch.xdc]
Finished Parsing XDC File [C:/Users/Joao/Desktop/cr/Git/Reconfigurable_Computing/Exame/Toplevel/Toplevel.runs/desigf_Control_1_0_0_synth_1/dont_touch.xdc]
Completed Processing XDC Constraints

INFO: [Project 1-111] Unisim Transformation Summary:
No Unisim elements were transformed.

Constraint Validation Runtime : Time (s): cpu = 00:00:00 ; elapsed = 00:00:00.094 . Memory (MB): peak = 598.871 ; gain = 0.027
---------------------------------------------------------------------------------
Finished Constraint Validation : Time (s): cpu = 00:00:33 ; elapsed = 00:01:00 . Memory (MB): peak = 598.871 ; gain = 388.637
---------------------------------------------------------------------------------
---------------------------------------------------------------------------------
Start Loading Part and Timing Information
---------------------------------------------------------------------------------
Loading part: xc7a100tcsg324-1
---------------------------------------------------------------------------------
Finished Loading Part and Timing Information : Time (s): cpu = 00:00:33 ; elapsed = 00:01:00 . Memory (MB): peak = 598.871 ; gain = 388.637
---------------------------------------------------------------------------------
---------------------------------------------------------------------------------
Start Applying 'set_property' XDC Constraints
---------------------------------------------------------------------------------
Applied set_property DONT_TOUCH = true for U0. (constraint file  auto generated constraint, line ).
---------------------------------------------------------------------------------
Finished applying 'set_property' XDC Constraints : Time (s): cpu = 00:00:33 ; elapsed = 00:01:00 . Memory (MB): peak = 598.871 ; gain = 388.637
---------------------------------------------------------------------------------
---------------------------------------------------------------------------------
Finished RTL Optimization Phase 2 : Time (s): cpu = 00:00:33 ; elapsed = 00:01:01 . Memory (MB): peak = 598.871 ; gain = 388.637
---------------------------------------------------------------------------------

Report RTL Partitions: 
+-+--------------+------------+----------+
| |RTL Partition |Replication |Instances |
+-+--------------+------------+----------+
+-+--------------+------------+----------+
---------------------------------------------------------------------------------
Start RTL Component Statistics 
---------------------------------------------------------------------------------
Detailed RTL Component Info : 
+---Adders : 
	   2 Input      2 Bit       Adders := 1     
+---Registers : 
	                2 Bit    Registers := 3     
	                1 Bit    Registers := 1     
+---Muxes : 
	   4 Input      4 Bit        Muxes := 2     
	   2 Input      2 Bit        Muxes := 1     
---------------------------------------------------------------------------------
Finished RTL Component Statistics 
---------------------------------------------------------------------------------
---------------------------------------------------------------------------------
Start RTL Hierarchical Component Statistics 
---------------------------------------------------------------------------------
Hierarchical RTL Component report 
Module Control_1 
Detailed RTL Component Info : 
+---Adders : 
	   2 Input      2 Bit       Adders := 1     
+---Registers : 
	                2 Bit    Registers := 3     
	                1 Bit    Registers := 1     
+---Muxes : 
	   4 Input      4 Bit        Muxes := 2     
	   2 Input      2 Bit        Muxes := 1     
---------------------------------------------------------------------------------
Finished RTL Hierarchical Component Statistics
---------------------------------------------------------------------------------
---------------------------------------------------------------------------------
Start Part Resource Summary
---------------------------------------------------------------------------------
Part Resources:
DSPs: 240 (col length:80)
BRAMs: 270 (col length: RAMB18 80 RAMB36 40)
---------------------------------------------------------------------------------
Finished Part Resource Summary
---------------------------------------------------------------------------------
---------------------------------------------------------------------------------
Start Cross Boundary and Area Optimization
---------------------------------------------------------------------------------
INFO: [Synth 8-3886] merging instance 'U0/addr_reg[0]' (FD) to 'U0/addr_reg[1]'
INFO: [Synth 8-3333] propagating constant 0 across sequential element (U0/\addr_reg[1] )
INFO: [Synth 8-3333] propagating constant 1 across sequential element (U0/current_state_reg)
WARNING: [Synth 8-3332] Sequential element (addr_reg[1]) is unused and will be removed from module Control_1.
WARNING: [Synth 8-3332] Sequential element (current_state_reg) is unused and will be removed from module Control_1.
---------------------------------------------------------------------------------
Finished Cross Boundary and Area Optimization : Time (s): cpu = 00:00:34 ; elapsed = 00:01:02 . Memory (MB): peak = 598.871 ; gain = 388.637
---------------------------------------------------------------------------------

Report RTL Partitions: 
+-+--------------+------------+----------+
| |RTL Partition |Replication |Instances |
+-+--------------+------------+----------+
+-+--------------+------------+----------+
---------------------------------------------------------------------------------
Start Timing Optimization
---------------------------------------------------------------------------------
---------------------------------------------------------------------------------
Start Applying XDC Timing Constraints
---------------------------------------------------------------------------------
---------------------------------------------------------------------------------
Finished Applying XDC Timing Constraints : Time (s): cpu = 00:00:54 ; elapsed = 00:01:24 . Memory (MB): peak = 598.871 ; gain = 388.637
---------------------------------------------------------------------------------
---------------------------------------------------------------------------------
Finished Timing Optimization : Time (s): cpu = 00:00:54 ; elapsed = 00:01:24 . Memory (MB): peak = 598.871 ; gain = 388.637
---------------------------------------------------------------------------------

Report RTL Partitions: 
+-+--------------+------------+----------+
| |RTL Partition |Replication |Instances |
+-+--------------+------------+----------+
+-+--------------+------------+----------+
---------------------------------------------------------------------------------
Start Technology Mapping
---------------------------------------------------------------------------------
---------------------------------------------------------------------------------
Finished Technology Mapping : Time (s): cpu = 00:00:54 ; elapsed = 00:01:24 . Memory (MB): peak = 608.684 ; gain = 398.449
---------------------------------------------------------------------------------

Report RTL Partitions: 
+-+--------------+------------+----------+
| |RTL Partition |Replication |Instances |
+-+--------------+------------+----------+
+-+--------------+------------+----------+
---------------------------------------------------------------------------------
Start IO Insertion
---------------------------------------------------------------------------------
---------------------------------------------------------------------------------
Start Flattening Before IO Insertion
---------------------------------------------------------------------------------
---------------------------------------------------------------------------------
Finished Flattening Before IO Insertion
---------------------------------------------------------------------------------
---------------------------------------------------------------------------------
Start Final Netlist Cleanup
---------------------------------------------------------------------------------
---------------------------------------------------------------------------------
Finished Final Netlist Cleanup
---------------------------------------------------------------------------------
---------------------------------------------------------------------------------
Finished IO Insertion : Time (s): cpu = 00:00:55 ; elapsed = 00:01:25 . Memory (MB): peak = 608.684 ; gain = 398.449
---------------------------------------------------------------------------------

Report Check Netlist: 
+------+------------------+-------+---------+-------+------------------+
|      |Item              |Errors |Warnings |Status |Description       |
+------+------------------+-------+---------+-------+------------------+
|1     |multi_driven_nets |      0|        0|Passed |Multi driven nets |
+------+------------------+-------+---------+-------+------------------+
---------------------------------------------------------------------------------
Start Renaming Generated Instances
---------------------------------------------------------------------------------
---------------------------------------------------------------------------------
Finished Renaming Generated Instances : Time (s): cpu = 00:00:55 ; elapsed = 00:01:25 . Memory (MB): peak = 608.684 ; gain = 398.449
---------------------------------------------------------------------------------

Report RTL Partitions: 
+-+--------------+------------+----------+
| |RTL Partition |Replication |Instances |
+-+--------------+------------+----------+
+-+--------------+------------+----------+
---------------------------------------------------------------------------------
Start Rebuilding User Hierarchy
---------------------------------------------------------------------------------
---------------------------------------------------------------------------------
Finished Rebuilding User Hierarchy : Time (s): cpu = 00:00:55 ; elapsed = 00:01:25 . Memory (MB): peak = 608.684 ; gain = 398.449
---------------------------------------------------------------------------------
---------------------------------------------------------------------------------
Start Renaming Generated Ports
---------------------------------------------------------------------------------
---------------------------------------------------------------------------------
Finished Renaming Generated Ports : Time (s): cpu = 00:00:55 ; elapsed = 00:01:25 . Memory (MB): peak = 608.684 ; gain = 398.449
---------------------------------------------------------------------------------
---------------------------------------------------------------------------------
Start Handling Custom Attributes
---------------------------------------------------------------------------------
---------------------------------------------------------------------------------
Finished Handling Custom Attributes : Time (s): cpu = 00:00:56 ; elapsed = 00:01:25 . Memory (MB): peak = 608.684 ; gain = 398.449
---------------------------------------------------------------------------------
---------------------------------------------------------------------------------
Start Renaming Generated Nets
---------------------------------------------------------------------------------
---------------------------------------------------------------------------------
Finished Renaming Generated Nets : Time (s): cpu = 00:00:56 ; elapsed = 00:01:25 . Memory (MB): peak = 608.684 ; gain = 398.449
---------------------------------------------------------------------------------
---------------------------------------------------------------------------------
Start Writing Synthesis Report
---------------------------------------------------------------------------------

Report BlackBoxes: 
+-+--------------+----------+
| |BlackBox name |Instances |
+-+--------------+----------+
+-+--------------+----------+

Report Cell Usage: 
+------+-----+------+
|      |Cell |Count |
+------+-----+------+
|1     |LUT2 |     2|
|2     |LUT3 |     1|
|3     |LUT4 |     1|
|4     |LUT6 |     8|
|5     |FDRE |     4|
+------+-----+------+

Report Instance Areas: 
+------+---------+----------+------+
|      |Instance |Module    |Cells |
+------+---------+----------+------+
|1     |top      |          |    16|
|2     |  U0     |Control_1 |    16|
+------+---------+----------+------+
---------------------------------------------------------------------------------
Finished Writing Synthesis Report : Time (s): cpu = 00:00:56 ; elapsed = 00:01:25 . Memory (MB): peak = 608.684 ; gain = 398.449
---------------------------------------------------------------------------------
Synthesis finished with 0 errors, 0 critical warnings and 2 warnings.
Synthesis Optimization Runtime : Time (s): cpu = 00:00:30 ; elapsed = 00:00:45 . Memory (MB): peak = 608.684 ; gain = 123.254
Synthesis Optimization Complete : Time (s): cpu = 00:00:56 ; elapsed = 00:01:26 . Memory (MB): peak = 608.684 ; gain = 398.449
INFO: [Project 1-571] Translating synthesized netlist
INFO: [Project 1-570] Preparing netlist for logic optimization
Parsing XDC File [c:/Users/Joao/Desktop/cr/Git/Reconfigurable_Computing/Exame/Toplevel/Toplevel.srcs/sources_1/bd/desigf/ip/desigf_Control_1_0_0/constrs_1/imports/Exame/Nexys4_Master.xdc] for cell 'U0'
WARNING: [Vivado 12-584] No ports matched 'sw[3]'. [c:/Users/Joao/Desktop/cr/Git/Reconfigurable_Computing/Exame/Toplevel/Toplevel.srcs/sources_1/bd/desigf/ip/desigf_Control_1_0_0/constrs_1/imports/Exame/Nexys4_Master.xdc:23]
CRITICAL WARNING: [Common 17-55] 'set_property' expects at least one object. [c:/Users/Joao/Desktop/cr/Git/Reconfigurable_Computing/Exame/Toplevel/Toplevel.srcs/sources_1/bd/desigf/ip/desigf_Control_1_0_0/constrs_1/imports/Exame/Nexys4_Master.xdc:23]
Resolution: If [get_<value>] was used to populate the object, check to make sure this command returns at least one valid object.
WARNING: [Vivado 12-584] No ports matched 'sw[3]'. [c:/Users/Joao/Desktop/cr/Git/Reconfigurable_Computing/Exame/Toplevel/Toplevel.srcs/sources_1/bd/desigf/ip/desigf_Control_1_0_0/constrs_1/imports/Exame/Nexys4_Master.xdc:24]
INFO: [Common 17-14] Message 'Vivado 12-584' appears 100 times and further instances of the messages will be disabled. Use the Tcl command set_msg_config to change the current settings. [c:/Users/Joao/Desktop/cr/Git/Reconfigurable_Computing/Exame/Toplevel/Toplevel.srcs/sources_1/bd/desigf/ip/desigf_Control_1_0_0/constrs_1/imports/Exame/Nexys4_Master.xdc:24]
CRITICAL WARNING: [Common 17-55] 'set_property' expects at least one object. [c:/Users/Joao/Desktop/cr/Git/Reconfigurable_Computing/Exame/Toplevel/Toplevel.srcs/sources_1/bd/desigf/ip/desigf_Control_1_0_0/constrs_1/imports/Exame/Nexys4_Master.xdc:24]
Resolution: If [get_<value>] was used to populate the object, check to make sure this command returns at least one valid object.
INFO: [Common 17-14] Message 'Common 17-55' appears 100 times and further instances of the messages will be disabled. Use the Tcl command set_msg_config to change the current settings. [c:/Users/Joao/Desktop/cr/Git/Reconfigurable_Computing/Exame/Toplevel/Toplevel.srcs/sources_1/bd/desigf/ip/desigf_Control_1_0_0/constrs_1/imports/Exame/Nexys4_Master.xdc:24]
Finished Parsing XDC File [c:/Users/Joao/Desktop/cr/Git/Reconfigurable_Computing/Exame/Toplevel/Toplevel.srcs/sources_1/bd/desigf/ip/desigf_Control_1_0_0/constrs_1/imports/Exame/Nexys4_Master.xdc] for cell 'U0'
INFO: [Opt 31-138] Pushed 0 inverter(s) to 0 load pin(s).
INFO: [Project 1-111] Unisim Transformation Summary:
No Unisim elements were transformed.

INFO: [Common 17-83] Releasing license: Synthesis
20 Infos, 104 Warnings, 100 Critical Warnings and 0 Errors encountered.
synth_design completed successfully
synth_design: Time (s): cpu = 00:00:52 ; elapsed = 00:01:18 . Memory (MB): peak = 625.738 ; gain = 410.320
INFO: [Common 17-1381] The checkpoint 'C:/Users/Joao/Desktop/cr/Git/Reconfigurable_Computing/Exame/Toplevel/Toplevel.runs/desigf_Control_1_0_0_synth_1/desigf_Control_1_0_0.dcp' has been generated.
INFO: [Coretcl 2-1482] Added synthesis output to IP cache for IP c:/Users/Joao/Desktop/cr/Git/Reconfigurable_Computing/Exame/Toplevel/Toplevel.srcs/sources_1/bd/desigf/ip/desigf_Control_1_0_0/desigf_Control_1_0_0.xci
INFO: [Common 17-1381] The checkpoint 'C:/Users/Joao/Desktop/cr/Git/Reconfigurable_Computing/Exame/Toplevel/Toplevel.runs/desigf_Control_1_0_0_synth_1/desigf_Control_1_0_0.dcp' has been generated.
report_utilization: Time (s): cpu = 00:00:00 ; elapsed = 00:00:00.384 . Memory (MB): peak = 625.738 ; gain = 0.000
INFO: [Common 17-206] Exiting Vivado at Wed Apr 05 15:57:36 2017...
