
*** Running vivado
    with args -log Inverter_Test.vds -m64 -product Vivado -mode batch -messageDb vivado.pb -notrace -source Inverter_Test.tcl


****** Vivado v2016.4 (64-bit)
  **** SW Build 1756540 on Mon Jan 23 19:11:23 MST 2017
  **** IP Build 1755317 on Mon Jan 23 20:30:07 MST 2017
    ** Copyright 1986-2016 Xilinx, Inc. All Rights Reserved.

source Inverter_Test.tcl -notrace
Command: synth_design -top Inverter_Test -part xc7a100tcsg324-3
Starting synth_design
Attempting to get a license for feature 'Synthesis' and/or device 'xc7a100t'
INFO: [Common 17-349] Got license for feature 'Synthesis' and/or device 'xc7a100t'
INFO: Launching helper process for spawning children vivado processes
INFO: Helper process launched with PID 8700 
---------------------------------------------------------------------------------
Starting RTL Elaboration : Time (s): cpu = 00:00:07 ; elapsed = 00:00:12 . Memory (MB): peak = 281.805 ; gain = 71.559
---------------------------------------------------------------------------------
INFO: [Synth 8-638] synthesizing module 'Inverter_Test' [C:/Users/Joao/Desktop/cr/Git/Reconfigurable_Computing/Projecto_final/FSM/FSM/FSM.srcs/sources_1/new/ex1_tb.vhd:9]
INFO: [Synth 8-3491] module 'Inverter' declared at 'C:/Users/Joao/Desktop/cr/Git/Reconfigurable_Computing/Projecto_final/FSM/FSM/FSM.srcs/sources_1/new/Control_1.vhd:6' bound to instance 'div' of component 'Inverter' [C:/Users/Joao/Desktop/cr/Git/Reconfigurable_Computing/Projecto_final/FSM/FSM/FSM.srcs/sources_1/new/ex1_tb.vhd:32]
INFO: [Synth 8-638] synthesizing module 'Inverter' [C:/Users/Joao/Desktop/cr/Git/Reconfigurable_Computing/Projecto_final/FSM/FSM/FSM.srcs/sources_1/new/Control_1.vhd:18]
WARNING: [Synth 8-614] signal 'next_swap_index' is read in the process but is not in the sensitivity list [C:/Users/Joao/Desktop/cr/Git/Reconfigurable_Computing/Projecto_final/FSM/FSM/FSM.srcs/sources_1/new/Control_1.vhd:38]
WARNING: [Synth 8-614] signal 'next_send_index' is read in the process but is not in the sensitivity list [C:/Users/Joao/Desktop/cr/Git/Reconfigurable_Computing/Projecto_final/FSM/FSM/FSM.srcs/sources_1/new/Control_1.vhd:38]
WARNING: [Synth 8-614] signal 'enable' is read in the process but is not in the sensitivity list [C:/Users/Joao/Desktop/cr/Git/Reconfigurable_Computing/Projecto_final/FSM/FSM/FSM.srcs/sources_1/new/Control_1.vhd:53]
WARNING: [Synth 8-614] signal 'in_word' is read in the process but is not in the sensitivity list [C:/Users/Joao/Desktop/cr/Git/Reconfigurable_Computing/Projecto_final/FSM/FSM/FSM.srcs/sources_1/new/Control_1.vhd:53]
WARNING: [Synth 8-614] signal 'current_swap_index' is read in the process but is not in the sensitivity list [C:/Users/Joao/Desktop/cr/Git/Reconfigurable_Computing/Projecto_final/FSM/FSM/FSM.srcs/sources_1/new/Control_1.vhd:53]
WARNING: [Synth 8-614] signal 'converted_words' is read in the process but is not in the sensitivity list [C:/Users/Joao/Desktop/cr/Git/Reconfigurable_Computing/Projecto_final/FSM/FSM/FSM.srcs/sources_1/new/Control_1.vhd:53]
WARNING: [Synth 8-614] signal 'current_send_index' is read in the process but is not in the sensitivity list [C:/Users/Joao/Desktop/cr/Git/Reconfigurable_Computing/Projecto_final/FSM/FSM/FSM.srcs/sources_1/new/Control_1.vhd:53]
INFO: [Synth 8-256] done synthesizing module 'Inverter' (1#1) [C:/Users/Joao/Desktop/cr/Git/Reconfigurable_Computing/Projecto_final/FSM/FSM/FSM.srcs/sources_1/new/Control_1.vhd:18]
WARNING: [Synth 8-312] ignoring unsynthesizable construct: wait statement with no conditon [C:/Users/Joao/Desktop/cr/Git/Reconfigurable_Computing/Projecto_final/FSM/FSM/FSM.srcs/sources_1/new/ex1_tb.vhd:45]
WARNING: [Synth 8-312] ignoring unsynthesizable construct: wait statement with no conditon [C:/Users/Joao/Desktop/cr/Git/Reconfigurable_Computing/Projecto_final/FSM/FSM/FSM.srcs/sources_1/new/ex1_tb.vhd:52]
WARNING: [Synth 8-312] ignoring unsynthesizable construct: wait statement with no conditon [C:/Users/Joao/Desktop/cr/Git/Reconfigurable_Computing/Projecto_final/FSM/FSM/FSM.srcs/sources_1/new/ex1_tb.vhd:55]
INFO: [Synth 8-256] done synthesizing module 'Inverter_Test' (2#1) [C:/Users/Joao/Desktop/cr/Git/Reconfigurable_Computing/Projecto_final/FSM/FSM/FSM.srcs/sources_1/new/ex1_tb.vhd:9]
---------------------------------------------------------------------------------
Finished RTL Elaboration : Time (s): cpu = 00:00:09 ; elapsed = 00:00:14 . Memory (MB): peak = 319.227 ; gain = 108.980
---------------------------------------------------------------------------------

Report Check Netlist: 
+------+------------------+-------+---------+-------+------------------+
|      |Item              |Errors |Warnings |Status |Description       |
+------+------------------+-------+---------+-------+------------------+
|1     |multi_driven_nets |      0|        0|Passed |Multi driven nets |
+------+------------------+-------+---------+-------+------------------+
---------------------------------------------------------------------------------
Finished RTL Optimization Phase 1 : Time (s): cpu = 00:00:09 ; elapsed = 00:00:14 . Memory (MB): peak = 319.227 ; gain = 108.980
---------------------------------------------------------------------------------
INFO: [Device 21-403] Loading part xc7a100tcsg324-3
INFO: [Project 1-570] Preparing netlist for logic optimization

Processing XDC Constraints
Initializing timing engine
Parsing XDC File [C:/Users/Joao/Desktop/cr/Git/Reconfigurable_Computing/Projecto_final/Nexys4_Master.xdc]
WARNING: [Vivado 12-584] No ports matched 'clk'. [C:/Users/Joao/Desktop/cr/Git/Reconfigurable_Computing/Projecto_final/Nexys4_Master.xdc:8]
CRITICAL WARNING: [Common 17-55] 'set_property' expects at least one object. [C:/Users/Joao/Desktop/cr/Git/Reconfigurable_Computing/Projecto_final/Nexys4_Master.xdc:8]
Resolution: If [get_<value>] was used to populate the object, check to make sure this command returns at least one valid object.
WARNING: [Vivado 12-584] No ports matched 'clk'. [C:/Users/Joao/Desktop/cr/Git/Reconfigurable_Computing/Projecto_final/Nexys4_Master.xdc:9]
CRITICAL WARNING: [Common 17-55] 'set_property' expects at least one object. [C:/Users/Joao/Desktop/cr/Git/Reconfigurable_Computing/Projecto_final/Nexys4_Master.xdc:9]
Resolution: If [get_<value>] was used to populate the object, check to make sure this command returns at least one valid object.
WARNING: [Vivado 12-584] No ports matched 'clk'. [C:/Users/Joao/Desktop/cr/Git/Reconfigurable_Computing/Projecto_final/Nexys4_Master.xdc:10]
CRITICAL WARNING: [Vivado 12-4739] create_clock:No valid object(s) found for '-objects [get_ports clk]'. [C:/Users/Joao/Desktop/cr/Git/Reconfigurable_Computing/Projecto_final/Nexys4_Master.xdc:10]
Resolution: Check if the specified object(s) exists in the current design. If it does, ensure that the correct design hierarchy was specified for the object. If you are working with clocks, make sure create_clock was used to create the clock object before it is referenced.
WARNING: [Vivado 12-584] No ports matched 'sw[0]'. [C:/Users/Joao/Desktop/cr/Git/Reconfigurable_Computing/Projecto_final/Nexys4_Master.xdc:14]
CRITICAL WARNING: [Common 17-55] 'set_property' expects at least one object. [C:/Users/Joao/Desktop/cr/Git/Reconfigurable_Computing/Projecto_final/Nexys4_Master.xdc:14]
Resolution: If [get_<value>] was used to populate the object, check to make sure this command returns at least one valid object.
WARNING: [Vivado 12-584] No ports matched 'sw[0]'. [C:/Users/Joao/Desktop/cr/Git/Reconfigurable_Computing/Projecto_final/Nexys4_Master.xdc:15]
CRITICAL WARNING: [Common 17-55] 'set_property' expects at least one object. [C:/Users/Joao/Desktop/cr/Git/Reconfigurable_Computing/Projecto_final/Nexys4_Master.xdc:15]
Resolution: If [get_<value>] was used to populate the object, check to make sure this command returns at least one valid object.
WARNING: [Vivado 12-584] No ports matched 'sw[1]'. [C:/Users/Joao/Desktop/cr/Git/Reconfigurable_Computing/Projecto_final/Nexys4_Master.xdc:17]
CRITICAL WARNING: [Common 17-55] 'set_property' expects at least one object. [C:/Users/Joao/Desktop/cr/Git/Reconfigurable_Computing/Projecto_final/Nexys4_Master.xdc:17]
Resolution: If [get_<value>] was used to populate the object, check to make sure this command returns at least one valid object.
WARNING: [Vivado 12-584] No ports matched 'sw[1]'. [C:/Users/Joao/Desktop/cr/Git/Reconfigurable_Computing/Projecto_final/Nexys4_Master.xdc:18]
CRITICAL WARNING: [Common 17-55] 'set_property' expects at least one object. [C:/Users/Joao/Desktop/cr/Git/Reconfigurable_Computing/Projecto_final/Nexys4_Master.xdc:18]
Resolution: If [get_<value>] was used to populate the object, check to make sure this command returns at least one valid object.
WARNING: [Vivado 12-584] No ports matched 'sw[2]'. [C:/Users/Joao/Desktop/cr/Git/Reconfigurable_Computing/Projecto_final/Nexys4_Master.xdc:20]
CRITICAL WARNING: [Common 17-55] 'set_property' expects at least one object. [C:/Users/Joao/Desktop/cr/Git/Reconfigurable_Computing/Projecto_final/Nexys4_Master.xdc:20]
Resolution: If [get_<value>] was used to populate the object, check to make sure this command returns at least one valid object.
WARNING: [Vivado 12-584] No ports matched 'sw[2]'. [C:/Users/Joao/Desktop/cr/Git/Reconfigurable_Computing/Projecto_final/Nexys4_Master.xdc:21]
CRITICAL WARNING: [Common 17-55] 'set_property' expects at least one object. [C:/Users/Joao/Desktop/cr/Git/Reconfigurable_Computing/Projecto_final/Nexys4_Master.xdc:21]
Resolution: If [get_<value>] was used to populate the object, check to make sure this command returns at least one valid object.
WARNING: [Vivado 12-584] No ports matched 'sw[3]'. [C:/Users/Joao/Desktop/cr/Git/Reconfigurable_Computing/Projecto_final/Nexys4_Master.xdc:23]
CRITICAL WARNING: [Common 17-55] 'set_property' expects at least one object. [C:/Users/Joao/Desktop/cr/Git/Reconfigurable_Computing/Projecto_final/Nexys4_Master.xdc:23]
Resolution: If [get_<value>] was used to populate the object, check to make sure this command returns at least one valid object.
WARNING: [Vivado 12-584] No ports matched 'sw[3]'. [C:/Users/Joao/Desktop/cr/Git/Reconfigurable_Computing/Projecto_final/Nexys4_Master.xdc:24]
CRITICAL WARNING: [Common 17-55] 'set_property' expects at least one object. [C:/Users/Joao/Desktop/cr/Git/Reconfigurable_Computing/Projecto_final/Nexys4_Master.xdc:24]
Resolution: If [get_<value>] was used to populate the object, check to make sure this command returns at least one valid object.
WARNING: [Vivado 12-584] No ports matched 'sw[4]'. [C:/Users/Joao/Desktop/cr/Git/Reconfigurable_Computing/Projecto_final/Nexys4_Master.xdc:26]
CRITICAL WARNING: [Common 17-55] 'set_property' expects at least one object. [C:/Users/Joao/Desktop/cr/Git/Reconfigurable_Computing/Projecto_final/Nexys4_Master.xdc:26]
Resolution: If [get_<value>] was used to populate the object, check to make sure this command returns at least one valid object.
WARNING: [Vivado 12-584] No ports matched 'sw[4]'. [C:/Users/Joao/Desktop/cr/Git/Reconfigurable_Computing/Projecto_final/Nexys4_Master.xdc:27]
CRITICAL WARNING: [Common 17-55] 'set_property' expects at least one object. [C:/Users/Joao/Desktop/cr/Git/Reconfigurable_Computing/Projecto_final/Nexys4_Master.xdc:27]
Resolution: If [get_<value>] was used to populate the object, check to make sure this command returns at least one valid object.
WARNING: [Vivado 12-584] No ports matched 'sw[5]'. [C:/Users/Joao/Desktop/cr/Git/Reconfigurable_Computing/Projecto_final/Nexys4_Master.xdc:29]
CRITICAL WARNING: [Common 17-55] 'set_property' expects at least one object. [C:/Users/Joao/Desktop/cr/Git/Reconfigurable_Computing/Projecto_final/Nexys4_Master.xdc:29]
Resolution: If [get_<value>] was used to populate the object, check to make sure this command returns at least one valid object.
WARNING: [Vivado 12-584] No ports matched 'sw[5]'. [C:/Users/Joao/Desktop/cr/Git/Reconfigurable_Computing/Projecto_final/Nexys4_Master.xdc:30]
CRITICAL WARNING: [Common 17-55] 'set_property' expects at least one object. [C:/Users/Joao/Desktop/cr/Git/Reconfigurable_Computing/Projecto_final/Nexys4_Master.xdc:30]
Resolution: If [get_<value>] was used to populate the object, check to make sure this command returns at least one valid object.
WARNING: [Vivado 12-584] No ports matched 'sw[6]'. [C:/Users/Joao/Desktop/cr/Git/Reconfigurable_Computing/Projecto_final/Nexys4_Master.xdc:32]
CRITICAL WARNING: [Common 17-55] 'set_property' expects at least one object. [C:/Users/Joao/Desktop/cr/Git/Reconfigurable_Computing/Projecto_final/Nexys4_Master.xdc:32]
Resolution: If [get_<value>] was used to populate the object, check to make sure this command returns at least one valid object.
WARNING: [Vivado 12-584] No ports matched 'sw[6]'. [C:/Users/Joao/Desktop/cr/Git/Reconfigurable_Computing/Projecto_final/Nexys4_Master.xdc:33]
CRITICAL WARNING: [Common 17-55] 'set_property' expects at least one object. [C:/Users/Joao/Desktop/cr/Git/Reconfigurable_Computing/Projecto_final/Nexys4_Master.xdc:33]
Resolution: If [get_<value>] was used to populate the object, check to make sure this command returns at least one valid object.
WARNING: [Vivado 12-584] No ports matched 'sw[7]'. [C:/Users/Joao/Desktop/cr/Git/Reconfigurable_Computing/Projecto_final/Nexys4_Master.xdc:35]
CRITICAL WARNING: [Common 17-55] 'set_property' expects at least one object. [C:/Users/Joao/Desktop/cr/Git/Reconfigurable_Computing/Projecto_final/Nexys4_Master.xdc:35]
Resolution: If [get_<value>] was used to populate the object, check to make sure this command returns at least one valid object.
WARNING: [Vivado 12-584] No ports matched 'sw[7]'. [C:/Users/Joao/Desktop/cr/Git/Reconfigurable_Computing/Projecto_final/Nexys4_Master.xdc:36]
CRITICAL WARNING: [Common 17-55] 'set_property' expects at least one object. [C:/Users/Joao/Desktop/cr/Git/Reconfigurable_Computing/Projecto_final/Nexys4_Master.xdc:36]
Resolution: If [get_<value>] was used to populate the object, check to make sure this command returns at least one valid object.
WARNING: [Vivado 12-584] No ports matched 'sw[8]'. [C:/Users/Joao/Desktop/cr/Git/Reconfigurable_Computing/Projecto_final/Nexys4_Master.xdc:38]
CRITICAL WARNING: [Common 17-55] 'set_property' expects at least one object. [C:/Users/Joao/Desktop/cr/Git/Reconfigurable_Computing/Projecto_final/Nexys4_Master.xdc:38]
Resolution: If [get_<value>] was used to populate the object, check to make sure this command returns at least one valid object.
WARNING: [Vivado 12-584] No ports matched 'sw[8]'. [C:/Users/Joao/Desktop/cr/Git/Reconfigurable_Computing/Projecto_final/Nexys4_Master.xdc:39]
CRITICAL WARNING: [Common 17-55] 'set_property' expects at least one object. [C:/Users/Joao/Desktop/cr/Git/Reconfigurable_Computing/Projecto_final/Nexys4_Master.xdc:39]
Resolution: If [get_<value>] was used to populate the object, check to make sure this command returns at least one valid object.
WARNING: [Vivado 12-584] No ports matched 'sw[9]'. [C:/Users/Joao/Desktop/cr/Git/Reconfigurable_Computing/Projecto_final/Nexys4_Master.xdc:41]
CRITICAL WARNING: [Common 17-55] 'set_property' expects at least one object. [C:/Users/Joao/Desktop/cr/Git/Reconfigurable_Computing/Projecto_final/Nexys4_Master.xdc:41]
Resolution: If [get_<value>] was used to populate the object, check to make sure this command returns at least one valid object.
WARNING: [Vivado 12-584] No ports matched 'sw[9]'. [C:/Users/Joao/Desktop/cr/Git/Reconfigurable_Computing/Projecto_final/Nexys4_Master.xdc:42]
CRITICAL WARNING: [Common 17-55] 'set_property' expects at least one object. [C:/Users/Joao/Desktop/cr/Git/Reconfigurable_Computing/Projecto_final/Nexys4_Master.xdc:42]
Resolution: If [get_<value>] was used to populate the object, check to make sure this command returns at least one valid object.
WARNING: [Vivado 12-584] No ports matched 'sw[10]'. [C:/Users/Joao/Desktop/cr/Git/Reconfigurable_Computing/Projecto_final/Nexys4_Master.xdc:44]
CRITICAL WARNING: [Common 17-55] 'set_property' expects at least one object. [C:/Users/Joao/Desktop/cr/Git/Reconfigurable_Computing/Projecto_final/Nexys4_Master.xdc:44]
Resolution: If [get_<value>] was used to populate the object, check to make sure this command returns at least one valid object.
WARNING: [Vivado 12-584] No ports matched 'sw[10]'. [C:/Users/Joao/Desktop/cr/Git/Reconfigurable_Computing/Projecto_final/Nexys4_Master.xdc:45]
CRITICAL WARNING: [Common 17-55] 'set_property' expects at least one object. [C:/Users/Joao/Desktop/cr/Git/Reconfigurable_Computing/Projecto_final/Nexys4_Master.xdc:45]
Resolution: If [get_<value>] was used to populate the object, check to make sure this command returns at least one valid object.
WARNING: [Vivado 12-584] No ports matched 'sw[11]'. [C:/Users/Joao/Desktop/cr/Git/Reconfigurable_Computing/Projecto_final/Nexys4_Master.xdc:47]
CRITICAL WARNING: [Common 17-55] 'set_property' expects at least one object. [C:/Users/Joao/Desktop/cr/Git/Reconfigurable_Computing/Projecto_final/Nexys4_Master.xdc:47]
Resolution: If [get_<value>] was used to populate the object, check to make sure this command returns at least one valid object.
WARNING: [Vivado 12-584] No ports matched 'sw[11]'. [C:/Users/Joao/Desktop/cr/Git/Reconfigurable_Computing/Projecto_final/Nexys4_Master.xdc:48]
CRITICAL WARNING: [Common 17-55] 'set_property' expects at least one object. [C:/Users/Joao/Desktop/cr/Git/Reconfigurable_Computing/Projecto_final/Nexys4_Master.xdc:48]
Resolution: If [get_<value>] was used to populate the object, check to make sure this command returns at least one valid object.
WARNING: [Vivado 12-584] No ports matched 'sw[12]'. [C:/Users/Joao/Desktop/cr/Git/Reconfigurable_Computing/Projecto_final/Nexys4_Master.xdc:50]
CRITICAL WARNING: [Common 17-55] 'set_property' expects at least one object. [C:/Users/Joao/Desktop/cr/Git/Reconfigurable_Computing/Projecto_final/Nexys4_Master.xdc:50]
Resolution: If [get_<value>] was used to populate the object, check to make sure this command returns at least one valid object.
WARNING: [Vivado 12-584] No ports matched 'sw[12]'. [C:/Users/Joao/Desktop/cr/Git/Reconfigurable_Computing/Projecto_final/Nexys4_Master.xdc:51]
CRITICAL WARNING: [Common 17-55] 'set_property' expects at least one object. [C:/Users/Joao/Desktop/cr/Git/Reconfigurable_Computing/Projecto_final/Nexys4_Master.xdc:51]
Resolution: If [get_<value>] was used to populate the object, check to make sure this command returns at least one valid object.
WARNING: [Vivado 12-584] No ports matched 'sw[13]'. [C:/Users/Joao/Desktop/cr/Git/Reconfigurable_Computing/Projecto_final/Nexys4_Master.xdc:53]
CRITICAL WARNING: [Common 17-55] 'set_property' expects at least one object. [C:/Users/Joao/Desktop/cr/Git/Reconfigurable_Computing/Projecto_final/Nexys4_Master.xdc:53]
Resolution: If [get_<value>] was used to populate the object, check to make sure this command returns at least one valid object.
WARNING: [Vivado 12-584] No ports matched 'sw[13]'. [C:/Users/Joao/Desktop/cr/Git/Reconfigurable_Computing/Projecto_final/Nexys4_Master.xdc:54]
CRITICAL WARNING: [Common 17-55] 'set_property' expects at least one object. [C:/Users/Joao/Desktop/cr/Git/Reconfigurable_Computing/Projecto_final/Nexys4_Master.xdc:54]
Resolution: If [get_<value>] was used to populate the object, check to make sure this command returns at least one valid object.
WARNING: [Vivado 12-584] No ports matched 'sw[14]'. [C:/Users/Joao/Desktop/cr/Git/Reconfigurable_Computing/Projecto_final/Nexys4_Master.xdc:56]
CRITICAL WARNING: [Common 17-55] 'set_property' expects at least one object. [C:/Users/Joao/Desktop/cr/Git/Reconfigurable_Computing/Projecto_final/Nexys4_Master.xdc:56]
Resolution: If [get_<value>] was used to populate the object, check to make sure this command returns at least one valid object.
WARNING: [Vivado 12-584] No ports matched 'sw[14]'. [C:/Users/Joao/Desktop/cr/Git/Reconfigurable_Computing/Projecto_final/Nexys4_Master.xdc:57]
CRITICAL WARNING: [Common 17-55] 'set_property' expects at least one object. [C:/Users/Joao/Desktop/cr/Git/Reconfigurable_Computing/Projecto_final/Nexys4_Master.xdc:57]
Resolution: If [get_<value>] was used to populate the object, check to make sure this command returns at least one valid object.
WARNING: [Vivado 12-584] No ports matched 'sw[15]'. [C:/Users/Joao/Desktop/cr/Git/Reconfigurable_Computing/Projecto_final/Nexys4_Master.xdc:59]
CRITICAL WARNING: [Common 17-55] 'set_property' expects at least one object. [C:/Users/Joao/Desktop/cr/Git/Reconfigurable_Computing/Projecto_final/Nexys4_Master.xdc:59]
Resolution: If [get_<value>] was used to populate the object, check to make sure this command returns at least one valid object.
WARNING: [Vivado 12-584] No ports matched 'sw[15]'. [C:/Users/Joao/Desktop/cr/Git/Reconfigurable_Computing/Projecto_final/Nexys4_Master.xdc:60]
CRITICAL WARNING: [Common 17-55] 'set_property' expects at least one object. [C:/Users/Joao/Desktop/cr/Git/Reconfigurable_Computing/Projecto_final/Nexys4_Master.xdc:60]
Resolution: If [get_<value>] was used to populate the object, check to make sure this command returns at least one valid object.
WARNING: [Vivado 12-584] No ports matched 'led[0]'. [C:/Users/Joao/Desktop/cr/Git/Reconfigurable_Computing/Projecto_final/Nexys4_Master.xdc:66]
CRITICAL WARNING: [Common 17-55] 'set_property' expects at least one object. [C:/Users/Joao/Desktop/cr/Git/Reconfigurable_Computing/Projecto_final/Nexys4_Master.xdc:66]
Resolution: If [get_<value>] was used to populate the object, check to make sure this command returns at least one valid object.
WARNING: [Vivado 12-584] No ports matched 'led[0]'. [C:/Users/Joao/Desktop/cr/Git/Reconfigurable_Computing/Projecto_final/Nexys4_Master.xdc:67]
CRITICAL WARNING: [Common 17-55] 'set_property' expects at least one object. [C:/Users/Joao/Desktop/cr/Git/Reconfigurable_Computing/Projecto_final/Nexys4_Master.xdc:67]
Resolution: If [get_<value>] was used to populate the object, check to make sure this command returns at least one valid object.
WARNING: [Vivado 12-584] No ports matched 'led[1]'. [C:/Users/Joao/Desktop/cr/Git/Reconfigurable_Computing/Projecto_final/Nexys4_Master.xdc:69]
CRITICAL WARNING: [Common 17-55] 'set_property' expects at least one object. [C:/Users/Joao/Desktop/cr/Git/Reconfigurable_Computing/Projecto_final/Nexys4_Master.xdc:69]
Resolution: If [get_<value>] was used to populate the object, check to make sure this command returns at least one valid object.
WARNING: [Vivado 12-584] No ports matched 'led[1]'. [C:/Users/Joao/Desktop/cr/Git/Reconfigurable_Computing/Projecto_final/Nexys4_Master.xdc:70]
CRITICAL WARNING: [Common 17-55] 'set_property' expects at least one object. [C:/Users/Joao/Desktop/cr/Git/Reconfigurable_Computing/Projecto_final/Nexys4_Master.xdc:70]
Resolution: If [get_<value>] was used to populate the object, check to make sure this command returns at least one valid object.
WARNING: [Vivado 12-584] No ports matched 'led[2]'. [C:/Users/Joao/Desktop/cr/Git/Reconfigurable_Computing/Projecto_final/Nexys4_Master.xdc:72]
CRITICAL WARNING: [Common 17-55] 'set_property' expects at least one object. [C:/Users/Joao/Desktop/cr/Git/Reconfigurable_Computing/Projecto_final/Nexys4_Master.xdc:72]
Resolution: If [get_<value>] was used to populate the object, check to make sure this command returns at least one valid object.
WARNING: [Vivado 12-584] No ports matched 'led[2]'. [C:/Users/Joao/Desktop/cr/Git/Reconfigurable_Computing/Projecto_final/Nexys4_Master.xdc:73]
CRITICAL WARNING: [Common 17-55] 'set_property' expects at least one object. [C:/Users/Joao/Desktop/cr/Git/Reconfigurable_Computing/Projecto_final/Nexys4_Master.xdc:73]
Resolution: If [get_<value>] was used to populate the object, check to make sure this command returns at least one valid object.
WARNING: [Vivado 12-584] No ports matched 'led[3]'. [C:/Users/Joao/Desktop/cr/Git/Reconfigurable_Computing/Projecto_final/Nexys4_Master.xdc:75]
CRITICAL WARNING: [Common 17-55] 'set_property' expects at least one object. [C:/Users/Joao/Desktop/cr/Git/Reconfigurable_Computing/Projecto_final/Nexys4_Master.xdc:75]
Resolution: If [get_<value>] was used to populate the object, check to make sure this command returns at least one valid object.
WARNING: [Vivado 12-584] No ports matched 'led[3]'. [C:/Users/Joao/Desktop/cr/Git/Reconfigurable_Computing/Projecto_final/Nexys4_Master.xdc:76]
CRITICAL WARNING: [Common 17-55] 'set_property' expects at least one object. [C:/Users/Joao/Desktop/cr/Git/Reconfigurable_Computing/Projecto_final/Nexys4_Master.xdc:76]
Resolution: If [get_<value>] was used to populate the object, check to make sure this command returns at least one valid object.
WARNING: [Vivado 12-584] No ports matched 'led[4]'. [C:/Users/Joao/Desktop/cr/Git/Reconfigurable_Computing/Projecto_final/Nexys4_Master.xdc:78]
CRITICAL WARNING: [Common 17-55] 'set_property' expects at least one object. [C:/Users/Joao/Desktop/cr/Git/Reconfigurable_Computing/Projecto_final/Nexys4_Master.xdc:78]
Resolution: If [get_<value>] was used to populate the object, check to make sure this command returns at least one valid object.
WARNING: [Vivado 12-584] No ports matched 'led[4]'. [C:/Users/Joao/Desktop/cr/Git/Reconfigurable_Computing/Projecto_final/Nexys4_Master.xdc:79]
CRITICAL WARNING: [Common 17-55] 'set_property' expects at least one object. [C:/Users/Joao/Desktop/cr/Git/Reconfigurable_Computing/Projecto_final/Nexys4_Master.xdc:79]
Resolution: If [get_<value>] was used to populate the object, check to make sure this command returns at least one valid object.
WARNING: [Vivado 12-584] No ports matched 'led[5]'. [C:/Users/Joao/Desktop/cr/Git/Reconfigurable_Computing/Projecto_final/Nexys4_Master.xdc:81]
CRITICAL WARNING: [Common 17-55] 'set_property' expects at least one object. [C:/Users/Joao/Desktop/cr/Git/Reconfigurable_Computing/Projecto_final/Nexys4_Master.xdc:81]
Resolution: If [get_<value>] was used to populate the object, check to make sure this command returns at least one valid object.
WARNING: [Vivado 12-584] No ports matched 'led[5]'. [C:/Users/Joao/Desktop/cr/Git/Reconfigurable_Computing/Projecto_final/Nexys4_Master.xdc:82]
CRITICAL WARNING: [Common 17-55] 'set_property' expects at least one object. [C:/Users/Joao/Desktop/cr/Git/Reconfigurable_Computing/Projecto_final/Nexys4_Master.xdc:82]
Resolution: If [get_<value>] was used to populate the object, check to make sure this command returns at least one valid object.
WARNING: [Vivado 12-584] No ports matched 'led[6]'. [C:/Users/Joao/Desktop/cr/Git/Reconfigurable_Computing/Projecto_final/Nexys4_Master.xdc:84]
CRITICAL WARNING: [Common 17-55] 'set_property' expects at least one object. [C:/Users/Joao/Desktop/cr/Git/Reconfigurable_Computing/Projecto_final/Nexys4_Master.xdc:84]
Resolution: If [get_<value>] was used to populate the object, check to make sure this command returns at least one valid object.
WARNING: [Vivado 12-584] No ports matched 'led[6]'. [C:/Users/Joao/Desktop/cr/Git/Reconfigurable_Computing/Projecto_final/Nexys4_Master.xdc:85]
CRITICAL WARNING: [Common 17-55] 'set_property' expects at least one object. [C:/Users/Joao/Desktop/cr/Git/Reconfigurable_Computing/Projecto_final/Nexys4_Master.xdc:85]
Resolution: If [get_<value>] was used to populate the object, check to make sure this command returns at least one valid object.
WARNING: [Vivado 12-584] No ports matched 'led[7]'. [C:/Users/Joao/Desktop/cr/Git/Reconfigurable_Computing/Projecto_final/Nexys4_Master.xdc:87]
CRITICAL WARNING: [Common 17-55] 'set_property' expects at least one object. [C:/Users/Joao/Desktop/cr/Git/Reconfigurable_Computing/Projecto_final/Nexys4_Master.xdc:87]
Resolution: If [get_<value>] was used to populate the object, check to make sure this command returns at least one valid object.
WARNING: [Vivado 12-584] No ports matched 'led[7]'. [C:/Users/Joao/Desktop/cr/Git/Reconfigurable_Computing/Projecto_final/Nexys4_Master.xdc:88]
CRITICAL WARNING: [Common 17-55] 'set_property' expects at least one object. [C:/Users/Joao/Desktop/cr/Git/Reconfigurable_Computing/Projecto_final/Nexys4_Master.xdc:88]
Resolution: If [get_<value>] was used to populate the object, check to make sure this command returns at least one valid object.
WARNING: [Vivado 12-584] No ports matched 'led[8]'. [C:/Users/Joao/Desktop/cr/Git/Reconfigurable_Computing/Projecto_final/Nexys4_Master.xdc:90]
CRITICAL WARNING: [Common 17-55] 'set_property' expects at least one object. [C:/Users/Joao/Desktop/cr/Git/Reconfigurable_Computing/Projecto_final/Nexys4_Master.xdc:90]
Resolution: If [get_<value>] was used to populate the object, check to make sure this command returns at least one valid object.
WARNING: [Vivado 12-584] No ports matched 'led[8]'. [C:/Users/Joao/Desktop/cr/Git/Reconfigurable_Computing/Projecto_final/Nexys4_Master.xdc:91]
CRITICAL WARNING: [Common 17-55] 'set_property' expects at least one object. [C:/Users/Joao/Desktop/cr/Git/Reconfigurable_Computing/Projecto_final/Nexys4_Master.xdc:91]
Resolution: If [get_<value>] was used to populate the object, check to make sure this command returns at least one valid object.
WARNING: [Vivado 12-584] No ports matched 'led[9]'. [C:/Users/Joao/Desktop/cr/Git/Reconfigurable_Computing/Projecto_final/Nexys4_Master.xdc:93]
CRITICAL WARNING: [Common 17-55] 'set_property' expects at least one object. [C:/Users/Joao/Desktop/cr/Git/Reconfigurable_Computing/Projecto_final/Nexys4_Master.xdc:93]
Resolution: If [get_<value>] was used to populate the object, check to make sure this command returns at least one valid object.
WARNING: [Vivado 12-584] No ports matched 'led[9]'. [C:/Users/Joao/Desktop/cr/Git/Reconfigurable_Computing/Projecto_final/Nexys4_Master.xdc:94]
CRITICAL WARNING: [Common 17-55] 'set_property' expects at least one object. [C:/Users/Joao/Desktop/cr/Git/Reconfigurable_Computing/Projecto_final/Nexys4_Master.xdc:94]
Resolution: If [get_<value>] was used to populate the object, check to make sure this command returns at least one valid object.
WARNING: [Vivado 12-584] No ports matched 'led[10]'. [C:/Users/Joao/Desktop/cr/Git/Reconfigurable_Computing/Projecto_final/Nexys4_Master.xdc:96]
CRITICAL WARNING: [Common 17-55] 'set_property' expects at least one object. [C:/Users/Joao/Desktop/cr/Git/Reconfigurable_Computing/Projecto_final/Nexys4_Master.xdc:96]
Resolution: If [get_<value>] was used to populate the object, check to make sure this command returns at least one valid object.
WARNING: [Vivado 12-584] No ports matched 'led[10]'. [C:/Users/Joao/Desktop/cr/Git/Reconfigurable_Computing/Projecto_final/Nexys4_Master.xdc:97]
CRITICAL WARNING: [Common 17-55] 'set_property' expects at least one object. [C:/Users/Joao/Desktop/cr/Git/Reconfigurable_Computing/Projecto_final/Nexys4_Master.xdc:97]
Resolution: If [get_<value>] was used to populate the object, check to make sure this command returns at least one valid object.
WARNING: [Vivado 12-584] No ports matched 'led[11]'. [C:/Users/Joao/Desktop/cr/Git/Reconfigurable_Computing/Projecto_final/Nexys4_Master.xdc:99]
CRITICAL WARNING: [Common 17-55] 'set_property' expects at least one object. [C:/Users/Joao/Desktop/cr/Git/Reconfigurable_Computing/Projecto_final/Nexys4_Master.xdc:99]
Resolution: If [get_<value>] was used to populate the object, check to make sure this command returns at least one valid object.
WARNING: [Vivado 12-584] No ports matched 'led[11]'. [C:/Users/Joao/Desktop/cr/Git/Reconfigurable_Computing/Projecto_final/Nexys4_Master.xdc:100]
CRITICAL WARNING: [Common 17-55] 'set_property' expects at least one object. [C:/Users/Joao/Desktop/cr/Git/Reconfigurable_Computing/Projecto_final/Nexys4_Master.xdc:100]
Resolution: If [get_<value>] was used to populate the object, check to make sure this command returns at least one valid object.
WARNING: [Vivado 12-584] No ports matched 'led[12]'. [C:/Users/Joao/Desktop/cr/Git/Reconfigurable_Computing/Projecto_final/Nexys4_Master.xdc:102]
CRITICAL WARNING: [Common 17-55] 'set_property' expects at least one object. [C:/Users/Joao/Desktop/cr/Git/Reconfigurable_Computing/Projecto_final/Nexys4_Master.xdc:102]
Resolution: If [get_<value>] was used to populate the object, check to make sure this command returns at least one valid object.
WARNING: [Vivado 12-584] No ports matched 'led[12]'. [C:/Users/Joao/Desktop/cr/Git/Reconfigurable_Computing/Projecto_final/Nexys4_Master.xdc:103]
CRITICAL WARNING: [Common 17-55] 'set_property' expects at least one object. [C:/Users/Joao/Desktop/cr/Git/Reconfigurable_Computing/Projecto_final/Nexys4_Master.xdc:103]
Resolution: If [get_<value>] was used to populate the object, check to make sure this command returns at least one valid object.
WARNING: [Vivado 12-584] No ports matched 'led[13]'. [C:/Users/Joao/Desktop/cr/Git/Reconfigurable_Computing/Projecto_final/Nexys4_Master.xdc:105]
CRITICAL WARNING: [Common 17-55] 'set_property' expects at least one object. [C:/Users/Joao/Desktop/cr/Git/Reconfigurable_Computing/Projecto_final/Nexys4_Master.xdc:105]
Resolution: If [get_<value>] was used to populate the object, check to make sure this command returns at least one valid object.
WARNING: [Vivado 12-584] No ports matched 'led[13]'. [C:/Users/Joao/Desktop/cr/Git/Reconfigurable_Computing/Projecto_final/Nexys4_Master.xdc:106]
CRITICAL WARNING: [Common 17-55] 'set_property' expects at least one object. [C:/Users/Joao/Desktop/cr/Git/Reconfigurable_Computing/Projecto_final/Nexys4_Master.xdc:106]
Resolution: If [get_<value>] was used to populate the object, check to make sure this command returns at least one valid object.
WARNING: [Vivado 12-584] No ports matched 'led[14]'. [C:/Users/Joao/Desktop/cr/Git/Reconfigurable_Computing/Projecto_final/Nexys4_Master.xdc:108]
CRITICAL WARNING: [Common 17-55] 'set_property' expects at least one object. [C:/Users/Joao/Desktop/cr/Git/Reconfigurable_Computing/Projecto_final/Nexys4_Master.xdc:108]
Resolution: If [get_<value>] was used to populate the object, check to make sure this command returns at least one valid object.
WARNING: [Vivado 12-584] No ports matched 'led[14]'. [C:/Users/Joao/Desktop/cr/Git/Reconfigurable_Computing/Projecto_final/Nexys4_Master.xdc:109]
CRITICAL WARNING: [Common 17-55] 'set_property' expects at least one object. [C:/Users/Joao/Desktop/cr/Git/Reconfigurable_Computing/Projecto_final/Nexys4_Master.xdc:109]
Resolution: If [get_<value>] was used to populate the object, check to make sure this command returns at least one valid object.
WARNING: [Vivado 12-584] No ports matched 'led[15]'. [C:/Users/Joao/Desktop/cr/Git/Reconfigurable_Computing/Projecto_final/Nexys4_Master.xdc:111]
CRITICAL WARNING: [Common 17-55] 'set_property' expects at least one object. [C:/Users/Joao/Desktop/cr/Git/Reconfigurable_Computing/Projecto_final/Nexys4_Master.xdc:111]
Resolution: If [get_<value>] was used to populate the object, check to make sure this command returns at least one valid object.
WARNING: [Vivado 12-584] No ports matched 'led[15]'. [C:/Users/Joao/Desktop/cr/Git/Reconfigurable_Computing/Projecto_final/Nexys4_Master.xdc:112]
CRITICAL WARNING: [Common 17-55] 'set_property' expects at least one object. [C:/Users/Joao/Desktop/cr/Git/Reconfigurable_Computing/Projecto_final/Nexys4_Master.xdc:112]
Resolution: If [get_<value>] was used to populate the object, check to make sure this command returns at least one valid object.
WARNING: [Vivado 12-584] No ports matched 'seg[0]'. [C:/Users/Joao/Desktop/cr/Git/Reconfigurable_Computing/Projecto_final/Nexys4_Master.xdc:137]
CRITICAL WARNING: [Common 17-55] 'set_property' expects at least one object. [C:/Users/Joao/Desktop/cr/Git/Reconfigurable_Computing/Projecto_final/Nexys4_Master.xdc:137]
Resolution: If [get_<value>] was used to populate the object, check to make sure this command returns at least one valid object.
WARNING: [Vivado 12-584] No ports matched 'seg[0]'. [C:/Users/Joao/Desktop/cr/Git/Reconfigurable_Computing/Projecto_final/Nexys4_Master.xdc:138]
CRITICAL WARNING: [Common 17-55] 'set_property' expects at least one object. [C:/Users/Joao/Desktop/cr/Git/Reconfigurable_Computing/Projecto_final/Nexys4_Master.xdc:138]
Resolution: If [get_<value>] was used to populate the object, check to make sure this command returns at least one valid object.
WARNING: [Vivado 12-584] No ports matched 'seg[1]'. [C:/Users/Joao/Desktop/cr/Git/Reconfigurable_Computing/Projecto_final/Nexys4_Master.xdc:140]
CRITICAL WARNING: [Common 17-55] 'set_property' expects at least one object. [C:/Users/Joao/Desktop/cr/Git/Reconfigurable_Computing/Projecto_final/Nexys4_Master.xdc:140]
Resolution: If [get_<value>] was used to populate the object, check to make sure this command returns at least one valid object.
WARNING: [Vivado 12-584] No ports matched 'seg[1]'. [C:/Users/Joao/Desktop/cr/Git/Reconfigurable_Computing/Projecto_final/Nexys4_Master.xdc:141]
CRITICAL WARNING: [Common 17-55] 'set_property' expects at least one object. [C:/Users/Joao/Desktop/cr/Git/Reconfigurable_Computing/Projecto_final/Nexys4_Master.xdc:141]
Resolution: If [get_<value>] was used to populate the object, check to make sure this command returns at least one valid object.
WARNING: [Vivado 12-584] No ports matched 'seg[2]'. [C:/Users/Joao/Desktop/cr/Git/Reconfigurable_Computing/Projecto_final/Nexys4_Master.xdc:143]
CRITICAL WARNING: [Common 17-55] 'set_property' expects at least one object. [C:/Users/Joao/Desktop/cr/Git/Reconfigurable_Computing/Projecto_final/Nexys4_Master.xdc:143]
Resolution: If [get_<value>] was used to populate the object, check to make sure this command returns at least one valid object.
WARNING: [Vivado 12-584] No ports matched 'seg[2]'. [C:/Users/Joao/Desktop/cr/Git/Reconfigurable_Computing/Projecto_final/Nexys4_Master.xdc:144]
CRITICAL WARNING: [Common 17-55] 'set_property' expects at least one object. [C:/Users/Joao/Desktop/cr/Git/Reconfigurable_Computing/Projecto_final/Nexys4_Master.xdc:144]
Resolution: If [get_<value>] was used to populate the object, check to make sure this command returns at least one valid object.
WARNING: [Vivado 12-584] No ports matched 'seg[3]'. [C:/Users/Joao/Desktop/cr/Git/Reconfigurable_Computing/Projecto_final/Nexys4_Master.xdc:146]
CRITICAL WARNING: [Common 17-55] 'set_property' expects at least one object. [C:/Users/Joao/Desktop/cr/Git/Reconfigurable_Computing/Projecto_final/Nexys4_Master.xdc:146]
Resolution: If [get_<value>] was used to populate the object, check to make sure this command returns at least one valid object.
WARNING: [Vivado 12-584] No ports matched 'seg[3]'. [C:/Users/Joao/Desktop/cr/Git/Reconfigurable_Computing/Projecto_final/Nexys4_Master.xdc:147]
CRITICAL WARNING: [Common 17-55] 'set_property' expects at least one object. [C:/Users/Joao/Desktop/cr/Git/Reconfigurable_Computing/Projecto_final/Nexys4_Master.xdc:147]
Resolution: If [get_<value>] was used to populate the object, check to make sure this command returns at least one valid object.
WARNING: [Vivado 12-584] No ports matched 'seg[4]'. [C:/Users/Joao/Desktop/cr/Git/Reconfigurable_Computing/Projecto_final/Nexys4_Master.xdc:149]
CRITICAL WARNING: [Common 17-55] 'set_property' expects at least one object. [C:/Users/Joao/Desktop/cr/Git/Reconfigurable_Computing/Projecto_final/Nexys4_Master.xdc:149]
Resolution: If [get_<value>] was used to populate the object, check to make sure this command returns at least one valid object.
WARNING: [Vivado 12-584] No ports matched 'seg[4]'. [C:/Users/Joao/Desktop/cr/Git/Reconfigurable_Computing/Projecto_final/Nexys4_Master.xdc:150]
CRITICAL WARNING: [Common 17-55] 'set_property' expects at least one object. [C:/Users/Joao/Desktop/cr/Git/Reconfigurable_Computing/Projecto_final/Nexys4_Master.xdc:150]
Resolution: If [get_<value>] was used to populate the object, check to make sure this command returns at least one valid object.
WARNING: [Vivado 12-584] No ports matched 'seg[5]'. [C:/Users/Joao/Desktop/cr/Git/Reconfigurable_Computing/Projecto_final/Nexys4_Master.xdc:152]
CRITICAL WARNING: [Common 17-55] 'set_property' expects at least one object. [C:/Users/Joao/Desktop/cr/Git/Reconfigurable_Computing/Projecto_final/Nexys4_Master.xdc:152]
Resolution: If [get_<value>] was used to populate the object, check to make sure this command returns at least one valid object.
WARNING: [Vivado 12-584] No ports matched 'seg[5]'. [C:/Users/Joao/Desktop/cr/Git/Reconfigurable_Computing/Projecto_final/Nexys4_Master.xdc:153]
CRITICAL WARNING: [Common 17-55] 'set_property' expects at least one object. [C:/Users/Joao/Desktop/cr/Git/Reconfigurable_Computing/Projecto_final/Nexys4_Master.xdc:153]
Resolution: If [get_<value>] was used to populate the object, check to make sure this command returns at least one valid object.
WARNING: [Vivado 12-584] No ports matched 'seg[6]'. [C:/Users/Joao/Desktop/cr/Git/Reconfigurable_Computing/Projecto_final/Nexys4_Master.xdc:155]
CRITICAL WARNING: [Common 17-55] 'set_property' expects at least one object. [C:/Users/Joao/Desktop/cr/Git/Reconfigurable_Computing/Projecto_final/Nexys4_Master.xdc:155]
Resolution: If [get_<value>] was used to populate the object, check to make sure this command returns at least one valid object.
WARNING: [Vivado 12-584] No ports matched 'seg[6]'. [C:/Users/Joao/Desktop/cr/Git/Reconfigurable_Computing/Projecto_final/Nexys4_Master.xdc:156]
CRITICAL WARNING: [Common 17-55] 'set_property' expects at least one object. [C:/Users/Joao/Desktop/cr/Git/Reconfigurable_Computing/Projecto_final/Nexys4_Master.xdc:156]
Resolution: If [get_<value>] was used to populate the object, check to make sure this command returns at least one valid object.
WARNING: [Vivado 12-584] No ports matched 'an[0]'. [C:/Users/Joao/Desktop/cr/Git/Reconfigurable_Computing/Projecto_final/Nexys4_Master.xdc:163]
CRITICAL WARNING: [Common 17-55] 'set_property' expects at least one object. [C:/Users/Joao/Desktop/cr/Git/Reconfigurable_Computing/Projecto_final/Nexys4_Master.xdc:163]
Resolution: If [get_<value>] was used to populate the object, check to make sure this command returns at least one valid object.
WARNING: [Vivado 12-584] No ports matched 'an[0]'. [C:/Users/Joao/Desktop/cr/Git/Reconfigurable_Computing/Projecto_final/Nexys4_Master.xdc:164]
CRITICAL WARNING: [Common 17-55] 'set_property' expects at least one object. [C:/Users/Joao/Desktop/cr/Git/Reconfigurable_Computing/Projecto_final/Nexys4_Master.xdc:164]
Resolution: If [get_<value>] was used to populate the object, check to make sure this command returns at least one valid object.
WARNING: [Vivado 12-584] No ports matched 'an[1]'. [C:/Users/Joao/Desktop/cr/Git/Reconfigurable_Computing/Projecto_final/Nexys4_Master.xdc:166]
CRITICAL WARNING: [Common 17-55] 'set_property' expects at least one object. [C:/Users/Joao/Desktop/cr/Git/Reconfigurable_Computing/Projecto_final/Nexys4_Master.xdc:166]
Resolution: If [get_<value>] was used to populate the object, check to make sure this command returns at least one valid object.
WARNING: [Vivado 12-584] No ports matched 'an[1]'. [C:/Users/Joao/Desktop/cr/Git/Reconfigurable_Computing/Projecto_final/Nexys4_Master.xdc:167]
CRITICAL WARNING: [Common 17-55] 'set_property' expects at least one object. [C:/Users/Joao/Desktop/cr/Git/Reconfigurable_Computing/Projecto_final/Nexys4_Master.xdc:167]
Resolution: If [get_<value>] was used to populate the object, check to make sure this command returns at least one valid object.
WARNING: [Vivado 12-584] No ports matched 'an[2]'. [C:/Users/Joao/Desktop/cr/Git/Reconfigurable_Computing/Projecto_final/Nexys4_Master.xdc:169]
CRITICAL WARNING: [Common 17-55] 'set_property' expects at least one object. [C:/Users/Joao/Desktop/cr/Git/Reconfigurable_Computing/Projecto_final/Nexys4_Master.xdc:169]
Resolution: If [get_<value>] was used to populate the object, check to make sure this command returns at least one valid object.
WARNING: [Vivado 12-584] No ports matched 'an[2]'. [C:/Users/Joao/Desktop/cr/Git/Reconfigurable_Computing/Projecto_final/Nexys4_Master.xdc:170]
CRITICAL WARNING: [Common 17-55] 'set_property' expects at least one object. [C:/Users/Joao/Desktop/cr/Git/Reconfigurable_Computing/Projecto_final/Nexys4_Master.xdc:170]
Resolution: If [get_<value>] was used to populate the object, check to make sure this command returns at least one valid object.
WARNING: [Vivado 12-584] No ports matched 'an[3]'. [C:/Users/Joao/Desktop/cr/Git/Reconfigurable_Computing/Projecto_final/Nexys4_Master.xdc:172]
CRITICAL WARNING: [Common 17-55] 'set_property' expects at least one object. [C:/Users/Joao/Desktop/cr/Git/Reconfigurable_Computing/Projecto_final/Nexys4_Master.xdc:172]
Resolution: If [get_<value>] was used to populate the object, check to make sure this command returns at least one valid object.
WARNING: [Vivado 12-584] No ports matched 'an[3]'. [C:/Users/Joao/Desktop/cr/Git/Reconfigurable_Computing/Projecto_final/Nexys4_Master.xdc:173]
CRITICAL WARNING: [Common 17-55] 'set_property' expects at least one object. [C:/Users/Joao/Desktop/cr/Git/Reconfigurable_Computing/Projecto_final/Nexys4_Master.xdc:173]
Resolution: If [get_<value>] was used to populate the object, check to make sure this command returns at least one valid object.
WARNING: [Vivado 12-584] No ports matched 'an[4]'. [C:/Users/Joao/Desktop/cr/Git/Reconfigurable_Computing/Projecto_final/Nexys4_Master.xdc:175]
CRITICAL WARNING: [Common 17-55] 'set_property' expects at least one object. [C:/Users/Joao/Desktop/cr/Git/Reconfigurable_Computing/Projecto_final/Nexys4_Master.xdc:175]
Resolution: If [get_<value>] was used to populate the object, check to make sure this command returns at least one valid object.
WARNING: [Vivado 12-584] No ports matched 'an[4]'. [C:/Users/Joao/Desktop/cr/Git/Reconfigurable_Computing/Projecto_final/Nexys4_Master.xdc:176]
CRITICAL WARNING: [Common 17-55] 'set_property' expects at least one object. [C:/Users/Joao/Desktop/cr/Git/Reconfigurable_Computing/Projecto_final/Nexys4_Master.xdc:176]
Resolution: If [get_<value>] was used to populate the object, check to make sure this command returns at least one valid object.
WARNING: [Vivado 12-584] No ports matched 'an[5]'. [C:/Users/Joao/Desktop/cr/Git/Reconfigurable_Computing/Projecto_final/Nexys4_Master.xdc:178]
CRITICAL WARNING: [Common 17-55] 'set_property' expects at least one object. [C:/Users/Joao/Desktop/cr/Git/Reconfigurable_Computing/Projecto_final/Nexys4_Master.xdc:178]
Resolution: If [get_<value>] was used to populate the object, check to make sure this command returns at least one valid object.
WARNING: [Vivado 12-584] No ports matched 'an[5]'. [C:/Users/Joao/Desktop/cr/Git/Reconfigurable_Computing/Projecto_final/Nexys4_Master.xdc:179]
CRITICAL WARNING: [Common 17-55] 'set_property' expects at least one object. [C:/Users/Joao/Desktop/cr/Git/Reconfigurable_Computing/Projecto_final/Nexys4_Master.xdc:179]
Resolution: If [get_<value>] was used to populate the object, check to make sure this command returns at least one valid object.
WARNING: [Vivado 12-584] No ports matched 'an[6]'. [C:/Users/Joao/Desktop/cr/Git/Reconfigurable_Computing/Projecto_final/Nexys4_Master.xdc:181]
CRITICAL WARNING: [Common 17-55] 'set_property' expects at least one object. [C:/Users/Joao/Desktop/cr/Git/Reconfigurable_Computing/Projecto_final/Nexys4_Master.xdc:181]
Resolution: If [get_<value>] was used to populate the object, check to make sure this command returns at least one valid object.
WARNING: [Vivado 12-584] No ports matched 'an[6]'. [C:/Users/Joao/Desktop/cr/Git/Reconfigurable_Computing/Projecto_final/Nexys4_Master.xdc:182]
CRITICAL WARNING: [Common 17-55] 'set_property' expects at least one object. [C:/Users/Joao/Desktop/cr/Git/Reconfigurable_Computing/Projecto_final/Nexys4_Master.xdc:182]
Resolution: If [get_<value>] was used to populate the object, check to make sure this command returns at least one valid object.
WARNING: [Vivado 12-584] No ports matched 'an[7]'. [C:/Users/Joao/Desktop/cr/Git/Reconfigurable_Computing/Projecto_final/Nexys4_Master.xdc:184]
CRITICAL WARNING: [Common 17-55] 'set_property' expects at least one object. [C:/Users/Joao/Desktop/cr/Git/Reconfigurable_Computing/Projecto_final/Nexys4_Master.xdc:184]
Resolution: If [get_<value>] was used to populate the object, check to make sure this command returns at least one valid object.
WARNING: [Vivado 12-584] No ports matched 'an[7]'. [C:/Users/Joao/Desktop/cr/Git/Reconfigurable_Computing/Projecto_final/Nexys4_Master.xdc:185]
CRITICAL WARNING: [Common 17-55] 'set_property' expects at least one object. [C:/Users/Joao/Desktop/cr/Git/Reconfigurable_Computing/Projecto_final/Nexys4_Master.xdc:185]
Resolution: If [get_<value>] was used to populate the object, check to make sure this command returns at least one valid object.
WARNING: [Vivado 12-584] No ports matched 'btnCpuReset'. [C:/Users/Joao/Desktop/cr/Git/Reconfigurable_Computing/Projecto_final/Nexys4_Master.xdc:191]
CRITICAL WARNING: [Common 17-55] 'set_property' expects at least one object. [C:/Users/Joao/Desktop/cr/Git/Reconfigurable_Computing/Projecto_final/Nexys4_Master.xdc:191]
Resolution: If [get_<value>] was used to populate the object, check to make sure this command returns at least one valid object.
WARNING: [Vivado 12-584] No ports matched 'btnCpuReset'. [C:/Users/Joao/Desktop/cr/Git/Reconfigurable_Computing/Projecto_final/Nexys4_Master.xdc:192]
CRITICAL WARNING: [Common 17-55] 'set_property' expects at least one object. [C:/Users/Joao/Desktop/cr/Git/Reconfigurable_Computing/Projecto_final/Nexys4_Master.xdc:192]
Resolution: If [get_<value>] was used to populate the object, check to make sure this command returns at least one valid object.
WARNING: [Vivado 12-584] No ports matched 'btnC'. [C:/Users/Joao/Desktop/cr/Git/Reconfigurable_Computing/Projecto_final/Nexys4_Master.xdc:194]
INFO: [Common 17-14] Message 'Vivado 12-584' appears 100 times and further instances of the messages will be disabled. Use the Tcl command set_msg_config to change the current settings. [C:/Users/Joao/Desktop/cr/Git/Reconfigurable_Computing/Projecto_final/Nexys4_Master.xdc:194]
CRITICAL WARNING: [Common 17-55] 'set_property' expects at least one object. [C:/Users/Joao/Desktop/cr/Git/Reconfigurable_Computing/Projecto_final/Nexys4_Master.xdc:194]
Resolution: If [get_<value>] was used to populate the object, check to make sure this command returns at least one valid object.
CRITICAL WARNING: [Common 17-55] 'set_property' expects at least one object. [C:/Users/Joao/Desktop/cr/Git/Reconfigurable_Computing/Projecto_final/Nexys4_Master.xdc:195]
Resolution: If [get_<value>] was used to populate the object, check to make sure this command returns at least one valid object.
Finished Parsing XDC File [C:/Users/Joao/Desktop/cr/Git/Reconfigurable_Computing/Projecto_final/Nexys4_Master.xdc]
Completed Processing XDC Constraints

INFO: [Project 1-111] Unisim Transformation Summary:
No Unisim elements were transformed.

Constraint Validation Runtime : Time (s): cpu = 00:00:00 ; elapsed = 00:00:00.003 . Memory (MB): peak = 613.348 ; gain = 0.000
---------------------------------------------------------------------------------
Finished Constraint Validation : Time (s): cpu = 00:00:21 ; elapsed = 00:00:27 . Memory (MB): peak = 613.348 ; gain = 403.102
---------------------------------------------------------------------------------
---------------------------------------------------------------------------------
Start Loading Part and Timing Information
---------------------------------------------------------------------------------
Loading part: xc7a100tcsg324-3
---------------------------------------------------------------------------------
Finished Loading Part and Timing Information : Time (s): cpu = 00:00:21 ; elapsed = 00:00:27 . Memory (MB): peak = 613.348 ; gain = 403.102
---------------------------------------------------------------------------------
---------------------------------------------------------------------------------
Start Applying 'set_property' XDC Constraints
---------------------------------------------------------------------------------
---------------------------------------------------------------------------------
Finished applying 'set_property' XDC Constraints : Time (s): cpu = 00:00:21 ; elapsed = 00:00:28 . Memory (MB): peak = 613.348 ; gain = 403.102
---------------------------------------------------------------------------------
WARNING: [Synth 8-327] inferring latch for variable 'next_write_ready_reg' [C:/Users/Joao/Desktop/cr/Git/Reconfigurable_Computing/Projecto_final/FSM/FSM/FSM.srcs/sources_1/new/Control_1.vhd:60]
WARNING: [Synth 8-327] inferring latch for variable 'next_send_index_reg' [C:/Users/Joao/Desktop/cr/Git/Reconfigurable_Computing/Projecto_final/FSM/FSM/FSM.srcs/sources_1/new/Control_1.vhd:61]
WARNING: [Synth 8-327] inferring latch for variable 'next_write_word_reg' [C:/Users/Joao/Desktop/cr/Git/Reconfigurable_Computing/Projecto_final/FSM/FSM/FSM.srcs/sources_1/new/Control_1.vhd:47]
WARNING: [Synth 8-327] inferring latch for variable 'next_swap_index_reg' [C:/Users/Joao/Desktop/cr/Git/Reconfigurable_Computing/Projecto_final/FSM/FSM/FSM.srcs/sources_1/new/Control_1.vhd:62]
WARNING: [Synth 8-327] inferring latch for variable 'converted_words_reg[0]' [C:/Users/Joao/Desktop/cr/Git/Reconfigurable_Computing/Projecto_final/FSM/FSM/FSM.srcs/sources_1/new/Control_1.vhd:74]
WARNING: [Synth 8-327] inferring latch for variable 'converted_words_reg[1]' [C:/Users/Joao/Desktop/cr/Git/Reconfigurable_Computing/Projecto_final/FSM/FSM/FSM.srcs/sources_1/new/Control_1.vhd:74]
WARNING: [Synth 8-327] inferring latch for variable 'converted_words_reg[2]' [C:/Users/Joao/Desktop/cr/Git/Reconfigurable_Computing/Projecto_final/FSM/FSM/FSM.srcs/sources_1/new/Control_1.vhd:74]
WARNING: [Synth 8-327] inferring latch for variable 'converted_words_reg[3]' [C:/Users/Joao/Desktop/cr/Git/Reconfigurable_Computing/Projecto_final/FSM/FSM/FSM.srcs/sources_1/new/Control_1.vhd:74]
WARNING: [Synth 8-327] inferring latch for variable 'converted_words_reg[4]' [C:/Users/Joao/Desktop/cr/Git/Reconfigurable_Computing/Projecto_final/FSM/FSM/FSM.srcs/sources_1/new/Control_1.vhd:74]
WARNING: [Synth 8-327] inferring latch for variable 'converted_words_reg[5]' [C:/Users/Joao/Desktop/cr/Git/Reconfigurable_Computing/Projecto_final/FSM/FSM/FSM.srcs/sources_1/new/Control_1.vhd:74]
WARNING: [Synth 8-327] inferring latch for variable 'converted_words_reg[6]' [C:/Users/Joao/Desktop/cr/Git/Reconfigurable_Computing/Projecto_final/FSM/FSM/FSM.srcs/sources_1/new/Control_1.vhd:74]
WARNING: [Synth 8-327] inferring latch for variable 'converted_words_reg[7]' [C:/Users/Joao/Desktop/cr/Git/Reconfigurable_Computing/Projecto_final/FSM/FSM/FSM.srcs/sources_1/new/Control_1.vhd:74]
---------------------------------------------------------------------------------
Finished RTL Optimization Phase 2 : Time (s): cpu = 00:00:21 ; elapsed = 00:00:28 . Memory (MB): peak = 613.348 ; gain = 403.102
---------------------------------------------------------------------------------

Report RTL Partitions: 
+-+--------------+------------+----------+
| |RTL Partition |Replication |Instances |
+-+--------------+------------+----------+
+-+--------------+------------+----------+
---------------------------------------------------------------------------------
Start RTL Component Statistics 
---------------------------------------------------------------------------------
Detailed RTL Component Info : 
+---Adders : 
	   2 Input      4 Bit       Adders := 1     
	   2 Input      3 Bit       Adders := 1     
+---Registers : 
	               10 Bit    Registers := 1     
	                4 Bit    Registers := 1     
	                3 Bit    Registers := 1     
	                2 Bit    Registers := 1     
+---Muxes : 
	   4 Input     10 Bit        Muxes := 2     
	   2 Input      4 Bit        Muxes := 2     
	   4 Input      4 Bit        Muxes := 2     
	   2 Input      3 Bit        Muxes := 2     
	   4 Input      3 Bit        Muxes := 1     
	   5 Input      2 Bit        Muxes := 1     
	   2 Input      2 Bit        Muxes := 1     
	   2 Input      1 Bit        Muxes := 1     
	   4 Input      1 Bit        Muxes := 4     
---------------------------------------------------------------------------------
Finished RTL Component Statistics 
---------------------------------------------------------------------------------
---------------------------------------------------------------------------------
Start RTL Hierarchical Component Statistics 
---------------------------------------------------------------------------------
Hierarchical RTL Component report 
Module Inverter 
Detailed RTL Component Info : 
+---Adders : 
	   2 Input      4 Bit       Adders := 1     
	   2 Input      3 Bit       Adders := 1     
+---Registers : 
	               10 Bit    Registers := 1     
	                4 Bit    Registers := 1     
	                3 Bit    Registers := 1     
	                2 Bit    Registers := 1     
+---Muxes : 
	   4 Input     10 Bit        Muxes := 2     
	   2 Input      4 Bit        Muxes := 2     
	   4 Input      4 Bit        Muxes := 2     
	   2 Input      3 Bit        Muxes := 2     
	   4 Input      3 Bit        Muxes := 1     
	   5 Input      2 Bit        Muxes := 1     
	   2 Input      2 Bit        Muxes := 1     
	   2 Input      1 Bit        Muxes := 1     
	   4 Input      1 Bit        Muxes := 4     
---------------------------------------------------------------------------------
Finished RTL Hierarchical Component Statistics
---------------------------------------------------------------------------------
---------------------------------------------------------------------------------
Start Part Resource Summary
---------------------------------------------------------------------------------
Part Resources:
DSPs: 240 (col length:80)
BRAMs: 270 (col length: RAMB18 80 RAMB36 40)
---------------------------------------------------------------------------------
Finished Part Resource Summary
---------------------------------------------------------------------------------
---------------------------------------------------------------------------------
Start Cross Boundary and Area Optimization
---------------------------------------------------------------------------------
WARNING: [Synth 8-3332] Sequential element (div/next_write_ready_reg) is unused and will be removed from module Inverter_Test.
WARNING: [Synth 8-3332] Sequential element (div/next_send_index_reg[2]) is unused and will be removed from module Inverter_Test.
WARNING: [Synth 8-3332] Sequential element (div/next_send_index_reg[1]) is unused and will be removed from module Inverter_Test.
WARNING: [Synth 8-3332] Sequential element (div/next_send_index_reg[0]) is unused and will be removed from module Inverter_Test.
WARNING: [Synth 8-3332] Sequential element (div/next_write_word_reg[9]) is unused and will be removed from module Inverter_Test.
WARNING: [Synth 8-3332] Sequential element (div/next_write_word_reg[8]) is unused and will be removed from module Inverter_Test.
WARNING: [Synth 8-3332] Sequential element (div/next_write_word_reg[7]) is unused and will be removed from module Inverter_Test.
WARNING: [Synth 8-3332] Sequential element (div/next_write_word_reg[6]) is unused and will be removed from module Inverter_Test.
WARNING: [Synth 8-3332] Sequential element (div/next_write_word_reg[5]) is unused and will be removed from module Inverter_Test.
WARNING: [Synth 8-3332] Sequential element (div/next_write_word_reg[4]) is unused and will be removed from module Inverter_Test.
WARNING: [Synth 8-3332] Sequential element (div/next_write_word_reg[3]) is unused and will be removed from module Inverter_Test.
WARNING: [Synth 8-3332] Sequential element (div/next_write_word_reg[2]) is unused and will be removed from module Inverter_Test.
WARNING: [Synth 8-3332] Sequential element (div/next_write_word_reg[1]) is unused and will be removed from module Inverter_Test.
WARNING: [Synth 8-3332] Sequential element (div/next_write_word_reg[0]) is unused and will be removed from module Inverter_Test.
WARNING: [Synth 8-3332] Sequential element (div/next_swap_index_reg[3]) is unused and will be removed from module Inverter_Test.
WARNING: [Synth 8-3332] Sequential element (div/next_swap_index_reg[2]) is unused and will be removed from module Inverter_Test.
WARNING: [Synth 8-3332] Sequential element (div/next_swap_index_reg[1]) is unused and will be removed from module Inverter_Test.
WARNING: [Synth 8-3332] Sequential element (div/next_swap_index_reg[0]) is unused and will be removed from module Inverter_Test.
WARNING: [Synth 8-3332] Sequential element (div/converted_words_reg[0][9]) is unused and will be removed from module Inverter_Test.
WARNING: [Synth 8-3332] Sequential element (div/converted_words_reg[0][8]) is unused and will be removed from module Inverter_Test.
WARNING: [Synth 8-3332] Sequential element (div/converted_words_reg[0][7]) is unused and will be removed from module Inverter_Test.
WARNING: [Synth 8-3332] Sequential element (div/converted_words_reg[0][6]) is unused and will be removed from module Inverter_Test.
WARNING: [Synth 8-3332] Sequential element (div/converted_words_reg[0][5]) is unused and will be removed from module Inverter_Test.
WARNING: [Synth 8-3332] Sequential element (div/converted_words_reg[0][4]) is unused and will be removed from module Inverter_Test.
WARNING: [Synth 8-3332] Sequential element (div/converted_words_reg[0][3]) is unused and will be removed from module Inverter_Test.
WARNING: [Synth 8-3332] Sequential element (div/converted_words_reg[0][2]) is unused and will be removed from module Inverter_Test.
WARNING: [Synth 8-3332] Sequential element (div/converted_words_reg[0][1]) is unused and will be removed from module Inverter_Test.
WARNING: [Synth 8-3332] Sequential element (div/converted_words_reg[0][0]) is unused and will be removed from module Inverter_Test.
WARNING: [Synth 8-3332] Sequential element (div/converted_words_reg[1][9]) is unused and will be removed from module Inverter_Test.
WARNING: [Synth 8-3332] Sequential element (div/converted_words_reg[1][8]) is unused and will be removed from module Inverter_Test.
WARNING: [Synth 8-3332] Sequential element (div/converted_words_reg[1][7]) is unused and will be removed from module Inverter_Test.
WARNING: [Synth 8-3332] Sequential element (div/converted_words_reg[1][6]) is unused and will be removed from module Inverter_Test.
WARNING: [Synth 8-3332] Sequential element (div/converted_words_reg[1][5]) is unused and will be removed from module Inverter_Test.
WARNING: [Synth 8-3332] Sequential element (div/converted_words_reg[1][4]) is unused and will be removed from module Inverter_Test.
WARNING: [Synth 8-3332] Sequential element (div/converted_words_reg[1][3]) is unused and will be removed from module Inverter_Test.
WARNING: [Synth 8-3332] Sequential element (div/converted_words_reg[1][2]) is unused and will be removed from module Inverter_Test.
WARNING: [Synth 8-3332] Sequential element (div/converted_words_reg[1][1]) is unused and will be removed from module Inverter_Test.
WARNING: [Synth 8-3332] Sequential element (div/converted_words_reg[1][0]) is unused and will be removed from module Inverter_Test.
WARNING: [Synth 8-3332] Sequential element (div/converted_words_reg[2][9]) is unused and will be removed from module Inverter_Test.
WARNING: [Synth 8-3332] Sequential element (div/converted_words_reg[2][8]) is unused and will be removed from module Inverter_Test.
WARNING: [Synth 8-3332] Sequential element (div/converted_words_reg[2][7]) is unused and will be removed from module Inverter_Test.
WARNING: [Synth 8-3332] Sequential element (div/converted_words_reg[2][6]) is unused and will be removed from module Inverter_Test.
WARNING: [Synth 8-3332] Sequential element (div/converted_words_reg[2][5]) is unused and will be removed from module Inverter_Test.
WARNING: [Synth 8-3332] Sequential element (div/converted_words_reg[2][4]) is unused and will be removed from module Inverter_Test.
WARNING: [Synth 8-3332] Sequential element (div/converted_words_reg[2][3]) is unused and will be removed from module Inverter_Test.
WARNING: [Synth 8-3332] Sequential element (div/converted_words_reg[2][2]) is unused and will be removed from module Inverter_Test.
WARNING: [Synth 8-3332] Sequential element (div/converted_words_reg[2][1]) is unused and will be removed from module Inverter_Test.
WARNING: [Synth 8-3332] Sequential element (div/converted_words_reg[2][0]) is unused and will be removed from module Inverter_Test.
WARNING: [Synth 8-3332] Sequential element (div/converted_words_reg[3][9]) is unused and will be removed from module Inverter_Test.
WARNING: [Synth 8-3332] Sequential element (div/converted_words_reg[3][8]) is unused and will be removed from module Inverter_Test.
WARNING: [Synth 8-3332] Sequential element (div/converted_words_reg[3][7]) is unused and will be removed from module Inverter_Test.
WARNING: [Synth 8-3332] Sequential element (div/converted_words_reg[3][6]) is unused and will be removed from module Inverter_Test.
WARNING: [Synth 8-3332] Sequential element (div/converted_words_reg[3][5]) is unused and will be removed from module Inverter_Test.
WARNING: [Synth 8-3332] Sequential element (div/converted_words_reg[3][4]) is unused and will be removed from module Inverter_Test.
WARNING: [Synth 8-3332] Sequential element (div/converted_words_reg[3][3]) is unused and will be removed from module Inverter_Test.
WARNING: [Synth 8-3332] Sequential element (div/converted_words_reg[3][2]) is unused and will be removed from module Inverter_Test.
WARNING: [Synth 8-3332] Sequential element (div/converted_words_reg[3][1]) is unused and will be removed from module Inverter_Test.
WARNING: [Synth 8-3332] Sequential element (div/converted_words_reg[3][0]) is unused and will be removed from module Inverter_Test.
WARNING: [Synth 8-3332] Sequential element (div/converted_words_reg[4][9]) is unused and will be removed from module Inverter_Test.
WARNING: [Synth 8-3332] Sequential element (div/converted_words_reg[4][8]) is unused and will be removed from module Inverter_Test.
WARNING: [Synth 8-3332] Sequential element (div/converted_words_reg[4][7]) is unused and will be removed from module Inverter_Test.
WARNING: [Synth 8-3332] Sequential element (div/converted_words_reg[4][6]) is unused and will be removed from module Inverter_Test.
WARNING: [Synth 8-3332] Sequential element (div/converted_words_reg[4][5]) is unused and will be removed from module Inverter_Test.
WARNING: [Synth 8-3332] Sequential element (div/converted_words_reg[4][4]) is unused and will be removed from module Inverter_Test.
WARNING: [Synth 8-3332] Sequential element (div/converted_words_reg[4][3]) is unused and will be removed from module Inverter_Test.
WARNING: [Synth 8-3332] Sequential element (div/converted_words_reg[4][2]) is unused and will be removed from module Inverter_Test.
WARNING: [Synth 8-3332] Sequential element (div/converted_words_reg[4][1]) is unused and will be removed from module Inverter_Test.
WARNING: [Synth 8-3332] Sequential element (div/converted_words_reg[4][0]) is unused and will be removed from module Inverter_Test.
WARNING: [Synth 8-3332] Sequential element (div/converted_words_reg[5][9]) is unused and will be removed from module Inverter_Test.
WARNING: [Synth 8-3332] Sequential element (div/converted_words_reg[5][8]) is unused and will be removed from module Inverter_Test.
WARNING: [Synth 8-3332] Sequential element (div/converted_words_reg[5][7]) is unused and will be removed from module Inverter_Test.
WARNING: [Synth 8-3332] Sequential element (div/converted_words_reg[5][6]) is unused and will be removed from module Inverter_Test.
WARNING: [Synth 8-3332] Sequential element (div/converted_words_reg[5][5]) is unused and will be removed from module Inverter_Test.
WARNING: [Synth 8-3332] Sequential element (div/converted_words_reg[5][4]) is unused and will be removed from module Inverter_Test.
WARNING: [Synth 8-3332] Sequential element (div/converted_words_reg[5][3]) is unused and will be removed from module Inverter_Test.
WARNING: [Synth 8-3332] Sequential element (div/converted_words_reg[5][2]) is unused and will be removed from module Inverter_Test.
WARNING: [Synth 8-3332] Sequential element (div/converted_words_reg[5][1]) is unused and will be removed from module Inverter_Test.
WARNING: [Synth 8-3332] Sequential element (div/converted_words_reg[5][0]) is unused and will be removed from module Inverter_Test.
WARNING: [Synth 8-3332] Sequential element (div/converted_words_reg[6][9]) is unused and will be removed from module Inverter_Test.
WARNING: [Synth 8-3332] Sequential element (div/converted_words_reg[6][8]) is unused and will be removed from module Inverter_Test.
WARNING: [Synth 8-3332] Sequential element (div/converted_words_reg[6][7]) is unused and will be removed from module Inverter_Test.
WARNING: [Synth 8-3332] Sequential element (div/converted_words_reg[6][6]) is unused and will be removed from module Inverter_Test.
WARNING: [Synth 8-3332] Sequential element (div/converted_words_reg[6][5]) is unused and will be removed from module Inverter_Test.
WARNING: [Synth 8-3332] Sequential element (div/converted_words_reg[6][4]) is unused and will be removed from module Inverter_Test.
WARNING: [Synth 8-3332] Sequential element (div/converted_words_reg[6][3]) is unused and will be removed from module Inverter_Test.
WARNING: [Synth 8-3332] Sequential element (div/converted_words_reg[6][2]) is unused and will be removed from module Inverter_Test.
WARNING: [Synth 8-3332] Sequential element (div/converted_words_reg[6][1]) is unused and will be removed from module Inverter_Test.
WARNING: [Synth 8-3332] Sequential element (div/converted_words_reg[6][0]) is unused and will be removed from module Inverter_Test.
WARNING: [Synth 8-3332] Sequential element (div/converted_words_reg[7][9]) is unused and will be removed from module Inverter_Test.
WARNING: [Synth 8-3332] Sequential element (div/converted_words_reg[7][8]) is unused and will be removed from module Inverter_Test.
WARNING: [Synth 8-3332] Sequential element (div/converted_words_reg[7][7]) is unused and will be removed from module Inverter_Test.
WARNING: [Synth 8-3332] Sequential element (div/converted_words_reg[7][6]) is unused and will be removed from module Inverter_Test.
WARNING: [Synth 8-3332] Sequential element (div/converted_words_reg[7][5]) is unused and will be removed from module Inverter_Test.
WARNING: [Synth 8-3332] Sequential element (div/converted_words_reg[7][4]) is unused and will be removed from module Inverter_Test.
WARNING: [Synth 8-3332] Sequential element (div/converted_words_reg[7][3]) is unused and will be removed from module Inverter_Test.
WARNING: [Synth 8-3332] Sequential element (div/converted_words_reg[7][2]) is unused and will be removed from module Inverter_Test.
WARNING: [Synth 8-3332] Sequential element (div/converted_words_reg[7][1]) is unused and will be removed from module Inverter_Test.
WARNING: [Synth 8-3332] Sequential element (div/converted_words_reg[7][0]) is unused and will be removed from module Inverter_Test.
WARNING: [Synth 8-3332] Sequential element (div/current_swap_index_reg[3]) is unused and will be removed from module Inverter_Test.
WARNING: [Synth 8-3332] Sequential element (div/current_swap_index_reg[2]) is unused and will be removed from module Inverter_Test.
INFO: [Common 17-14] Message 'Synth 8-3332' appears 100 times and further instances of the messages will be disabled. Use the Tcl command set_msg_config to change the current settings.
---------------------------------------------------------------------------------
Finished Cross Boundary and Area Optimization : Time (s): cpu = 00:00:22 ; elapsed = 00:00:29 . Memory (MB): peak = 613.348 ; gain = 403.102
---------------------------------------------------------------------------------

Report RTL Partitions: 
+-+--------------+------------+----------+
| |RTL Partition |Replication |Instances |
+-+--------------+------------+----------+
+-+--------------+------------+----------+
---------------------------------------------------------------------------------
Start Timing Optimization
---------------------------------------------------------------------------------
---------------------------------------------------------------------------------
Start Applying XDC Timing Constraints
---------------------------------------------------------------------------------
---------------------------------------------------------------------------------
Finished Applying XDC Timing Constraints : Time (s): cpu = 00:00:35 ; elapsed = 00:00:42 . Memory (MB): peak = 613.348 ; gain = 403.102
---------------------------------------------------------------------------------
---------------------------------------------------------------------------------
Finished Timing Optimization : Time (s): cpu = 00:00:35 ; elapsed = 00:00:42 . Memory (MB): peak = 613.348 ; gain = 403.102
---------------------------------------------------------------------------------

Report RTL Partitions: 
+-+--------------+------------+----------+
| |RTL Partition |Replication |Instances |
+-+--------------+------------+----------+
+-+--------------+------------+----------+
---------------------------------------------------------------------------------
Start Technology Mapping
---------------------------------------------------------------------------------
---------------------------------------------------------------------------------
Finished Technology Mapping : Time (s): cpu = 00:00:35 ; elapsed = 00:00:42 . Memory (MB): peak = 613.348 ; gain = 403.102
---------------------------------------------------------------------------------

Report RTL Partitions: 
+-+--------------+------------+----------+
| |RTL Partition |Replication |Instances |
+-+--------------+------------+----------+
+-+--------------+------------+----------+
---------------------------------------------------------------------------------
Start IO Insertion
---------------------------------------------------------------------------------
---------------------------------------------------------------------------------
Start Flattening Before IO Insertion
---------------------------------------------------------------------------------
---------------------------------------------------------------------------------
Finished Flattening Before IO Insertion
---------------------------------------------------------------------------------
---------------------------------------------------------------------------------
Start Final Netlist Cleanup
---------------------------------------------------------------------------------
---------------------------------------------------------------------------------
Finished Final Netlist Cleanup
---------------------------------------------------------------------------------
---------------------------------------------------------------------------------
Finished IO Insertion : Time (s): cpu = 00:00:36 ; elapsed = 00:00:43 . Memory (MB): peak = 613.348 ; gain = 403.102
---------------------------------------------------------------------------------

Report Check Netlist: 
+------+------------------+-------+---------+-------+------------------+
|      |Item              |Errors |Warnings |Status |Description       |
+------+------------------+-------+---------+-------+------------------+
|1     |multi_driven_nets |      0|        0|Passed |Multi driven nets |
+------+------------------+-------+---------+-------+------------------+
---------------------------------------------------------------------------------
Start Renaming Generated Instances
---------------------------------------------------------------------------------
---------------------------------------------------------------------------------
Finished Renaming Generated Instances : Time (s): cpu = 00:00:36 ; elapsed = 00:00:43 . Memory (MB): peak = 613.348 ; gain = 403.102
---------------------------------------------------------------------------------

Report RTL Partitions: 
+-+--------------+------------+----------+
| |RTL Partition |Replication |Instances |
+-+--------------+------------+----------+
+-+--------------+------------+----------+
---------------------------------------------------------------------------------
Start Rebuilding User Hierarchy
---------------------------------------------------------------------------------
---------------------------------------------------------------------------------
Finished Rebuilding User Hierarchy : Time (s): cpu = 00:00:36 ; elapsed = 00:00:43 . Memory (MB): peak = 613.348 ; gain = 403.102
---------------------------------------------------------------------------------
---------------------------------------------------------------------------------
Start Renaming Generated Ports
---------------------------------------------------------------------------------
---------------------------------------------------------------------------------
Finished Renaming Generated Ports : Time (s): cpu = 00:00:36 ; elapsed = 00:00:43 . Memory (MB): peak = 613.348 ; gain = 403.102
---------------------------------------------------------------------------------
---------------------------------------------------------------------------------
Start Handling Custom Attributes
---------------------------------------------------------------------------------
---------------------------------------------------------------------------------
Finished Handling Custom Attributes : Time (s): cpu = 00:00:36 ; elapsed = 00:00:43 . Memory (MB): peak = 613.348 ; gain = 403.102
---------------------------------------------------------------------------------
---------------------------------------------------------------------------------
Start Renaming Generated Nets
---------------------------------------------------------------------------------
---------------------------------------------------------------------------------
Finished Renaming Generated Nets : Time (s): cpu = 00:00:36 ; elapsed = 00:00:43 . Memory (MB): peak = 613.348 ; gain = 403.102
---------------------------------------------------------------------------------
---------------------------------------------------------------------------------
Start Writing Synthesis Report
---------------------------------------------------------------------------------

Report BlackBoxes: 
+-+--------------+----------+
| |BlackBox name |Instances |
+-+--------------+----------+
+-+--------------+----------+

Report Cell Usage: 
+-+-----+------+
| |Cell |Count |
+-+-----+------+
+-+-----+------+

Report Instance Areas: 
+------+---------+-------+------+
|      |Instance |Module |Cells |
+------+---------+-------+------+
|1     |top      |       |     0|
+------+---------+-------+------+
---------------------------------------------------------------------------------
Finished Writing Synthesis Report : Time (s): cpu = 00:00:36 ; elapsed = 00:00:43 . Memory (MB): peak = 613.348 ; gain = 403.102
---------------------------------------------------------------------------------
Synthesis finished with 0 errors, 0 critical warnings and 119 warnings.
Synthesis Optimization Runtime : Time (s): cpu = 00:00:19 ; elapsed = 00:00:28 . Memory (MB): peak = 613.348 ; gain = 108.980
Synthesis Optimization Complete : Time (s): cpu = 00:00:36 ; elapsed = 00:00:43 . Memory (MB): peak = 613.348 ; gain = 403.102
INFO: [Project 1-571] Translating synthesized netlist
INFO: [Project 1-570] Preparing netlist for logic optimization
INFO: [Opt 31-138] Pushed 0 inverter(s) to 0 load pin(s).
INFO: [Project 1-111] Unisim Transformation Summary:
No Unisim elements were transformed.

INFO: [Common 17-83] Releasing license: Synthesis
18 Infos, 222 Warnings, 101 Critical Warnings and 0 Errors encountered.
synth_design completed successfully
synth_design: Time (s): cpu = 00:00:34 ; elapsed = 00:00:38 . Memory (MB): peak = 613.348 ; gain = 403.102
INFO: [Common 17-1381] The checkpoint 'C:/Users/Joao/Desktop/cr/Git/Reconfigurable_Computing/Projecto_final/fsm/FSM/FSM.runs/synth_1/Inverter_Test.dcp' has been generated.
report_utilization: Time (s): cpu = 00:00:00 ; elapsed = 00:00:00.026 . Memory (MB): peak = 613.348 ; gain = 0.000
INFO: [Common 17-206] Exiting Vivado at Wed Jun 07 02:09:41 2017...
