
*** Running vivado
    with args -log Find1000_Find1_0_2.vds -m64 -product Vivado -mode batch -messageDb vivado.pb -notrace -source Find1000_Find1_0_2.tcl


****** Vivado v2016.4 (64-bit)
  **** SW Build 1756540 on Mon Jan 23 19:11:23 MST 2017
  **** IP Build 1755317 on Mon Jan 23 20:30:07 MST 2017
    ** Copyright 1986-2016 Xilinx, Inc. All Rights Reserved.

source Find1000_Find1_0_2.tcl -notrace
Command: synth_design -top Find1000_Find1_0_2 -part xc7a100tcsg324-1 -mode out_of_context
Starting synth_design
Attempting to get a license for feature 'Synthesis' and/or device 'xc7a100t'
INFO: [Common 17-349] Got license for feature 'Synthesis' and/or device 'xc7a100t'
INFO: Launching helper process for spawning children vivado processes
INFO: Helper process launched with PID 5304 
---------------------------------------------------------------------------------
Starting Synthesize : Time (s): cpu = 00:00:08 ; elapsed = 00:00:12 . Memory (MB): peak = 289.875 ; gain = 80.582
---------------------------------------------------------------------------------
INFO: [Synth 8-638] synthesizing module 'Find1000_Find1_0_2' [c:/Users/Joao/Desktop/cr/Git/Reconfigurable_Computing/Lesson3/Ex3/Ex3.srcs/sources_1/bd/Find1000/ip/Find1000_Find1_0_2/synth/Find1000_Find1_0_2.vhd:65]
	Parameter number_of_bits bound to: 1000 - type: integer 
INFO: [Synth 8-3491] module 'Find1' declared at 'c:/Users/Joao/Desktop/cr/Git/Reconfigurable_Computing/Lesson3/Ex3/Ex3.srcs/sources_1/bd/Find1000/ipshared/1fed/Find1s/Find1s.srcs/sources_1/new/Find1.vhd:7' bound to instance 'U0' of component 'Find1' [c:/Users/Joao/Desktop/cr/Git/Reconfigurable_Computing/Lesson3/Ex3/Ex3.srcs/sources_1/bd/Find1000/ip/Find1000_Find1_0_2/synth/Find1000_Find1_0_2.vhd:88]
INFO: [Synth 8-638] synthesizing module 'Find1' [c:/Users/Joao/Desktop/cr/Git/Reconfigurable_Computing/Lesson3/Ex3/Ex3.srcs/sources_1/bd/Find1000/ipshared/1fed/Find1s/Find1s.srcs/sources_1/new/Find1.vhd:16]
	Parameter number_of_bits bound to: 1000 - type: integer 
INFO: [Synth 8-226] default block is never used [c:/Users/Joao/Desktop/cr/Git/Reconfigurable_Computing/Lesson3/Ex3/Ex3.srcs/sources_1/bd/Find1000/ipshared/1fed/Find1s/Find1s.srcs/sources_1/new/Find1.vhd:44]
INFO: [Synth 8-256] done synthesizing module 'Find1' (1#1) [c:/Users/Joao/Desktop/cr/Git/Reconfigurable_Computing/Lesson3/Ex3/Ex3.srcs/sources_1/bd/Find1000/ipshared/1fed/Find1s/Find1s.srcs/sources_1/new/Find1.vhd:16]
INFO: [Synth 8-256] done synthesizing module 'Find1000_Find1_0_2' (2#1) [c:/Users/Joao/Desktop/cr/Git/Reconfigurable_Computing/Lesson3/Ex3/Ex3.srcs/sources_1/bd/Find1000/ip/Find1000_Find1_0_2/synth/Find1000_Find1_0_2.vhd:65]
---------------------------------------------------------------------------------
Finished Synthesize : Time (s): cpu = 00:00:09 ; elapsed = 00:00:13 . Memory (MB): peak = 327.305 ; gain = 118.012
---------------------------------------------------------------------------------
---------------------------------------------------------------------------------
Finished Constraint Validation : Time (s): cpu = 00:00:09 ; elapsed = 00:00:13 . Memory (MB): peak = 327.305 ; gain = 118.012
---------------------------------------------------------------------------------
---------------------------------------------------------------------------------
Start Loading Part and Timing Information
---------------------------------------------------------------------------------
Loading part: xc7a100tcsg324-1
---------------------------------------------------------------------------------
Finished Loading Part and Timing Information : Time (s): cpu = 00:00:09 ; elapsed = 00:00:13 . Memory (MB): peak = 327.305 ; gain = 118.012
---------------------------------------------------------------------------------
INFO: [Device 21-403] Loading part xc7a100tcsg324-1
INFO: [Synth 8-5546] ROM "N_S" won't be mapped to RAM because it is too sparse
---------------------------------------------------------------------------------
Finished RTL Optimization Phase 2 : Time (s): cpu = 00:00:13 ; elapsed = 00:00:15 . Memory (MB): peak = 358.988 ; gain = 149.695
---------------------------------------------------------------------------------

Report RTL Partitions: 
+-+--------------+------------+----------+
| |RTL Partition |Replication |Instances |
+-+--------------+------------+----------+
+-+--------------+------------+----------+
No constraint files found.
---------------------------------------------------------------------------------
Start RTL Component Statistics 
---------------------------------------------------------------------------------
Detailed RTL Component Info : 
+---Adders : 
	   2 Input     10 Bit       Adders := 2     
+---Registers : 
	               10 Bit    Registers := 3     
	                1 Bit    Registers := 1     
+---Muxes : 
	   2 Input      1 Bit        Muxes := 1     
	   3 Input      1 Bit        Muxes := 1     
	   4 Input      1 Bit        Muxes := 1     
---------------------------------------------------------------------------------
Finished RTL Component Statistics 
---------------------------------------------------------------------------------
---------------------------------------------------------------------------------
Start RTL Hierarchical Component Statistics 
---------------------------------------------------------------------------------
Hierarchical RTL Component report 
Module Find1 
Detailed RTL Component Info : 
+---Adders : 
	   2 Input     10 Bit       Adders := 2     
+---Registers : 
	               10 Bit    Registers := 3     
	                1 Bit    Registers := 1     
+---Muxes : 
	   2 Input      1 Bit        Muxes := 1     
	   3 Input      1 Bit        Muxes := 1     
	   4 Input      1 Bit        Muxes := 1     
---------------------------------------------------------------------------------
Finished RTL Hierarchical Component Statistics
---------------------------------------------------------------------------------
---------------------------------------------------------------------------------
Start Part Resource Summary
---------------------------------------------------------------------------------
Part Resources:
DSPs: 240 (col length:80)
BRAMs: 270 (col length: RAMB18 80 RAMB36 40)
---------------------------------------------------------------------------------
Finished Part Resource Summary
---------------------------------------------------------------------------------
No constraint files found.
---------------------------------------------------------------------------------
Start Cross Boundary and Area Optimization
---------------------------------------------------------------------------------
INFO: [Synth 8-3917] design Find1000_Find1_0_2 has port led[10] driven by constant 0
---------------------------------------------------------------------------------
Finished Cross Boundary and Area Optimization : Time (s): cpu = 00:00:20 ; elapsed = 00:00:22 . Memory (MB): peak = 494.547 ; gain = 285.254
---------------------------------------------------------------------------------

Report RTL Partitions: 
+-+--------------+------------+----------+
| |RTL Partition |Replication |Instances |
+-+--------------+------------+----------+
+-+--------------+------------+----------+
---------------------------------------------------------------------------------
Start Timing Optimization
---------------------------------------------------------------------------------
No constraint files found.
---------------------------------------------------------------------------------
Finished Timing Optimization : Time (s): cpu = 00:00:20 ; elapsed = 00:00:22 . Memory (MB): peak = 494.547 ; gain = 285.254
---------------------------------------------------------------------------------

Report RTL Partitions: 
+-+--------------+------------+----------+
| |RTL Partition |Replication |Instances |
+-+--------------+------------+----------+
+-+--------------+------------+----------+
---------------------------------------------------------------------------------
Start Technology Mapping
---------------------------------------------------------------------------------
---------------------------------------------------------------------------------
Finished Technology Mapping : Time (s): cpu = 00:00:20 ; elapsed = 00:00:23 . Memory (MB): peak = 494.547 ; gain = 285.254
---------------------------------------------------------------------------------

Report RTL Partitions: 
+-+--------------+------------+----------+
| |RTL Partition |Replication |Instances |
+-+--------------+------------+----------+
+-+--------------+------------+----------+
---------------------------------------------------------------------------------
Start IO Insertion
---------------------------------------------------------------------------------
---------------------------------------------------------------------------------
Start Flattening Before IO Insertion
---------------------------------------------------------------------------------
---------------------------------------------------------------------------------
Finished Flattening Before IO Insertion
---------------------------------------------------------------------------------
---------------------------------------------------------------------------------
Start Final Netlist Cleanup
---------------------------------------------------------------------------------
---------------------------------------------------------------------------------
Finished Final Netlist Cleanup
---------------------------------------------------------------------------------
---------------------------------------------------------------------------------
Finished IO Insertion : Time (s): cpu = 00:00:21 ; elapsed = 00:00:23 . Memory (MB): peak = 494.547 ; gain = 285.254
---------------------------------------------------------------------------------

Report Check Netlist: 
+------+------------------+-------+---------+-------+------------------+
|      |Item              |Errors |Warnings |Status |Description       |
+------+------------------+-------+---------+-------+------------------+
|1     |multi_driven_nets |      0|        0|Passed |Multi driven nets |
+------+------------------+-------+---------+-------+------------------+
---------------------------------------------------------------------------------
Start Renaming Generated Instances
---------------------------------------------------------------------------------
---------------------------------------------------------------------------------
Finished Renaming Generated Instances : Time (s): cpu = 00:00:21 ; elapsed = 00:00:24 . Memory (MB): peak = 494.547 ; gain = 285.254
---------------------------------------------------------------------------------

Report RTL Partitions: 
+-+--------------+------------+----------+
| |RTL Partition |Replication |Instances |
+-+--------------+------------+----------+
+-+--------------+------------+----------+
---------------------------------------------------------------------------------
Start Rebuilding User Hierarchy
---------------------------------------------------------------------------------
---------------------------------------------------------------------------------
Finished Rebuilding User Hierarchy : Time (s): cpu = 00:00:21 ; elapsed = 00:00:24 . Memory (MB): peak = 494.547 ; gain = 285.254
---------------------------------------------------------------------------------
---------------------------------------------------------------------------------
Start Renaming Generated Ports
---------------------------------------------------------------------------------
---------------------------------------------------------------------------------
Finished Renaming Generated Ports : Time (s): cpu = 00:00:21 ; elapsed = 00:00:24 . Memory (MB): peak = 494.547 ; gain = 285.254
---------------------------------------------------------------------------------
---------------------------------------------------------------------------------
Start Handling Custom Attributes
---------------------------------------------------------------------------------
---------------------------------------------------------------------------------
Finished Handling Custom Attributes : Time (s): cpu = 00:00:21 ; elapsed = 00:00:24 . Memory (MB): peak = 494.547 ; gain = 285.254
---------------------------------------------------------------------------------
---------------------------------------------------------------------------------
Start Renaming Generated Nets
---------------------------------------------------------------------------------
---------------------------------------------------------------------------------
Finished Renaming Generated Nets : Time (s): cpu = 00:00:21 ; elapsed = 00:00:24 . Memory (MB): peak = 494.547 ; gain = 285.254
---------------------------------------------------------------------------------
---------------------------------------------------------------------------------
Start Writing Synthesis Report
---------------------------------------------------------------------------------

Report BlackBoxes: 
+-+--------------+----------+
| |BlackBox name |Instances |
+-+--------------+----------+
+-+--------------+----------+

Report Cell Usage: 
+------+------+------+
|      |Cell  |Count |
+------+------+------+
|1     |LUT1  |     3|
|2     |LUT2  |     7|
|3     |LUT3  |     4|
|4     |LUT4  |     6|
|5     |LUT5  |     4|
|6     |LUT6  |   274|
|7     |MUXF7 |   133|
|8     |MUXF8 |    66|
|9     |FDRE  |    35|
+------+------+------+

Report Instance Areas: 
+------+---------+-------+------+
|      |Instance |Module |Cells |
+------+---------+-------+------+
|1     |top      |       |   532|
|2     |  U0     |Find1  |   532|
+------+---------+-------+------+
---------------------------------------------------------------------------------
Finished Writing Synthesis Report : Time (s): cpu = 00:00:21 ; elapsed = 00:00:24 . Memory (MB): peak = 494.547 ; gain = 285.254
---------------------------------------------------------------------------------
Synthesis finished with 0 errors, 0 critical warnings and 0 warnings.
Synthesis Optimization Runtime : Time (s): cpu = 00:00:17 ; elapsed = 00:00:16 . Memory (MB): peak = 494.547 ; gain = 279.133
Synthesis Optimization Complete : Time (s): cpu = 00:00:21 ; elapsed = 00:00:24 . Memory (MB): peak = 494.547 ; gain = 285.254
INFO: [Project 1-571] Translating synthesized netlist
INFO: [Project 1-570] Preparing netlist for logic optimization
INFO: [Opt 31-138] Pushed 0 inverter(s) to 0 load pin(s).
INFO: [Project 1-111] Unisim Transformation Summary:
No Unisim elements were transformed.

INFO: [Common 17-83] Releasing license: Synthesis
15 Infos, 0 Warnings, 0 Critical Warnings and 0 Errors encountered.
synth_design completed successfully
synth_design: Time (s): cpu = 00:00:20 ; elapsed = 00:00:20 . Memory (MB): peak = 556.633 ; gain = 341.219
INFO: [Timing 38-35] Done setting XDC timing constraints.
INFO: [Common 17-1381] The checkpoint 'C:/Users/Joao/Desktop/cr/Git/Reconfigurable_Computing/Lesson3/Ex3/Ex3.runs/Find1000_Find1_0_2_synth_1/Find1000_Find1_0_2.dcp' has been generated.
write_checkpoint: Time (s): cpu = 00:00:17 ; elapsed = 00:00:17 . Memory (MB): peak = 1011.758 ; gain = 455.125
