
*** Running vivado
    with args -log ex_1_xlconstant_0_0.vds -m64 -product Vivado -mode batch -messageDb vivado.pb -notrace -source ex_1_xlconstant_0_0.tcl


****** Vivado v2016.4 (64-bit)
  **** SW Build 1756540 on Mon Jan 23 19:11:23 MST 2017
  **** IP Build 1755317 on Mon Jan 23 20:30:07 MST 2017
    ** Copyright 1986-2016 Xilinx, Inc. All Rights Reserved.

source ex_1_xlconstant_0_0.tcl -notrace
Starting Synthesize : Time (s): cpu = 00:00:08 ; elapsed = 00:00:31 . Memory (MB): peak = 290.359 ; gain = 80.203
INFO: [Synth 8-638] synthesizing module 'ex_1_xlconstant_0_0' [c:/users/joao/desktop/cr/git/reconfigurable_computing/lesson3/lesson3.tmp/bintobcd16_v1_0_project/BinToBCD16_v1_0_project.srcs/sources_1/bd/ex_1/ip/ex_1_xlconstant_0_0/sim/ex_1_xlconstant_0_0.vhd:35]
INFO: [Synth 8-638] synthesizing module 'xlconstant' [c:/users/joao/desktop/cr/git/reconfigurable_computing/lesson3/lesson3.tmp/bintobcd16_v1_0_project/BinToBCD16_v1_0_project.srcs/sources_1/bd/ex_1/ipshared/e147/xlconstant.vhd:36]
INFO: [Synth 8-256] done synthesizing module 'xlconstant' (1#1) [c:/users/joao/desktop/cr/git/reconfigurable_computing/lesson3/lesson3.tmp/bintobcd16_v1_0_project/BinToBCD16_v1_0_project.srcs/sources_1/bd/ex_1/ipshared/e147/xlconstant.vhd:36]
INFO: [Synth 8-256] done synthesizing module 'ex_1_xlconstant_0_0' (2#1) [c:/users/joao/desktop/cr/git/reconfigurable_computing/lesson3/lesson3.tmp/bintobcd16_v1_0_project/BinToBCD16_v1_0_project.srcs/sources_1/bd/ex_1/ip/ex_1_xlconstant_0_0/sim/ex_1_xlconstant_0_0.vhd:35]
Finished Synthesize : Time (s): cpu = 00:00:08 ; elapsed = 00:00:32 . Memory (MB): peak = 326.930 ; gain = 116.773
Finished Constraint Validation : Time (s): cpu = 00:00:09 ; elapsed = 00:00:33 . Memory (MB): peak = 326.930 ; gain = 116.773
INFO: [Device 21-403] Loading part xc7a100tcsg324-1
Finished Loading Part and Timing Information : Time (s): cpu = 00:00:09 ; elapsed = 00:00:33 . Memory (MB): peak = 326.930 ; gain = 116.773
Finished RTL Optimization Phase 2 : Time (s): cpu = 00:00:09 ; elapsed = 00:00:33 . Memory (MB): peak = 326.930 ; gain = 116.773
Finished Cross Boundary and Area Optimization : Time (s): cpu = 00:00:12 ; elapsed = 00:00:38 . Memory (MB): peak = 441.598 ; gain = 231.441
Finished Timing Optimization : Time (s): cpu = 00:00:12 ; elapsed = 00:00:38 . Memory (MB): peak = 441.598 ; gain = 231.441
Finished Technology Mapping : Time (s): cpu = 00:00:12 ; elapsed = 00:00:38 . Memory (MB): peak = 445.184 ; gain = 235.027
Finished IO Insertion : Time (s): cpu = 00:00:13 ; elapsed = 00:00:39 . Memory (MB): peak = 445.184 ; gain = 235.027
Finished Renaming Generated Instances : Time (s): cpu = 00:00:13 ; elapsed = 00:00:39 . Memory (MB): peak = 445.184 ; gain = 235.027
Finished Rebuilding User Hierarchy : Time (s): cpu = 00:00:13 ; elapsed = 00:00:39 . Memory (MB): peak = 445.184 ; gain = 235.027
Finished Renaming Generated Ports : Time (s): cpu = 00:00:13 ; elapsed = 00:00:39 . Memory (MB): peak = 445.184 ; gain = 235.027
Finished Handling Custom Attributes : Time (s): cpu = 00:00:13 ; elapsed = 00:00:39 . Memory (MB): peak = 445.184 ; gain = 235.027
Finished Renaming Generated Nets : Time (s): cpu = 00:00:13 ; elapsed = 00:00:39 . Memory (MB): peak = 445.184 ; gain = 235.027

Report Cell Usage: 
+-+-----+------+
| |Cell |Count |
+-+-----+------+
+-+-----+------+
Finished Writing Synthesis Report : Time (s): cpu = 00:00:13 ; elapsed = 00:00:39 . Memory (MB): peak = 445.184 ; gain = 235.027
synth_design: Time (s): cpu = 00:00:12 ; elapsed = 00:00:18 . Memory (MB): peak = 531.742 ; gain = 316.273
write_checkpoint: Time (s): cpu = 00:00:14 ; elapsed = 00:00:15 . Memory (MB): peak = 907.289 ; gain = 375.547
