
*** Running vivado
    with args -log memdis_blk_mem_gen_0_0.vds -m64 -product Vivado -mode batch -messageDb vivado.pb -notrace -source memdis_blk_mem_gen_0_0.tcl


****** Vivado v2016.4 (64-bit)
  **** SW Build 1733598 on Wed Dec 14 22:35:39 MST 2016
  **** IP Build 1731160 on Wed Dec 14 23:47:21 MST 2016
    ** Copyright 1986-2016 Xilinx, Inc. All Rights Reserved.

source memdis_blk_mem_gen_0_0.tcl -notrace
Starting RTL Elaboration : Time (s): cpu = 00:00:06 ; elapsed = 00:00:07 . Memory (MB): peak = 318.004 ; gain = 107.383
INFO: [Synth 8-638] synthesizing module 'memdis_blk_mem_gen_0_0' [k:/CRExamples2017/AT5/Repository/MemoryDisp2017/MemoryDisp2017.srcs/sources_1/bd/memdis/ip/memdis_blk_mem_gen_0_0/synth/memdis_blk_mem_gen_0_0.vhd:67]
INFO: [Synth 8-256] done synthesizing module 'memdis_blk_mem_gen_0_0' (11#1) [k:/CRExamples2017/AT5/Repository/MemoryDisp2017/MemoryDisp2017.srcs/sources_1/bd/memdis/ip/memdis_blk_mem_gen_0_0/synth/memdis_blk_mem_gen_0_0.vhd:67]
Finished RTL Elaboration : Time (s): cpu = 00:00:53 ; elapsed = 00:00:56 . Memory (MB): peak = 518.758 ; gain = 308.137
Finished RTL Optimization Phase 1 : Time (s): cpu = 00:00:53 ; elapsed = 00:00:56 . Memory (MB): peak = 518.758 ; gain = 308.137
INFO: [Device 21-403] Loading part xc7a100tcsg324-1
Constraint Validation Runtime : Time (s): cpu = 00:00:00 ; elapsed = 00:00:00.015 . Memory (MB): peak = 680.309 ; gain = 0.000
Finished Constraint Validation : Time (s): cpu = 00:01:01 ; elapsed = 00:01:04 . Memory (MB): peak = 680.309 ; gain = 469.688
Finished Loading Part and Timing Information : Time (s): cpu = 00:01:01 ; elapsed = 00:01:04 . Memory (MB): peak = 680.309 ; gain = 469.688
Finished applying 'set_property' XDC Constraints : Time (s): cpu = 00:01:01 ; elapsed = 00:01:04 . Memory (MB): peak = 680.309 ; gain = 469.688
Finished RTL Optimization Phase 2 : Time (s): cpu = 00:01:01 ; elapsed = 00:01:05 . Memory (MB): peak = 680.309 ; gain = 469.688
Finished Cross Boundary and Area Optimization : Time (s): cpu = 00:01:02 ; elapsed = 00:01:06 . Memory (MB): peak = 680.309 ; gain = 469.688
Finished Applying XDC Timing Constraints : Time (s): cpu = 00:01:09 ; elapsed = 00:01:13 . Memory (MB): peak = 680.309 ; gain = 469.688
Finished Timing Optimization : Time (s): cpu = 00:01:09 ; elapsed = 00:01:13 . Memory (MB): peak = 680.309 ; gain = 469.688
Finished Technology Mapping : Time (s): cpu = 00:01:09 ; elapsed = 00:01:13 . Memory (MB): peak = 680.309 ; gain = 469.688
Finished IO Insertion : Time (s): cpu = 00:01:10 ; elapsed = 00:01:14 . Memory (MB): peak = 680.309 ; gain = 469.688
Finished Renaming Generated Instances : Time (s): cpu = 00:01:10 ; elapsed = 00:01:14 . Memory (MB): peak = 680.309 ; gain = 469.688
Finished Rebuilding User Hierarchy : Time (s): cpu = 00:01:10 ; elapsed = 00:01:14 . Memory (MB): peak = 680.309 ; gain = 469.688
Finished Renaming Generated Ports : Time (s): cpu = 00:01:10 ; elapsed = 00:01:14 . Memory (MB): peak = 680.309 ; gain = 469.688
Finished Handling Custom Attributes : Time (s): cpu = 00:01:10 ; elapsed = 00:01:14 . Memory (MB): peak = 680.309 ; gain = 469.688
Finished Renaming Generated Nets : Time (s): cpu = 00:01:10 ; elapsed = 00:01:14 . Memory (MB): peak = 680.309 ; gain = 469.688

Report Cell Usage: 
+------+-----------+------+
|      |Cell       |Count |
+------+-----------+------+
|1     |LUT4       |    16|
|2     |LUT6       |    36|
|3     |MUXF7      |    18|
|4     |MUXF8      |     9|
|5     |RAMB36E1   |    16|
|6     |RAMB36E1_1 |     7|
|7     |RAMB36E1_2 |     7|
|8     |FDRE       |     4|
+------+-----------+------+
Finished Writing Synthesis Report : Time (s): cpu = 00:01:10 ; elapsed = 00:01:14 . Memory (MB): peak = 680.309 ; gain = 469.688
synth_design: Time (s): cpu = 00:01:09 ; elapsed = 00:01:12 . Memory (MB): peak = 680.309 ; gain = 440.570
