
*** Running vivado
    with args -log disp32bits_xlslice_2_2.vds -m64 -product Vivado -mode batch -messageDb vivado.pb -notrace -source disp32bits_xlslice_2_2.tcl


****** Vivado v2016.4 (64-bit)
  **** SW Build 1756540 on Mon Jan 23 19:11:23 MST 2017
  **** IP Build 1755317 on Mon Jan 23 20:30:07 MST 2017
    ** Copyright 1986-2016 Xilinx, Inc. All Rights Reserved.

source disp32bits_xlslice_2_2.tcl -notrace
Starting Synthesize : Time (s): cpu = 00:00:16 ; elapsed = 00:01:40 . Memory (MB): peak = 290.105 ; gain = 80.547
INFO: [Synth 8-638] synthesizing module 'disp32bits_xlslice_2_2' [c:/Users/Joao/Desktop/cr/Git/Reconfigurable_Computing/Lesson4/32bitstodisp/32bitstodisp.srcs/sources_1/bd/disp32bits/ip/disp32bits_xlslice_2_2/synth/disp32bits_xlslice_2_2.vhd:66]
INFO: [Synth 8-638] synthesizing module 'xlslice' [c:/Users/Joao/Desktop/cr/Git/Reconfigurable_Computing/Lesson4/32bitstodisp/32bitstodisp.srcs/sources_1/bd/disp32bits/ipshared/c49f/xlslice.vhd:38]
INFO: [Synth 8-256] done synthesizing module 'xlslice' (1#1) [c:/Users/Joao/Desktop/cr/Git/Reconfigurable_Computing/Lesson4/32bitstodisp/32bitstodisp.srcs/sources_1/bd/disp32bits/ipshared/c49f/xlslice.vhd:38]
INFO: [Synth 8-256] done synthesizing module 'disp32bits_xlslice_2_2' (2#1) [c:/Users/Joao/Desktop/cr/Git/Reconfigurable_Computing/Lesson4/32bitstodisp/32bitstodisp.srcs/sources_1/bd/disp32bits/ip/disp32bits_xlslice_2_2/synth/disp32bits_xlslice_2_2.vhd:66]
Finished Synthesize : Time (s): cpu = 00:00:18 ; elapsed = 00:01:42 . Memory (MB): peak = 327.586 ; gain = 118.027
Finished Constraint Validation : Time (s): cpu = 00:00:18 ; elapsed = 00:01:42 . Memory (MB): peak = 327.586 ; gain = 118.027
Finished Loading Part and Timing Information : Time (s): cpu = 00:00:18 ; elapsed = 00:01:42 . Memory (MB): peak = 327.586 ; gain = 118.027
Finished RTL Optimization Phase 2 : Time (s): cpu = 00:00:18 ; elapsed = 00:01:42 . Memory (MB): peak = 327.586 ; gain = 118.027
INFO: [Device 21-403] Loading part xc7a100tcsg324-1
Finished Cross Boundary and Area Optimization : Time (s): cpu = 00:00:25 ; elapsed = 00:01:51 . Memory (MB): peak = 442.488 ; gain = 232.930
Finished Timing Optimization : Time (s): cpu = 00:00:25 ; elapsed = 00:01:51 . Memory (MB): peak = 442.488 ; gain = 232.930
Finished Technology Mapping : Time (s): cpu = 00:00:25 ; elapsed = 00:01:51 . Memory (MB): peak = 444.492 ; gain = 234.934
Finished IO Insertion : Time (s): cpu = 00:00:26 ; elapsed = 00:01:53 . Memory (MB): peak = 444.492 ; gain = 234.934
Finished Renaming Generated Instances : Time (s): cpu = 00:00:26 ; elapsed = 00:01:53 . Memory (MB): peak = 444.492 ; gain = 234.934
Finished Rebuilding User Hierarchy : Time (s): cpu = 00:00:26 ; elapsed = 00:01:53 . Memory (MB): peak = 444.492 ; gain = 234.934
Finished Renaming Generated Ports : Time (s): cpu = 00:00:26 ; elapsed = 00:01:53 . Memory (MB): peak = 444.492 ; gain = 234.934
Finished Handling Custom Attributes : Time (s): cpu = 00:00:26 ; elapsed = 00:01:53 . Memory (MB): peak = 444.492 ; gain = 234.934
Finished Renaming Generated Nets : Time (s): cpu = 00:00:26 ; elapsed = 00:01:53 . Memory (MB): peak = 444.492 ; gain = 234.934

Report Cell Usage: 
+-+-----+------+
| |Cell |Count |
+-+-----+------+
+-+-----+------+
Finished Writing Synthesis Report : Time (s): cpu = 00:00:26 ; elapsed = 00:01:53 . Memory (MB): peak = 444.492 ; gain = 234.934
synth_design: Time (s): cpu = 00:00:22 ; elapsed = 00:00:34 . Memory (MB): peak = 523.465 ; gain = 307.777
write_checkpoint: Time (s): cpu = 00:00:25 ; elapsed = 00:01:04 . Memory (MB): peak = 908.469 ; gain = 385.004
