Copyright 1986-2016 Xilinx, Inc. All Rights Reserved.
-------------------------------------------------------------------------------------------------
| Tool Version : Vivado v.2016.4 (win64) Build 1756540 Mon Jan 23 19:11:23 MST 2017
| Date         : Fri Mar 24 12:35:05 2017
| Host         : DESKTOP-2SMIO6T running 64-bit major release  (build 9200)
| Command      : report_control_sets -verbose -file swtodisplays_wrapper_control_sets_placed.rpt
| Design       : swtodisplays_wrapper
| Device       : xc7a100t
-------------------------------------------------------------------------------------------------

Control Set Information

Table of Contents
-----------------
1. Summary
2. Flip-Flop Distribution
3. Detailed Control Set Information

1. Summary
----------

+----------------------------------------------------------+-------+
|                          Status                          | Count |
+----------------------------------------------------------+-------+
| Number of unique control sets                            |     6 |
| Unused register locations in slices containing registers |    21 |
+----------------------------------------------------------+-------+


2. Flip-Flop Distribution
-------------------------

+--------------+-----------------------+------------------------+-----------------+--------------+
| Clock Enable | Synchronous Set/Reset | Asynchronous Set/Reset | Total Registers | Total Slices |
+--------------+-----------------------+------------------------+-----------------+--------------+
| No           | No                    | No                     |              20 |            6 |
| No           | No                    | Yes                    |               0 |            0 |
| No           | Yes                   | No                     |              22 |            8 |
| Yes          | No                    | No                     |              21 |            4 |
| Yes          | No                    | Yes                    |               0 |            0 |
| Yes          | Yes                   | No                     |              20 |            8 |
+--------------+-----------------------+------------------------+-----------------+--------------+


3. Detailed Control Set Information
-----------------------------------

+---------------------------------------+-----------------------------------------------------+------------------+------------------+----------------+
|              Clock Signal             |                    Enable Signal                    | Set/Reset Signal | Slice Load Count | Bel Load Count |
+---------------------------------------+-----------------------------------------------------+------------------+------------------+----------------+
|  clk_IBUF_BUFG                        |                                                     |                  |                1 |              3 |
|  clk_IBUF_BUFG                        | swtodisplays_i/BinToBCD16_0/U0/index_c[4]_i_1_n_0   |                  |                1 |              5 |
|  clk_IBUF_BUFG                        | swtodisplays_i/BinToBCD16_0/U0/int_rg_c[15]_i_1_n_0 |                  |                3 |             16 |
|  swtodisplays_i/clockdivider_0/U0/led |                                                     |                  |                5 |             17 |
|  clk_IBUF_BUFG                        | swtodisplays_i/BinToBCD16_0/U0/get_outputs          | btnC_IBUF        |                8 |             20 |
|  clk_IBUF_BUFG                        |                                                     | btnC_IBUF        |                8 |             22 |
+---------------------------------------+-----------------------------------------------------+------------------+------------------+----------------+


+--------+-----------------------+
| Fanout | Number of ControlSets |
+--------+-----------------------+
| 3      |                     1 |
| 5      |                     1 |
| 16+    |                     4 |
+--------+-----------------------+


