Copyright 1986-2016 Xilinx, Inc. All Rights Reserved.
-----------------------------------------------------------------------------------------------------------------------------------------------
| Tool Version : Vivado v.2016.4 (win64) Build 1756540 Mon Jan 23 19:11:23 MST 2017
| Date         : Fri Mar 24 12:35:51 2017
| Host         : DESKTOP-2SMIO6T running 64-bit major release  (build 9200)
| Command      : report_methodology -file swtodisplays_wrapper_methodology_drc_routed.rpt -rpx swtodisplays_wrapper_methodology_drc_routed.rpx
| Design       : swtodisplays_wrapper
| Device       : xc7a100tcsg324-1
| Speed File   : -1
| Design State : Routed
-----------------------------------------------------------------------------------------------------------------------------------------------

Report Methodology

Table of Contents
-----------------
1. REPORT SUMMARY
2. REPORT DETAILS

1. REPORT SUMMARY
-----------------
            Netlist: netlist
          Floorplan: design_1
      Design limits: <entire design considered>
             Max violations: <unlimited>
             Violations found: 41
+-----------+----------+-------------------------------+------------+
| Rule      | Severity | Description                   | Violations |
+-----------+----------+-------------------------------+------------+
| TIMING-17 | Warning  | Non-clocked sequential cell   | 17         |
| TIMING-18 | Warning  | Missing input or output delay | 24         |
+-----------+----------+-------------------------------+------------+

2. REPORT DETAILS
-----------------
TIMING-17#1 Warning
Non-clocked sequential cell  
The clock pin swtodisplays_i/EightDispControl_0/U0/div_reg[0]/C is not reached by a timing clock
Related violations: <none>

TIMING-17#2 Warning
Non-clocked sequential cell  
The clock pin swtodisplays_i/EightDispControl_0/U0/div_reg[10]/C is not reached by a timing clock
Related violations: <none>

TIMING-17#3 Warning
Non-clocked sequential cell  
The clock pin swtodisplays_i/EightDispControl_0/U0/div_reg[11]/C is not reached by a timing clock
Related violations: <none>

TIMING-17#4 Warning
Non-clocked sequential cell  
The clock pin swtodisplays_i/EightDispControl_0/U0/div_reg[12]/C is not reached by a timing clock
Related violations: <none>

TIMING-17#5 Warning
Non-clocked sequential cell  
The clock pin swtodisplays_i/EightDispControl_0/U0/div_reg[13]/C is not reached by a timing clock
Related violations: <none>

TIMING-17#6 Warning
Non-clocked sequential cell  
The clock pin swtodisplays_i/EightDispControl_0/U0/div_reg[14]/C is not reached by a timing clock
Related violations: <none>

TIMING-17#7 Warning
Non-clocked sequential cell  
The clock pin swtodisplays_i/EightDispControl_0/U0/div_reg[15]/C is not reached by a timing clock
Related violations: <none>

TIMING-17#8 Warning
Non-clocked sequential cell  
The clock pin swtodisplays_i/EightDispControl_0/U0/div_reg[16]/C is not reached by a timing clock
Related violations: <none>

TIMING-17#9 Warning
Non-clocked sequential cell  
The clock pin swtodisplays_i/EightDispControl_0/U0/div_reg[1]/C is not reached by a timing clock
Related violations: <none>

TIMING-17#10 Warning
Non-clocked sequential cell  
The clock pin swtodisplays_i/EightDispControl_0/U0/div_reg[2]/C is not reached by a timing clock
Related violations: <none>

TIMING-17#11 Warning
Non-clocked sequential cell  
The clock pin swtodisplays_i/EightDispControl_0/U0/div_reg[3]/C is not reached by a timing clock
Related violations: <none>

TIMING-17#12 Warning
Non-clocked sequential cell  
The clock pin swtodisplays_i/EightDispControl_0/U0/div_reg[4]/C is not reached by a timing clock
Related violations: <none>

TIMING-17#13 Warning
Non-clocked sequential cell  
The clock pin swtodisplays_i/EightDispControl_0/U0/div_reg[5]/C is not reached by a timing clock
Related violations: <none>

TIMING-17#14 Warning
Non-clocked sequential cell  
The clock pin swtodisplays_i/EightDispControl_0/U0/div_reg[6]/C is not reached by a timing clock
Related violations: <none>

TIMING-17#15 Warning
Non-clocked sequential cell  
The clock pin swtodisplays_i/EightDispControl_0/U0/div_reg[7]/C is not reached by a timing clock
Related violations: <none>

TIMING-17#16 Warning
Non-clocked sequential cell  
The clock pin swtodisplays_i/EightDispControl_0/U0/div_reg[8]/C is not reached by a timing clock
Related violations: <none>

TIMING-17#17 Warning
Non-clocked sequential cell  
The clock pin swtodisplays_i/EightDispControl_0/U0/div_reg[9]/C is not reached by a timing clock
Related violations: <none>

TIMING-18#1 Warning
Missing input or output delay  
An input delay is missing on btnC relative to clock(s) sys_clk_pin 
Related violations: <none>

TIMING-18#2 Warning
Missing input or output delay  
An input delay is missing on sw[0] relative to clock(s) sys_clk_pin 
Related violations: <none>

TIMING-18#3 Warning
Missing input or output delay  
An input delay is missing on sw[10] relative to clock(s) sys_clk_pin 
Related violations: <none>

TIMING-18#4 Warning
Missing input or output delay  
An input delay is missing on sw[11] relative to clock(s) sys_clk_pin 
Related violations: <none>

TIMING-18#5 Warning
Missing input or output delay  
An input delay is missing on sw[12] relative to clock(s) sys_clk_pin 
Related violations: <none>

TIMING-18#6 Warning
Missing input or output delay  
An input delay is missing on sw[13] relative to clock(s) sys_clk_pin 
Related violations: <none>

TIMING-18#7 Warning
Missing input or output delay  
An input delay is missing on sw[14] relative to clock(s) sys_clk_pin 
Related violations: <none>

TIMING-18#8 Warning
Missing input or output delay  
An input delay is missing on sw[15] relative to clock(s) sys_clk_pin 
Related violations: <none>

TIMING-18#9 Warning
Missing input or output delay  
An input delay is missing on sw[1] relative to clock(s) sys_clk_pin 
Related violations: <none>

TIMING-18#10 Warning
Missing input or output delay  
An input delay is missing on sw[2] relative to clock(s) sys_clk_pin 
Related violations: <none>

TIMING-18#11 Warning
Missing input or output delay  
An input delay is missing on sw[3] relative to clock(s) sys_clk_pin 
Related violations: <none>

TIMING-18#12 Warning
Missing input or output delay  
An input delay is missing on sw[4] relative to clock(s) sys_clk_pin 
Related violations: <none>

TIMING-18#13 Warning
Missing input or output delay  
An input delay is missing on sw[5] relative to clock(s) sys_clk_pin 
Related violations: <none>

TIMING-18#14 Warning
Missing input or output delay  
An input delay is missing on sw[6] relative to clock(s) sys_clk_pin 
Related violations: <none>

TIMING-18#15 Warning
Missing input or output delay  
An input delay is missing on sw[7] relative to clock(s) sys_clk_pin 
Related violations: <none>

TIMING-18#16 Warning
Missing input or output delay  
An input delay is missing on sw[8] relative to clock(s) sys_clk_pin 
Related violations: <none>

TIMING-18#17 Warning
Missing input or output delay  
An input delay is missing on sw[9] relative to clock(s) sys_clk_pin 
Related violations: <none>

TIMING-18#18 Warning
Missing input or output delay  
An output delay is missing on seg[0] relative to clock(s) sys_clk_pin 
Related violations: <none>

TIMING-18#19 Warning
Missing input or output delay  
An output delay is missing on seg[1] relative to clock(s) sys_clk_pin 
Related violations: <none>

TIMING-18#20 Warning
Missing input or output delay  
An output delay is missing on seg[2] relative to clock(s) sys_clk_pin 
Related violations: <none>

TIMING-18#21 Warning
Missing input or output delay  
An output delay is missing on seg[3] relative to clock(s) sys_clk_pin 
Related violations: <none>

TIMING-18#22 Warning
Missing input or output delay  
An output delay is missing on seg[4] relative to clock(s) sys_clk_pin 
Related violations: <none>

TIMING-18#23 Warning
Missing input or output delay  
An output delay is missing on seg[5] relative to clock(s) sys_clk_pin 
Related violations: <none>

TIMING-18#24 Warning
Missing input or output delay  
An output delay is missing on seg[6] relative to clock(s) sys_clk_pin 
Related violations: <none>


