
*** Running vivado
    with args -log design1_dlmb_bram_if_cntlr_0.vds -m64 -product Vivado -mode batch -messageDb vivado.pb -notrace -source design1_dlmb_bram_if_cntlr_0.tcl


****** Vivado v2016.4 (64-bit)
  **** SW Build 1756540 on Mon Jan 23 19:11:23 MST 2017
  **** IP Build 1755317 on Mon Jan 23 20:30:07 MST 2017
    ** Copyright 1986-2016 Xilinx, Inc. All Rights Reserved.

source design1_dlmb_bram_if_cntlr_0.tcl -notrace
Starting RTL Elaboration : Time (s): cpu = 00:00:15 ; elapsed = 00:00:55 . Memory (MB): peak = 292.629 ; gain = 82.820
INFO: [Synth 8-638] synthesizing module 'design1_dlmb_bram_if_cntlr_0' [c:/Users/Joao/Desktop/cr/Git/Reconfigurable_Computing/Lesson6/Ex6_1_sdk/Ex6_1_sdk.srcs/sources_1/bd/design1/ip/design1_dlmb_bram_if_cntlr_0/synth/design1_dlmb_bram_if_cntlr_0.vhd:84]
INFO: [Synth 8-638] synthesizing module 'lmb_bram_if_cntlr' [c:/Users/Joao/Desktop/cr/Git/Reconfigurable_Computing/Lesson6/Ex6_1_sdk/Ex6_1_sdk.srcs/sources_1/bd/design1/ipshared/f4d9/hdl/lmb_bram_if_cntlr_v4_0_vh_rfs.vhd:3106]
INFO: [Synth 8-638] synthesizing module 'lmb_mux' [c:/Users/Joao/Desktop/cr/Git/Reconfigurable_Computing/Lesson6/Ex6_1_sdk/Ex6_1_sdk.srcs/sources_1/bd/design1/ipshared/f4d9/hdl/lmb_bram_if_cntlr_v4_0_vh_rfs.vhd:2601]
INFO: [Synth 8-638] synthesizing module 'pselect_mask' [c:/Users/Joao/Desktop/cr/Git/Reconfigurable_Computing/Lesson6/Ex6_1_sdk/Ex6_1_sdk.srcs/sources_1/bd/design1/ipshared/f4d9/hdl/lmb_bram_if_cntlr_v4_0_vh_rfs.vhd:2121]
INFO: [Synth 8-256] done synthesizing module 'pselect_mask' (1#1) [c:/Users/Joao/Desktop/cr/Git/Reconfigurable_Computing/Lesson6/Ex6_1_sdk/Ex6_1_sdk.srcs/sources_1/bd/design1/ipshared/f4d9/hdl/lmb_bram_if_cntlr_v4_0_vh_rfs.vhd:2121]
INFO: [Synth 8-256] done synthesizing module 'lmb_mux' (2#1) [c:/Users/Joao/Desktop/cr/Git/Reconfigurable_Computing/Lesson6/Ex6_1_sdk/Ex6_1_sdk.srcs/sources_1/bd/design1/ipshared/f4d9/hdl/lmb_bram_if_cntlr_v4_0_vh_rfs.vhd:2601]
INFO: [Synth 8-256] done synthesizing module 'lmb_bram_if_cntlr' (3#1) [c:/Users/Joao/Desktop/cr/Git/Reconfigurable_Computing/Lesson6/Ex6_1_sdk/Ex6_1_sdk.srcs/sources_1/bd/design1/ipshared/f4d9/hdl/lmb_bram_if_cntlr_v4_0_vh_rfs.vhd:3106]
INFO: [Synth 8-256] done synthesizing module 'design1_dlmb_bram_if_cntlr_0' (4#1) [c:/Users/Joao/Desktop/cr/Git/Reconfigurable_Computing/Lesson6/Ex6_1_sdk/Ex6_1_sdk.srcs/sources_1/bd/design1/ip/design1_dlmb_bram_if_cntlr_0/synth/design1_dlmb_bram_if_cntlr_0.vhd:84]
Finished RTL Elaboration : Time (s): cpu = 00:00:17 ; elapsed = 00:00:58 . Memory (MB): peak = 331.887 ; gain = 122.078
Finished RTL Optimization Phase 1 : Time (s): cpu = 00:00:17 ; elapsed = 00:00:58 . Memory (MB): peak = 331.887 ; gain = 122.078
INFO: [Device 21-403] Loading part xc7a100tcsg324-1
Constraint Validation Runtime : Time (s): cpu = 00:00:00 ; elapsed = 00:00:02 . Memory (MB): peak = 587.688 ; gain = 0.000
Finished Constraint Validation : Time (s): cpu = 00:00:36 ; elapsed = 00:01:42 . Memory (MB): peak = 587.688 ; gain = 377.879
Finished Loading Part and Timing Information : Time (s): cpu = 00:00:36 ; elapsed = 00:01:42 . Memory (MB): peak = 587.688 ; gain = 377.879
Finished applying 'set_property' XDC Constraints : Time (s): cpu = 00:00:36 ; elapsed = 00:01:42 . Memory (MB): peak = 587.688 ; gain = 377.879
Finished RTL Optimization Phase 2 : Time (s): cpu = 00:00:36 ; elapsed = 00:01:43 . Memory (MB): peak = 587.688 ; gain = 377.879
Finished Cross Boundary and Area Optimization : Time (s): cpu = 00:00:37 ; elapsed = 00:01:45 . Memory (MB): peak = 587.688 ; gain = 377.879
Finished Applying XDC Timing Constraints : Time (s): cpu = 00:00:57 ; elapsed = 00:02:14 . Memory (MB): peak = 589.141 ; gain = 379.332
Finished Timing Optimization : Time (s): cpu = 00:00:57 ; elapsed = 00:02:14 . Memory (MB): peak = 589.141 ; gain = 379.332
Finished Technology Mapping : Time (s): cpu = 00:00:57 ; elapsed = 00:02:14 . Memory (MB): peak = 608.500 ; gain = 398.691
Finished IO Insertion : Time (s): cpu = 00:00:58 ; elapsed = 00:02:16 . Memory (MB): peak = 608.500 ; gain = 398.691
Finished Renaming Generated Instances : Time (s): cpu = 00:00:58 ; elapsed = 00:02:16 . Memory (MB): peak = 608.500 ; gain = 398.691
Finished Rebuilding User Hierarchy : Time (s): cpu = 00:00:58 ; elapsed = 00:02:16 . Memory (MB): peak = 608.500 ; gain = 398.691
Finished Renaming Generated Ports : Time (s): cpu = 00:00:58 ; elapsed = 00:02:16 . Memory (MB): peak = 608.500 ; gain = 398.691
Finished Handling Custom Attributes : Time (s): cpu = 00:00:58 ; elapsed = 00:02:17 . Memory (MB): peak = 608.500 ; gain = 398.691
Finished Renaming Generated Nets : Time (s): cpu = 00:00:58 ; elapsed = 00:02:17 . Memory (MB): peak = 608.500 ; gain = 398.691

Report Cell Usage: 
+------+-----+------+
|      |Cell |Count |
+------+-----+------+
|1     |LUT2 |     3|
|2     |LUT3 |     4|
|3     |FDRE |     2|
+------+-----+------+
Finished Writing Synthesis Report : Time (s): cpu = 00:00:58 ; elapsed = 00:02:17 . Memory (MB): peak = 608.500 ; gain = 398.691
synth_design: Time (s): cpu = 00:00:53 ; elapsed = 00:01:59 . Memory (MB): peak = 625.387 ; gain = 409.289
