
*** Running vivado
    with args -log design1_axi_gpio_0_0.vds -m64 -product Vivado -mode batch -messageDb vivado.pb -notrace -source design1_axi_gpio_0_0.tcl


****** Vivado v2016.4 (64-bit)
  **** SW Build 1756540 on Mon Jan 23 19:11:23 MST 2017
  **** IP Build 1755317 on Mon Jan 23 20:30:07 MST 2017
    ** Copyright 1986-2016 Xilinx, Inc. All Rights Reserved.

source design1_axi_gpio_0_0.tcl -notrace
Starting RTL Elaboration : Time (s): cpu = 00:00:16 ; elapsed = 00:02:09 . Memory (MB): peak = 301.926 ; gain = 92.488
INFO: [Synth 8-638] synthesizing module 'design1_axi_gpio_0_0' [c:/Users/Joao/Desktop/cr/Git/Reconfigurable_Computing/Lesson6/Ex6_1_sdk/Ex6_1_sdk.srcs/sources_1/bd/design1/ip/design1_axi_gpio_0_0/synth/design1_axi_gpio_0_0.vhd:85]
INFO: [Synth 8-638] synthesizing module 'axi_gpio' [c:/Users/Joao/Desktop/cr/Git/Reconfigurable_Computing/Lesson6/Ex6_1_sdk/Ex6_1_sdk.srcs/sources_1/bd/design1/ipshared/4f16/hdl/axi_gpio_v2_0_vh_rfs.vhd:1091]
INFO: [Synth 8-638] synthesizing module 'axi_lite_ipif' [c:/Users/Joao/Desktop/cr/Git/Reconfigurable_Computing/Lesson6/Ex6_1_sdk/Ex6_1_sdk.srcs/sources_1/bd/design1/ipshared/0ba0/hdl/axi_lite_ipif_v3_0_vh_rfs.vhd:2948]
INFO: [Synth 8-638] synthesizing module 'slave_attachment' [c:/Users/Joao/Desktop/cr/Git/Reconfigurable_Computing/Lesson6/Ex6_1_sdk/Ex6_1_sdk.srcs/sources_1/bd/design1/ipshared/0ba0/hdl/axi_lite_ipif_v3_0_vh_rfs.vhd:2341]
INFO: [Synth 8-638] synthesizing module 'address_decoder' [c:/Users/Joao/Desktop/cr/Git/Reconfigurable_Computing/Lesson6/Ex6_1_sdk/Ex6_1_sdk.srcs/sources_1/bd/design1/ipshared/0ba0/hdl/axi_lite_ipif_v3_0_vh_rfs.vhd:1775]
INFO: [Synth 8-638] synthesizing module 'pselect_f' [c:/Users/Joao/Desktop/cr/Git/Reconfigurable_Computing/Lesson6/Ex6_1_sdk/Ex6_1_sdk.srcs/sources_1/bd/design1/ipshared/0ba0/hdl/axi_lite_ipif_v3_0_vh_rfs.vhd:1534]
INFO: [Synth 8-256] done synthesizing module 'pselect_f' (1#1) [c:/Users/Joao/Desktop/cr/Git/Reconfigurable_Computing/Lesson6/Ex6_1_sdk/Ex6_1_sdk.srcs/sources_1/bd/design1/ipshared/0ba0/hdl/axi_lite_ipif_v3_0_vh_rfs.vhd:1534]
INFO: [Synth 8-638] synthesizing module 'pselect_f__parameterized0' [c:/Users/Joao/Desktop/cr/Git/Reconfigurable_Computing/Lesson6/Ex6_1_sdk/Ex6_1_sdk.srcs/sources_1/bd/design1/ipshared/0ba0/hdl/axi_lite_ipif_v3_0_vh_rfs.vhd:1534]
INFO: [Synth 8-256] done synthesizing module 'pselect_f__parameterized0' (1#1) [c:/Users/Joao/Desktop/cr/Git/Reconfigurable_Computing/Lesson6/Ex6_1_sdk/Ex6_1_sdk.srcs/sources_1/bd/design1/ipshared/0ba0/hdl/axi_lite_ipif_v3_0_vh_rfs.vhd:1534]
INFO: [Synth 8-638] synthesizing module 'pselect_f__parameterized1' [c:/Users/Joao/Desktop/cr/Git/Reconfigurable_Computing/Lesson6/Ex6_1_sdk/Ex6_1_sdk.srcs/sources_1/bd/design1/ipshared/0ba0/hdl/axi_lite_ipif_v3_0_vh_rfs.vhd:1534]
INFO: [Synth 8-256] done synthesizing module 'pselect_f__parameterized1' (1#1) [c:/Users/Joao/Desktop/cr/Git/Reconfigurable_Computing/Lesson6/Ex6_1_sdk/Ex6_1_sdk.srcs/sources_1/bd/design1/ipshared/0ba0/hdl/axi_lite_ipif_v3_0_vh_rfs.vhd:1534]
INFO: [Synth 8-638] synthesizing module 'pselect_f__parameterized2' [c:/Users/Joao/Desktop/cr/Git/Reconfigurable_Computing/Lesson6/Ex6_1_sdk/Ex6_1_sdk.srcs/sources_1/bd/design1/ipshared/0ba0/hdl/axi_lite_ipif_v3_0_vh_rfs.vhd:1534]
INFO: [Synth 8-256] done synthesizing module 'pselect_f__parameterized2' (1#1) [c:/Users/Joao/Desktop/cr/Git/Reconfigurable_Computing/Lesson6/Ex6_1_sdk/Ex6_1_sdk.srcs/sources_1/bd/design1/ipshared/0ba0/hdl/axi_lite_ipif_v3_0_vh_rfs.vhd:1534]
INFO: [Synth 8-256] done synthesizing module 'address_decoder' (2#1) [c:/Users/Joao/Desktop/cr/Git/Reconfigurable_Computing/Lesson6/Ex6_1_sdk/Ex6_1_sdk.srcs/sources_1/bd/design1/ipshared/0ba0/hdl/axi_lite_ipif_v3_0_vh_rfs.vhd:1775]
INFO: [Synth 8-256] done synthesizing module 'slave_attachment' (3#1) [c:/Users/Joao/Desktop/cr/Git/Reconfigurable_Computing/Lesson6/Ex6_1_sdk/Ex6_1_sdk.srcs/sources_1/bd/design1/ipshared/0ba0/hdl/axi_lite_ipif_v3_0_vh_rfs.vhd:2341]
INFO: [Synth 8-256] done synthesizing module 'axi_lite_ipif' (4#1) [c:/Users/Joao/Desktop/cr/Git/Reconfigurable_Computing/Lesson6/Ex6_1_sdk/Ex6_1_sdk.srcs/sources_1/bd/design1/ipshared/0ba0/hdl/axi_lite_ipif_v3_0_vh_rfs.vhd:2948]
INFO: [Synth 8-638] synthesizing module 'GPIO_Core' [c:/Users/Joao/Desktop/cr/Git/Reconfigurable_Computing/Lesson6/Ex6_1_sdk/Ex6_1_sdk.srcs/sources_1/bd/design1/ipshared/4f16/hdl/axi_gpio_v2_0_vh_rfs.vhd:173]
INFO: [Synth 8-638] synthesizing module 'cdc_sync' [c:/Users/Joao/Desktop/cr/Git/Reconfigurable_Computing/Lesson6/Ex6_1_sdk/Ex6_1_sdk.srcs/sources_1/bd/design1/ipshared/52cb/hdl/lib_cdc_v1_0_rfs.vhd:106]
INFO: [Synth 8-256] done synthesizing module 'cdc_sync' (5#1) [c:/Users/Joao/Desktop/cr/Git/Reconfigurable_Computing/Lesson6/Ex6_1_sdk/Ex6_1_sdk.srcs/sources_1/bd/design1/ipshared/52cb/hdl/lib_cdc_v1_0_rfs.vhd:106]
INFO: [Synth 8-256] done synthesizing module 'GPIO_Core' (6#1) [c:/Users/Joao/Desktop/cr/Git/Reconfigurable_Computing/Lesson6/Ex6_1_sdk/Ex6_1_sdk.srcs/sources_1/bd/design1/ipshared/4f16/hdl/axi_gpio_v2_0_vh_rfs.vhd:173]
INFO: [Synth 8-256] done synthesizing module 'axi_gpio' (7#1) [c:/Users/Joao/Desktop/cr/Git/Reconfigurable_Computing/Lesson6/Ex6_1_sdk/Ex6_1_sdk.srcs/sources_1/bd/design1/ipshared/4f16/hdl/axi_gpio_v2_0_vh_rfs.vhd:1091]
INFO: [Synth 8-256] done synthesizing module 'design1_axi_gpio_0_0' (8#1) [c:/Users/Joao/Desktop/cr/Git/Reconfigurable_Computing/Lesson6/Ex6_1_sdk/Ex6_1_sdk.srcs/sources_1/bd/design1/ip/design1_axi_gpio_0_0/synth/design1_axi_gpio_0_0.vhd:85]
Finished RTL Elaboration : Time (s): cpu = 00:00:19 ; elapsed = 00:02:13 . Memory (MB): peak = 341.301 ; gain = 131.863
Finished RTL Optimization Phase 1 : Time (s): cpu = 00:00:19 ; elapsed = 00:02:13 . Memory (MB): peak = 341.301 ; gain = 131.863
INFO: [Device 21-403] Loading part xc7a100tcsg324-1
Constraint Validation Runtime : Time (s): cpu = 00:00:00 ; elapsed = 00:00:00.099 . Memory (MB): peak = 648.926 ; gain = 0.074
Finished Constraint Validation : Time (s): cpu = 00:00:38 ; elapsed = 00:02:41 . Memory (MB): peak = 648.926 ; gain = 439.488
Finished Loading Part and Timing Information : Time (s): cpu = 00:00:38 ; elapsed = 00:02:41 . Memory (MB): peak = 648.926 ; gain = 439.488
Finished applying 'set_property' XDC Constraints : Time (s): cpu = 00:00:38 ; elapsed = 00:02:41 . Memory (MB): peak = 648.926 ; gain = 439.488
Finished RTL Optimization Phase 2 : Time (s): cpu = 00:00:39 ; elapsed = 00:02:43 . Memory (MB): peak = 648.926 ; gain = 439.488
Finished Cross Boundary and Area Optimization : Time (s): cpu = 00:00:42 ; elapsed = 00:02:46 . Memory (MB): peak = 648.926 ; gain = 439.488
Finished Applying XDC Timing Constraints : Time (s): cpu = 00:01:02 ; elapsed = 00:03:13 . Memory (MB): peak = 648.926 ; gain = 439.488
Finished Timing Optimization : Time (s): cpu = 00:01:03 ; elapsed = 00:03:15 . Memory (MB): peak = 648.926 ; gain = 439.488
Finished Technology Mapping : Time (s): cpu = 00:01:03 ; elapsed = 00:03:15 . Memory (MB): peak = 648.926 ; gain = 439.488
Finished IO Insertion : Time (s): cpu = 00:01:05 ; elapsed = 00:03:17 . Memory (MB): peak = 648.926 ; gain = 439.488
Finished Renaming Generated Instances : Time (s): cpu = 00:01:05 ; elapsed = 00:03:17 . Memory (MB): peak = 648.926 ; gain = 439.488
Finished Rebuilding User Hierarchy : Time (s): cpu = 00:01:05 ; elapsed = 00:03:17 . Memory (MB): peak = 648.926 ; gain = 439.488
Finished Renaming Generated Ports : Time (s): cpu = 00:01:05 ; elapsed = 00:03:17 . Memory (MB): peak = 648.926 ; gain = 439.488
Finished Handling Custom Attributes : Time (s): cpu = 00:01:05 ; elapsed = 00:03:17 . Memory (MB): peak = 648.926 ; gain = 439.488
Finished Renaming Generated Nets : Time (s): cpu = 00:01:05 ; elapsed = 00:03:17 . Memory (MB): peak = 648.926 ; gain = 439.488

Report Cell Usage: 
+------+-----+------+
|      |Cell |Count |
+------+-----+------+
|1     |LUT1 |     2|
|2     |LUT2 |     6|
|3     |LUT3 |     3|
|4     |LUT4 |     3|
|5     |LUT5 |     9|
|6     |LUT6 |   105|
|7     |FDR  |   256|
|8     |FDRE |   277|
|9     |FDSE |    64|
+------+-----+------+
Finished Writing Synthesis Report : Time (s): cpu = 00:01:05 ; elapsed = 00:03:17 . Memory (MB): peak = 648.926 ; gain = 439.488
synth_design: Time (s): cpu = 00:00:59 ; elapsed = 00:01:23 . Memory (MB): peak = 648.926 ; gain = 429.922
