#-----------------------------------------------------------
# Vivado v2016.4 (64-bit)
# SW Build 1756540 on Mon Jan 23 19:11:23 MST 2017
# IP Build 1755317 on Mon Jan 23 20:30:07 MST 2017
# Start of session at: Tue May 30 14:46:53 2017
# Process ID: 1268
# Current directory: D:/Migo/University/Computacao_Reconfiguravel/FSM
# Command line: vivado.exe -gui_launcher_event rodinguilauncherevent8660 D:\Migo\University\Computacao_Reconfiguravel\FSM\FSM.xpr
# Log file: D:/Migo/University/Computacao_Reconfiguravel/FSM/vivado.log
# Journal file: D:/Migo/University/Computacao_Reconfiguravel/FSM\vivado.jou
#-----------------------------------------------------------
start_gui
open_project D:/Migo/University/Computacao_Reconfiguravel/FSM/FSM.xpr
Scanning sources...
Finished scanning sources
INFO: [IP_Flow 19-234] Refreshing IP repositories
INFO: [IP_Flow 19-1700] Loaded user IP repository 'd:/migo/university/computacao_reconfiguravel'.
INFO: [IP_Flow 19-2313] Loaded Vivado IP repository 'D:/Migo/Xilinx/Vivado/2016.4/data/ip'.
open_project: Time (s): cpu = 00:00:16 ; elapsed = 00:00:07 . Memory (MB): peak = 750.977 ; gain = 81.598
ipx::open_ipxact_file D:/migo/university/computacao_reconfiguravel/component.xml
set_property core_revision 5 [ipx::current_core]
ipx::create_xgui_files [ipx::current_core]
ipx::update_checksums [ipx::current_core]
ipx::save_core [ipx::current_core]
update_ip_catalog -rebuild -repo_path d:/migo/university/computacao_reconfiguravel
INFO: [IP_Flow 19-725] Reloaded user IP repository 'd:/migo/university/computacao_reconfiguravel'
set_property core_revision 6 [ipx::current_core]
ipx::create_xgui_files [ipx::current_core]
ipx::update_checksums [ipx::current_core]
ipx::save_core [ipx::current_core]
update_ip_catalog -rebuild -repo_path d:/migo/university/computacao_reconfiguravel
INFO: [IP_Flow 19-725] Reloaded user IP repository 'd:/migo/university/computacao_reconfiguravel'
exit
INFO: [Common 17-206] Exiting Vivado at Tue May 30 14:51:21 2017...
