
*** Running vivado
    with args -log design1_lmb_bram_0.vds -m64 -product Vivado -mode batch -messageDb vivado.pb -notrace -source design1_lmb_bram_0.tcl


****** Vivado v2016.4 (64-bit)
  **** SW Build 1756540 on Mon Jan 23 19:11:23 MST 2017
  **** IP Build 1755317 on Mon Jan 23 20:30:07 MST 2017
    ** Copyright 1986-2016 Xilinx, Inc. All Rights Reserved.

source design1_lmb_bram_0.tcl -notrace
Starting RTL Elaboration : Time (s): cpu = 00:00:20 ; elapsed = 00:01:01 . Memory (MB): peak = 293.484 ; gain = 84.176
INFO: [Synth 8-638] synthesizing module 'design1_lmb_bram_0' [c:/Users/Joao/Desktop/cr/Git/Reconfigurable_Computing/Projecto_final/projeto/projeto.srcs/sources_1/bd/design1/ip/design1_lmb_bram_0/synth/design1_lmb_bram_0.vhd:78]
INFO: [Synth 8-256] done synthesizing module 'design1_lmb_bram_0' (11#1) [c:/Users/Joao/Desktop/cr/Git/Reconfigurable_Computing/Projecto_final/projeto/projeto.srcs/sources_1/bd/design1/ip/design1_lmb_bram_0/synth/design1_lmb_bram_0.vhd:78]
Finished RTL Elaboration : Time (s): cpu = 00:02:34 ; elapsed = 00:04:06 . Memory (MB): peak = 493.813 ; gain = 284.504
Finished RTL Optimization Phase 1 : Time (s): cpu = 00:02:34 ; elapsed = 00:04:07 . Memory (MB): peak = 493.813 ; gain = 284.504
INFO: [Device 21-403] Loading part xc7a100tcsg324-1
Constraint Validation Runtime : Time (s): cpu = 00:00:00 ; elapsed = 00:00:00.104 . Memory (MB): peak = 637.188 ; gain = 0.000
Finished Constraint Validation : Time (s): cpu = 00:02:54 ; elapsed = 00:04:35 . Memory (MB): peak = 637.188 ; gain = 427.879
Finished Loading Part and Timing Information : Time (s): cpu = 00:02:54 ; elapsed = 00:04:35 . Memory (MB): peak = 637.188 ; gain = 427.879
Finished applying 'set_property' XDC Constraints : Time (s): cpu = 00:02:54 ; elapsed = 00:04:35 . Memory (MB): peak = 637.188 ; gain = 427.879
Finished RTL Optimization Phase 2 : Time (s): cpu = 00:02:57 ; elapsed = 00:04:39 . Memory (MB): peak = 637.188 ; gain = 427.879
Finished Cross Boundary and Area Optimization : Time (s): cpu = 00:02:57 ; elapsed = 00:04:40 . Memory (MB): peak = 637.188 ; gain = 427.879
Finished Applying XDC Timing Constraints : Time (s): cpu = 00:03:19 ; elapsed = 00:05:20 . Memory (MB): peak = 637.188 ; gain = 427.879
Finished Timing Optimization : Time (s): cpu = 00:03:19 ; elapsed = 00:05:20 . Memory (MB): peak = 637.188 ; gain = 427.879
Finished Technology Mapping : Time (s): cpu = 00:03:19 ; elapsed = 00:05:20 . Memory (MB): peak = 637.188 ; gain = 427.879
Finished IO Insertion : Time (s): cpu = 00:03:21 ; elapsed = 00:05:22 . Memory (MB): peak = 637.188 ; gain = 427.879
Finished Renaming Generated Instances : Time (s): cpu = 00:03:21 ; elapsed = 00:05:22 . Memory (MB): peak = 637.188 ; gain = 427.879
Finished Rebuilding User Hierarchy : Time (s): cpu = 00:03:21 ; elapsed = 00:05:22 . Memory (MB): peak = 637.188 ; gain = 427.879
Finished Renaming Generated Ports : Time (s): cpu = 00:03:21 ; elapsed = 00:05:22 . Memory (MB): peak = 637.188 ; gain = 427.879
Finished Handling Custom Attributes : Time (s): cpu = 00:03:21 ; elapsed = 00:05:22 . Memory (MB): peak = 637.188 ; gain = 427.879
Finished Renaming Generated Nets : Time (s): cpu = 00:03:21 ; elapsed = 00:05:22 . Memory (MB): peak = 637.188 ; gain = 427.879

Report Cell Usage: 
+------+---------+------+
|      |Cell     |Count |
+------+---------+------+
|1     |RAMB36E1 |    32|
+------+---------+------+
Finished Writing Synthesis Report : Time (s): cpu = 00:03:21 ; elapsed = 00:05:22 . Memory (MB): peak = 637.188 ; gain = 427.879
synth_design: Time (s): cpu = 00:03:15 ; elapsed = 00:04:45 . Memory (MB): peak = 641.516 ; gain = 424.891
