
*** Running vivado
    with args -log Dezign1_rst_clk_wiz_1_100M_0.vds -m64 -product Vivado -mode batch -messageDb vivado.pb -notrace -source Dezign1_rst_clk_wiz_1_100M_0.tcl


****** Vivado v2016.4 (64-bit)
  **** SW Build 1756540 on Mon Jan 23 19:11:23 MST 2017
  **** IP Build 1755317 on Mon Jan 23 20:30:07 MST 2017
    ** Copyright 1986-2016 Xilinx, Inc. All Rights Reserved.

source Dezign1_rst_clk_wiz_1_100M_0.tcl -notrace
Starting RTL Elaboration : Time (s): cpu = 00:00:15 ; elapsed = 00:01:01 . Memory (MB): peak = 291.785 ; gain = 81.844
INFO: [Synth 8-638] synthesizing module 'Dezign1_rst_clk_wiz_1_100M_0' [c:/Users/Joao/Desktop/cr/Git/Reconfigurable_Computing/Lesson6/Ex6_2/Ex6_2.srcs/sources_1/bd/Dezign1/ip/Dezign1_rst_clk_wiz_1_100M_0/synth/Dezign1_rst_clk_wiz_1_100M_0.vhd:71]
INFO: [Synth 8-638] synthesizing module 'proc_sys_reset' [c:/Users/Joao/Desktop/cr/Git/Reconfigurable_Computing/Lesson6/Ex6_2/Ex6_2.srcs/sources_1/bd/Dezign1/ipshared/04b4/hdl/proc_sys_reset_v5_0_vh_rfs.vhd:1323]
INFO: [Synth 8-638] synthesizing module 'lpf' [c:/Users/Joao/Desktop/cr/Git/Reconfigurable_Computing/Lesson6/Ex6_2/Ex6_2.srcs/sources_1/bd/Dezign1/ipshared/04b4/hdl/proc_sys_reset_v5_0_vh_rfs.vhd:816]
INFO: [Synth 8-638] synthesizing module 'SRL16' [C:/Xilinx/Vivado/2016.4/scripts/rt/data/unisim_comp.v:43312]
INFO: [Synth 8-256] done synthesizing module 'SRL16' (1#1) [C:/Xilinx/Vivado/2016.4/scripts/rt/data/unisim_comp.v:43312]
INFO: [Synth 8-638] synthesizing module 'cdc_sync' [c:/Users/Joao/Desktop/cr/Git/Reconfigurable_Computing/Lesson6/Ex6_2/Ex6_2.srcs/sources_1/bd/Dezign1/ipshared/52cb/hdl/lib_cdc_v1_0_rfs.vhd:106]
INFO: [Synth 8-256] done synthesizing module 'cdc_sync' (2#1) [c:/Users/Joao/Desktop/cr/Git/Reconfigurable_Computing/Lesson6/Ex6_2/Ex6_2.srcs/sources_1/bd/Dezign1/ipshared/52cb/hdl/lib_cdc_v1_0_rfs.vhd:106]
INFO: [Synth 8-256] done synthesizing module 'lpf' (3#1) [c:/Users/Joao/Desktop/cr/Git/Reconfigurable_Computing/Lesson6/Ex6_2/Ex6_2.srcs/sources_1/bd/Dezign1/ipshared/04b4/hdl/proc_sys_reset_v5_0_vh_rfs.vhd:816]
INFO: [Synth 8-638] synthesizing module 'sequence_psr' [c:/Users/Joao/Desktop/cr/Git/Reconfigurable_Computing/Lesson6/Ex6_2/Ex6_2.srcs/sources_1/bd/Dezign1/ipshared/04b4/hdl/proc_sys_reset_v5_0_vh_rfs.vhd:301]
INFO: [Synth 8-638] synthesizing module 'upcnt_n' [c:/Users/Joao/Desktop/cr/Git/Reconfigurable_Computing/Lesson6/Ex6_2/Ex6_2.srcs/sources_1/bd/Dezign1/ipshared/04b4/hdl/proc_sys_reset_v5_0_vh_rfs.vhd:125]
INFO: [Synth 8-256] done synthesizing module 'upcnt_n' (4#1) [c:/Users/Joao/Desktop/cr/Git/Reconfigurable_Computing/Lesson6/Ex6_2/Ex6_2.srcs/sources_1/bd/Dezign1/ipshared/04b4/hdl/proc_sys_reset_v5_0_vh_rfs.vhd:125]
INFO: [Synth 8-256] done synthesizing module 'sequence_psr' (5#1) [c:/Users/Joao/Desktop/cr/Git/Reconfigurable_Computing/Lesson6/Ex6_2/Ex6_2.srcs/sources_1/bd/Dezign1/ipshared/04b4/hdl/proc_sys_reset_v5_0_vh_rfs.vhd:301]
INFO: [Synth 8-256] done synthesizing module 'proc_sys_reset' (6#1) [c:/Users/Joao/Desktop/cr/Git/Reconfigurable_Computing/Lesson6/Ex6_2/Ex6_2.srcs/sources_1/bd/Dezign1/ipshared/04b4/hdl/proc_sys_reset_v5_0_vh_rfs.vhd:1323]
INFO: [Synth 8-256] done synthesizing module 'Dezign1_rst_clk_wiz_1_100M_0' (7#1) [c:/Users/Joao/Desktop/cr/Git/Reconfigurable_Computing/Lesson6/Ex6_2/Ex6_2.srcs/sources_1/bd/Dezign1/ip/Dezign1_rst_clk_wiz_1_100M_0/synth/Dezign1_rst_clk_wiz_1_100M_0.vhd:71]
Finished RTL Elaboration : Time (s): cpu = 00:00:17 ; elapsed = 00:01:07 . Memory (MB): peak = 330.117 ; gain = 120.176
Finished RTL Optimization Phase 1 : Time (s): cpu = 00:00:17 ; elapsed = 00:01:08 . Memory (MB): peak = 330.117 ; gain = 120.176
INFO: [Device 21-403] Loading part xc7a100tcsg324-1
Constraint Validation Runtime : Time (s): cpu = 00:00:00 ; elapsed = 00:00:00.325 . Memory (MB): peak = 634.875 ; gain = 0.000
Finished Constraint Validation : Time (s): cpu = 00:00:32 ; elapsed = 00:02:24 . Memory (MB): peak = 634.875 ; gain = 424.934
Finished Loading Part and Timing Information : Time (s): cpu = 00:00:32 ; elapsed = 00:02:24 . Memory (MB): peak = 634.875 ; gain = 424.934
Finished applying 'set_property' XDC Constraints : Time (s): cpu = 00:00:32 ; elapsed = 00:02:24 . Memory (MB): peak = 634.875 ; gain = 424.934
Finished RTL Optimization Phase 2 : Time (s): cpu = 00:00:33 ; elapsed = 00:02:24 . Memory (MB): peak = 634.875 ; gain = 424.934
Finished Cross Boundary and Area Optimization : Time (s): cpu = 00:00:33 ; elapsed = 00:02:25 . Memory (MB): peak = 634.875 ; gain = 424.934
Finished Applying XDC Timing Constraints : Time (s): cpu = 00:00:49 ; elapsed = 00:03:20 . Memory (MB): peak = 634.875 ; gain = 424.934
Finished Timing Optimization : Time (s): cpu = 00:00:49 ; elapsed = 00:03:20 . Memory (MB): peak = 634.875 ; gain = 424.934
Finished Technology Mapping : Time (s): cpu = 00:00:49 ; elapsed = 00:03:20 . Memory (MB): peak = 634.875 ; gain = 424.934
Finished IO Insertion : Time (s): cpu = 00:00:50 ; elapsed = 00:03:21 . Memory (MB): peak = 634.875 ; gain = 424.934
Finished Renaming Generated Instances : Time (s): cpu = 00:00:50 ; elapsed = 00:03:21 . Memory (MB): peak = 634.875 ; gain = 424.934
Finished Rebuilding User Hierarchy : Time (s): cpu = 00:00:50 ; elapsed = 00:03:21 . Memory (MB): peak = 634.875 ; gain = 424.934
Finished Renaming Generated Ports : Time (s): cpu = 00:00:50 ; elapsed = 00:03:21 . Memory (MB): peak = 634.875 ; gain = 424.934
Finished Handling Custom Attributes : Time (s): cpu = 00:00:50 ; elapsed = 00:03:21 . Memory (MB): peak = 634.875 ; gain = 424.934
Finished Renaming Generated Nets : Time (s): cpu = 00:00:50 ; elapsed = 00:03:21 . Memory (MB): peak = 634.875 ; gain = 424.934

Report Cell Usage: 
+------+------+------+
|      |Cell  |Count |
+------+------+------+
|1     |LUT1  |     5|
|2     |LUT2  |     9|
|3     |LUT3  |     1|
|4     |LUT4  |     6|
|5     |LUT5  |     3|
|6     |LUT6  |     1|
|7     |SRL16 |     1|
|8     |FDR   |     8|
|9     |FDRE  |    28|
|10    |FDSE  |     4|
+------+------+------+
Finished Writing Synthesis Report : Time (s): cpu = 00:00:50 ; elapsed = 00:03:21 . Memory (MB): peak = 634.875 ; gain = 424.934
synth_design: Time (s): cpu = 00:00:44 ; elapsed = 00:02:37 . Memory (MB): peak = 634.875 ; gain = 418.727
write_checkpoint: Time (s): cpu = 00:00:00 ; elapsed = 00:00:07 . Memory (MB): peak = 634.875 ; gain = 0.000
