
*** Running vivado
    with args -log desigf_Sort_0_0.vds -m64 -product Vivado -mode batch -messageDb vivado.pb -notrace -source desigf_Sort_0_0.tcl


****** Vivado v2016.4 (64-bit)
  **** SW Build 1756540 on Mon Jan 23 19:11:23 MST 2017
  **** IP Build 1755317 on Mon Jan 23 20:30:07 MST 2017
    ** Copyright 1986-2016 Xilinx, Inc. All Rights Reserved.

source desigf_Sort_0_0.tcl -notrace
Command: synth_design -top desigf_Sort_0_0 -part xc7a100tcsg324-1 -mode out_of_context
Starting synth_design
Attempting to get a license for feature 'Synthesis' and/or device 'xc7a100t'
INFO: [Common 17-349] Got license for feature 'Synthesis' and/or device 'xc7a100t'
INFO: Launching helper process for spawning children vivado processes
INFO: Helper process launched with PID 11240 
---------------------------------------------------------------------------------
Starting RTL Elaboration : Time (s): cpu = 00:00:08 ; elapsed = 00:00:10 . Memory (MB): peak = 290.828 ; gain = 80.727
---------------------------------------------------------------------------------
INFO: [Synth 8-638] synthesizing module 'desigf_Sort_0_0' [c:/Users/Joao/Desktop/cr/Git/Reconfigurable_Computing/Exame/Toplevel/Toplevel.srcs/sources_1/bd/desigf/ip/desigf_Sort_0_0/synth/desigf_Sort_0_0.vhd:63]
INFO: [Synth 8-3491] module 'Sort' declared at 'c:/Users/Joao/Desktop/cr/Git/Reconfigurable_Computing/Exame/Toplevel/Toplevel.srcs/sources_1/bd/desigf/ipshared/0b57/Sort.vhd:7' bound to instance 'U0' of component 'Sort' [c:/Users/Joao/Desktop/cr/Git/Reconfigurable_Computing/Exame/Toplevel/Toplevel.srcs/sources_1/bd/desigf/ip/desigf_Sort_0_0/synth/desigf_Sort_0_0.vhd:79]
INFO: [Synth 8-638] synthesizing module 'Sort' [c:/Users/Joao/Desktop/cr/Git/Reconfigurable_Computing/Exame/Toplevel/Toplevel.srcs/sources_1/bd/desigf/ipshared/0b57/Sort.vhd:14]
INFO: [Synth 8-256] done synthesizing module 'Sort' (1#1) [c:/Users/Joao/Desktop/cr/Git/Reconfigurable_Computing/Exame/Toplevel/Toplevel.srcs/sources_1/bd/desigf/ipshared/0b57/Sort.vhd:14]
INFO: [Synth 8-256] done synthesizing module 'desigf_Sort_0_0' (2#1) [c:/Users/Joao/Desktop/cr/Git/Reconfigurable_Computing/Exame/Toplevel/Toplevel.srcs/sources_1/bd/desigf/ip/desigf_Sort_0_0/synth/desigf_Sort_0_0.vhd:63]
---------------------------------------------------------------------------------
Finished RTL Elaboration : Time (s): cpu = 00:00:09 ; elapsed = 00:00:11 . Memory (MB): peak = 328.176 ; gain = 118.074
---------------------------------------------------------------------------------

Report Check Netlist: 
+------+------------------+-------+---------+-------+------------------+
|      |Item              |Errors |Warnings |Status |Description       |
+------+------------------+-------+---------+-------+------------------+
|1     |multi_driven_nets |      0|        0|Passed |Multi driven nets |
+------+------------------+-------+---------+-------+------------------+
---------------------------------------------------------------------------------
Finished RTL Optimization Phase 1 : Time (s): cpu = 00:00:10 ; elapsed = 00:00:12 . Memory (MB): peak = 328.176 ; gain = 118.074
---------------------------------------------------------------------------------
INFO: [Device 21-403] Loading part xc7a100tcsg324-1
INFO: [Project 1-570] Preparing netlist for logic optimization

Processing XDC Constraints
Initializing timing engine
Completed Processing XDC Constraints

INFO: [Project 1-111] Unisim Transformation Summary:
No Unisim elements were transformed.

Constraint Validation Runtime : Time (s): cpu = 00:00:00 ; elapsed = 00:00:00.274 . Memory (MB): peak = 600.738 ; gain = 0.020
---------------------------------------------------------------------------------
Finished Constraint Validation : Time (s): cpu = 00:00:22 ; elapsed = 00:00:26 . Memory (MB): peak = 600.738 ; gain = 390.637
---------------------------------------------------------------------------------
---------------------------------------------------------------------------------
Start Loading Part and Timing Information
---------------------------------------------------------------------------------
Loading part: xc7a100tcsg324-1
---------------------------------------------------------------------------------
Finished Loading Part and Timing Information : Time (s): cpu = 00:00:22 ; elapsed = 00:00:26 . Memory (MB): peak = 600.738 ; gain = 390.637
---------------------------------------------------------------------------------
---------------------------------------------------------------------------------
Start Applying 'set_property' XDC Constraints
---------------------------------------------------------------------------------
---------------------------------------------------------------------------------
Finished applying 'set_property' XDC Constraints : Time (s): cpu = 00:00:22 ; elapsed = 00:00:26 . Memory (MB): peak = 600.738 ; gain = 390.637
---------------------------------------------------------------------------------
WARNING: [Synth 8-327] inferring latch for variable 'mydata_reg[3]' [c:/Users/Joao/Desktop/cr/Git/Reconfigurable_Computing/Exame/Toplevel/Toplevel.srcs/sources_1/bd/desigf/ipshared/0b57/Sort.vhd:32]
WARNING: [Synth 8-327] inferring latch for variable 'mydata_reg[2]' [c:/Users/Joao/Desktop/cr/Git/Reconfigurable_Computing/Exame/Toplevel/Toplevel.srcs/sources_1/bd/desigf/ipshared/0b57/Sort.vhd:32]
WARNING: [Synth 8-327] inferring latch for variable 'mydata_reg[1]' [c:/Users/Joao/Desktop/cr/Git/Reconfigurable_Computing/Exame/Toplevel/Toplevel.srcs/sources_1/bd/desigf/ipshared/0b57/Sort.vhd:32]
WARNING: [Synth 8-327] inferring latch for variable 'mydata_reg[0]' [c:/Users/Joao/Desktop/cr/Git/Reconfigurable_Computing/Exame/Toplevel/Toplevel.srcs/sources_1/bd/desigf/ipshared/0b57/Sort.vhd:32]
---------------------------------------------------------------------------------
Finished RTL Optimization Phase 2 : Time (s): cpu = 00:00:23 ; elapsed = 00:00:26 . Memory (MB): peak = 600.738 ; gain = 390.637
---------------------------------------------------------------------------------

Report RTL Partitions: 
+-+--------------+------------+----------+
| |RTL Partition |Replication |Instances |
+-+--------------+------------+----------+
+-+--------------+------------+----------+
---------------------------------------------------------------------------------
Start RTL Component Statistics 
---------------------------------------------------------------------------------
Detailed RTL Component Info : 
+---Muxes : 
	   2 Input      8 Bit        Muxes := 8     
	   2 Input      1 Bit        Muxes := 8     
---------------------------------------------------------------------------------
Finished RTL Component Statistics 
---------------------------------------------------------------------------------
---------------------------------------------------------------------------------
Start RTL Hierarchical Component Statistics 
---------------------------------------------------------------------------------
Hierarchical RTL Component report 
Module Sort 
Detailed RTL Component Info : 
+---Muxes : 
	   2 Input      8 Bit        Muxes := 8     
	   2 Input      1 Bit        Muxes := 8     
---------------------------------------------------------------------------------
Finished RTL Hierarchical Component Statistics
---------------------------------------------------------------------------------
---------------------------------------------------------------------------------
Start Part Resource Summary
---------------------------------------------------------------------------------
Part Resources:
DSPs: 240 (col length:80)
BRAMs: 270 (col length: RAMB18 80 RAMB36 40)
---------------------------------------------------------------------------------
Finished Part Resource Summary
---------------------------------------------------------------------------------
---------------------------------------------------------------------------------
Start Cross Boundary and Area Optimization
---------------------------------------------------------------------------------
---------------------------------------------------------------------------------
Finished Cross Boundary and Area Optimization : Time (s): cpu = 00:00:23 ; elapsed = 00:00:27 . Memory (MB): peak = 600.738 ; gain = 390.637
---------------------------------------------------------------------------------

Report RTL Partitions: 
+-+--------------+------------+----------+
| |RTL Partition |Replication |Instances |
+-+--------------+------------+----------+
+-+--------------+------------+----------+
---------------------------------------------------------------------------------
Start Timing Optimization
---------------------------------------------------------------------------------
---------------------------------------------------------------------------------
Start Applying XDC Timing Constraints
---------------------------------------------------------------------------------
---------------------------------------------------------------------------------
Finished Applying XDC Timing Constraints : Time (s): cpu = 00:00:40 ; elapsed = 00:00:45 . Memory (MB): peak = 600.738 ; gain = 390.637
---------------------------------------------------------------------------------
---------------------------------------------------------------------------------
Finished Timing Optimization : Time (s): cpu = 00:00:40 ; elapsed = 00:00:45 . Memory (MB): peak = 600.738 ; gain = 390.637
---------------------------------------------------------------------------------

Report RTL Partitions: 
+-+--------------+------------+----------+
| |RTL Partition |Replication |Instances |
+-+--------------+------------+----------+
+-+--------------+------------+----------+
---------------------------------------------------------------------------------
Start Technology Mapping
---------------------------------------------------------------------------------
---------------------------------------------------------------------------------
Finished Technology Mapping : Time (s): cpu = 00:00:40 ; elapsed = 00:00:45 . Memory (MB): peak = 600.738 ; gain = 390.637
---------------------------------------------------------------------------------

Report RTL Partitions: 
+-+--------------+------------+----------+
| |RTL Partition |Replication |Instances |
+-+--------------+------------+----------+
+-+--------------+------------+----------+
---------------------------------------------------------------------------------
Start IO Insertion
---------------------------------------------------------------------------------
---------------------------------------------------------------------------------
Start Flattening Before IO Insertion
---------------------------------------------------------------------------------
---------------------------------------------------------------------------------
Finished Flattening Before IO Insertion
---------------------------------------------------------------------------------
---------------------------------------------------------------------------------
Start Final Netlist Cleanup
---------------------------------------------------------------------------------
---------------------------------------------------------------------------------
Finished Final Netlist Cleanup
---------------------------------------------------------------------------------
---------------------------------------------------------------------------------
Finished IO Insertion : Time (s): cpu = 00:00:41 ; elapsed = 00:00:46 . Memory (MB): peak = 600.738 ; gain = 390.637
---------------------------------------------------------------------------------
CRITICAL WARNING: [Synth 8-3352] multi-driven net sw[7] with 1st driver pin 'sw[7]' [c:/Users/Joao/Desktop/cr/Git/Reconfigurable_Computing/Exame/Toplevel/Toplevel.srcs/sources_1/bd/desigf/ip/desigf_Sort_0_0/synth/desigf_Sort_0_0.vhd:56]
CRITICAL WARNING: [Synth 8-3352] multi-driven net sw[7] with 2nd driver pin 'U0/mydata_reg[0][7]/Q' [c:/Users/Joao/Desktop/cr/Git/Reconfigurable_Computing/Exame/Toplevel/Toplevel.srcs/sources_1/bd/desigf/ipshared/0b57/Sort.vhd:32]
CRITICAL WARNING: [Synth 8-3352] multi-driven net sw[6] with 1st driver pin 'sw[6]' [c:/Users/Joao/Desktop/cr/Git/Reconfigurable_Computing/Exame/Toplevel/Toplevel.srcs/sources_1/bd/desigf/ip/desigf_Sort_0_0/synth/desigf_Sort_0_0.vhd:56]
CRITICAL WARNING: [Synth 8-3352] multi-driven net sw[6] with 2nd driver pin 'U0/mydata_reg[0][6]/Q' [c:/Users/Joao/Desktop/cr/Git/Reconfigurable_Computing/Exame/Toplevel/Toplevel.srcs/sources_1/bd/desigf/ipshared/0b57/Sort.vhd:32]
CRITICAL WARNING: [Synth 8-3352] multi-driven net sw[5] with 1st driver pin 'sw[5]' [c:/Users/Joao/Desktop/cr/Git/Reconfigurable_Computing/Exame/Toplevel/Toplevel.srcs/sources_1/bd/desigf/ip/desigf_Sort_0_0/synth/desigf_Sort_0_0.vhd:56]
CRITICAL WARNING: [Synth 8-3352] multi-driven net sw[5] with 2nd driver pin 'U0/mydata_reg[0][5]/Q' [c:/Users/Joao/Desktop/cr/Git/Reconfigurable_Computing/Exame/Toplevel/Toplevel.srcs/sources_1/bd/desigf/ipshared/0b57/Sort.vhd:32]
CRITICAL WARNING: [Synth 8-3352] multi-driven net sw[4] with 1st driver pin 'sw[4]' [c:/Users/Joao/Desktop/cr/Git/Reconfigurable_Computing/Exame/Toplevel/Toplevel.srcs/sources_1/bd/desigf/ip/desigf_Sort_0_0/synth/desigf_Sort_0_0.vhd:56]
CRITICAL WARNING: [Synth 8-3352] multi-driven net sw[4] with 2nd driver pin 'U0/mydata_reg[0][4]/Q' [c:/Users/Joao/Desktop/cr/Git/Reconfigurable_Computing/Exame/Toplevel/Toplevel.srcs/sources_1/bd/desigf/ipshared/0b57/Sort.vhd:32]
CRITICAL WARNING: [Synth 8-3352] multi-driven net sw[3] with 1st driver pin 'sw[3]' [c:/Users/Joao/Desktop/cr/Git/Reconfigurable_Computing/Exame/Toplevel/Toplevel.srcs/sources_1/bd/desigf/ip/desigf_Sort_0_0/synth/desigf_Sort_0_0.vhd:56]
CRITICAL WARNING: [Synth 8-3352] multi-driven net sw[3] with 2nd driver pin 'U0/mydata_reg[0][3]/Q' [c:/Users/Joao/Desktop/cr/Git/Reconfigurable_Computing/Exame/Toplevel/Toplevel.srcs/sources_1/bd/desigf/ipshared/0b57/Sort.vhd:32]
CRITICAL WARNING: [Synth 8-3352] multi-driven net sw[2] with 1st driver pin 'sw[2]' [c:/Users/Joao/Desktop/cr/Git/Reconfigurable_Computing/Exame/Toplevel/Toplevel.srcs/sources_1/bd/desigf/ip/desigf_Sort_0_0/synth/desigf_Sort_0_0.vhd:56]
CRITICAL WARNING: [Synth 8-3352] multi-driven net sw[2] with 2nd driver pin 'U0/mydata_reg[0][2]/Q' [c:/Users/Joao/Desktop/cr/Git/Reconfigurable_Computing/Exame/Toplevel/Toplevel.srcs/sources_1/bd/desigf/ipshared/0b57/Sort.vhd:32]
CRITICAL WARNING: [Synth 8-3352] multi-driven net sw[1] with 1st driver pin 'sw[1]' [c:/Users/Joao/Desktop/cr/Git/Reconfigurable_Computing/Exame/Toplevel/Toplevel.srcs/sources_1/bd/desigf/ip/desigf_Sort_0_0/synth/desigf_Sort_0_0.vhd:56]
CRITICAL WARNING: [Synth 8-3352] multi-driven net sw[1] with 2nd driver pin 'U0/mydata_reg[0][1]/Q' [c:/Users/Joao/Desktop/cr/Git/Reconfigurable_Computing/Exame/Toplevel/Toplevel.srcs/sources_1/bd/desigf/ipshared/0b57/Sort.vhd:32]
CRITICAL WARNING: [Synth 8-3352] multi-driven net sw[0] with 1st driver pin 'sw[0]' [c:/Users/Joao/Desktop/cr/Git/Reconfigurable_Computing/Exame/Toplevel/Toplevel.srcs/sources_1/bd/desigf/ip/desigf_Sort_0_0/synth/desigf_Sort_0_0.vhd:56]
CRITICAL WARNING: [Synth 8-3352] multi-driven net sw[0] with 2nd driver pin 'U0/mydata_reg[0][0]/Q' [c:/Users/Joao/Desktop/cr/Git/Reconfigurable_Computing/Exame/Toplevel/Toplevel.srcs/sources_1/bd/desigf/ipshared/0b57/Sort.vhd:32]
CRITICAL WARNING: [Synth 8-3352] multi-driven net sw[15] with 1st driver pin 'sw[15]' [c:/Users/Joao/Desktop/cr/Git/Reconfigurable_Computing/Exame/Toplevel/Toplevel.srcs/sources_1/bd/desigf/ip/desigf_Sort_0_0/synth/desigf_Sort_0_0.vhd:56]
CRITICAL WARNING: [Synth 8-3352] multi-driven net sw[15] with 2nd driver pin 'U0/mydata_reg[1][7]/Q' [c:/Users/Joao/Desktop/cr/Git/Reconfigurable_Computing/Exame/Toplevel/Toplevel.srcs/sources_1/bd/desigf/ipshared/0b57/Sort.vhd:32]
CRITICAL WARNING: [Synth 8-3352] multi-driven net sw[14] with 1st driver pin 'sw[14]' [c:/Users/Joao/Desktop/cr/Git/Reconfigurable_Computing/Exame/Toplevel/Toplevel.srcs/sources_1/bd/desigf/ip/desigf_Sort_0_0/synth/desigf_Sort_0_0.vhd:56]
CRITICAL WARNING: [Synth 8-3352] multi-driven net sw[14] with 2nd driver pin 'U0/mydata_reg[1][6]/Q' [c:/Users/Joao/Desktop/cr/Git/Reconfigurable_Computing/Exame/Toplevel/Toplevel.srcs/sources_1/bd/desigf/ipshared/0b57/Sort.vhd:32]
CRITICAL WARNING: [Synth 8-3352] multi-driven net sw[13] with 1st driver pin 'sw[13]' [c:/Users/Joao/Desktop/cr/Git/Reconfigurable_Computing/Exame/Toplevel/Toplevel.srcs/sources_1/bd/desigf/ip/desigf_Sort_0_0/synth/desigf_Sort_0_0.vhd:56]
CRITICAL WARNING: [Synth 8-3352] multi-driven net sw[13] with 2nd driver pin 'U0/mydata_reg[1][5]/Q' [c:/Users/Joao/Desktop/cr/Git/Reconfigurable_Computing/Exame/Toplevel/Toplevel.srcs/sources_1/bd/desigf/ipshared/0b57/Sort.vhd:32]
CRITICAL WARNING: [Synth 8-3352] multi-driven net sw[12] with 1st driver pin 'sw[12]' [c:/Users/Joao/Desktop/cr/Git/Reconfigurable_Computing/Exame/Toplevel/Toplevel.srcs/sources_1/bd/desigf/ip/desigf_Sort_0_0/synth/desigf_Sort_0_0.vhd:56]
CRITICAL WARNING: [Synth 8-3352] multi-driven net sw[12] with 2nd driver pin 'U0/mydata_reg[1][4]/Q' [c:/Users/Joao/Desktop/cr/Git/Reconfigurable_Computing/Exame/Toplevel/Toplevel.srcs/sources_1/bd/desigf/ipshared/0b57/Sort.vhd:32]
CRITICAL WARNING: [Synth 8-3352] multi-driven net sw[11] with 1st driver pin 'sw[11]' [c:/Users/Joao/Desktop/cr/Git/Reconfigurable_Computing/Exame/Toplevel/Toplevel.srcs/sources_1/bd/desigf/ip/desigf_Sort_0_0/synth/desigf_Sort_0_0.vhd:56]
CRITICAL WARNING: [Synth 8-3352] multi-driven net sw[11] with 2nd driver pin 'U0/mydata_reg[1][3]/Q' [c:/Users/Joao/Desktop/cr/Git/Reconfigurable_Computing/Exame/Toplevel/Toplevel.srcs/sources_1/bd/desigf/ipshared/0b57/Sort.vhd:32]
CRITICAL WARNING: [Synth 8-3352] multi-driven net sw[10] with 1st driver pin 'sw[10]' [c:/Users/Joao/Desktop/cr/Git/Reconfigurable_Computing/Exame/Toplevel/Toplevel.srcs/sources_1/bd/desigf/ip/desigf_Sort_0_0/synth/desigf_Sort_0_0.vhd:56]
CRITICAL WARNING: [Synth 8-3352] multi-driven net sw[10] with 2nd driver pin 'U0/mydata_reg[1][2]/Q' [c:/Users/Joao/Desktop/cr/Git/Reconfigurable_Computing/Exame/Toplevel/Toplevel.srcs/sources_1/bd/desigf/ipshared/0b57/Sort.vhd:32]
CRITICAL WARNING: [Synth 8-3352] multi-driven net sw[9] with 1st driver pin 'sw[9]' [c:/Users/Joao/Desktop/cr/Git/Reconfigurable_Computing/Exame/Toplevel/Toplevel.srcs/sources_1/bd/desigf/ip/desigf_Sort_0_0/synth/desigf_Sort_0_0.vhd:56]
CRITICAL WARNING: [Synth 8-3352] multi-driven net sw[9] with 2nd driver pin 'U0/mydata_reg[1][1]/Q' [c:/Users/Joao/Desktop/cr/Git/Reconfigurable_Computing/Exame/Toplevel/Toplevel.srcs/sources_1/bd/desigf/ipshared/0b57/Sort.vhd:32]
CRITICAL WARNING: [Synth 8-3352] multi-driven net sw[8] with 1st driver pin 'sw[8]' [c:/Users/Joao/Desktop/cr/Git/Reconfigurable_Computing/Exame/Toplevel/Toplevel.srcs/sources_1/bd/desigf/ip/desigf_Sort_0_0/synth/desigf_Sort_0_0.vhd:56]
CRITICAL WARNING: [Synth 8-3352] multi-driven net sw[8] with 2nd driver pin 'U0/mydata_reg[1][0]/Q' [c:/Users/Joao/Desktop/cr/Git/Reconfigurable_Computing/Exame/Toplevel/Toplevel.srcs/sources_1/bd/desigf/ipshared/0b57/Sort.vhd:32]
CRITICAL WARNING: [Synth 8-3352] multi-driven net sw[23] with 1st driver pin 'sw[23]' [c:/Users/Joao/Desktop/cr/Git/Reconfigurable_Computing/Exame/Toplevel/Toplevel.srcs/sources_1/bd/desigf/ip/desigf_Sort_0_0/synth/desigf_Sort_0_0.vhd:56]
CRITICAL WARNING: [Synth 8-3352] multi-driven net sw[23] with 2nd driver pin 'U0/mydata_reg[2][7]/Q' [c:/Users/Joao/Desktop/cr/Git/Reconfigurable_Computing/Exame/Toplevel/Toplevel.srcs/sources_1/bd/desigf/ipshared/0b57/Sort.vhd:32]
CRITICAL WARNING: [Synth 8-3352] multi-driven net sw[22] with 1st driver pin 'sw[22]' [c:/Users/Joao/Desktop/cr/Git/Reconfigurable_Computing/Exame/Toplevel/Toplevel.srcs/sources_1/bd/desigf/ip/desigf_Sort_0_0/synth/desigf_Sort_0_0.vhd:56]
CRITICAL WARNING: [Synth 8-3352] multi-driven net sw[22] with 2nd driver pin 'U0/mydata_reg[2][6]/Q' [c:/Users/Joao/Desktop/cr/Git/Reconfigurable_Computing/Exame/Toplevel/Toplevel.srcs/sources_1/bd/desigf/ipshared/0b57/Sort.vhd:32]
CRITICAL WARNING: [Synth 8-3352] multi-driven net sw[21] with 1st driver pin 'sw[21]' [c:/Users/Joao/Desktop/cr/Git/Reconfigurable_Computing/Exame/Toplevel/Toplevel.srcs/sources_1/bd/desigf/ip/desigf_Sort_0_0/synth/desigf_Sort_0_0.vhd:56]
CRITICAL WARNING: [Synth 8-3352] multi-driven net sw[21] with 2nd driver pin 'U0/mydata_reg[2][5]/Q' [c:/Users/Joao/Desktop/cr/Git/Reconfigurable_Computing/Exame/Toplevel/Toplevel.srcs/sources_1/bd/desigf/ipshared/0b57/Sort.vhd:32]
CRITICAL WARNING: [Synth 8-3352] multi-driven net sw[20] with 1st driver pin 'sw[20]' [c:/Users/Joao/Desktop/cr/Git/Reconfigurable_Computing/Exame/Toplevel/Toplevel.srcs/sources_1/bd/desigf/ip/desigf_Sort_0_0/synth/desigf_Sort_0_0.vhd:56]
CRITICAL WARNING: [Synth 8-3352] multi-driven net sw[20] with 2nd driver pin 'U0/mydata_reg[2][4]/Q' [c:/Users/Joao/Desktop/cr/Git/Reconfigurable_Computing/Exame/Toplevel/Toplevel.srcs/sources_1/bd/desigf/ipshared/0b57/Sort.vhd:32]
CRITICAL WARNING: [Synth 8-3352] multi-driven net sw[19] with 1st driver pin 'sw[19]' [c:/Users/Joao/Desktop/cr/Git/Reconfigurable_Computing/Exame/Toplevel/Toplevel.srcs/sources_1/bd/desigf/ip/desigf_Sort_0_0/synth/desigf_Sort_0_0.vhd:56]
CRITICAL WARNING: [Synth 8-3352] multi-driven net sw[19] with 2nd driver pin 'U0/mydata_reg[2][3]/Q' [c:/Users/Joao/Desktop/cr/Git/Reconfigurable_Computing/Exame/Toplevel/Toplevel.srcs/sources_1/bd/desigf/ipshared/0b57/Sort.vhd:32]
CRITICAL WARNING: [Synth 8-3352] multi-driven net sw[18] with 1st driver pin 'sw[18]' [c:/Users/Joao/Desktop/cr/Git/Reconfigurable_Computing/Exame/Toplevel/Toplevel.srcs/sources_1/bd/desigf/ip/desigf_Sort_0_0/synth/desigf_Sort_0_0.vhd:56]
CRITICAL WARNING: [Synth 8-3352] multi-driven net sw[18] with 2nd driver pin 'U0/mydata_reg[2][2]/Q' [c:/Users/Joao/Desktop/cr/Git/Reconfigurable_Computing/Exame/Toplevel/Toplevel.srcs/sources_1/bd/desigf/ipshared/0b57/Sort.vhd:32]
CRITICAL WARNING: [Synth 8-3352] multi-driven net sw[17] with 1st driver pin 'sw[17]' [c:/Users/Joao/Desktop/cr/Git/Reconfigurable_Computing/Exame/Toplevel/Toplevel.srcs/sources_1/bd/desigf/ip/desigf_Sort_0_0/synth/desigf_Sort_0_0.vhd:56]
CRITICAL WARNING: [Synth 8-3352] multi-driven net sw[17] with 2nd driver pin 'U0/mydata_reg[2][1]/Q' [c:/Users/Joao/Desktop/cr/Git/Reconfigurable_Computing/Exame/Toplevel/Toplevel.srcs/sources_1/bd/desigf/ipshared/0b57/Sort.vhd:32]
CRITICAL WARNING: [Synth 8-3352] multi-driven net sw[16] with 1st driver pin 'sw[16]' [c:/Users/Joao/Desktop/cr/Git/Reconfigurable_Computing/Exame/Toplevel/Toplevel.srcs/sources_1/bd/desigf/ip/desigf_Sort_0_0/synth/desigf_Sort_0_0.vhd:56]
CRITICAL WARNING: [Synth 8-3352] multi-driven net sw[16] with 2nd driver pin 'U0/mydata_reg[2][0]/Q' [c:/Users/Joao/Desktop/cr/Git/Reconfigurable_Computing/Exame/Toplevel/Toplevel.srcs/sources_1/bd/desigf/ipshared/0b57/Sort.vhd:32]
CRITICAL WARNING: [Synth 8-3352] multi-driven net sw[31] with 1st driver pin 'sw[31]' [c:/Users/Joao/Desktop/cr/Git/Reconfigurable_Computing/Exame/Toplevel/Toplevel.srcs/sources_1/bd/desigf/ip/desigf_Sort_0_0/synth/desigf_Sort_0_0.vhd:56]
CRITICAL WARNING: [Synth 8-3352] multi-driven net sw[31] with 2nd driver pin 'U0/mydata_reg[3][7]/Q' [c:/Users/Joao/Desktop/cr/Git/Reconfigurable_Computing/Exame/Toplevel/Toplevel.srcs/sources_1/bd/desigf/ipshared/0b57/Sort.vhd:32]
CRITICAL WARNING: [Synth 8-3352] multi-driven net sw[30] with 1st driver pin 'sw[30]' [c:/Users/Joao/Desktop/cr/Git/Reconfigurable_Computing/Exame/Toplevel/Toplevel.srcs/sources_1/bd/desigf/ip/desigf_Sort_0_0/synth/desigf_Sort_0_0.vhd:56]
CRITICAL WARNING: [Synth 8-3352] multi-driven net sw[30] with 2nd driver pin 'U0/mydata_reg[3][6]/Q' [c:/Users/Joao/Desktop/cr/Git/Reconfigurable_Computing/Exame/Toplevel/Toplevel.srcs/sources_1/bd/desigf/ipshared/0b57/Sort.vhd:32]
CRITICAL WARNING: [Synth 8-3352] multi-driven net sw[29] with 1st driver pin 'sw[29]' [c:/Users/Joao/Desktop/cr/Git/Reconfigurable_Computing/Exame/Toplevel/Toplevel.srcs/sources_1/bd/desigf/ip/desigf_Sort_0_0/synth/desigf_Sort_0_0.vhd:56]
CRITICAL WARNING: [Synth 8-3352] multi-driven net sw[29] with 2nd driver pin 'U0/mydata_reg[3][5]/Q' [c:/Users/Joao/Desktop/cr/Git/Reconfigurable_Computing/Exame/Toplevel/Toplevel.srcs/sources_1/bd/desigf/ipshared/0b57/Sort.vhd:32]
CRITICAL WARNING: [Synth 8-3352] multi-driven net sw[28] with 1st driver pin 'sw[28]' [c:/Users/Joao/Desktop/cr/Git/Reconfigurable_Computing/Exame/Toplevel/Toplevel.srcs/sources_1/bd/desigf/ip/desigf_Sort_0_0/synth/desigf_Sort_0_0.vhd:56]
CRITICAL WARNING: [Synth 8-3352] multi-driven net sw[28] with 2nd driver pin 'U0/mydata_reg[3][4]/Q' [c:/Users/Joao/Desktop/cr/Git/Reconfigurable_Computing/Exame/Toplevel/Toplevel.srcs/sources_1/bd/desigf/ipshared/0b57/Sort.vhd:32]
CRITICAL WARNING: [Synth 8-3352] multi-driven net sw[27] with 1st driver pin 'sw[27]' [c:/Users/Joao/Desktop/cr/Git/Reconfigurable_Computing/Exame/Toplevel/Toplevel.srcs/sources_1/bd/desigf/ip/desigf_Sort_0_0/synth/desigf_Sort_0_0.vhd:56]
CRITICAL WARNING: [Synth 8-3352] multi-driven net sw[27] with 2nd driver pin 'U0/mydata_reg[3][3]/Q' [c:/Users/Joao/Desktop/cr/Git/Reconfigurable_Computing/Exame/Toplevel/Toplevel.srcs/sources_1/bd/desigf/ipshared/0b57/Sort.vhd:32]
CRITICAL WARNING: [Synth 8-3352] multi-driven net sw[26] with 1st driver pin 'sw[26]' [c:/Users/Joao/Desktop/cr/Git/Reconfigurable_Computing/Exame/Toplevel/Toplevel.srcs/sources_1/bd/desigf/ip/desigf_Sort_0_0/synth/desigf_Sort_0_0.vhd:56]
CRITICAL WARNING: [Synth 8-3352] multi-driven net sw[26] with 2nd driver pin 'U0/mydata_reg[3][2]/Q' [c:/Users/Joao/Desktop/cr/Git/Reconfigurable_Computing/Exame/Toplevel/Toplevel.srcs/sources_1/bd/desigf/ipshared/0b57/Sort.vhd:32]
CRITICAL WARNING: [Synth 8-3352] multi-driven net sw[25] with 1st driver pin 'sw[25]' [c:/Users/Joao/Desktop/cr/Git/Reconfigurable_Computing/Exame/Toplevel/Toplevel.srcs/sources_1/bd/desigf/ip/desigf_Sort_0_0/synth/desigf_Sort_0_0.vhd:56]
CRITICAL WARNING: [Synth 8-3352] multi-driven net sw[25] with 2nd driver pin 'U0/mydata_reg[3][1]/Q' [c:/Users/Joao/Desktop/cr/Git/Reconfigurable_Computing/Exame/Toplevel/Toplevel.srcs/sources_1/bd/desigf/ipshared/0b57/Sort.vhd:32]
CRITICAL WARNING: [Synth 8-3352] multi-driven net sw[24] with 1st driver pin 'sw[24]' [c:/Users/Joao/Desktop/cr/Git/Reconfigurable_Computing/Exame/Toplevel/Toplevel.srcs/sources_1/bd/desigf/ip/desigf_Sort_0_0/synth/desigf_Sort_0_0.vhd:56]
CRITICAL WARNING: [Synth 8-3352] multi-driven net sw[24] with 2nd driver pin 'U0/mydata_reg[3][0]/Q' [c:/Users/Joao/Desktop/cr/Git/Reconfigurable_Computing/Exame/Toplevel/Toplevel.srcs/sources_1/bd/desigf/ipshared/0b57/Sort.vhd:32]

Report Check Netlist: 
+------+------------------+-------+---------+-------+------------------+
|      |Item              |Errors |Warnings |Status |Description       |
+------+------------------+-------+---------+-------+------------------+
|1     |multi_driven_nets |      0|       32|Failed |Multi driven nets |
+------+------------------+-------+---------+-------+------------------+
---------------------------------------------------------------------------------
Start Renaming Generated Instances
---------------------------------------------------------------------------------
---------------------------------------------------------------------------------
Finished Renaming Generated Instances : Time (s): cpu = 00:00:41 ; elapsed = 00:00:46 . Memory (MB): peak = 600.738 ; gain = 390.637
---------------------------------------------------------------------------------

Report RTL Partitions: 
+-+--------------+------------+----------+
| |RTL Partition |Replication |Instances |
+-+--------------+------------+----------+
+-+--------------+------------+----------+
---------------------------------------------------------------------------------
Start Rebuilding User Hierarchy
---------------------------------------------------------------------------------
---------------------------------------------------------------------------------
Finished Rebuilding User Hierarchy : Time (s): cpu = 00:00:41 ; elapsed = 00:00:46 . Memory (MB): peak = 600.738 ; gain = 390.637
---------------------------------------------------------------------------------
---------------------------------------------------------------------------------
Start Renaming Generated Ports
---------------------------------------------------------------------------------
---------------------------------------------------------------------------------
Finished Renaming Generated Ports : Time (s): cpu = 00:00:41 ; elapsed = 00:00:46 . Memory (MB): peak = 600.738 ; gain = 390.637
---------------------------------------------------------------------------------
---------------------------------------------------------------------------------
Start Handling Custom Attributes
---------------------------------------------------------------------------------
---------------------------------------------------------------------------------
Finished Handling Custom Attributes : Time (s): cpu = 00:00:41 ; elapsed = 00:00:46 . Memory (MB): peak = 600.738 ; gain = 390.637
---------------------------------------------------------------------------------
---------------------------------------------------------------------------------
Start Renaming Generated Nets
---------------------------------------------------------------------------------
---------------------------------------------------------------------------------
Finished Renaming Generated Nets : Time (s): cpu = 00:00:41 ; elapsed = 00:00:46 . Memory (MB): peak = 600.738 ; gain = 390.637
---------------------------------------------------------------------------------
---------------------------------------------------------------------------------
Start Writing Synthesis Report
---------------------------------------------------------------------------------

Report BlackBoxes: 
+-+--------------+----------+
| |BlackBox name |Instances |
+-+--------------+----------+
+-+--------------+----------+

Report Cell Usage: 
+------+-------+------+
|      |Cell   |Count |
+------+-------+------+
|1     |CARRY4 |     5|
|2     |LUT2   |     2|
|3     |LUT3   |    10|
|4     |LUT4   |    48|
|5     |LUT5   |     8|
|6     |LUT6   |     8|
|7     |LD     |    32|
+------+-------+------+

Report Instance Areas: 
+------+---------+-------+------+
|      |Instance |Module |Cells |
+------+---------+-------+------+
|1     |top      |       |   113|
|2     |  U0     |Sort   |   113|
+------+---------+-------+------+
---------------------------------------------------------------------------------
Finished Writing Synthesis Report : Time (s): cpu = 00:00:41 ; elapsed = 00:00:46 . Memory (MB): peak = 600.738 ; gain = 390.637
---------------------------------------------------------------------------------
Synthesis finished with 0 errors, 64 critical warnings and 4 warnings.
Synthesis Optimization Runtime : Time (s): cpu = 00:00:24 ; elapsed = 00:00:33 . Memory (MB): peak = 600.738 ; gain = 112.914
Synthesis Optimization Complete : Time (s): cpu = 00:00:41 ; elapsed = 00:00:47 . Memory (MB): peak = 600.738 ; gain = 390.637
INFO: [Project 1-571] Translating synthesized netlist
INFO: [Netlist 29-17] Analyzing 37 Unisim elements for replacement
INFO: [Netlist 29-28] Unisim Transformation completed in 1 CPU seconds
INFO: [Project 1-570] Preparing netlist for logic optimization
INFO: [Opt 31-138] Pushed 0 inverter(s) to 0 load pin(s).
INFO: [Project 1-111] Unisim Transformation Summary:
  A total of 32 instances were transformed.
  LD => LDCE: 32 instances

INFO: [Common 17-83] Releasing license: Synthesis
16 Infos, 4 Warnings, 64 Critical Warnings and 0 Errors encountered.
synth_design completed successfully
synth_design: Time (s): cpu = 00:00:39 ; elapsed = 00:00:44 . Memory (MB): peak = 611.398 ; gain = 396.137
INFO: [Common 17-1381] The checkpoint 'C:/Users/Joao/Desktop/cr/Git/Reconfigurable_Computing/Exame/Toplevel/Toplevel.runs/desigf_Sort_0_0_synth_1/desigf_Sort_0_0.dcp' has been generated.
INFO: [Coretcl 2-1482] Added synthesis output to IP cache for IP c:/Users/Joao/Desktop/cr/Git/Reconfigurable_Computing/Exame/Toplevel/Toplevel.srcs/sources_1/bd/desigf/ip/desigf_Sort_0_0/desigf_Sort_0_0.xci
INFO: [Common 17-1381] The checkpoint 'C:/Users/Joao/Desktop/cr/Git/Reconfigurable_Computing/Exame/Toplevel/Toplevel.runs/desigf_Sort_0_0_synth_1/desigf_Sort_0_0.dcp' has been generated.
report_utilization: Time (s): cpu = 00:00:00 ; elapsed = 00:00:00.102 . Memory (MB): peak = 611.398 ; gain = 0.000
INFO: [Common 17-206] Exiting Vivado at Wed Apr 05 16:03:01 2017...
