
*** Running vivado
    with args -log ex1_xlconstant_1_0.vds -m64 -product Vivado -mode batch -messageDb vivado.pb -notrace -source ex1_xlconstant_1_0.tcl


****** Vivado v2016.4 (64-bit)
  **** SW Build 1756540 on Mon Jan 23 19:11:23 MST 2017
  **** IP Build 1755317 on Mon Jan 23 20:30:07 MST 2017
    ** Copyright 1986-2016 Xilinx, Inc. All Rights Reserved.

source ex1_xlconstant_1_0.tcl -notrace
Starting Synthesize : Time (s): cpu = 00:00:09 ; elapsed = 00:00:37 . Memory (MB): peak = 290.191 ; gain = 80.527
INFO: [Synth 8-638] synthesizing module 'ex1_xlconstant_1_0' [c:/Users/Joao/Desktop/cr/Git/Reconfigurable_Computing/Lesson3/Ex1/ex1.srcs/sources_1/bd/ex1/ip/ex1_xlconstant_1_0/sim/ex1_xlconstant_1_0.vhd:35]
INFO: [Synth 8-638] synthesizing module 'xlconstant' [c:/Users/Joao/Desktop/cr/Git/Reconfigurable_Computing/Lesson3/Ex1/ex1.srcs/sources_1/bd/ex1/ipshared/e147/xlconstant.vhd:36]
INFO: [Synth 8-256] done synthesizing module 'xlconstant' (1#1) [c:/Users/Joao/Desktop/cr/Git/Reconfigurable_Computing/Lesson3/Ex1/ex1.srcs/sources_1/bd/ex1/ipshared/e147/xlconstant.vhd:36]
INFO: [Synth 8-256] done synthesizing module 'ex1_xlconstant_1_0' (2#1) [c:/Users/Joao/Desktop/cr/Git/Reconfigurable_Computing/Lesson3/Ex1/ex1.srcs/sources_1/bd/ex1/ip/ex1_xlconstant_1_0/sim/ex1_xlconstant_1_0.vhd:35]
Finished Synthesize : Time (s): cpu = 00:00:10 ; elapsed = 00:00:39 . Memory (MB): peak = 326.766 ; gain = 117.102
Finished Constraint Validation : Time (s): cpu = 00:00:10 ; elapsed = 00:00:39 . Memory (MB): peak = 326.766 ; gain = 117.102
Finished Loading Part and Timing Information : Time (s): cpu = 00:00:10 ; elapsed = 00:00:40 . Memory (MB): peak = 326.766 ; gain = 117.102
Finished RTL Optimization Phase 2 : Time (s): cpu = 00:00:10 ; elapsed = 00:00:40 . Memory (MB): peak = 326.766 ; gain = 117.102
INFO: [Device 21-403] Loading part xc7a100tcsg324-1
Finished Cross Boundary and Area Optimization : Time (s): cpu = 00:00:14 ; elapsed = 00:00:49 . Memory (MB): peak = 447.711 ; gain = 238.047
Finished Timing Optimization : Time (s): cpu = 00:00:14 ; elapsed = 00:00:49 . Memory (MB): peak = 447.711 ; gain = 238.047
Finished Technology Mapping : Time (s): cpu = 00:00:14 ; elapsed = 00:00:50 . Memory (MB): peak = 449.715 ; gain = 240.051
Finished IO Insertion : Time (s): cpu = 00:00:15 ; elapsed = 00:00:50 . Memory (MB): peak = 449.715 ; gain = 240.051
Finished Renaming Generated Instances : Time (s): cpu = 00:00:15 ; elapsed = 00:00:50 . Memory (MB): peak = 449.715 ; gain = 240.051
Finished Rebuilding User Hierarchy : Time (s): cpu = 00:00:15 ; elapsed = 00:00:50 . Memory (MB): peak = 449.715 ; gain = 240.051
Finished Renaming Generated Ports : Time (s): cpu = 00:00:15 ; elapsed = 00:00:50 . Memory (MB): peak = 449.715 ; gain = 240.051
Finished Handling Custom Attributes : Time (s): cpu = 00:00:15 ; elapsed = 00:00:50 . Memory (MB): peak = 449.715 ; gain = 240.051
Finished Renaming Generated Nets : Time (s): cpu = 00:00:15 ; elapsed = 00:00:50 . Memory (MB): peak = 449.715 ; gain = 240.051

Report Cell Usage: 
+-+-----+------+
| |Cell |Count |
+-+-----+------+
+-+-----+------+
Finished Writing Synthesis Report : Time (s): cpu = 00:00:15 ; elapsed = 00:00:50 . Memory (MB): peak = 449.715 ; gain = 240.051
synth_design: Time (s): cpu = 00:00:13 ; elapsed = 00:00:28 . Memory (MB): peak = 535.828 ; gain = 320.027
write_checkpoint: Time (s): cpu = 00:00:14 ; elapsed = 00:00:15 . Memory (MB): peak = 907.520 ; gain = 371.691
