19:28:24 INFO  : Registering command handlers for SDK TCF services
19:28:26 INFO  : Launching XSCT server: xsct.bat -interactive C:\Users\Joao\Desktop\cr\Git\Reconfigurable_Computing\Lesson6\Ex6_1_sdk\Ex6_1_sdk.sdk\temp_xsdb_launch_script.tcl
19:28:33 INFO  : XSCT server has started successfully.
19:28:33 INFO  : Successfully done setting XSCT server connection channel  
19:28:46 INFO  : Successfully done setting SDK workspace  
19:28:46 INFO  : Processing command line option -hwspec C:/Users/Joao/Desktop/cr/Git/Reconfigurable_Computing/Lesson6/Ex6_1_sdk/Ex6_1_sdk.sdk/design1_wrapper.hdf.
20:30:06 INFO  : Processor reset is completed for microblaze_0
20:30:17 INFO  : Processor reset is completed for microblaze_0
20:31:11 INFO  : FPGA Cable Disconnected. All active launches will be terminated.
22:54:42 INFO  : Processor reset is completed for microblaze_0
22:57:12 INFO  : FPGA Cable Disconnected. All active launches will be terminated.
22:57:25 INFO  : Time out for XMD transaction is 60000
If you want to increase the timeout value, goto Windows-> Preferences -> Xilinx SDK -> XMD Startup
22:57:25 ERROR : Timeout occured while waiting to get reply for command "xdisconnect 0"
22:57:25 ERROR : Disconnect target failed.
23:00:19 ERROR : Checking FPGA configuration failed..Connection to Board Failed


    Unknown Error Occured
    Cable is not powered-on

23:00:20 ERROR : Unexpected error while launching program.
com.xilinx.sdk.targetmanager.TMException: Connection to Board Failed


    Unknown Error Occured
    Cable is not powered-on

	at com.xilinx.sdk.targetmanager.internal.TM.isFPGAConfigured(TM.java:374)
	at com.xilinx.sdk.debug.core.XilinxAppLaunchConfigurationDelegate.isFpgaConfigured(XilinxAppLaunchConfigurationDelegate.java:409)
	at com.xilinx.sdk.debug.core.XilinxAppLaunchConfigurationDelegate.launch(XilinxAppLaunchConfigurationDelegate.java:303)
	at com.xilinx.sdk.debug.ui.XilinxAppLaunchDelegateWrapper.launch(XilinxAppLaunchDelegateWrapper.java:31)
	at org.eclipse.debug.internal.core.LaunchConfiguration.launch(LaunchConfiguration.java:885)
	at org.eclipse.debug.internal.core.LaunchConfiguration.launch(LaunchConfiguration.java:739)
	at org.eclipse.debug.internal.ui.DebugUIPlugin.buildAndLaunch(DebugUIPlugin.java:1039)
	at org.eclipse.debug.internal.ui.DebugUIPlugin$8.run(DebugUIPlugin.java:1256)
	at org.eclipse.core.internal.jobs.Worker.run(Worker.java:55)
23:00:40 ERROR : Unexpected error while parsing XMD response ?: com.google.gson.JsonSyntaxException: com.google.gson.stream.MalformedJsonException: invalid number or unquoted string near 
23:05:34 INFO  : Registering command handlers for SDK TCF services
23:05:35 INFO  : Launching XSCT server: xsct.bat -interactive C:\Users\Joao\Desktop\cr\Git\Reconfigurable_Computing\Lesson6\Ex6_1_sdk\Ex6_1_sdk.sdk\temp_xsdb_launch_script.tcl
23:05:41 INFO  : XSCT server has started successfully.
23:05:50 INFO  : Successfully done setting XSCT server connection channel  
23:05:50 INFO  : Processing command line option -hwspec C:/Users/Joao/Desktop/cr/Git/Reconfigurable_Computing/Lesson6/Ex6_1_sdk/Ex6_1_sdk.sdk/design1_wrapper.hdf.
23:05:50 INFO  : Checking for hwspec changes in the project design1_wrapper_hw_platform_0.
23:05:50 INFO  : Successfully done setting SDK workspace  
23:05:50 INFO  : SDK has detected change in the last modified timestamps for source hardware specification file Source:1495317118352,  Project:1495304739749
23:05:50 INFO  : The hardware specification for project 'design1_wrapper_hw_platform_0' is different from C:/Users/Joao/Desktop/cr/Git/Reconfigurable_Computing/Lesson6/Ex6_1_sdk/Ex6_1_sdk.sdk/design1_wrapper.hdf.
23:05:51 INFO  : Copied contents of C:/Users/Joao/Desktop/cr/Git/Reconfigurable_Computing/Lesson6/Ex6_1_sdk/Ex6_1_sdk.sdk/design1_wrapper.hdf into \design1_wrapper_hw_platform_0\system.hdf.
23:05:51 INFO  : Synchronizing projects in the workspace with the hardware platform specification changes.
23:05:54 INFO  : Processor reset is completed for microblaze_0
23:06:02 INFO  : 
23:06:03 INFO  : Updating hardware inferred compiler options for Ex6_1.
23:06:03 INFO  : Clearing existing target manager status.
23:06:42 INFO  : Connected to target on host '127.0.0.1' and port '3121'.
23:06:43 INFO  : 'targets -set -filter {jtag_cable_name =~ "Digilent Nexys4 210274664038A" && level==0} -index 0' command is executed.
23:06:45 INFO  : FPGA configured successfully with bitstream "C:/Users/Joao/Desktop/cr/Git/Reconfigurable_Computing/Lesson6/Ex6_1_sdk/Ex6_1_sdk.sdk/design1_wrapper_hw_platform_0/download.bit"
23:07:09 ERROR : Unexpected error while fetching XMD's response: 
java.net.SocketException: Connection reset
	at java.net.SocketInputStream.read(SocketInputStream.java:209)
	at java.net.SocketInputStream.read(SocketInputStream.java:141)
	at sun.nio.cs.StreamDecoder.readBytes(StreamDecoder.java:284)
	at sun.nio.cs.StreamDecoder.implRead(StreamDecoder.java:326)
	at sun.nio.cs.StreamDecoder.read(StreamDecoder.java:178)
	at java.io.InputStreamReader.read(InputStreamReader.java:184)
	at java.io.BufferedReader.fill(BufferedReader.java:161)
	at java.io.BufferedReader.read(BufferedReader.java:182)
	at com.xilinx.sdk.targetmanager.internal.json.XMDJSONProcess$CommandResultsReader.run(XMDJSONProcess.java:332)
	at java.lang.Thread.run(Thread.java:745)
23:07:09 ERROR : Zero sized response read from XMD. This indicates a communication error or a programming error.
23:07:56 INFO  : Time out for XMD transaction is 60000
If you want to increase the timeout value, goto Windows-> Preferences -> Xilinx SDK -> XMD Startup
23:07:56 ERROR : Timeout occured while waiting to get reply for command "xconnect mb mdm -cable type xilinx_tcf url TCP:127.0.0.1:3121"
23:07:56 ERROR : Unexpected error while launching program.
com.xilinx.sdk.targetmanager.TMException: 
	at com.xilinx.sdk.targetmanager.internal.TM.connectToProcessor(TM.java:484)
	at com.xilinx.sdk.debug.core.XilinxAppLaunchConfigurationDelegate.runTargetSetup(XilinxAppLaunchConfigurationDelegate.java:451)
	at com.xilinx.sdk.debug.core.XilinxAppLaunchConfigurationDelegate.runApplication(XilinxAppLaunchConfigurationDelegate.java:616)
	at com.xilinx.sdk.debug.core.XilinxAppLaunchConfigurationDelegate.launch(XilinxAppLaunchConfigurationDelegate.java:309)
	at com.xilinx.sdk.debug.ui.XilinxAppLaunchDelegateWrapper.launch(XilinxAppLaunchDelegateWrapper.java:31)
	at org.eclipse.debug.internal.core.LaunchConfiguration.launch(LaunchConfiguration.java:885)
	at org.eclipse.debug.internal.core.LaunchConfiguration.launch(LaunchConfiguration.java:739)
	at org.eclipse.debug.internal.ui.DebugUIPlugin.buildAndLaunch(DebugUIPlugin.java:1039)
	at org.eclipse.debug.internal.ui.DebugUIPlugin$8.run(DebugUIPlugin.java:1256)
	at org.eclipse.core.internal.jobs.Worker.run(Worker.java:55)
23:08:26 ERROR : Unexpected error while issuing command {"command": "xfpga_isconfigured -cable type xilinx_tcf url TCP:127.0.0.1:3121 "} to XMD: java.net.SocketException: Connection reset by peer: socket write error
23:08:26 ERROR : Checking FPGA configuration failed..
23:08:26 ERROR : Unexpected error while launching program.
com.xilinx.sdk.targetmanager.TMException: 
	at com.xilinx.sdk.targetmanager.internal.TM.isFPGAConfigured(TM.java:374)
	at com.xilinx.sdk.debug.core.XilinxAppLaunchConfigurationDelegate.isFpgaConfigured(XilinxAppLaunchConfigurationDelegate.java:409)
	at com.xilinx.sdk.debug.core.XilinxAppLaunchConfigurationDelegate.launch(XilinxAppLaunchConfigurationDelegate.java:303)
	at com.xilinx.sdk.debug.ui.XilinxAppLaunchDelegateWrapper.launch(XilinxAppLaunchDelegateWrapper.java:31)
	at org.eclipse.debug.internal.core.LaunchConfiguration.launch(LaunchConfiguration.java:885)
	at org.eclipse.debug.internal.core.LaunchConfiguration.launch(LaunchConfiguration.java:739)
	at org.eclipse.debug.internal.ui.DebugUIPlugin.buildAndLaunch(DebugUIPlugin.java:1039)
	at org.eclipse.debug.internal.ui.DebugUIPlugin$8.run(DebugUIPlugin.java:1256)
	at org.eclipse.core.internal.jobs.Worker.run(Worker.java:55)
23:08:46 ERROR : Unexpected error while issuing command {"command": "xfpga_isconfigured -cable type xilinx_tcf url TCP:127.0.0.1:3121 "} to XMD: java.net.SocketException: Connection reset by peer: socket write error
23:08:46 ERROR : Checking FPGA configuration failed..
23:08:46 ERROR : Unexpected error while launching program.
com.xilinx.sdk.targetmanager.TMException: 
	at com.xilinx.sdk.targetmanager.internal.TM.isFPGAConfigured(TM.java:374)
	at com.xilinx.sdk.debug.core.XilinxAppLaunchConfigurationDelegate.isFpgaConfigured(XilinxAppLaunchConfigurationDelegate.java:409)
	at com.xilinx.sdk.debug.core.XilinxAppLaunchConfigurationDelegate.launch(XilinxAppLaunchConfigurationDelegate.java:303)
	at com.xilinx.sdk.debug.ui.XilinxAppLaunchDelegateWrapper.launch(XilinxAppLaunchDelegateWrapper.java:31)
	at org.eclipse.debug.internal.core.LaunchConfiguration.launch(LaunchConfiguration.java:885)
	at org.eclipse.debug.internal.core.LaunchConfiguration.launch(LaunchConfiguration.java:739)
	at org.eclipse.debug.internal.ui.DebugUIPlugin.buildAndLaunch(DebugUIPlugin.java:1039)
	at org.eclipse.debug.internal.ui.DebugUIPlugin$8.run(DebugUIPlugin.java:1256)
	at org.eclipse.core.internal.jobs.Worker.run(Worker.java:55)
23:08:51 ERROR : Unexpected error while issuing command {"command": "xfpga_isconfigured -cable type xilinx_tcf url TCP:127.0.0.1:3121 "} to XMD: java.net.SocketException: Connection reset by peer: socket write error
23:08:51 ERROR : Checking FPGA configuration failed..
23:08:51 ERROR : Unexpected error while launching program.
com.xilinx.sdk.targetmanager.TMException: 
	at com.xilinx.sdk.targetmanager.internal.TM.isFPGAConfigured(TM.java:374)
	at com.xilinx.sdk.debug.core.XilinxAppLaunchConfigurationDelegate.isFpgaConfigured(XilinxAppLaunchConfigurationDelegate.java:409)
	at com.xilinx.sdk.debug.core.XilinxAppLaunchConfigurationDelegate.launch(XilinxAppLaunchConfigurationDelegate.java:303)
	at com.xilinx.sdk.debug.ui.XilinxAppLaunchDelegateWrapper.launch(XilinxAppLaunchDelegateWrapper.java:31)
	at org.eclipse.debug.internal.core.LaunchConfiguration.launch(LaunchConfiguration.java:885)
	at org.eclipse.debug.internal.core.LaunchConfiguration.launch(LaunchConfiguration.java:739)
	at org.eclipse.debug.internal.ui.DebugUIPlugin.buildAndLaunch(DebugUIPlugin.java:1039)
	at org.eclipse.debug.internal.ui.DebugUIPlugin$8.run(DebugUIPlugin.java:1256)
	at org.eclipse.core.internal.jobs.Worker.run(Worker.java:55)
23:10:08 ERROR : Unexpected error while issuing command {"command": "xfpga_isconfigured -cable type xilinx_tcf url TCP:127.0.0.1:3121 "} to XMD: java.net.SocketException: Connection reset by peer: socket write error
23:10:08 ERROR : Checking FPGA configuration failed..
23:10:08 ERROR : Unexpected error while launching program.
com.xilinx.sdk.targetmanager.TMException: 
	at com.xilinx.sdk.targetmanager.internal.TM.isFPGAConfigured(TM.java:374)
	at com.xilinx.sdk.debug.core.XilinxAppLaunchConfigurationDelegate.isFpgaConfigured(XilinxAppLaunchConfigurationDelegate.java:409)
	at com.xilinx.sdk.debug.core.XilinxAppLaunchConfigurationDelegate.launch(XilinxAppLaunchConfigurationDelegate.java:303)
	at com.xilinx.sdk.debug.ui.XilinxAppLaunchDelegateWrapper.launch(XilinxAppLaunchDelegateWrapper.java:31)
	at org.eclipse.debug.internal.core.LaunchConfiguration.launch(LaunchConfiguration.java:885)
	at org.eclipse.debug.internal.core.LaunchConfiguration.launch(LaunchConfiguration.java:739)
	at org.eclipse.debug.internal.ui.DebugUIPlugin.buildAndLaunch(DebugUIPlugin.java:1039)
	at org.eclipse.debug.internal.ui.DebugUIPlugin$8.run(DebugUIPlugin.java:1256)
	at org.eclipse.core.internal.jobs.Worker.run(Worker.java:55)
23:10:26 ERROR : Unexpected error while issuing command {"command": "xfpga_isconfigured -cable type xilinx_tcf url TCP:127.0.0.1:3121 "} to XMD: java.net.SocketException: Connection reset by peer: socket write error
23:10:26 ERROR : Checking FPGA configuration failed..
23:10:26 ERROR : Unexpected error while launching program.
com.xilinx.sdk.targetmanager.TMException: 
	at com.xilinx.sdk.targetmanager.internal.TM.isFPGAConfigured(TM.java:374)
	at com.xilinx.sdk.debug.core.XilinxAppLaunchConfigurationDelegate.isFpgaConfigured(XilinxAppLaunchConfigurationDelegate.java:409)
	at com.xilinx.sdk.debug.core.XilinxAppLaunchConfigurationDelegate.launch(XilinxAppLaunchConfigurationDelegate.java:303)
	at com.xilinx.sdk.debug.ui.XilinxAppLaunchDelegateWrapper.launch(XilinxAppLaunchDelegateWrapper.java:31)
	at org.eclipse.debug.internal.core.LaunchConfiguration.launch(LaunchConfiguration.java:885)
	at org.eclipse.debug.internal.core.LaunchConfiguration.launch(LaunchConfiguration.java:739)
	at org.eclipse.debug.internal.ui.DebugUIPlugin.buildAndLaunch(DebugUIPlugin.java:1039)
	at org.eclipse.debug.internal.ui.DebugUIPlugin$8.run(DebugUIPlugin.java:1256)
	at org.eclipse.core.internal.jobs.Worker.run(Worker.java:55)
23:12:12 INFO  : Registering command handlers for SDK TCF services
23:12:13 INFO  : Launching XSCT server: xsct.bat -interactive C:\Users\Joao\Desktop\cr\Git\Reconfigurable_Computing\Lesson6\Ex6_1_sdk\Ex6_1_sdk.sdk\temp_xsdb_launch_script.tcl
23:12:16 INFO  : XSCT server has started successfully.
23:12:17 INFO  : Processing command line option -hwspec C:/Users/Joao/Desktop/cr/Git/Reconfigurable_Computing/Lesson6/Ex6_1_sdk/Ex6_1_sdk.sdk/design1_wrapper.hdf.
23:12:17 INFO  : Successfully done setting XSCT server connection channel  
23:12:17 INFO  : Checking for hwspec changes in the project design1_wrapper_hw_platform_0.
23:12:17 INFO  : Successfully done setting SDK workspace  
23:13:25 INFO  : Processor reset is completed for microblaze_0
23:13:36 INFO  : microblaze_0 Processor is in use. Please stop existing Run or Debug sessions before launching.
23:13:49 INFO  : microblaze_0 Processor is in use. Please stop existing Run or Debug sessions before launching.
23:15:16 INFO  : Processor reset is completed for microblaze_0
23:19:07 ERROR : Unexpected error while parsing XMD response ?: com.google.gson.JsonSyntaxException: com.google.gson.stream.MalformedJsonException: invalid number or unquoted string near 
23:44:00 INFO  : Registering command handlers for SDK TCF services
23:44:00 INFO  : Launching XSCT server: xsct.bat -interactive C:\Users\Joao\Desktop\cr\Git\Reconfigurable_Computing\Lesson6\Ex6_1_sdk\Ex6_1_sdk.sdk\temp_xsdb_launch_script.tcl
23:44:03 INFO  : XSCT server has started successfully.
23:44:04 INFO  : Successfully done setting XSCT server connection channel  
23:44:04 INFO  : Processing command line option -hwspec C:/Users/Joao/Desktop/cr/Git/Reconfigurable_Computing/Lesson6/Ex6_1_sdk/Ex6_1_sdk.sdk/design1_wrapper.hdf.
23:44:04 INFO  : Checking for hwspec changes in the project design1_wrapper_hw_platform_0.
23:44:04 INFO  : Successfully done setting SDK workspace  
23:45:19 INFO  : Processor reset is completed for microblaze_0
23:45:29 INFO  : microblaze_0 Processor is in use. Please stop existing Run or Debug sessions before launching.
23:45:39 INFO  : microblaze_0 Processor is in use. Please stop existing Run or Debug sessions before launching.
23:45:40 INFO  : Processor reset is completed for microblaze_0
23:45:56 INFO  : microblaze_0 Processor is in use. Please stop existing Run or Debug sessions before launching.
23:45:59 INFO  : Processor reset is completed for microblaze_0
23:46:16 INFO  : Processor reset is completed for microblaze_0
23:46:20 INFO  : microblaze_0 Processor is in use. Please stop existing Run or Debug sessions before launching.
23:46:22 INFO  : Processor reset is completed for microblaze_0
23:46:42 INFO  : microblaze_0 Processor is in use. Please stop existing Run or Debug sessions before launching.
23:46:51 INFO  : Processor reset is completed for microblaze_0
23:46:59 INFO  : Time out for XMD transaction is 60000
If you want to increase the timeout value, goto Windows-> Preferences -> Xilinx SDK -> XMD Startup
23:46:59 ERROR : Timeout occured while waiting to get reply for command "close_terminal"
23:46:59 ERROR : Error while closing JTAG UART server: 
23:47:15 ERROR : Unexpected error while parsing XMD response ?: com.google.gson.JsonSyntaxException: com.google.gson.stream.MalformedJsonException: invalid number or unquoted string near 
23:47:41 INFO  : Registering command handlers for SDK TCF services
23:47:42 INFO  : Launching XSCT server: xsct.bat -interactive C:\Users\Joao\Desktop\cr\Git\Reconfigurable_Computing\Lesson6\Ex6_1_sdk\Ex6_1_sdk.sdk\temp_xsdb_launch_script.tcl
23:47:45 INFO  : XSCT server has started successfully.
23:47:46 INFO  : Processing command line option -hwspec C:/Users/Joao/Desktop/cr/Git/Reconfigurable_Computing/Lesson6/Ex6_1_sdk/Ex6_1_sdk.sdk/design1_wrapper.hdf.
23:47:46 INFO  : Checking for hwspec changes in the project design1_wrapper_hw_platform_0.
23:47:46 INFO  : Successfully done setting XSCT server connection channel  
23:47:46 INFO  : Successfully done setting SDK workspace  
23:48:11 INFO  : Processor reset is completed for microblaze_0
23:49:22 INFO  : microblaze_0 Processor is in use. Please stop existing Run or Debug sessions before launching.
23:50:24 INFO  : Time out for XMD transaction is 60000
If you want to increase the timeout value, goto Windows-> Preferences -> Xilinx SDK -> XMD Startup
23:50:24 ERROR : Timeout occured while waiting to get reply for command "xreset 0 0x80"
23:50:24 ERROR : Unexpected error while launching program.
java.lang.RuntimeException: 
	at com.xilinx.sdk.targetmanager.internal.TM.doProcessorReset(TM.java:1011)
	at com.xilinx.sdk.debug.core.XilinxAppLaunchConfigurationDelegate.runTargetSetup(XilinxAppLaunchConfigurationDelegate.java:455)
	at com.xilinx.sdk.debug.core.XilinxAppLaunchConfigurationDelegate.runApplication(XilinxAppLaunchConfigurationDelegate.java:616)
	at com.xilinx.sdk.debug.core.XilinxAppLaunchConfigurationDelegate.launch(XilinxAppLaunchConfigurationDelegate.java:309)
	at com.xilinx.sdk.debug.ui.XilinxAppLaunchDelegateWrapper.launch(XilinxAppLaunchDelegateWrapper.java:31)
	at org.eclipse.debug.internal.core.LaunchConfiguration.launch(LaunchConfiguration.java:885)
	at org.eclipse.debug.internal.core.LaunchConfiguration.launch(LaunchConfiguration.java:739)
	at org.eclipse.debug.internal.ui.DebugUIPlugin.buildAndLaunch(DebugUIPlugin.java:1039)
	at org.eclipse.debug.internal.ui.DebugUIPlugin$8.run(DebugUIPlugin.java:1256)
	at org.eclipse.core.internal.jobs.Worker.run(Worker.java:55)
23:51:28 INFO  : Processor reset is completed for microblaze_0
23:54:00 INFO  : Processor reset is completed for microblaze_0
23:55:27 INFO  : Processor reset is completed for microblaze_0
23:56:03 INFO  : Connected to target on host '127.0.0.1' and port '3121'.
23:56:04 INFO  : 'targets -set -filter {jtag_cable_name =~ "Digilent Nexys4 210274664038A" && level==0} -index 0' command is executed.
23:56:06 INFO  : FPGA configured successfully with bitstream "C:/Users/Joao/Desktop/cr/Git/Reconfigurable_Computing/Lesson6/Ex6_1_sdk/Ex6_1_sdk.sdk/design1_wrapper_hw_platform_0/download.bit"
23:56:22 INFO  : Processor reset is completed for microblaze_0
23:57:47 INFO  : Processor reset is completed for microblaze_0
00:00:22 INFO  : microblaze_0 Processor is in use. Please stop existing Run or Debug sessions before launching.
00:00:26 INFO  : Processor reset is completed for microblaze_0
00:00:51 ERROR : Unexpected error while parsing XMD response ?: com.google.gson.JsonSyntaxException: com.google.gson.stream.MalformedJsonException: invalid number or unquoted string near 
00:01:50 INFO  : Registering command handlers for SDK TCF services
00:01:50 INFO  : Launching XSCT server: xsct.bat -interactive C:\Users\Joao\Desktop\cr\Git\Reconfigurable_Computing\Lesson6\Ex6_1_sdk\Ex6_1_sdk.sdk\temp_xsdb_launch_script.tcl
00:01:52 INFO  : XSCT server has started successfully.
00:01:52 INFO  : Successfully done setting XSCT server connection channel  
00:01:53 INFO  : Successfully done setting SDK workspace  
00:01:53 INFO  : Processing command line option -hwspec C:/Users/Joao/Desktop/cr/Git/Reconfigurable_Computing/Lesson6/Ex6_1_sdk/Ex6_1_sdk.sdk/design1_wrapper.hdf.
00:01:53 INFO  : Checking for hwspec changes in the project design1_wrapper_hw_platform_0.
00:02:22 INFO  : Processor reset is completed for microblaze_0
00:03:26 INFO  : Processor reset is completed for microblaze_0
00:04:34 INFO  : Processor reset is completed for microblaze_0
00:06:01 INFO  : Processor reset is completed for microblaze_0
00:09:38 INFO  : Processor reset is completed for microblaze_0
00:10:39 INFO  : Processor reset is completed for microblaze_0
00:11:32 INFO  : Processor reset is completed for microblaze_0
00:12:11 INFO  : Processor reset is completed for microblaze_0
00:12:30 INFO  : Processor reset is completed for microblaze_0
00:12:39 INFO  : Processor reset is completed for microblaze_0
00:13:04 ERROR : Unexpected error while parsing XMD response ?: com.google.gson.JsonSyntaxException: com.google.gson.stream.MalformedJsonException: invalid number or unquoted string near 
11:31:36 INFO  : Registering command handlers for SDK TCF services
11:31:36 INFO  : Launching XSCT server: xsct.bat -interactive C:\Users\Joao\Desktop\cr\Git\Reconfigurable_Computing\Lesson6\Ex6_1_sdk\Ex6_1_sdk.sdk\temp_xsdb_launch_script.tcl
11:31:44 INFO  : XSCT server has started successfully.
11:31:49 INFO  : Successfully done setting XSCT server connection channel  
11:31:49 INFO  : Processing command line option -hwspec C:/Users/Joao/Desktop/cr/Git/Reconfigurable_Computing/Lesson6/Ex6_1_sdk/Ex6_1_sdk.sdk/design1_wrapper.hdf.
11:31:49 INFO  : Successfully done setting SDK workspace  
11:31:49 INFO  : Checking for hwspec changes in the project design1_wrapper_hw_platform_0.
11:31:51 INFO  : Processor reset is completed for microblaze_0
11:36:28 INFO  : Processor reset is completed for microblaze_0
11:44:21 ERROR : Unexpected error while parsing XMD response ?: com.google.gson.JsonSyntaxException: com.google.gson.stream.MalformedJsonException: invalid number or unquoted string near 
11:59:30 INFO  : Registering command handlers for SDK TCF services
11:59:31 INFO  : Launching XSCT server: xsct.bat -interactive C:\Users\Joao\Desktop\cr\Git\Reconfigurable_Computing\Lesson6\Ex6_1_sdk\Ex6_1_sdk.sdk\temp_xsdb_launch_script.tcl
11:59:35 INFO  : XSCT server has started successfully.
11:59:36 INFO  : Processing command line option -hwspec C:/Users/Joao/Desktop/cr/Git/Reconfigurable_Computing/Lesson6/Ex6_1_sdk/Ex6_1_sdk.sdk/design1_wrapper.hdf.
11:59:36 INFO  : Successfully done setting XSCT server connection channel  
11:59:36 INFO  : Checking for hwspec changes in the project design1_wrapper_hw_platform_0.
11:59:36 INFO  : SDK has detected change in the last modified timestamps for source hardware specification file Source:1495363744957,  Project:1495317118352
11:59:36 INFO  : The hardware specification for project 'design1_wrapper_hw_platform_0' is different from C:/Users/Joao/Desktop/cr/Git/Reconfigurable_Computing/Lesson6/Ex6_1_sdk/Ex6_1_sdk.sdk/design1_wrapper.hdf.
11:59:36 INFO  : Successfully done setting SDK workspace  
11:59:37 INFO  : Copied contents of C:/Users/Joao/Desktop/cr/Git/Reconfigurable_Computing/Lesson6/Ex6_1_sdk/Ex6_1_sdk.sdk/design1_wrapper.hdf into \design1_wrapper_hw_platform_0\system.hdf.
11:59:37 INFO  : Synchronizing projects in the workspace with the hardware platform specification changes.
11:59:52 INFO  : 
11:59:53 INFO  : Updating hardware inferred compiler options for Ex6_1.
11:59:53 INFO  : Clearing existing target manager status.
12:12:15 INFO  : Processor reset is completed for microblaze_0
12:12:23 INFO  : Processor reset is completed for microblaze_0
12:12:33 INFO  : Processor reset is completed for microblaze_0
12:13:26 INFO  : Processor reset is completed for microblaze_0
12:18:01 INFO  : Processor reset is completed for microblaze_0
12:18:35 INFO  : Processor reset is completed for microblaze_0
12:19:53 INFO  : Processor reset is completed for microblaze_0
12:20:02 INFO  : Processor reset is completed for microblaze_0
12:20:29 INFO  : Processor reset is completed for microblaze_0
12:20:48 INFO  : Processor reset is completed for microblaze_0
12:21:14 INFO  : Processor reset is completed for microblaze_0
12:22:06 INFO  : Processor reset is completed for microblaze_0
12:22:17 INFO  : Processor reset is completed for microblaze_0
12:22:49 INFO  : Processor reset is completed for microblaze_0
12:23:25 INFO  : Processor reset is completed for microblaze_0
12:23:39 INFO  : Processor reset is completed for microblaze_0
12:23:54 ERROR : Unexpected error while parsing XMD response ?: com.google.gson.JsonSyntaxException: com.google.gson.stream.MalformedJsonException: invalid number or unquoted string near 
12:25:21 INFO  : Registering command handlers for SDK TCF services
12:25:22 INFO  : Launching XSCT server: xsct.bat -interactive C:\Users\Joao\Desktop\cr\Git\Reconfigurable_Computing\Lesson6\Ex6_1_sdk\Ex6_1_sdk.sdk\temp_xsdb_launch_script.tcl
12:25:24 INFO  : XSCT server has started successfully.
12:25:24 INFO  : Successfully done setting XSCT server connection channel  
12:25:25 INFO  : Processing command line option -hwspec C:/Users/Joao/Desktop/cr/Git/Reconfigurable_Computing/Lesson6/Ex6_1_sdk/Ex6_1_sdk.sdk/design1_wrapper.hdf.
12:25:25 INFO  : Successfully done setting SDK workspace  
12:25:25 INFO  : Checking for hwspec changes in the project design1_wrapper_hw_platform_0.
12:25:54 INFO  : Processor reset is completed for microblaze_0
12:27:53 INFO  : Processor reset is completed for microblaze_0
12:30:02 ERROR : Unexpected error while parsing XMD response ?: com.google.gson.JsonSyntaxException: com.google.gson.stream.MalformedJsonException: invalid number or unquoted string near 
12:46:49 INFO  : Registering command handlers for SDK TCF services
12:46:49 INFO  : Launching XSCT server: xsct.bat -interactive C:\Users\Joao\Desktop\cr\Git\Reconfigurable_Computing\Lesson6\Ex6_1_sdk\Ex6_1_sdk.sdk\temp_xsdb_launch_script.tcl
12:46:54 INFO  : XSCT server has started successfully.
12:46:58 INFO  : Successfully done setting XSCT server connection channel  
12:46:58 INFO  : Processing command line option -hwspec C:/Users/Joao/Desktop/cr/Git/Reconfigurable_Computing/Lesson6/Ex6_1_sdk/Ex6_1_sdk.sdk/design1_wrapper.hdf.
12:46:58 INFO  : Checking for hwspec changes in the project design1_wrapper_hw_platform_0.
12:46:58 INFO  : Successfully done setting SDK workspace  
12:47:26 INFO  : Processor reset is completed for microblaze_0
12:47:42 INFO  : Processor reset is completed for microblaze_0
12:49:03 INFO  : Processor reset is completed for microblaze_0
12:49:34 INFO  : Processor reset is completed for microblaze_0
12:49:51 INFO  : Processor reset is completed for microblaze_0
12:50:12 INFO  : Processor reset is completed for microblaze_0
12:51:42 INFO  : Processor reset is completed for microblaze_0
12:52:01 INFO  : Processor reset is completed for microblaze_0
12:53:51 INFO  : Processor reset is completed for microblaze_0
12:55:17 INFO  : Processor reset is completed for microblaze_0
12:55:54 ERROR : Unexpected error while parsing XMD response ?: com.google.gson.JsonSyntaxException: com.google.gson.stream.MalformedJsonException: invalid number or unquoted string near 
14:24:45 INFO  : Registering command handlers for SDK TCF services
14:25:33 INFO  : Launching XSCT server: xsct.bat -interactive C:\Users\Joao\Desktop\cr\Git\Reconfigurable_Computing\Lesson6\Ex6_1_sdk\Ex6_1_sdk.sdk\temp_xsdb_launch_script.tcl
14:26:15 INFO  : XSCT server has started successfully.
14:26:26 INFO  : Successfully done setting XSCT server connection channel  
14:26:26 INFO  : Successfully done setting SDK workspace  
14:26:27 INFO  : Processing command line option -hwspec C:/Users/Joao/Desktop/cr/Git/Reconfigurable_Computing/Lesson6/Ex6_1_sdk/Ex6_1_sdk.sdk/design1_wrapper.hdf.
14:26:27 INFO  : Checking for hwspec changes in the project design1_wrapper_hw_platform_0.
