
*** Running vivado
    with args -log design1_xlslice_1_0.vds -m64 -product Vivado -mode batch -messageDb vivado.pb -notrace -source design1_xlslice_1_0.tcl


****** Vivado v2016.4 (64-bit)
  **** SW Build 1756540 on Mon Jan 23 19:11:23 MST 2017
  **** IP Build 1755317 on Mon Jan 23 20:30:07 MST 2017
    ** Copyright 1986-2016 Xilinx, Inc. All Rights Reserved.

source design1_xlslice_1_0.tcl -notrace
Starting RTL Elaboration : Time (s): cpu = 00:00:16 ; elapsed = 00:00:48 . Memory (MB): peak = 292.172 ; gain = 82.035
INFO: [Synth 8-638] synthesizing module 'design1_xlslice_1_0' [c:/Users/Joao/Desktop/cr/Git/Reconfigurable_Computing/Projecto_final/projeto/projeto.srcs/sources_1/bd/design1/ip/design1_xlslice_1_0/synth/design1_xlslice_1_0.v:57]
INFO: [Synth 8-638] synthesizing module 'xlslice' [c:/Users/Joao/Desktop/cr/Git/Reconfigurable_Computing/Projecto_final/projeto/projeto.srcs/sources_1/bd/design1/ipshared/c49f/xlslice.v:14]
INFO: [Synth 8-256] done synthesizing module 'xlslice' (1#1) [c:/Users/Joao/Desktop/cr/Git/Reconfigurable_Computing/Projecto_final/projeto/projeto.srcs/sources_1/bd/design1/ipshared/c49f/xlslice.v:14]
INFO: [Synth 8-256] done synthesizing module 'design1_xlslice_1_0' (2#1) [c:/Users/Joao/Desktop/cr/Git/Reconfigurable_Computing/Projecto_final/projeto/projeto.srcs/sources_1/bd/design1/ip/design1_xlslice_1_0/synth/design1_xlslice_1_0.v:57]
Finished RTL Elaboration : Time (s): cpu = 00:00:18 ; elapsed = 00:00:52 . Memory (MB): peak = 330.379 ; gain = 120.242
Finished RTL Optimization Phase 1 : Time (s): cpu = 00:00:18 ; elapsed = 00:00:53 . Memory (MB): peak = 330.379 ; gain = 120.242
INFO: [Device 21-403] Loading part xc7a100tcsg324-1
Constraint Validation Runtime : Time (s): cpu = 00:00:00 ; elapsed = 00:00:00.024 . Memory (MB): peak = 535.191 ; gain = 0.004
Finished Constraint Validation : Time (s): cpu = 00:00:36 ; elapsed = 00:01:20 . Memory (MB): peak = 535.191 ; gain = 325.055
Finished Loading Part and Timing Information : Time (s): cpu = 00:00:36 ; elapsed = 00:01:20 . Memory (MB): peak = 535.191 ; gain = 325.055
Finished applying 'set_property' XDC Constraints : Time (s): cpu = 00:00:36 ; elapsed = 00:01:20 . Memory (MB): peak = 535.191 ; gain = 325.055
Finished RTL Optimization Phase 2 : Time (s): cpu = 00:00:36 ; elapsed = 00:01:20 . Memory (MB): peak = 535.191 ; gain = 325.055
Finished Cross Boundary and Area Optimization : Time (s): cpu = 00:00:37 ; elapsed = 00:01:21 . Memory (MB): peak = 535.191 ; gain = 325.055
Finished Applying XDC Timing Constraints : Time (s): cpu = 00:00:57 ; elapsed = 00:01:54 . Memory (MB): peak = 567.195 ; gain = 357.059
Finished Timing Optimization : Time (s): cpu = 00:00:58 ; elapsed = 00:01:54 . Memory (MB): peak = 567.195 ; gain = 357.059
Finished Technology Mapping : Time (s): cpu = 00:00:58 ; elapsed = 00:01:54 . Memory (MB): peak = 576.898 ; gain = 366.762
Finished IO Insertion : Time (s): cpu = 00:00:59 ; elapsed = 00:01:56 . Memory (MB): peak = 576.898 ; gain = 366.762
Finished Renaming Generated Instances : Time (s): cpu = 00:00:59 ; elapsed = 00:01:56 . Memory (MB): peak = 576.898 ; gain = 366.762
Finished Rebuilding User Hierarchy : Time (s): cpu = 00:00:59 ; elapsed = 00:01:56 . Memory (MB): peak = 576.898 ; gain = 366.762
Finished Renaming Generated Ports : Time (s): cpu = 00:00:59 ; elapsed = 00:01:56 . Memory (MB): peak = 576.898 ; gain = 366.762
Finished Handling Custom Attributes : Time (s): cpu = 00:00:59 ; elapsed = 00:01:56 . Memory (MB): peak = 576.898 ; gain = 366.762
Finished Renaming Generated Nets : Time (s): cpu = 00:00:59 ; elapsed = 00:01:56 . Memory (MB): peak = 576.898 ; gain = 366.762

Report Cell Usage: 
+-+-----+------+
| |Cell |Count |
+-+-----+------+
+-+-----+------+
Finished Writing Synthesis Report : Time (s): cpu = 00:00:59 ; elapsed = 00:01:56 . Memory (MB): peak = 576.898 ; gain = 366.762
synth_design: Time (s): cpu = 00:00:52 ; elapsed = 00:01:24 . Memory (MB): peak = 593.008 ; gain = 376.559
