Exception at PC 0x00007FFCE26F7788
Unable to capture context for thread 1140 in process 7776, can not generate back trace
Exception at PC 0x00007FFC7B97BB93
Printing stacktrace...

Exception at PC 0x00007FFCE26F7788
Exception at PC 0x00007FFCE26F7788
Exception at PC 0x00007FFCE26F7788
Exception at PC 0x00007FFCE26F7788
Exception at PC 0x00007FFCE26F7788
Exception at PC 0x00007FFCE26F7788
Exception at PC 0x00007FFCE26F7788
Exception at PC 0x00007FFCE26F7788
Exception at PC 0x00007FFCE26F7788
Exception at PC 0x00007FFCE26F7788
Exception at PC 0x00007FFCE26F7788
Exception at PC 0x00007FFCE26F7788
Exception at PC 0x00007FFCE26F7788
Exception at PC 0x00007FFCE26F7788
Exception at PC 0x00007FFCE26F7788
Exception at PC 0x00007FFCE26F7788
[0]  [0x00007FFC7B97BB93]
[1]  [0x00007FFC7B97BB93]
[2]  [0x00007FFC7B97B4A1]
[3]  [0x00007FFC7B97B3EF]
[4]  [0x00007FFC7B9619FE]
[5]  [0x00007FFC7B960ED1]
[6]  [0x00007FFC7B960D76]
[7]  [0x00007FFC7B9079F6]
[8]  [0x00007FFC7B8F7AFB]
[9]  [0x00007FFC7BA1E90A]
[10]  [0x00007FFC7BA39F87]
[11]  [0x00007FFC7BA3A05F]
[12] (BaseThreadInitThunk+0x14) [0x00007FFCE3558364]
[13] (RtlUserThreadStart+0x21) [0x00007FFCE54D70D1]
Done
