Copyright 1986-2016 Xilinx, Inc. All Rights Reserved.
------------------------------------------------------------------------------------
| Tool Version : Vivado v.2016.4 (win64) Build 1756540 Mon Jan 23 19:11:23 MST 2017
| Date         : Mon Mar 27 12:05:29 2017
| Host         : DESKTOP-2SMIO6T running 64-bit major release  (build 9200)
| Command      : upgrade_ip
| Device       : xc7a100tcsg324-1
------------------------------------------------------------------------------------

Upgrade Log for IP 'design1_disp32bits_wrapper_0_0'

1. Summary
----------

CAUTION (success, with warnings) in the update of design1_disp32bits_wrapper_0_0 (xilinx.com:user:disp32bits_wrapper:1.0 (Rev. 2)) to current project options.

After upgrade, an IP may have parameter and port differences compared to the original customization. Please review the parameters within the IP customization GUI to ensure proper functionality. Also, please review the updated IP instantiation template to ensure proper connectivity, and update your design if required.

2. Connection Warnings
----------------------

Detected external port differences while upgrading 'design1_disp32bits_wrapper_0_0'. These changes may impact your design.


-Upgrade has removed port 'btnC'

-Upgrade has removed port 'ins'

-Upgrade has added port 'sw'







Copyright 1986-2016 Xilinx, Inc. All Rights Reserved.
------------------------------------------------------------------------------------
| Tool Version : Vivado v.2016.4 (win64) Build 1756540 Mon Jan 23 19:11:23 MST 2017
| Date         : Fri Mar 24 15:14:41 2017
| Host         : DESKTOP-2SMIO6T running 64-bit major release  (build 9200)
| Command      : upgrade_ip
| Device       : xc7a100tcsg324-1
------------------------------------------------------------------------------------

Upgrade Log for IP 'design1_disp32bits_wrapper_0_0'

1. Summary
----------

CAUTION (success, with warnings) in the update of design1_disp32bits_wrapper_0_0 (xilinx.com:user:disp32bits_wrapper:1.0 (Rev. 2)) to current project options.

After upgrade, an IP may have parameter and port differences compared to the original customization. Please review the parameters within the IP customization GUI to ensure proper functionality. Also, please review the updated IP instantiation template to ensure proper connectivity, and update your design if required.

2. Connection Warnings
----------------------

Detected external port differences while upgrading 'design1_disp32bits_wrapper_0_0'. These changes may impact your design.


-Upgrade has removed port 'sw'

-Upgrade has added port 'ins'


