#-----------------------------------------------------------
# Vivado v2016.4 (64-bit)
# SW Build 1756540 on Mon Jan 23 19:11:23 MST 2017
# IP Build 1755317 on Mon Jan 23 20:30:07 MST 2017
# Start of session at: Mon Mar 27 12:03:08 2017
# Process ID: 18688
# Current directory: C:/Users/Joao/Desktop/cr/Git/Reconfigurable_Computing/Lesson4/ex1
# Command line: vivado.exe -gui_launcher_event rodinguilauncherevent132 C:\Users\Joao\Desktop\cr\Git\Reconfigurable_Computing\Lesson4\ex1\ex1.xpr
# Log file: C:/Users/Joao/Desktop/cr/Git/Reconfigurable_Computing/Lesson4/ex1/vivado.log
# Journal file: C:/Users/Joao/Desktop/cr/Git/Reconfigurable_Computing/Lesson4/ex1\vivado.jou
#-----------------------------------------------------------
start_gui
open_project C:/Users/Joao/Desktop/cr/Git/Reconfigurable_Computing/Lesson4/ex1/ex1.xpr
Scanning sources...
Finished scanning sources
INFO: [IP_Flow 19-234] Refreshing IP repositories
INFO: [IP_Flow 19-1700] Loaded user IP repository 'c:/Users/Joao/Desktop/cr/Git/Reconfigurable_Computing'.
WARNING: [IP_Flow 19-3656] If you move the project, the path for repository 'c:/Users/Joao/Desktop/cr/Git/Reconfigurable_Computing' may become invalid. A better location for the repository would be in a path adjacent to the project. (Current project location is 'c:/Users/Joao/Desktop/cr/Git/Reconfigurable_Computing/Lesson4/ex1'.)
INFO: [IP_Flow 19-2313] Loaded Vivado IP repository 'C:/Xilinx/Vivado/2016.4/data/ip'.
CRITICAL WARNING: [IP_Flow 19-1663] Duplicate IP found for 'xilinx.com:user:counter:1.0'. The one found in IP location 'c:/Users/Joao/Desktop/cr/Git/Reconfigurable_Computing/Lesson3/Counter/Counter.srcs/sources_1/imports/new' will take precedence over the same IP in location c:/Users/Joao/Desktop/cr/Git/Reconfigurable_Computing/Lesson3/Counter
CRITICAL WARNING: [IP_Flow 19-1663] Duplicate IP found for 'xilinx.com:user:ex1:1.0'. The one found in IP location 'c:/Users/Joao/Desktop/cr/Git/Reconfigurable_Computing/Lesson3/Ex1/ex1.srcs' will take precedence over the same IP in location c:/Users/Joao/Desktop/cr/Git/Reconfigurable_Computing/Lesson3/Ex1/ex1.srcs/sources_1/imports/ex1.srcs
WARNING: [BD 41-1661] One or more IPs have been locked in the design 'design1.bd'. Please run report_ip_status for more details and recommendations on how to fix this issue.
List of locked IPs:
design1_disp32bits_wrapper_0_0

open_project: Time (s): cpu = 00:00:19 ; elapsed = 00:00:14 . Memory (MB): peak = 830.777 ; gain = 184.313
open_bd_design {C:/Users/Joao/Desktop/cr/Git/Reconfigurable_Computing/Lesson4/ex1/ex1.srcs/sources_1/bd/design1/design1.bd}
Adding cell -- xilinx.com:ip:blk_mem_gen:8.3 - blk_mem_gen_0
Adding cell -- xilinx.com:user:disp32bits_wrapper:1.0 - disp32bits_wrapper_0
Successfully read diagram <design1> from BD file <C:/Users/Joao/Desktop/cr/Git/Reconfigurable_Computing/Lesson4/ex1/ex1.srcs/sources_1/bd/design1/design1.bd>
open_bd_design: Time (s): cpu = 00:00:11 ; elapsed = 00:00:10 . Memory (MB): peak = 852.719 ; gain = 8.824
report_ip_status -name ip_status 
upgrade_ip -vlnv xilinx.com:user:disp32bits_wrapper:1.0 [get_ips  design1_disp32bits_wrapper_0_0] -log ip_upgrade.log
Upgrading 'C:/Users/Joao/Desktop/cr/Git/Reconfigurable_Computing/Lesson4/ex1/ex1.srcs/sources_1/bd/design1/design1.bd'
INFO: [IP_Flow 19-1972] Upgraded design1_disp32bits_wrapper_0_0 from disp32bits_wrapper_v1_0 1.0 to disp32bits_wrapper_v1_0 1.0
WARNING: [IP_Flow 19-4700] Upgrade has removed port 'btnC'
WARNING: [IP_Flow 19-4700] Upgrade has removed port 'ins'
WARNING: [IP_Flow 19-4698] Upgrade has added port 'sw'
WARNING: [IP_Flow 19-3298] Detected external port differences while upgrading 'design1_disp32bits_wrapper_0_0'. These changes may impact your design.
CRITICAL WARNING: [BD 41-1167] The pin 'btnC' is not found on the upgraded version of the cell '/disp32bits_wrapper_0'. Its connection to the net 'btnC_1' has been removed.
CRITICAL WARNING: [BD 41-1167] The pin 'ins' is not found on the upgraded version of the cell '/disp32bits_wrapper_0'. Its connection to the net 'blk_mem_gen_0_douta' has been removed.
CRITICAL WARNING: [Coretcl 2-1279] The upgrade of 'IP design1_disp32bits_wrapper_0_0' has identified issues that may require user intervention. Please review the upgrade log 'c:/Users/Joao/Desktop/cr/Git/Reconfigurable_Computing/Lesson4/ex1/ip_upgrade.log', and verify that the upgraded IP is correctly configured.
Wrote  : <C:/Users/Joao/Desktop/cr/Git/Reconfigurable_Computing/Lesson4/ex1/ex1.srcs/sources_1/bd/design1/design1.bd> 
Wrote  : <C:/Users/Joao/Desktop/cr/Git/Reconfigurable_Computing/Lesson4/ex1/ex1.srcs/sources_1/bd/design1/ui/bd_83de4e73.ui> 
INFO: [Coretcl 2-1525] Wrote upgrade log to 'C:/Users/Joao/Desktop/cr/Git/Reconfigurable_Computing/Lesson4/ex1/ip_upgrade.log'.
export_ip_user_files -of_objects [get_ips design1_disp32bits_wrapper_0_0] -no_script -sync -force -quiet
startgroup
create_bd_cell -type ip -vlnv xilinx.com:user:clockdivider:1.0 clockdivider_0
endgroup
connect_bd_net [get_bd_ports btnC] [get_bd_pins clockdivider_0/btnc]
connect_bd_net [get_bd_ports clk] [get_bd_pins clockdivider_0/clk]
delete_bd_objs [get_bd_nets clk_1]
connect_bd_net [get_bd_pins disp32bits_wrapper_0/clk] [get_bd_pins clockdivider_0/led]
WARNING: [BD 41-1731] Type mismatch between connected pins: /disp32bits_wrapper_0/clk(clk) and /clockdivider_0/led(undef)
set_property location {-193 53} [get_bd_ports clk]
connect_bd_net [get_bd_ports clk] [get_bd_pins clockdivider_0/clk]
connect_bd_net [get_bd_pins blk_mem_gen_0/clka] [get_bd_pins clockdivider_0/led]
WARNING: [BD 41-1306] The connection to interface pin /blk_mem_gen_0/clka is being overridden by the user. This pin will not be connected as a part of interface connection BRAM_PORTA
WARNING: [BD 41-1731] Type mismatch between connected pins: /clockdivider_0/led(undef) and /blk_mem_gen_0/clka(clk)
connect_bd_net [get_bd_pins disp32bits_wrapper_0/sw] [get_bd_pins blk_mem_gen_0/douta]
report_ip_status -name ip_status 
save_bd_design
Wrote  : <C:/Users/Joao/Desktop/cr/Git/Reconfigurable_Computing/Lesson4/ex1/ex1.srcs/sources_1/bd/design1/design1.bd> 
Wrote  : <C:/Users/Joao/Desktop/cr/Git/Reconfigurable_Computing/Lesson4/ex1/ex1.srcs/sources_1/bd/design1/ui/bd_83de4e73.ui> 
exit
INFO: [Common 17-206] Exiting Vivado at Mon Mar 27 13:28:34 2017...
