Copyright 1986-2016 Xilinx, Inc. All Rights Reserved.
------------------------------------------------------------------------------------
| Tool Version : Vivado v.2016.4 (win64) Build 1756540 Mon Jan 23 19:11:23 MST 2017
| Date         : Sat May 20 12:07:35 2017
| Host         : DESKTOP-2SMIO6T running 64-bit major release  (build 9200)
| Command      : upgrade_ip
| Device       : xc7a100tcsg324-1
------------------------------------------------------------------------------------

Upgrade Log for IP 'vlock_design_ClockDivider_1_0'

1. Summary
----------

SUCCESS in the upgrade of vlock_design_ClockDivider_1_0 (xilinx.com:user:ClockDivider:1.0) from (Rev. 2) to (Rev. 3)






Copyright 1986-2016 Xilinx, Inc. All Rights Reserved.
------------------------------------------------------------------------------------
| Tool Version : Vivado v.2016.4 (win64) Build 1756540 Mon Jan 23 19:11:23 MST 2017
| Date         : Sat May 20 12:07:35 2017
| Host         : DESKTOP-2SMIO6T running 64-bit major release  (build 9200)
| Command      : upgrade_ip
| Device       : xc7a100tcsg324-1
------------------------------------------------------------------------------------

Upgrade Log for IP 'vlock_design_ClockDivider_0_1'

1. Summary
----------

SUCCESS in the upgrade of vlock_design_ClockDivider_0_1 (xilinx.com:user:ClockDivider:1.0) from (Rev. 2) to (Rev. 3)






Copyright 1986-2016 Xilinx, Inc. All Rights Reserved.
------------------------------------------------------------------------------------
| Tool Version : Vivado v.2016.4 (win64) Build 1756540 Mon Jan 23 19:11:23 MST 2017
| Date         : Mon May 15 14:33:46 2017
| Host         : DESKTOP-2SMIO6T running 64-bit major release  (build 9200)
| Command      : upgrade_ip
| Device       : xc7a100tcsg324-1
------------------------------------------------------------------------------------

Upgrade Log for IP 'vlock_design_swtodisplays_wrapper_0_0'

1. Summary
----------

SUCCESS in the upgrade of vlock_design_swtodisplays_wrapper_0_0 (xilinx.com:user:swtodisplays_wrapper:1.0) from (Rev. 2) to (Rev. 3)

