#-----------------------------------------------------------
# Vivado v2016.4 (64-bit)
# SW Build 1756540 on Mon Jan 23 19:11:23 MST 2017
# IP Build 1755317 on Mon Jan 23 20:30:07 MST 2017
# Start of session at: Sun May 21 21:16:20 2017
# Process ID: 56864
# Current directory: C:/Users/Joao/Desktop/cr/Git/Reconfigurable_Computing/Lesson6/Ex6_1
# Command line: vivado.exe -gui_launcher_event rodinguilauncherevent57540 C:\Users\Joao\Desktop\cr\Git\Reconfigurable_Computing\Lesson6\Ex6_1\Ex6_1.xpr
# Log file: C:/Users/Joao/Desktop/cr/Git/Reconfigurable_Computing/Lesson6/Ex6_1/vivado.log
# Journal file: C:/Users/Joao/Desktop/cr/Git/Reconfigurable_Computing/Lesson6/Ex6_1\vivado.jou
#-----------------------------------------------------------
start_gui
open_project C:/Users/Joao/Desktop/cr/Git/Reconfigurable_Computing/Lesson6/Ex6_1/Ex6_1.xpr
Scanning sources...
Finished scanning sources
INFO: [IP_Flow 19-234] Refreshing IP repositories
INFO: [IP_Flow 19-1700] Loaded user IP repository 'c:/Users/Joao/Desktop/cr/Git/Reconfigurable_Computing'.
WARNING: [IP_Flow 19-3656] If you move the project, the path for repository 'c:/Users/Joao/Desktop/cr/Git/Reconfigurable_Computing' may become invalid. A better location for the repository would be in a path adjacent to the project. (Current project location is 'c:/Users/Joao/Desktop/cr/Git/Reconfigurable_Computing/Lesson6/Ex6_1'.)
INFO: [IP_Flow 19-2313] Loaded Vivado IP repository 'C:/Xilinx/Vivado/2016.4/data/ip'.
CRITICAL WARNING: [IP_Flow 19-1663] Duplicate IP found for 'ua.pt:user:BinToBCD16:1.0'. The one found in IP location 'c:/Users/Joao/Desktop/cr/Git/Reconfigurable_Computing/Exame/BinToBCD2017/BinToBCD2017.srcs/sources_1/imports/6' will take precedence over the same IP in location c:/Users/Joao/Desktop/cr/Git/Reconfigurable_Computing/Repository/BinToBCD2017/BinToBCD2017.srcs/sources_1/imports/6
CRITICAL WARNING: [IP_Flow 19-1663] Duplicate IP found for 'ua.pt:user:EightDispControl:1.0'. The one found in IP location 'c:/Users/Joao/Desktop/cr/Git/Reconfigurable_Computing/Exame/Nexys4DispCont/Nexys4DispCont.srcs/sources_1/imports/new' will take precedence over the same IP in location c:/Users/Joao/Desktop/cr/Git/Reconfigurable_Computing/Repository/Nexys4DispCont/Nexys4DispCont.srcs/sources_1/imports/new
CRITICAL WARNING: [IP_Flow 19-1663] Duplicate IP found for 'xilinx.com:user:Sort:1.0'. The one found in IP location 'c:/Users/Joao/Desktop/cr/Git/Reconfigurable_Computing/Exame/Sort/Sort.srcs/sources_1/new' will take precedence over the same IP in location c:/Users/Joao/Desktop/cr/Git/Reconfigurable_Computing/Lesson4/Sort
CRITICAL WARNING: [IP_Flow 19-1663] Duplicate IP found for 'xilinx.com:user:counter:1.0'. The one found in IP location 'c:/Users/Joao/Desktop/cr/Git/Reconfigurable_Computing/Lesson3/Counter/Counter.srcs/sources_1/imports/new' will take precedence over the same IP in location c:/Users/Joao/Desktop/cr/Git/Reconfigurable_Computing/Lesson3/Counter
CRITICAL WARNING: [IP_Flow 19-1663] Duplicate IP found for 'xilinx.com:user:ex1:1.0'. The one found in IP location 'c:/Users/Joao/Desktop/cr/Git/Reconfigurable_Computing/Lesson3/Ex1/ex1.srcs' will take precedence over the same IP in location c:/Users/Joao/Desktop/cr/Git/Reconfigurable_Computing/Lesson3/Ex1/ex1.srcs/sources_1/imports/ex1.srcs
open_project: Time (s): cpu = 00:00:18 ; elapsed = 00:00:19 . Memory (MB): peak = 792.340 ; gain = 150.289
open_bd_design {C:/Users/Joao/Desktop/cr/Git/Reconfigurable_Computing/Lesson6/Ex6_1/Ex6_1.srcs/sources_1/bd/vlock_design/vlock_design.bd}
Adding cell -- ua.pt:user:EightDispControl:1.0 - EightDispControl_0
Adding cell -- ua.pt:user:BinToBCD16:1.0 - BinToBCD16_0
Adding cell -- xilinx.com:ip:xlconstant:1.1 - xlconstant_0
Adding cell -- xilinx.com:ip:blk_mem_gen:8.3 - blk_mem_gen_0
Adding cell -- xilinx.com:ip:c_counter_binary:12.0 - c_counter_binary_0
Adding cell -- xilinx.com:ip:xlconstant:1.1 - xlconstant_2
Adding cell -- xilinx.com:user:ClockDivider:1.0 - ClockDivider_0
Successfully read diagram <vlock_design> from BD file <C:/Users/Joao/Desktop/cr/Git/Reconfigurable_Computing/Lesson6/Ex6_1/Ex6_1.srcs/sources_1/bd/vlock_design/vlock_design.bd>
open_bd_design: Time (s): cpu = 00:00:09 ; elapsed = 00:00:07 . Memory (MB): peak = 812.023 ; gain = 19.684
exit
INFO: [Common 17-206] Exiting Vivado at Sun May 21 21:17:42 2017...
