
*** Running vivado
    with args -log Find1000_RandomGenerator_0_0.vds -m64 -product Vivado -mode batch -messageDb vivado.pb -notrace -source Find1000_RandomGenerator_0_0.tcl


****** Vivado v2016.4 (64-bit)
  **** SW Build 1756540 on Mon Jan 23 19:11:23 MST 2017
  **** IP Build 1755317 on Mon Jan 23 20:30:07 MST 2017
    ** Copyright 1986-2016 Xilinx, Inc. All Rights Reserved.

source Find1000_RandomGenerator_0_0.tcl -notrace
Command: synth_design -top Find1000_RandomGenerator_0_0 -part xc7a100tcsg324-1 -mode out_of_context
Starting synth_design
Attempting to get a license for feature 'Synthesis' and/or device 'xc7a100t'
INFO: [Common 17-349] Got license for feature 'Synthesis' and/or device 'xc7a100t'
INFO: Launching helper process for spawning children vivado processes
INFO: Helper process launched with PID 28560 
---------------------------------------------------------------------------------
Starting Synthesize : Time (s): cpu = 00:00:11 ; elapsed = 00:00:16 . Memory (MB): peak = 289.543 ; gain = 79.754
---------------------------------------------------------------------------------
INFO: [Synth 8-638] synthesizing module 'Find1000_RandomGenerator_0_0' [c:/Users/Joao/Desktop/cr/Git/Reconfigurable_Computing/Lesson3/Ex3/Ex3.srcs/sources_1/bd/Find1000/ip/Find1000_RandomGenerator_0_0/synth/Find1000_RandomGenerator_0_0.vhd:63]
	Parameter width bound to: 500 - type: integer 
INFO: [Synth 8-3491] module 'RandomGenerator' declared at 'c:/Users/Joao/Desktop/cr/Git/Reconfigurable_Computing/Lesson3/Ex3/Ex3.srcs/sources_1/bd/Find1000/ipshared/7f8a/RandomGenerator.vhd:7' bound to instance 'U0' of component 'RandomGenerator' [c:/Users/Joao/Desktop/cr/Git/Reconfigurable_Computing/Lesson3/Ex3/Ex3.srcs/sources_1/bd/Find1000/ip/Find1000_RandomGenerator_0_0/synth/Find1000_RandomGenerator_0_0.vhd:84]
INFO: [Synth 8-638] synthesizing module 'RandomGenerator' [c:/Users/Joao/Desktop/cr/Git/Reconfigurable_Computing/Lesson3/Ex3/Ex3.srcs/sources_1/bd/Find1000/ipshared/7f8a/RandomGenerator.vhd:15]
	Parameter width bound to: 500 - type: integer 
WARNING: [Synth 8-3848] Net random_number in module/entity RandomGenerator does not have driver. [c:/Users/Joao/Desktop/cr/Git/Reconfigurable_Computing/Lesson3/Ex3/Ex3.srcs/sources_1/bd/Find1000/ipshared/7f8a/RandomGenerator.vhd:11]
INFO: [Synth 8-256] done synthesizing module 'RandomGenerator' (1#1) [c:/Users/Joao/Desktop/cr/Git/Reconfigurable_Computing/Lesson3/Ex3/Ex3.srcs/sources_1/bd/Find1000/ipshared/7f8a/RandomGenerator.vhd:15]
INFO: [Synth 8-256] done synthesizing module 'Find1000_RandomGenerator_0_0' (2#1) [c:/Users/Joao/Desktop/cr/Git/Reconfigurable_Computing/Lesson3/Ex3/Ex3.srcs/sources_1/bd/Find1000/ip/Find1000_RandomGenerator_0_0/synth/Find1000_RandomGenerator_0_0.vhd:63]
WARNING: [Synth 8-3331] design RandomGenerator has unconnected port random_number[499]
WARNING: [Synth 8-3331] design RandomGenerator has unconnected port random_number[498]
WARNING: [Synth 8-3331] design RandomGenerator has unconnected port random_number[497]
WARNING: [Synth 8-3331] design RandomGenerator has unconnected port random_number[496]
WARNING: [Synth 8-3331] design RandomGenerator has unconnected port random_number[495]
WARNING: [Synth 8-3331] design RandomGenerator has unconnected port random_number[494]
WARNING: [Synth 8-3331] design RandomGenerator has unconnected port random_number[493]
WARNING: [Synth 8-3331] design RandomGenerator has unconnected port random_number[492]
WARNING: [Synth 8-3331] design RandomGenerator has unconnected port random_number[491]
WARNING: [Synth 8-3331] design RandomGenerator has unconnected port random_number[490]
WARNING: [Synth 8-3331] design RandomGenerator has unconnected port random_number[489]
WARNING: [Synth 8-3331] design RandomGenerator has unconnected port random_number[488]
WARNING: [Synth 8-3331] design RandomGenerator has unconnected port random_number[487]
WARNING: [Synth 8-3331] design RandomGenerator has unconnected port random_number[486]
WARNING: [Synth 8-3331] design RandomGenerator has unconnected port random_number[485]
WARNING: [Synth 8-3331] design RandomGenerator has unconnected port random_number[484]
WARNING: [Synth 8-3331] design RandomGenerator has unconnected port random_number[483]
WARNING: [Synth 8-3331] design RandomGenerator has unconnected port random_number[482]
WARNING: [Synth 8-3331] design RandomGenerator has unconnected port random_number[481]
WARNING: [Synth 8-3331] design RandomGenerator has unconnected port random_number[480]
WARNING: [Synth 8-3331] design RandomGenerator has unconnected port random_number[479]
WARNING: [Synth 8-3331] design RandomGenerator has unconnected port random_number[478]
WARNING: [Synth 8-3331] design RandomGenerator has unconnected port random_number[477]
WARNING: [Synth 8-3331] design RandomGenerator has unconnected port random_number[476]
WARNING: [Synth 8-3331] design RandomGenerator has unconnected port random_number[475]
WARNING: [Synth 8-3331] design RandomGenerator has unconnected port random_number[474]
WARNING: [Synth 8-3331] design RandomGenerator has unconnected port random_number[473]
WARNING: [Synth 8-3331] design RandomGenerator has unconnected port random_number[472]
WARNING: [Synth 8-3331] design RandomGenerator has unconnected port random_number[471]
WARNING: [Synth 8-3331] design RandomGenerator has unconnected port random_number[470]
WARNING: [Synth 8-3331] design RandomGenerator has unconnected port random_number[469]
WARNING: [Synth 8-3331] design RandomGenerator has unconnected port random_number[468]
WARNING: [Synth 8-3331] design RandomGenerator has unconnected port random_number[467]
WARNING: [Synth 8-3331] design RandomGenerator has unconnected port random_number[466]
WARNING: [Synth 8-3331] design RandomGenerator has unconnected port random_number[465]
WARNING: [Synth 8-3331] design RandomGenerator has unconnected port random_number[464]
WARNING: [Synth 8-3331] design RandomGenerator has unconnected port random_number[463]
WARNING: [Synth 8-3331] design RandomGenerator has unconnected port random_number[462]
WARNING: [Synth 8-3331] design RandomGenerator has unconnected port random_number[461]
WARNING: [Synth 8-3331] design RandomGenerator has unconnected port random_number[460]
WARNING: [Synth 8-3331] design RandomGenerator has unconnected port random_number[459]
WARNING: [Synth 8-3331] design RandomGenerator has unconnected port random_number[458]
WARNING: [Synth 8-3331] design RandomGenerator has unconnected port random_number[457]
WARNING: [Synth 8-3331] design RandomGenerator has unconnected port random_number[456]
WARNING: [Synth 8-3331] design RandomGenerator has unconnected port random_number[455]
WARNING: [Synth 8-3331] design RandomGenerator has unconnected port random_number[454]
WARNING: [Synth 8-3331] design RandomGenerator has unconnected port random_number[453]
WARNING: [Synth 8-3331] design RandomGenerator has unconnected port random_number[452]
WARNING: [Synth 8-3331] design RandomGenerator has unconnected port random_number[451]
WARNING: [Synth 8-3331] design RandomGenerator has unconnected port random_number[450]
WARNING: [Synth 8-3331] design RandomGenerator has unconnected port random_number[449]
WARNING: [Synth 8-3331] design RandomGenerator has unconnected port random_number[448]
WARNING: [Synth 8-3331] design RandomGenerator has unconnected port random_number[447]
WARNING: [Synth 8-3331] design RandomGenerator has unconnected port random_number[446]
WARNING: [Synth 8-3331] design RandomGenerator has unconnected port random_number[445]
WARNING: [Synth 8-3331] design RandomGenerator has unconnected port random_number[444]
WARNING: [Synth 8-3331] design RandomGenerator has unconnected port random_number[443]
WARNING: [Synth 8-3331] design RandomGenerator has unconnected port random_number[442]
WARNING: [Synth 8-3331] design RandomGenerator has unconnected port random_number[441]
WARNING: [Synth 8-3331] design RandomGenerator has unconnected port random_number[440]
WARNING: [Synth 8-3331] design RandomGenerator has unconnected port random_number[439]
WARNING: [Synth 8-3331] design RandomGenerator has unconnected port random_number[438]
WARNING: [Synth 8-3331] design RandomGenerator has unconnected port random_number[437]
WARNING: [Synth 8-3331] design RandomGenerator has unconnected port random_number[436]
WARNING: [Synth 8-3331] design RandomGenerator has unconnected port random_number[435]
WARNING: [Synth 8-3331] design RandomGenerator has unconnected port random_number[434]
WARNING: [Synth 8-3331] design RandomGenerator has unconnected port random_number[433]
WARNING: [Synth 8-3331] design RandomGenerator has unconnected port random_number[432]
WARNING: [Synth 8-3331] design RandomGenerator has unconnected port random_number[431]
WARNING: [Synth 8-3331] design RandomGenerator has unconnected port random_number[430]
WARNING: [Synth 8-3331] design RandomGenerator has unconnected port random_number[429]
WARNING: [Synth 8-3331] design RandomGenerator has unconnected port random_number[428]
WARNING: [Synth 8-3331] design RandomGenerator has unconnected port random_number[427]
WARNING: [Synth 8-3331] design RandomGenerator has unconnected port random_number[426]
WARNING: [Synth 8-3331] design RandomGenerator has unconnected port random_number[425]
WARNING: [Synth 8-3331] design RandomGenerator has unconnected port random_number[424]
WARNING: [Synth 8-3331] design RandomGenerator has unconnected port random_number[423]
WARNING: [Synth 8-3331] design RandomGenerator has unconnected port random_number[422]
WARNING: [Synth 8-3331] design RandomGenerator has unconnected port random_number[421]
WARNING: [Synth 8-3331] design RandomGenerator has unconnected port random_number[420]
WARNING: [Synth 8-3331] design RandomGenerator has unconnected port random_number[419]
WARNING: [Synth 8-3331] design RandomGenerator has unconnected port random_number[418]
WARNING: [Synth 8-3331] design RandomGenerator has unconnected port random_number[417]
WARNING: [Synth 8-3331] design RandomGenerator has unconnected port random_number[416]
WARNING: [Synth 8-3331] design RandomGenerator has unconnected port random_number[415]
WARNING: [Synth 8-3331] design RandomGenerator has unconnected port random_number[414]
WARNING: [Synth 8-3331] design RandomGenerator has unconnected port random_number[413]
WARNING: [Synth 8-3331] design RandomGenerator has unconnected port random_number[412]
WARNING: [Synth 8-3331] design RandomGenerator has unconnected port random_number[411]
WARNING: [Synth 8-3331] design RandomGenerator has unconnected port random_number[410]
WARNING: [Synth 8-3331] design RandomGenerator has unconnected port random_number[409]
WARNING: [Synth 8-3331] design RandomGenerator has unconnected port random_number[408]
WARNING: [Synth 8-3331] design RandomGenerator has unconnected port random_number[407]
WARNING: [Synth 8-3331] design RandomGenerator has unconnected port random_number[406]
WARNING: [Synth 8-3331] design RandomGenerator has unconnected port random_number[405]
WARNING: [Synth 8-3331] design RandomGenerator has unconnected port random_number[404]
WARNING: [Synth 8-3331] design RandomGenerator has unconnected port random_number[403]
WARNING: [Synth 8-3331] design RandomGenerator has unconnected port random_number[402]
WARNING: [Synth 8-3331] design RandomGenerator has unconnected port random_number[401]
WARNING: [Synth 8-3331] design RandomGenerator has unconnected port random_number[400]
INFO: [Common 17-14] Message 'Synth 8-3331' appears 100 times and further instances of the messages will be disabled. Use the Tcl command set_msg_config to change the current settings.
---------------------------------------------------------------------------------
Finished Synthesize : Time (s): cpu = 00:00:13 ; elapsed = 00:00:18 . Memory (MB): peak = 326.969 ; gain = 117.180
---------------------------------------------------------------------------------
---------------------------------------------------------------------------------
Finished Constraint Validation : Time (s): cpu = 00:00:13 ; elapsed = 00:00:18 . Memory (MB): peak = 326.969 ; gain = 117.180
---------------------------------------------------------------------------------
---------------------------------------------------------------------------------
Start Loading Part and Timing Information
---------------------------------------------------------------------------------
Loading part: xc7a100tcsg324-1
---------------------------------------------------------------------------------
Finished Loading Part and Timing Information : Time (s): cpu = 00:00:13 ; elapsed = 00:00:18 . Memory (MB): peak = 326.969 ; gain = 117.180
---------------------------------------------------------------------------------
INFO: [Device 21-403] Loading part xc7a100tcsg324-1
---------------------------------------------------------------------------------
Finished RTL Optimization Phase 2 : Time (s): cpu = 00:00:13 ; elapsed = 00:00:18 . Memory (MB): peak = 335.254 ; gain = 125.465
---------------------------------------------------------------------------------

Report RTL Partitions: 
+-+--------------+------------+----------+
| |RTL Partition |Replication |Instances |
+-+--------------+------------+----------+
+-+--------------+------------+----------+
No constraint files found.
---------------------------------------------------------------------------------
Start RTL Component Statistics 
---------------------------------------------------------------------------------
Detailed RTL Component Info : 
---------------------------------------------------------------------------------
Finished RTL Component Statistics 
---------------------------------------------------------------------------------
---------------------------------------------------------------------------------
Start RTL Hierarchical Component Statistics 
---------------------------------------------------------------------------------
Hierarchical RTL Component report 
---------------------------------------------------------------------------------
Finished RTL Hierarchical Component Statistics
---------------------------------------------------------------------------------
---------------------------------------------------------------------------------
Start Part Resource Summary
---------------------------------------------------------------------------------
Part Resources:
DSPs: 240 (col length:80)
BRAMs: 270 (col length: RAMB18 80 RAMB36 40)
---------------------------------------------------------------------------------
Finished Part Resource Summary
---------------------------------------------------------------------------------
No constraint files found.
---------------------------------------------------------------------------------
Start Cross Boundary and Area Optimization
---------------------------------------------------------------------------------
WARNING: [Synth 8-3330] design Find1000_RandomGenerator_0_0 has an empty top module
---------------------------------------------------------------------------------
Finished Cross Boundary and Area Optimization : Time (s): cpu = 00:00:19 ; elapsed = 00:00:24 . Memory (MB): peak = 423.086 ; gain = 213.297
---------------------------------------------------------------------------------

Report RTL Partitions: 
+-+--------------+------------+----------+
| |RTL Partition |Replication |Instances |
+-+--------------+------------+----------+
+-+--------------+------------+----------+
---------------------------------------------------------------------------------
Start Timing Optimization
---------------------------------------------------------------------------------
No constraint files found.
---------------------------------------------------------------------------------
Finished Timing Optimization : Time (s): cpu = 00:00:19 ; elapsed = 00:00:24 . Memory (MB): peak = 423.086 ; gain = 213.297
---------------------------------------------------------------------------------

Report RTL Partitions: 
+-+--------------+------------+----------+
| |RTL Partition |Replication |Instances |
+-+--------------+------------+----------+
+-+--------------+------------+----------+
---------------------------------------------------------------------------------
Start Technology Mapping
---------------------------------------------------------------------------------
---------------------------------------------------------------------------------
Finished Technology Mapping : Time (s): cpu = 00:00:19 ; elapsed = 00:00:25 . Memory (MB): peak = 423.594 ; gain = 213.805
---------------------------------------------------------------------------------

Report RTL Partitions: 
+-+--------------+------------+----------+
| |RTL Partition |Replication |Instances |
+-+--------------+------------+----------+
+-+--------------+------------+----------+
---------------------------------------------------------------------------------
Start IO Insertion
---------------------------------------------------------------------------------
---------------------------------------------------------------------------------
Start Flattening Before IO Insertion
---------------------------------------------------------------------------------
---------------------------------------------------------------------------------
Finished Flattening Before IO Insertion
---------------------------------------------------------------------------------
---------------------------------------------------------------------------------
Start Final Netlist Cleanup
---------------------------------------------------------------------------------
---------------------------------------------------------------------------------
Finished Final Netlist Cleanup
---------------------------------------------------------------------------------
---------------------------------------------------------------------------------
Finished IO Insertion : Time (s): cpu = 00:00:20 ; elapsed = 00:00:26 . Memory (MB): peak = 423.594 ; gain = 213.805
---------------------------------------------------------------------------------

Report Check Netlist: 
+------+------------------+-------+---------+-------+------------------+
|      |Item              |Errors |Warnings |Status |Description       |
+------+------------------+-------+---------+-------+------------------+
|1     |multi_driven_nets |      0|        0|Passed |Multi driven nets |
+------+------------------+-------+---------+-------+------------------+
---------------------------------------------------------------------------------
Start Renaming Generated Instances
---------------------------------------------------------------------------------
---------------------------------------------------------------------------------
Finished Renaming Generated Instances : Time (s): cpu = 00:00:20 ; elapsed = 00:00:26 . Memory (MB): peak = 423.594 ; gain = 213.805
---------------------------------------------------------------------------------

Report RTL Partitions: 
+-+--------------+------------+----------+
| |RTL Partition |Replication |Instances |
+-+--------------+------------+----------+
+-+--------------+------------+----------+
---------------------------------------------------------------------------------
Start Rebuilding User Hierarchy
---------------------------------------------------------------------------------
---------------------------------------------------------------------------------
Finished Rebuilding User Hierarchy : Time (s): cpu = 00:00:20 ; elapsed = 00:00:26 . Memory (MB): peak = 423.594 ; gain = 213.805
---------------------------------------------------------------------------------
---------------------------------------------------------------------------------
Start Renaming Generated Ports
---------------------------------------------------------------------------------
---------------------------------------------------------------------------------
Finished Renaming Generated Ports : Time (s): cpu = 00:00:20 ; elapsed = 00:00:26 . Memory (MB): peak = 423.594 ; gain = 213.805
---------------------------------------------------------------------------------
---------------------------------------------------------------------------------
Start Handling Custom Attributes
---------------------------------------------------------------------------------
---------------------------------------------------------------------------------
Finished Handling Custom Attributes : Time (s): cpu = 00:00:20 ; elapsed = 00:00:26 . Memory (MB): peak = 423.594 ; gain = 213.805
---------------------------------------------------------------------------------
---------------------------------------------------------------------------------
Start Renaming Generated Nets
---------------------------------------------------------------------------------
---------------------------------------------------------------------------------
Finished Renaming Generated Nets : Time (s): cpu = 00:00:20 ; elapsed = 00:00:26 . Memory (MB): peak = 423.594 ; gain = 213.805
---------------------------------------------------------------------------------
---------------------------------------------------------------------------------
Start Writing Synthesis Report
---------------------------------------------------------------------------------

Report BlackBoxes: 
+-+--------------+----------+
| |BlackBox name |Instances |
+-+--------------+----------+
+-+--------------+----------+

Report Cell Usage: 
+-+-----+------+
| |Cell |Count |
+-+-----+------+
+-+-----+------+

Report Instance Areas: 
+------+---------+-------+------+
|      |Instance |Module |Cells |
+------+---------+-------+------+
|1     |top      |       |     0|
+------+---------+-------+------+
---------------------------------------------------------------------------------
Finished Writing Synthesis Report : Time (s): cpu = 00:00:20 ; elapsed = 00:00:26 . Memory (MB): peak = 423.594 ; gain = 213.805
---------------------------------------------------------------------------------
Synthesis finished with 0 errors, 0 critical warnings and 1004 warnings.
Synthesis Optimization Runtime : Time (s): cpu = 00:00:15 ; elapsed = 00:00:16 . Memory (MB): peak = 423.594 ; gain = 207.668
Synthesis Optimization Complete : Time (s): cpu = 00:00:20 ; elapsed = 00:00:26 . Memory (MB): peak = 423.594 ; gain = 213.805
INFO: [Project 1-571] Translating synthesized netlist
INFO: [Project 1-570] Preparing netlist for logic optimization
INFO: [Opt 31-138] Pushed 0 inverter(s) to 0 load pin(s).
INFO: [Project 1-111] Unisim Transformation Summary:
No Unisim elements were transformed.

INFO: [Common 17-83] Releasing license: Synthesis
13 Infos, 102 Warnings, 0 Critical Warnings and 0 Errors encountered.
synth_design completed successfully
synth_design: Time (s): cpu = 00:00:19 ; elapsed = 00:00:21 . Memory (MB): peak = 520.969 ; gain = 305.043
INFO: [Timing 38-35] Done setting XDC timing constraints.
INFO: [Common 17-1381] The checkpoint 'C:/Users/Joao/Desktop/cr/Git/Reconfigurable_Computing/Lesson3/Ex3/Ex3.runs/Find1000_RandomGenerator_0_0_synth_1/Find1000_RandomGenerator_0_0.dcp' has been generated.
write_checkpoint: Time (s): cpu = 00:00:21 ; elapsed = 00:00:38 . Memory (MB): peak = 906.832 ; gain = 385.863
