
*** Running vivado
    with args -log Dezign1_xlconstant_1_0.vds -m64 -product Vivado -mode batch -messageDb vivado.pb -notrace -source Dezign1_xlconstant_1_0.tcl


****** Vivado v2016.4 (64-bit)
  **** SW Build 1756540 on Mon Jan 23 19:11:23 MST 2017
  **** IP Build 1755317 on Mon Jan 23 20:30:07 MST 2017
    ** Copyright 1986-2016 Xilinx, Inc. All Rights Reserved.

source Dezign1_xlconstant_1_0.tcl -notrace
Starting RTL Elaboration : Time (s): cpu = 00:00:15 ; elapsed = 00:00:49 . Memory (MB): peak = 292.852 ; gain = 83.348
INFO: [Synth 8-638] synthesizing module 'Dezign1_xlconstant_1_0' [c:/Users/Joao/Desktop/cr/Git/Reconfigurable_Computing/Lesson6/Ex6_2/Ex6_2.srcs/sources_1/bd/Dezign1/ip/Dezign1_xlconstant_1_0/sim/Dezign1_xlconstant_1_0.v:56]
INFO: [Synth 8-638] synthesizing module 'xlconstant' [c:/Users/Joao/Desktop/cr/Git/Reconfigurable_Computing/Lesson6/Ex6_2/Ex6_2.srcs/sources_1/bd/Dezign1/ipshared/e147/xlconstant.v:23]
INFO: [Synth 8-256] done synthesizing module 'xlconstant' (1#1) [c:/Users/Joao/Desktop/cr/Git/Reconfigurable_Computing/Lesson6/Ex6_2/Ex6_2.srcs/sources_1/bd/Dezign1/ipshared/e147/xlconstant.v:23]
INFO: [Synth 8-256] done synthesizing module 'Dezign1_xlconstant_1_0' (2#1) [c:/Users/Joao/Desktop/cr/Git/Reconfigurable_Computing/Lesson6/Ex6_2/Ex6_2.srcs/sources_1/bd/Dezign1/ip/Dezign1_xlconstant_1_0/sim/Dezign1_xlconstant_1_0.v:56]
Finished RTL Elaboration : Time (s): cpu = 00:00:17 ; elapsed = 00:00:51 . Memory (MB): peak = 330.301 ; gain = 120.797
Finished RTL Optimization Phase 1 : Time (s): cpu = 00:00:17 ; elapsed = 00:00:52 . Memory (MB): peak = 330.301 ; gain = 120.797
INFO: [Device 21-403] Loading part xc7a100tcsg324-1
Constraint Validation Runtime : Time (s): cpu = 00:00:00 ; elapsed = 00:00:00.067 . Memory (MB): peak = 530.605 ; gain = 0.000
Finished Constraint Validation : Time (s): cpu = 00:00:34 ; elapsed = 00:01:19 . Memory (MB): peak = 530.605 ; gain = 321.102
Finished Loading Part and Timing Information : Time (s): cpu = 00:00:34 ; elapsed = 00:01:19 . Memory (MB): peak = 530.605 ; gain = 321.102
Finished applying 'set_property' XDC Constraints : Time (s): cpu = 00:00:34 ; elapsed = 00:01:19 . Memory (MB): peak = 530.605 ; gain = 321.102
Finished RTL Optimization Phase 2 : Time (s): cpu = 00:00:34 ; elapsed = 00:01:19 . Memory (MB): peak = 530.605 ; gain = 321.102
Finished Cross Boundary and Area Optimization : Time (s): cpu = 00:00:35 ; elapsed = 00:01:21 . Memory (MB): peak = 530.605 ; gain = 321.102
Finished Applying XDC Timing Constraints : Time (s): cpu = 00:00:55 ; elapsed = 00:01:48 . Memory (MB): peak = 567.168 ; gain = 357.664
Finished Timing Optimization : Time (s): cpu = 00:00:55 ; elapsed = 00:01:48 . Memory (MB): peak = 567.168 ; gain = 357.664
Finished Technology Mapping : Time (s): cpu = 00:00:55 ; elapsed = 00:01:48 . Memory (MB): peak = 576.750 ; gain = 367.246
Finished IO Insertion : Time (s): cpu = 00:00:56 ; elapsed = 00:01:49 . Memory (MB): peak = 576.750 ; gain = 367.246
Finished Renaming Generated Instances : Time (s): cpu = 00:00:56 ; elapsed = 00:01:49 . Memory (MB): peak = 576.750 ; gain = 367.246
Finished Rebuilding User Hierarchy : Time (s): cpu = 00:00:56 ; elapsed = 00:01:49 . Memory (MB): peak = 576.750 ; gain = 367.246
Finished Renaming Generated Ports : Time (s): cpu = 00:00:56 ; elapsed = 00:01:49 . Memory (MB): peak = 576.750 ; gain = 367.246
Finished Handling Custom Attributes : Time (s): cpu = 00:00:56 ; elapsed = 00:01:49 . Memory (MB): peak = 576.750 ; gain = 367.246
Finished Renaming Generated Nets : Time (s): cpu = 00:00:56 ; elapsed = 00:01:49 . Memory (MB): peak = 576.750 ; gain = 367.246

Report Cell Usage: 
+-+-----+------+
| |Cell |Count |
+-+-----+------+
+-+-----+------+
Finished Writing Synthesis Report : Time (s): cpu = 00:00:56 ; elapsed = 00:01:49 . Memory (MB): peak = 576.750 ; gain = 367.246
synth_design: Time (s): cpu = 00:00:50 ; elapsed = 00:01:14 . Memory (MB): peak = 601.074 ; gain = 384.445
