#-----------------------------------------------------------
# Vivado v2016.4 (64-bit)
# SW Build 1756540 on Mon Jan 23 19:11:23 MST 2017
# IP Build 1755317 on Mon Jan 23 20:30:07 MST 2017
# Start of session at: Sun May 21 19:07:14 2017
# Process ID: 17616
# Current directory: C:/Users/Joao/Desktop/cr/Git/Reconfigurable_Computing/Lesson4/Ex2
# Command line: vivado.exe -gui_launcher_event rodinguilauncherevent16976 C:\Users\Joao\Desktop\cr\Git\Reconfigurable_Computing\Lesson4\Ex2\Ex2.xpr
# Log file: C:/Users/Joao/Desktop/cr/Git/Reconfigurable_Computing/Lesson4/Ex2/vivado.log
# Journal file: C:/Users/Joao/Desktop/cr/Git/Reconfigurable_Computing/Lesson4/Ex2\vivado.jou
#-----------------------------------------------------------
start_gui
open_project C:/Users/Joao/Desktop/cr/Git/Reconfigurable_Computing/Lesson4/Ex2/Ex2.xpr
Scanning sources...
Finished scanning sources
INFO: [IP_Flow 19-234] Refreshing IP repositories
INFO: [IP_Flow 19-1700] Loaded user IP repository 'c:/Users/Joao/Desktop/cr/Git/Reconfigurable_Computing'.
WARNING: [IP_Flow 19-3656] If you move the project, the path for repository 'c:/Users/Joao/Desktop/cr/Git/Reconfigurable_Computing' may become invalid. A better location for the repository would be in a path adjacent to the project. (Current project location is 'c:/Users/Joao/Desktop/cr/Git/Reconfigurable_Computing/Lesson4/Ex2'.)
INFO: [IP_Flow 19-2313] Loaded Vivado IP repository 'C:/Xilinx/Vivado/2016.4/data/ip'.
CRITICAL WARNING: [IP_Flow 19-1663] Duplicate IP found for 'ua.pt:user:BinToBCD16:1.0'. The one found in IP location 'c:/Users/Joao/Desktop/cr/Git/Reconfigurable_Computing/Exame/BinToBCD2017/BinToBCD2017.srcs/sources_1/imports/6' will take precedence over the same IP in location c:/Users/Joao/Desktop/cr/Git/Reconfigurable_Computing/Repository/BinToBCD2017/BinToBCD2017.srcs/sources_1/imports/6
CRITICAL WARNING: [IP_Flow 19-1663] Duplicate IP found for 'ua.pt:user:EightDispControl:1.0'. The one found in IP location 'c:/Users/Joao/Desktop/cr/Git/Reconfigurable_Computing/Exame/Nexys4DispCont/Nexys4DispCont.srcs/sources_1/imports/new' will take precedence over the same IP in location c:/Users/Joao/Desktop/cr/Git/Reconfigurable_Computing/Repository/Nexys4DispCont/Nexys4DispCont.srcs/sources_1/imports/new
CRITICAL WARNING: [IP_Flow 19-1663] Duplicate IP found for 'xilinx.com:user:Sort:1.0'. The one found in IP location 'c:/Users/Joao/Desktop/cr/Git/Reconfigurable_Computing/Exame/Sort/Sort.srcs/sources_1/new' will take precedence over the same IP in location c:/Users/Joao/Desktop/cr/Git/Reconfigurable_Computing/Lesson4/Sort
CRITICAL WARNING: [IP_Flow 19-1663] Duplicate IP found for 'xilinx.com:user:counter:1.0'. The one found in IP location 'c:/Users/Joao/Desktop/cr/Git/Reconfigurable_Computing/Lesson3/Counter/Counter.srcs/sources_1/imports/new' will take precedence over the same IP in location c:/Users/Joao/Desktop/cr/Git/Reconfigurable_Computing/Lesson3/Counter
CRITICAL WARNING: [IP_Flow 19-1663] Duplicate IP found for 'xilinx.com:user:ex1:1.0'. The one found in IP location 'c:/Users/Joao/Desktop/cr/Git/Reconfigurable_Computing/Lesson3/Ex1/ex1.srcs' will take precedence over the same IP in location c:/Users/Joao/Desktop/cr/Git/Reconfigurable_Computing/Lesson3/Ex1/ex1.srcs/sources_1/imports/ex1.srcs
open_project: Time (s): cpu = 00:00:16 ; elapsed = 00:00:23 . Memory (MB): peak = 796.945 ; gain = 146.199
open_bd_design {C:/Users/Joao/Desktop/cr/Git/Reconfigurable_Computing/Lesson4/Ex2/Ex2.srcs/sources_1/bd/design_1/design_1.bd}
Adding cell -- xilinx.com:ip:xlconstant:1.1 - xlconstant_0
Adding cell -- xilinx.com:ip:blk_mem_gen:8.3 - blk_mem_gen_0
Adding cell -- xilinx.com:user:counter:1.0 - counter_0
Adding cell -- xilinx.com:user:clockdivider:1.0 - clockdivider_0
Adding cell -- xilinx.com:user:disp32bits_wrapper:1.0 - disp32bits_wrapper_0
Adding cell -- xilinx.com:user:Find_Min_Max:1.0 - Find_Min_Max_0
WARNING: [BD 41-1731] Type mismatch between connected pins: /clockdivider_0/led(undef) and /counter_0/clock(clk)
WARNING: [BD 41-1731] Type mismatch between connected pins: /clockdivider_0/led(undef) and /blk_mem_gen_0/clka(clk)
WARNING: [BD 41-1731] Type mismatch between connected pins: /clockdivider_0/led(undef) and /Find_Min_Max_0/clk(clk)
Successfully read diagram <design_1> from BD file <C:/Users/Joao/Desktop/cr/Git/Reconfigurable_Computing/Lesson4/Ex2/Ex2.srcs/sources_1/bd/design_1/design_1.bd>
open_bd_design: Time (s): cpu = 00:00:10 ; elapsed = 00:00:06 . Memory (MB): peak = 805.730 ; gain = 4.824
ipx::edit_ip_in_project -upgrade true -name Find_Min_Max_v1_0_project -directory C:/Users/Joao/Desktop/cr/Git/Reconfigurable_Computing/Lesson4/Ex2/Ex2.tmp/Find_Min_Max_v1_0_project c:/Users/Joao/Desktop/cr/Git/Reconfigurable_Computing/Lesson4/Find_Min_Max/component.xml
INFO: [ProjectBase 1-489] The host OS only allows 260 characters in a normal path. The project is stored in a path with more than 80 characters. If you experience issues with IP, Block Designs, or files not being found, please consider moving the project to a location with a shorter path. Alternately consider using the OS subst command to map part of the path to a drive letter.
Current project path is 'c:/users/joao/desktop/cr/git/reconfigurable_computing/lesson4/ex2/ex2.tmp/find_min_max_v1_0_project'
INFO: [IP_Flow 19-234] Refreshing IP repositories
INFO: [IP_Flow 19-1704] No user IP repositories specified
INFO: [IP_Flow 19-2313] Loaded Vivado IP repository 'C:/Xilinx/Vivado/2016.4/data/ip'.
INFO: [IP_Flow 19-234] Refreshing IP repositories
INFO: [IP_Flow 19-1700] Loaded user IP repository 'c:/Users/Joao/Desktop/cr/Git/Reconfigurable_Computing'.
CRITICAL WARNING: [IP_Flow 19-1663] Duplicate IP found for 'ua.pt:user:BinToBCD16:1.0'. The one found in IP location 'c:/Users/Joao/Desktop/cr/Git/Reconfigurable_Computing/Exame/BinToBCD2017/BinToBCD2017.srcs/sources_1/imports/6' will take precedence over the same IP in location c:/Users/Joao/Desktop/cr/Git/Reconfigurable_Computing/Repository/BinToBCD2017/BinToBCD2017.srcs/sources_1/imports/6
CRITICAL WARNING: [IP_Flow 19-1663] Duplicate IP found for 'ua.pt:user:EightDispControl:1.0'. The one found in IP location 'c:/Users/Joao/Desktop/cr/Git/Reconfigurable_Computing/Exame/Nexys4DispCont/Nexys4DispCont.srcs/sources_1/imports/new' will take precedence over the same IP in location c:/Users/Joao/Desktop/cr/Git/Reconfigurable_Computing/Repository/Nexys4DispCont/Nexys4DispCont.srcs/sources_1/imports/new
CRITICAL WARNING: [IP_Flow 19-1663] Duplicate IP found for 'xilinx.com:user:Sort:1.0'. The one found in IP location 'c:/Users/Joao/Desktop/cr/Git/Reconfigurable_Computing/Exame/Sort/Sort.srcs/sources_1/new' will take precedence over the same IP in location c:/Users/Joao/Desktop/cr/Git/Reconfigurable_Computing/Lesson4/Sort
CRITICAL WARNING: [IP_Flow 19-1663] Duplicate IP found for 'xilinx.com:user:counter:1.0'. The one found in IP location 'c:/Users/Joao/Desktop/cr/Git/Reconfigurable_Computing/Lesson3/Counter/Counter.srcs/sources_1/imports/new' will take precedence over the same IP in location c:/Users/Joao/Desktop/cr/Git/Reconfigurable_Computing/Lesson3/Counter
CRITICAL WARNING: [IP_Flow 19-1663] Duplicate IP found for 'xilinx.com:user:ex1:1.0'. The one found in IP location 'c:/Users/Joao/Desktop/cr/Git/Reconfigurable_Computing/Lesson3/Ex1/ex1.srcs' will take precedence over the same IP in location c:/Users/Joao/Desktop/cr/Git/Reconfigurable_Computing/Lesson3/Ex1/ex1.srcs/sources_1/imports/ex1.srcs
INFO: [IP_Flow 19-795] Syncing license key meta-data
INFO: [IP_Flow 19-793] Syncing display name meta-data
INFO: [IP_Flow 19-798] Syncing taxonomy meta-data
ipx::edit_ip_in_project: Time (s): cpu = 00:00:11 ; elapsed = 00:00:12 . Memory (MB): peak = 840.941 ; gain = 16.703
ipx::merge_project_changes hdl_parameters [ipx::current_core]
set_property core_revision 9 [ipx::current_core]
ipx::create_xgui_files [ipx::current_core]
ipx::update_checksums [ipx::current_core]
ipx::save_core [ipx::current_core]
close_project -delete
update_ip_catalog -rebuild -repo_path c:/Users/Joao/Desktop/cr/Git/Reconfigurable_Computing
INFO: [IP_Flow 19-725] Reloaded user IP repository 'c:/Users/Joao/Desktop/cr/Git/Reconfigurable_Computing'
CRITICAL WARNING: [IP_Flow 19-1663] Duplicate IP found for 'ua.pt:user:BinToBCD16:1.0'. The one found in IP location 'c:/Users/Joao/Desktop/cr/Git/Reconfigurable_Computing/Exame/BinToBCD2017/BinToBCD2017.srcs/sources_1/imports/6' will take precedence over the same IP in location c:/Users/Joao/Desktop/cr/Git/Reconfigurable_Computing/Repository/BinToBCD2017/BinToBCD2017.srcs/sources_1/imports/6
CRITICAL WARNING: [IP_Flow 19-1663] Duplicate IP found for 'ua.pt:user:EightDispControl:1.0'. The one found in IP location 'c:/Users/Joao/Desktop/cr/Git/Reconfigurable_Computing/Exame/Nexys4DispCont/Nexys4DispCont.srcs/sources_1/imports/new' will take precedence over the same IP in location c:/Users/Joao/Desktop/cr/Git/Reconfigurable_Computing/Repository/Nexys4DispCont/Nexys4DispCont.srcs/sources_1/imports/new
CRITICAL WARNING: [IP_Flow 19-1663] Duplicate IP found for 'xilinx.com:user:Sort:1.0'. The one found in IP location 'c:/Users/Joao/Desktop/cr/Git/Reconfigurable_Computing/Exame/Sort/Sort.srcs/sources_1/new' will take precedence over the same IP in location c:/Users/Joao/Desktop/cr/Git/Reconfigurable_Computing/Lesson4/Sort
CRITICAL WARNING: [IP_Flow 19-1663] Duplicate IP found for 'xilinx.com:user:counter:1.0'. The one found in IP location 'c:/Users/Joao/Desktop/cr/Git/Reconfigurable_Computing/Lesson3/Counter/Counter.srcs/sources_1/imports/new' will take precedence over the same IP in location c:/Users/Joao/Desktop/cr/Git/Reconfigurable_Computing/Lesson3/Counter
CRITICAL WARNING: [IP_Flow 19-1663] Duplicate IP found for 'xilinx.com:user:ex1:1.0'. The one found in IP location 'c:/Users/Joao/Desktop/cr/Git/Reconfigurable_Computing/Lesson3/Ex1/ex1.srcs' will take precedence over the same IP in location c:/Users/Joao/Desktop/cr/Git/Reconfigurable_Computing/Lesson3/Ex1/ex1.srcs/sources_1/imports/ex1.srcs
update_ip_catalog: Time (s): cpu = 00:00:03 ; elapsed = 00:00:07 . Memory (MB): peak = 889.895 ; gain = 0.000
report_ip_status -name ip_status 
upgrade_ip -vlnv xilinx.com:user:Find_Min_Max:1.0 [get_ips  design_1_Find_Min_Max_0_0] -log ip_upgrade.log
Upgrading 'C:/Users/Joao/Desktop/cr/Git/Reconfigurable_Computing/Lesson4/Ex2/Ex2.srcs/sources_1/bd/design_1/design_1.bd'
INFO: [IP_Flow 19-3422] Upgraded design_1_Find_Min_Max_0_0 (Find_Min_Max_v1_0 1.0) from revision 8 to revision 9
WARNING: [BD 41-1731] Type mismatch between connected pins: /clockdivider_0/led(undef) and /Find_Min_Max_0_upgraded_ipi/clk(clk)
Wrote  : <C:/Users/Joao/Desktop/cr/Git/Reconfigurable_Computing/Lesson4/Ex2/Ex2.srcs/sources_1/bd/design_1/design_1.bd> 
Wrote  : <C:/Users/Joao/Desktop/cr/Git/Reconfigurable_Computing/Lesson4/Ex2/Ex2.srcs/sources_1/bd/design_1/ui/bd_1f5defd0.ui> 
INFO: [Coretcl 2-1525] Wrote upgrade log to 'C:/Users/Joao/Desktop/cr/Git/Reconfigurable_Computing/Lesson4/Ex2/ip_upgrade.log'.
export_ip_user_files -of_objects [get_ips design_1_Find_Min_Max_0_0] -no_script -sync -force -quiet
report_ip_status -name ip_status 
reset_run synth_1
launch_runs impl_1 -to_step write_bitstream -jobs 4
VHDL Output written to : C:/Users/Joao/Desktop/cr/Git/Reconfigurable_Computing/Lesson4/Ex2/Ex2.srcs/sources_1/bd/design_1/hdl/design_1.vhd
VHDL Output written to : C:/Users/Joao/Desktop/cr/Git/Reconfigurable_Computing/Lesson4/Ex2/Ex2.srcs/sources_1/bd/design_1/hdl/design_1_wrapper.vhd
Wrote  : <C:/Users/Joao/Desktop/cr/Git/Reconfigurable_Computing/Lesson4/Ex2/Ex2.srcs/sources_1/bd/design_1/design_1.bd> 
INFO: [BD 41-1029] Generation completed for the IP Integrator block Find_Min_Max_0 .
INFO: [BD 41-1029] Generation completed for the IP Integrator block counter_0 .
INFO: [BD 41-1029] Generation completed for the IP Integrator block xlconstant_0 .
INFO: [BD 41-1029] Generation completed for the IP Integrator block clockdivider_0 .
INFO: [BD 41-1029] Generation completed for the IP Integrator block blk_mem_gen_0 .
INFO: [BD 41-1029] Generation completed for the IP Integrator block disp32bits_wrapper_0 .
Exporting to file C:/Users/Joao/Desktop/cr/Git/Reconfigurable_Computing/Lesson4/Ex2/Ex2.srcs/sources_1/bd/design_1/hw_handoff/design_1.hwh
INFO: [Device 21-403] Loading part xc7a100tcsg324-1
Generated Block Design Tcl file C:/Users/Joao/Desktop/cr/Git/Reconfigurable_Computing/Lesson4/Ex2/Ex2.srcs/sources_1/bd/design_1/hw_handoff/design_1_bd.tcl
Generated Hardware Definition File C:/Users/Joao/Desktop/cr/Git/Reconfigurable_Computing/Lesson4/Ex2/Ex2.srcs/sources_1/bd/design_1/hdl/design_1.hwdef
[Sun May 21 19:14:10 2017] Launched design_1_Find_Min_Max_0_0_synth_1, synth_1...
Run output will be captured here:
design_1_Find_Min_Max_0_0_synth_1: C:/Users/Joao/Desktop/cr/Git/Reconfigurable_Computing/Lesson4/Ex2/Ex2.runs/design_1_Find_Min_Max_0_0_synth_1/runme.log
synth_1: C:/Users/Joao/Desktop/cr/Git/Reconfigurable_Computing/Lesson4/Ex2/Ex2.runs/synth_1/runme.log
[Sun May 21 19:14:10 2017] Launched impl_1...
Run output will be captured here: C:/Users/Joao/Desktop/cr/Git/Reconfigurable_Computing/Lesson4/Ex2/Ex2.runs/impl_1/runme.log
launch_runs: Time (s): cpu = 00:00:07 ; elapsed = 00:00:12 . Memory (MB): peak = 1094.375 ; gain = 152.297
remove_files  C:/Users/Joao/Desktop/cr/Git/Reconfigurable_Computing/Lesson4/Ex2/Ex2.srcs/sources_1/bd/design_1/hdl/design_1_wrapper.vhd
update_compile_order -fileset sources_1
update_compile_order -fileset sim_1
make_wrapper -files [get_files C:/Users/Joao/Desktop/cr/Git/Reconfigurable_Computing/Lesson4/Ex2/Ex2.srcs/sources_1/bd/design_1/design_1.bd] -top
add_files -norecurse C:/Users/Joao/Desktop/cr/Git/Reconfigurable_Computing/Lesson4/Ex2/Ex2.srcs/sources_1/bd/design_1/hdl/design_1_wrapper.vhd
reset_run synth_1
reset_run design_1_Find_Min_Max_0_0_synth_1
launch_runs impl_1 -to_step write_bitstream -jobs 4
[Sun May 21 19:15:25 2017] Launched design_1_Find_Min_Max_0_0_synth_1, synth_1...
Run output will be captured here:
design_1_Find_Min_Max_0_0_synth_1: C:/Users/Joao/Desktop/cr/Git/Reconfigurable_Computing/Lesson4/Ex2/Ex2.runs/design_1_Find_Min_Max_0_0_synth_1/runme.log
synth_1: C:/Users/Joao/Desktop/cr/Git/Reconfigurable_Computing/Lesson4/Ex2/Ex2.runs/synth_1/runme.log
[Sun May 21 19:15:25 2017] Launched impl_1...
Run output will be captured here: C:/Users/Joao/Desktop/cr/Git/Reconfigurable_Computing/Lesson4/Ex2/Ex2.runs/impl_1/runme.log
ipx::edit_ip_in_project -upgrade true -name Find_Min_Max_v1_0_project -directory C:/Users/Joao/Desktop/cr/Git/Reconfigurable_Computing/Lesson4/Ex2/Ex2.tmp/Find_Min_Max_v1_0_project c:/Users/Joao/Desktop/cr/Git/Reconfigurable_Computing/Lesson4/Find_Min_Max/component.xml
INFO: [ProjectBase 1-489] The host OS only allows 260 characters in a normal path. The project is stored in a path with more than 80 characters. If you experience issues with IP, Block Designs, or files not being found, please consider moving the project to a location with a shorter path. Alternately consider using the OS subst command to map part of the path to a drive letter.
Current project path is 'c:/users/joao/desktop/cr/git/reconfigurable_computing/lesson4/ex2/ex2.tmp/find_min_max_v1_0_project'
INFO: [IP_Flow 19-234] Refreshing IP repositories
INFO: [IP_Flow 19-1704] No user IP repositories specified
INFO: [IP_Flow 19-2313] Loaded Vivado IP repository 'C:/Xilinx/Vivado/2016.4/data/ip'.
INFO: [IP_Flow 19-234] Refreshing IP repositories
INFO: [IP_Flow 19-1700] Loaded user IP repository 'c:/Users/Joao/Desktop/cr/Git/Reconfigurable_Computing'.
CRITICAL WARNING: [IP_Flow 19-1663] Duplicate IP found for 'ua.pt:user:BinToBCD16:1.0'. The one found in IP location 'c:/Users/Joao/Desktop/cr/Git/Reconfigurable_Computing/Exame/BinToBCD2017/BinToBCD2017.srcs/sources_1/imports/6' will take precedence over the same IP in location c:/Users/Joao/Desktop/cr/Git/Reconfigurable_Computing/Repository/BinToBCD2017/BinToBCD2017.srcs/sources_1/imports/6
CRITICAL WARNING: [IP_Flow 19-1663] Duplicate IP found for 'ua.pt:user:EightDispControl:1.0'. The one found in IP location 'c:/Users/Joao/Desktop/cr/Git/Reconfigurable_Computing/Exame/Nexys4DispCont/Nexys4DispCont.srcs/sources_1/imports/new' will take precedence over the same IP in location c:/Users/Joao/Desktop/cr/Git/Reconfigurable_Computing/Repository/Nexys4DispCont/Nexys4DispCont.srcs/sources_1/imports/new
CRITICAL WARNING: [IP_Flow 19-1663] Duplicate IP found for 'xilinx.com:user:Sort:1.0'. The one found in IP location 'c:/Users/Joao/Desktop/cr/Git/Reconfigurable_Computing/Exame/Sort/Sort.srcs/sources_1/new' will take precedence over the same IP in location c:/Users/Joao/Desktop/cr/Git/Reconfigurable_Computing/Lesson4/Sort
CRITICAL WARNING: [IP_Flow 19-1663] Duplicate IP found for 'xilinx.com:user:counter:1.0'. The one found in IP location 'c:/Users/Joao/Desktop/cr/Git/Reconfigurable_Computing/Lesson3/Counter/Counter.srcs/sources_1/imports/new' will take precedence over the same IP in location c:/Users/Joao/Desktop/cr/Git/Reconfigurable_Computing/Lesson3/Counter
CRITICAL WARNING: [IP_Flow 19-1663] Duplicate IP found for 'xilinx.com:user:ex1:1.0'. The one found in IP location 'c:/Users/Joao/Desktop/cr/Git/Reconfigurable_Computing/Lesson3/Ex1/ex1.srcs' will take precedence over the same IP in location c:/Users/Joao/Desktop/cr/Git/Reconfigurable_Computing/Lesson3/Ex1/ex1.srcs/sources_1/imports/ex1.srcs
INFO: [IP_Flow 19-795] Syncing license key meta-data
INFO: [IP_Flow 19-793] Syncing display name meta-data
INFO: [IP_Flow 19-798] Syncing taxonomy meta-data
ipx::edit_ip_in_project: Time (s): cpu = 00:00:09 ; elapsed = 00:00:12 . Memory (MB): peak = 1119.512 ; gain = 21.738
launch_runs synth_1 -jobs 4
INFO: [HDL 9-1061] Parsing VHDL file "c:/Users/Joao/Desktop/cr/Git/Reconfigurable_Computing/Lesson4/Find_Min_Max/Find_Min_Max.srcs/sources_1/new/Find_Min_Max.vhd" into library xil_defaultlib [c:/Users/Joao/Desktop/cr/Git/Reconfigurable_Computing/Lesson4/Find_Min_Max/Find_Min_Max.srcs/sources_1/new/Find_Min_Max.vhd:1]
[Sun May 21 19:17:00 2017] Launched synth_1...
Run output will be captured here: c:/users/joao/desktop/cr/git/reconfigurable_computing/lesson4/ex2/ex2.tmp/find_min_max_v1_0_project/Find_Min_Max_v1_0_project.runs/synth_1/runme.log
ipx::merge_project_changes hdl_parameters [ipx::current_core]
set_property core_revision 10 [ipx::current_core]
ipx::create_xgui_files [ipx::current_core]
ipx::update_checksums [ipx::current_core]
ipx::save_core [ipx::current_core]
close_project -delete
update_ip_catalog -rebuild -repo_path c:/Users/Joao/Desktop/cr/Git/Reconfigurable_Computing
INFO: [IP_Flow 19-725] Reloaded user IP repository 'c:/Users/Joao/Desktop/cr/Git/Reconfigurable_Computing'
CRITICAL WARNING: [IP_Flow 19-1663] Duplicate IP found for 'ua.pt:user:BinToBCD16:1.0'. The one found in IP location 'c:/Users/Joao/Desktop/cr/Git/Reconfigurable_Computing/Exame/BinToBCD2017/BinToBCD2017.srcs/sources_1/imports/6' will take precedence over the same IP in location c:/Users/Joao/Desktop/cr/Git/Reconfigurable_Computing/Repository/BinToBCD2017/BinToBCD2017.srcs/sources_1/imports/6
CRITICAL WARNING: [IP_Flow 19-1663] Duplicate IP found for 'ua.pt:user:EightDispControl:1.0'. The one found in IP location 'c:/Users/Joao/Desktop/cr/Git/Reconfigurable_Computing/Exame/Nexys4DispCont/Nexys4DispCont.srcs/sources_1/imports/new' will take precedence over the same IP in location c:/Users/Joao/Desktop/cr/Git/Reconfigurable_Computing/Repository/Nexys4DispCont/Nexys4DispCont.srcs/sources_1/imports/new
CRITICAL WARNING: [IP_Flow 19-1663] Duplicate IP found for 'xilinx.com:user:Sort:1.0'. The one found in IP location 'c:/Users/Joao/Desktop/cr/Git/Reconfigurable_Computing/Exame/Sort/Sort.srcs/sources_1/new' will take precedence over the same IP in location c:/Users/Joao/Desktop/cr/Git/Reconfigurable_Computing/Lesson4/Sort
CRITICAL WARNING: [IP_Flow 19-1663] Duplicate IP found for 'xilinx.com:user:counter:1.0'. The one found in IP location 'c:/Users/Joao/Desktop/cr/Git/Reconfigurable_Computing/Lesson3/Counter/Counter.srcs/sources_1/imports/new' will take precedence over the same IP in location c:/Users/Joao/Desktop/cr/Git/Reconfigurable_Computing/Lesson3/Counter
CRITICAL WARNING: [IP_Flow 19-1663] Duplicate IP found for 'xilinx.com:user:ex1:1.0'. The one found in IP location 'c:/Users/Joao/Desktop/cr/Git/Reconfigurable_Computing/Lesson3/Ex1/ex1.srcs' will take precedence over the same IP in location c:/Users/Joao/Desktop/cr/Git/Reconfigurable_Computing/Lesson3/Ex1/ex1.srcs/sources_1/imports/ex1.srcs
update_ip_catalog: Time (s): cpu = 00:00:05 ; elapsed = 00:00:14 . Memory (MB): peak = 1146.848 ; gain = 27.336
report_ip_status -name ip_status 
upgrade_ip -vlnv xilinx.com:user:Find_Min_Max:1.0 [get_ips  design_1_Find_Min_Max_0_0] -log ip_upgrade.log
Upgrading 'C:/Users/Joao/Desktop/cr/Git/Reconfigurable_Computing/Lesson4/Ex2/Ex2.srcs/sources_1/bd/design_1/design_1.bd'
INFO: [IP_Flow 19-3422] Upgraded design_1_Find_Min_Max_0_0 (Find_Min_Max_v1_0 1.0) from revision 9 to revision 10
WARNING: [BD 41-1731] Type mismatch between connected pins: /clockdivider_0/led(undef) and /Find_Min_Max_0_upgraded_ipi/clk(clk)
Wrote  : <C:/Users/Joao/Desktop/cr/Git/Reconfigurable_Computing/Lesson4/Ex2/Ex2.srcs/sources_1/bd/design_1/design_1.bd> 
INFO: [Coretcl 2-1525] Wrote upgrade log to 'C:/Users/Joao/Desktop/cr/Git/Reconfigurable_Computing/Lesson4/Ex2/ip_upgrade.log'.
export_ip_user_files -of_objects [get_ips design_1_Find_Min_Max_0_0] -no_script -sync -force -quiet
reset_run synth_1
launch_runs impl_1 -to_step write_bitstream -jobs 4
VHDL Output written to : C:/Users/Joao/Desktop/cr/Git/Reconfigurable_Computing/Lesson4/Ex2/Ex2.srcs/sources_1/bd/design_1/hdl/design_1.vhd
VHDL Output written to : C:/Users/Joao/Desktop/cr/Git/Reconfigurable_Computing/Lesson4/Ex2/Ex2.srcs/sources_1/bd/design_1/hdl/design_1_wrapper.vhd
Wrote  : <C:/Users/Joao/Desktop/cr/Git/Reconfigurable_Computing/Lesson4/Ex2/Ex2.srcs/sources_1/bd/design_1/design_1.bd> 
INFO: [BD 41-1029] Generation completed for the IP Integrator block Find_Min_Max_0 .
INFO: [BD 41-1029] Generation completed for the IP Integrator block counter_0 .
INFO: [BD 41-1029] Generation completed for the IP Integrator block xlconstant_0 .
INFO: [BD 41-1029] Generation completed for the IP Integrator block clockdivider_0 .
INFO: [BD 41-1029] Generation completed for the IP Integrator block blk_mem_gen_0 .
INFO: [BD 41-1029] Generation completed for the IP Integrator block disp32bits_wrapper_0 .
Exporting to file C:/Users/Joao/Desktop/cr/Git/Reconfigurable_Computing/Lesson4/Ex2/Ex2.srcs/sources_1/bd/design_1/hw_handoff/design_1.hwh
Generated Block Design Tcl file C:/Users/Joao/Desktop/cr/Git/Reconfigurable_Computing/Lesson4/Ex2/Ex2.srcs/sources_1/bd/design_1/hw_handoff/design_1_bd.tcl
Generated Hardware Definition File C:/Users/Joao/Desktop/cr/Git/Reconfigurable_Computing/Lesson4/Ex2/Ex2.srcs/sources_1/bd/design_1/hdl/design_1.hwdef
[Sun May 21 19:18:56 2017] Launched design_1_Find_Min_Max_0_0_synth_1, synth_1...
Run output will be captured here:
design_1_Find_Min_Max_0_0_synth_1: C:/Users/Joao/Desktop/cr/Git/Reconfigurable_Computing/Lesson4/Ex2/Ex2.runs/design_1_Find_Min_Max_0_0_synth_1/runme.log
synth_1: C:/Users/Joao/Desktop/cr/Git/Reconfigurable_Computing/Lesson4/Ex2/Ex2.runs/synth_1/runme.log
[Sun May 21 19:18:56 2017] Launched impl_1...
Run output will be captured here: C:/Users/Joao/Desktop/cr/Git/Reconfigurable_Computing/Lesson4/Ex2/Ex2.runs/impl_1/runme.log
report_ip_status -name ip_status 
report_ip_status: Time (s): cpu = 00:00:07 ; elapsed = 00:00:17 . Memory (MB): peak = 1175.648 ; gain = 0.000
update_ip_catalog -rebuild -scan_changes
INFO: [IP_Flow 19-234] Refreshing IP repositories
INFO: [IP_Flow 19-1700] Loaded user IP repository 'c:/Users/Joao/Desktop/cr/Git/Reconfigurable_Computing'.
WARNING: [IP_Flow 19-3656] If you move the project, the path for repository 'c:/Users/Joao/Desktop/cr/Git/Reconfigurable_Computing' may become invalid. A better location for the repository would be in a path adjacent to the project. (Current project location is 'c:/Users/Joao/Desktop/cr/Git/Reconfigurable_Computing/Lesson4/Ex2'.)
CRITICAL WARNING: [IP_Flow 19-1663] Duplicate IP found for 'ua.pt:user:BinToBCD16:1.0'. The one found in IP location 'c:/Users/Joao/Desktop/cr/Git/Reconfigurable_Computing/Exame/BinToBCD2017/BinToBCD2017.srcs/sources_1/imports/6' will take precedence over the same IP in location c:/Users/Joao/Desktop/cr/Git/Reconfigurable_Computing/Repository/BinToBCD2017/BinToBCD2017.srcs/sources_1/imports/6
CRITICAL WARNING: [IP_Flow 19-1663] Duplicate IP found for 'ua.pt:user:EightDispControl:1.0'. The one found in IP location 'c:/Users/Joao/Desktop/cr/Git/Reconfigurable_Computing/Exame/Nexys4DispCont/Nexys4DispCont.srcs/sources_1/imports/new' will take precedence over the same IP in location c:/Users/Joao/Desktop/cr/Git/Reconfigurable_Computing/Repository/Nexys4DispCont/Nexys4DispCont.srcs/sources_1/imports/new
CRITICAL WARNING: [IP_Flow 19-1663] Duplicate IP found for 'xilinx.com:user:Sort:1.0'. The one found in IP location 'c:/Users/Joao/Desktop/cr/Git/Reconfigurable_Computing/Exame/Sort/Sort.srcs/sources_1/new' will take precedence over the same IP in location c:/Users/Joao/Desktop/cr/Git/Reconfigurable_Computing/Lesson4/Sort
CRITICAL WARNING: [IP_Flow 19-1663] Duplicate IP found for 'xilinx.com:user:counter:1.0'. The one found in IP location 'c:/Users/Joao/Desktop/cr/Git/Reconfigurable_Computing/Lesson3/Counter/Counter.srcs/sources_1/imports/new' will take precedence over the same IP in location c:/Users/Joao/Desktop/cr/Git/Reconfigurable_Computing/Lesson3/Counter
CRITICAL WARNING: [IP_Flow 19-1663] Duplicate IP found for 'xilinx.com:user:ex1:1.0'. The one found in IP location 'c:/Users/Joao/Desktop/cr/Git/Reconfigurable_Computing/Lesson3/Ex1/ex1.srcs' will take precedence over the same IP in location c:/Users/Joao/Desktop/cr/Git/Reconfigurable_Computing/Lesson3/Ex1/ex1.srcs/sources_1/imports/ex1.srcs
update_ip_catalog: Time (s): cpu = 00:00:03 ; elapsed = 00:00:08 . Memory (MB): peak = 1224.188 ; gain = 0.000
report_ip_status -name ip_status
upgrade_ip -vlnv xilinx.com:user:Find_Min_Max:1.0 [get_ips  design_1_Find_Min_Max_0_0] -log ip_upgrade.log
Upgrading 'C:/Users/Joao/Desktop/cr/Git/Reconfigurable_Computing/Lesson4/Ex2/Ex2.srcs/sources_1/bd/design_1/design_1.bd'
WARNING: [IP_Flow 19-4316] Parameter 'number_of_bits' is no longer present on the upgraded IP 'design_1_Find_Min_Max_0_0', and cannot be set to '32'
WARNING: [IP_Flow 19-4316] Parameter 'num_of_bits' is no longer present on the upgraded IP 'design_1_Find_Min_Max_0_0', and cannot be set to '14'
INFO: [IP_Flow 19-3422] Upgraded design_1_Find_Min_Max_0_0 (Find_Min_Max_v1_0 1.0) from revision 10 to revision 11
WARNING: [BD 41-1731] Type mismatch between connected pins: /clockdivider_0/led(undef) and /Find_Min_Max_0_upgraded_ipi/clk(clk)
CRITICAL WARNING: [Coretcl 2-1279] The upgrade of 'IP design_1_Find_Min_Max_0_0' has identified issues that may require user intervention. Please review the upgrade log 'c:/Users/Joao/Desktop/cr/Git/Reconfigurable_Computing/Lesson4/Ex2/ip_upgrade.log', and verify that the upgraded IP is correctly configured.
Wrote  : <C:/Users/Joao/Desktop/cr/Git/Reconfigurable_Computing/Lesson4/Ex2/Ex2.srcs/sources_1/bd/design_1/design_1.bd> 
INFO: [Coretcl 2-1525] Wrote upgrade log to 'C:/Users/Joao/Desktop/cr/Git/Reconfigurable_Computing/Lesson4/Ex2/ip_upgrade.log'.
export_ip_user_files -of_objects [get_ips design_1_Find_Min_Max_0_0] -no_script -sync -force -quiet
report_ip_status -name ip_status 
exit
INFO: [Common 17-206] Exiting Vivado at Sun May 21 21:02:48 2017...
