23:41:13 INFO  : Registering command handlers for SDK TCF services
23:41:14 INFO  : Launching XSCT server: xsct.bat -interactive C:\Users\Joao\Desktop\cr\Git\Reconfigurable_Computing\Lesson6\Ex6_3\Ex6_3.sdk\temp_xsdb_launch_script.tcl
23:41:27 INFO  : XSCT server has started successfully.
23:41:30 INFO  : Successfully done setting XSCT server connection channel  
23:41:30 INFO  : Successfully done setting SDK workspace  
23:41:30 INFO  : Processing command line option -hwspec C:/Users/Joao/Desktop/cr/Git/Reconfigurable_Computing/Lesson6/Ex6_3/Ex6_3.sdk/design1_wrapper.hdf.
23:44:30 INFO  : Processor reset is completed for microblaze_0
23:45:30 INFO  : Connected to target on host '127.0.0.1' and port '3121'.
23:45:30 INFO  : 'targets -set -filter {jtag_cable_name =~ "Digilent Nexys4 210274664038A" && level==0} -index 0' command is executed.
23:45:32 INFO  : FPGA configured successfully with bitstream "C:/Users/Joao/Desktop/cr/Git/Reconfigurable_Computing/Lesson6/Ex6_3/Ex6_3.sdk/design1_wrapper_hw_platform_0/download.bit"
23:45:38 INFO  : Processor reset is completed for microblaze_0
23:45:59 INFO  : Processor reset is completed for microblaze_0
23:46:32 INFO  : Processor reset is completed for microblaze_0
23:46:42 ERROR : Unexpected error while parsing XMD response ?: com.google.gson.JsonSyntaxException: com.google.gson.stream.MalformedJsonException: invalid number or unquoted string near 
23:47:15 INFO  : Registering command handlers for SDK TCF services
23:47:16 INFO  : Launching XSCT server: xsct.bat -interactive C:\Users\Joao\Desktop\cr\Git\Reconfigurable_Computing\Lesson6\Ex6_3\Ex6_3.sdk\temp_xsdb_launch_script.tcl
23:47:19 INFO  : XSCT server has started successfully.
23:47:19 INFO  : Successfully done setting XSCT server connection channel  
23:47:20 INFO  : Processing command line option -hwspec C:/Users/Joao/Desktop/cr/Git/Reconfigurable_Computing/Lesson6/Ex6_3/Ex6_3.sdk/design1_wrapper.hdf.
23:47:20 INFO  : Successfully done setting SDK workspace  
23:47:20 INFO  : Checking for hwspec changes in the project design1_wrapper_hw_platform_0.
23:49:24 INFO  : Processor reset is completed for microblaze_0
23:50:21 INFO  : Processor reset is completed for microblaze_0
23:50:58 ERROR : Unexpected error while parsing XMD response ?: com.google.gson.JsonSyntaxException: com.google.gson.stream.MalformedJsonException: invalid number or unquoted string near 
