
*** Running vivado
    with args -log ex1_xlconstant_0_0.vds -m64 -product Vivado -mode batch -messageDb vivado.pb -notrace -source ex1_xlconstant_0_0.tcl


****** Vivado v2016.4 (64-bit)
  **** SW Build 1756540 on Mon Jan 23 19:11:23 MST 2017
  **** IP Build 1755317 on Mon Jan 23 20:30:07 MST 2017
    ** Copyright 1986-2016 Xilinx, Inc. All Rights Reserved.

source ex1_xlconstant_0_0.tcl -notrace
Starting Synthesize : Time (s): cpu = 00:00:12 ; elapsed = 00:00:16 . Memory (MB): peak = 289.609 ; gain = 79.348
INFO: [Synth 8-638] synthesizing module 'ex1_xlconstant_0_0' [c:/Users/Joao/Desktop/cr/Git/Reconfigurable_Computing/Lesson3/Ex1/ex1.srcs/sources_1/bd/ex1/ip/ex1_xlconstant_0_0/sim/ex1_xlconstant_0_0.vhd:35]
INFO: [Synth 8-638] synthesizing module 'xlconstant' [c:/Users/Joao/Desktop/cr/Git/Reconfigurable_Computing/Lesson3/Ex1/ex1.srcs/sources_1/bd/ex1/ipshared/e147/xlconstant.vhd:36]
INFO: [Synth 8-256] done synthesizing module 'xlconstant' (1#1) [c:/Users/Joao/Desktop/cr/Git/Reconfigurable_Computing/Lesson3/Ex1/ex1.srcs/sources_1/bd/ex1/ipshared/e147/xlconstant.vhd:36]
INFO: [Synth 8-256] done synthesizing module 'ex1_xlconstant_0_0' (2#1) [c:/Users/Joao/Desktop/cr/Git/Reconfigurable_Computing/Lesson3/Ex1/ex1.srcs/sources_1/bd/ex1/ip/ex1_xlconstant_0_0/sim/ex1_xlconstant_0_0.vhd:35]
Finished Synthesize : Time (s): cpu = 00:00:14 ; elapsed = 00:00:18 . Memory (MB): peak = 327.082 ; gain = 116.820
Finished Constraint Validation : Time (s): cpu = 00:00:14 ; elapsed = 00:00:18 . Memory (MB): peak = 327.082 ; gain = 116.820
INFO: [Device 21-403] Loading part xc7a100tcsg324-1
Finished Loading Part and Timing Information : Time (s): cpu = 00:00:14 ; elapsed = 00:00:18 . Memory (MB): peak = 327.082 ; gain = 116.820
Finished RTL Optimization Phase 2 : Time (s): cpu = 00:00:14 ; elapsed = 00:00:18 . Memory (MB): peak = 327.082 ; gain = 116.820
Finished Cross Boundary and Area Optimization : Time (s): cpu = 00:00:20 ; elapsed = 00:00:26 . Memory (MB): peak = 422.379 ; gain = 212.117
Finished Timing Optimization : Time (s): cpu = 00:00:20 ; elapsed = 00:00:26 . Memory (MB): peak = 422.379 ; gain = 212.117
Finished Technology Mapping : Time (s): cpu = 00:00:20 ; elapsed = 00:00:26 . Memory (MB): peak = 423.969 ; gain = 213.707
Finished IO Insertion : Time (s): cpu = 00:00:21 ; elapsed = 00:00:27 . Memory (MB): peak = 423.969 ; gain = 213.707
Finished Renaming Generated Instances : Time (s): cpu = 00:00:21 ; elapsed = 00:00:27 . Memory (MB): peak = 423.969 ; gain = 213.707
Finished Rebuilding User Hierarchy : Time (s): cpu = 00:00:21 ; elapsed = 00:00:27 . Memory (MB): peak = 423.969 ; gain = 213.707
Finished Renaming Generated Ports : Time (s): cpu = 00:00:21 ; elapsed = 00:00:27 . Memory (MB): peak = 423.969 ; gain = 213.707
Finished Handling Custom Attributes : Time (s): cpu = 00:00:21 ; elapsed = 00:00:27 . Memory (MB): peak = 423.969 ; gain = 213.707
Finished Renaming Generated Nets : Time (s): cpu = 00:00:21 ; elapsed = 00:00:27 . Memory (MB): peak = 423.969 ; gain = 213.707

Report Cell Usage: 
+-+-----+------+
| |Cell |Count |
+-+-----+------+
+-+-----+------+
Finished Writing Synthesis Report : Time (s): cpu = 00:00:21 ; elapsed = 00:00:27 . Memory (MB): peak = 423.969 ; gain = 213.707
synth_design: Time (s): cpu = 00:00:20 ; elapsed = 00:00:29 . Memory (MB): peak = 528.633 ; gain = 313.176
write_checkpoint: Time (s): cpu = 00:00:24 ; elapsed = 00:00:49 . Memory (MB): peak = 906.156 ; gain = 377.523
