Copyright 1986-2016 Xilinx, Inc. All Rights Reserved.
-------------------------------------------------------------------------------------------
| Tool Version : Vivado v.2016.4 (win64) Build 1756540 Mon Jan 23 19:11:23 MST 2017
| Date         : Wed Apr 05 13:54:54 2017
| Host         : DESKTOP-2SMIO6T running 64-bit major release  (build 9200)
| Command      : report_control_sets -verbose -file desinf_wrapper_control_sets_placed.rpt
| Design       : desinf_wrapper
| Device       : xc7a100t
-------------------------------------------------------------------------------------------

Control Set Information

Table of Contents
-----------------
1. Summary
2. Flip-Flop Distribution
3. Detailed Control Set Information

1. Summary
----------

+----------------------------------------------------------+-------+
|                          Status                          | Count |
+----------------------------------------------------------+-------+
| Number of unique control sets                            |     9 |
| Unused register locations in slices containing registers |    15 |
+----------------------------------------------------------+-------+


2. Flip-Flop Distribution
-------------------------

+--------------+-----------------------+------------------------+-----------------+--------------+
| Clock Enable | Synchronous Set/Reset | Asynchronous Set/Reset | Total Registers | Total Slices |
+--------------+-----------------------+------------------------+-----------------+--------------+
| No           | No                    | No                     |              27 |            8 |
| No           | No                    | Yes                    |               0 |            0 |
| No           | Yes                   | No                     |              52 |           16 |
| Yes          | No                    | No                     |              26 |            8 |
| Yes          | No                    | Yes                    |               0 |            0 |
| Yes          | Yes                   | No                     |              32 |            9 |
+--------------+-----------------------+------------------------+-----------------+--------------+


3. Detailed Control Set Information
-----------------------------------

+----------------------------+-----------------------------------------------+------------------+------------------+----------------+
|        Clock Signal        |                 Enable Signal                 | Set/Reset Signal | Slice Load Count | Bel Load Count |
+----------------------------+-----------------------------------------------+------------------+------------------+----------------+
|  clk_IBUF_BUFG             | desinf_i/BinToBCD16_0/U0/index_c[4]_i_1_n_0   |                  |                2 |              5 |
|  clk_IBUF_BUFG             | desinf_i/BinToBCD16_1/U0/index_c[4]_i_1_n_0   |                  |                2 |              5 |
|  desinf_i/counter_0/U0/clk |                                               |                  |                2 |              8 |
|  clk_IBUF_BUFG             | desinf_i/BinToBCD16_0/U0/int_rg_c[15]_i_1_n_0 |                  |                2 |              8 |
|  clk_IBUF_BUFG             | desinf_i/BinToBCD16_1/U0/int_rg_c[15]_i_1_n_0 |                  |                2 |              8 |
|  clk_IBUF_BUFG             | desinf_i/BinToBCD16_0/U0/get_outputs          | btnC_IBUF        |                5 |             16 |
|  clk_IBUF_BUFG             | desinf_i/BinToBCD16_1/U0/get_outputs          | btnC_IBUF        |                4 |             16 |
|  clk_IBUF_BUFG             |                                               |                  |                6 |             19 |
|  clk_IBUF_BUFG             |                                               | btnC_IBUF        |               16 |             52 |
+----------------------------+-----------------------------------------------+------------------+------------------+----------------+


+--------+-----------------------+
| Fanout | Number of ControlSets |
+--------+-----------------------+
| 5      |                     2 |
| 8      |                     3 |
| 16+    |                     4 |
+--------+-----------------------+


