
*** Running vivado
    with args -log bit_32_disp_wrapper.vds -m64 -product Vivado -mode batch -messageDb vivado.pb -notrace -source bit_32_disp_wrapper.tcl


****** Vivado v2016.4 (64-bit)
  **** SW Build 1756540 on Mon Jan 23 19:11:23 MST 2017
  **** IP Build 1755317 on Mon Jan 23 20:30:07 MST 2017
    ** Copyright 1986-2016 Xilinx, Inc. All Rights Reserved.

source bit_32_disp_wrapper.tcl -notrace
INFO: [IP_Flow 19-234] Refreshing IP repositories
INFO: [IP_Flow 19-1700] Loaded user IP repository 'c:/Users/Joao/Desktop/cr/Git/Reconfigurable_Computing/Projecto_final/bit32disp'.
WARNING: [IP_Flow 19-3656] If you move the project, the path for repository 'c:/Users/Joao/Desktop/cr/Git/Reconfigurable_Computing/Projecto_final/bit32disp' may become invalid. A better location for the repository would be in a path adjacent to the project. (Current project location is 'c:/Users/Joao/Desktop/cr/Git/Reconfigurable_Computing/Projecto_final/bit32disp/bit32disp.runs/synth_1'.)
INFO: [IP_Flow 19-1700] Loaded user IP repository 'c:/Users/Joao/Desktop/cr/Git/Reconfigurable_Computing/Repository'.
INFO: [IP_Flow 19-2313] Loaded Vivado IP repository 'C:/Xilinx/Vivado/2016.4/data/ip'.
Command: synth_design -top bit_32_disp_wrapper -part xc7a100tcsg324-1
Starting synth_design
Attempting to get a license for feature 'Synthesis' and/or device 'xc7a100t'
INFO: [Common 17-349] Got license for feature 'Synthesis' and/or device 'xc7a100t'
INFO: Launching helper process for spawning children vivado processes
INFO: Helper process launched with PID 11632 
---------------------------------------------------------------------------------
Starting RTL Elaboration : Time (s): cpu = 00:00:09 ; elapsed = 00:00:19 . Memory (MB): peak = 292.363 ; gain = 82.133
---------------------------------------------------------------------------------
INFO: [Synth 8-638] synthesizing module 'bit_32_disp_wrapper' [C:/Users/Joao/Desktop/cr/Git/Reconfigurable_Computing/Projecto_final/bit32disp/bit32disp.srcs/sources_1/bd/bit_32_disp/hdl/bit_32_disp_wrapper.v:12]
INFO: [Synth 8-638] synthesizing module 'bit_32_disp' [C:/Users/Joao/Desktop/cr/Git/Reconfigurable_Computing/Projecto_final/bit32disp/bit32disp.srcs/sources_1/bd/bit_32_disp/hdl/bit_32_disp.v:13]
INFO: [Synth 8-638] synthesizing module 'bit_32_disp_EightDispControl_0_0' [c:/Users/Joao/Desktop/cr/Git/Reconfigurable_Computing/Projecto_final/bit32disp/bit32disp.srcs/sources_1/bd/bit_32_disp/ip/bit_32_disp_EightDispControl_0_0/synth/bit_32_disp_EightDispControl_0_0.vhd:72]
INFO: [Synth 8-3491] module 'EightDispControl' declared at 'c:/Users/Joao/Desktop/cr/Git/Reconfigurable_Computing/Projecto_final/bit32disp/bit32disp.srcs/sources_1/bd/bit_32_disp/ipshared/1eec/disp.vhd:2' bound to instance 'U0' of component 'EightDispControl' [c:/Users/Joao/Desktop/cr/Git/Reconfigurable_Computing/Projecto_final/bit32disp/bit32disp.srcs/sources_1/bd/bit_32_disp/ip/bit_32_disp_EightDispControl_0_0/synth/bit_32_disp_EightDispControl_0_0.vhd:97]
INFO: [Synth 8-638] synthesizing module 'EightDispControl' [c:/Users/Joao/Desktop/cr/Git/Reconfigurable_Computing/Projecto_final/bit32disp/bit32disp.srcs/sources_1/bd/bit_32_disp/ipshared/1eec/disp.vhd:11]
INFO: [Synth 8-638] synthesizing module 'segment_decoder' [c:/Users/Joao/Desktop/cr/Git/Reconfigurable_Computing/Projecto_final/bit32disp/bit32disp.srcs/sources_1/bd/bit_32_disp/ipshared/1eec/segment_decoder.vhd:9]
INFO: [Synth 8-256] done synthesizing module 'segment_decoder' (1#1) [c:/Users/Joao/Desktop/cr/Git/Reconfigurable_Computing/Projecto_final/bit32disp/bit32disp.srcs/sources_1/bd/bit_32_disp/ipshared/1eec/segment_decoder.vhd:9]
INFO: [Synth 8-256] done synthesizing module 'EightDispControl' (2#1) [c:/Users/Joao/Desktop/cr/Git/Reconfigurable_Computing/Projecto_final/bit32disp/bit32disp.srcs/sources_1/bd/bit_32_disp/ipshared/1eec/disp.vhd:11]
INFO: [Synth 8-256] done synthesizing module 'bit_32_disp_EightDispControl_0_0' (3#1) [c:/Users/Joao/Desktop/cr/Git/Reconfigurable_Computing/Projecto_final/bit32disp/bit32disp.srcs/sources_1/bd/bit_32_disp/ip/bit_32_disp_EightDispControl_0_0/synth/bit_32_disp_EightDispControl_0_0.vhd:72]
INFO: [Synth 8-638] synthesizing module 'bit_32_disp_xlslice_0_0' [c:/Users/Joao/Desktop/cr/Git/Reconfigurable_Computing/Projecto_final/bit32disp/bit32disp.srcs/sources_1/bd/bit_32_disp/ip/bit_32_disp_xlslice_0_0/synth/bit_32_disp_xlslice_0_0.v:57]
INFO: [Synth 8-638] synthesizing module 'xlslice' [c:/Users/Joao/Desktop/cr/Git/Reconfigurable_Computing/Projecto_final/bit32disp/bit32disp.srcs/sources_1/bd/bit_32_disp/ipshared/c49f/xlslice.v:14]
	Parameter DIN_WIDTH bound to: 32 - type: integer 
	Parameter DIN_FROM bound to: 31 - type: integer 
	Parameter DIN_TO bound to: 28 - type: integer 
INFO: [Synth 8-256] done synthesizing module 'xlslice' (4#1) [c:/Users/Joao/Desktop/cr/Git/Reconfigurable_Computing/Projecto_final/bit32disp/bit32disp.srcs/sources_1/bd/bit_32_disp/ipshared/c49f/xlslice.v:14]
INFO: [Synth 8-256] done synthesizing module 'bit_32_disp_xlslice_0_0' (5#1) [c:/Users/Joao/Desktop/cr/Git/Reconfigurable_Computing/Projecto_final/bit32disp/bit32disp.srcs/sources_1/bd/bit_32_disp/ip/bit_32_disp_xlslice_0_0/synth/bit_32_disp_xlslice_0_0.v:57]
INFO: [Synth 8-638] synthesizing module 'bit_32_disp_xlslice_0_2' [c:/Users/Joao/Desktop/cr/Git/Reconfigurable_Computing/Projecto_final/bit32disp/bit32disp.srcs/sources_1/bd/bit_32_disp/ip/bit_32_disp_xlslice_0_2/synth/bit_32_disp_xlslice_0_2.v:57]
INFO: [Synth 8-638] synthesizing module 'xlslice__parameterized0' [c:/Users/Joao/Desktop/cr/Git/Reconfigurable_Computing/Projecto_final/bit32disp/bit32disp.srcs/sources_1/bd/bit_32_disp/ipshared/c49f/xlslice.v:14]
	Parameter DIN_WIDTH bound to: 32 - type: integer 
	Parameter DIN_FROM bound to: 27 - type: integer 
	Parameter DIN_TO bound to: 24 - type: integer 
INFO: [Synth 8-256] done synthesizing module 'xlslice__parameterized0' (5#1) [c:/Users/Joao/Desktop/cr/Git/Reconfigurable_Computing/Projecto_final/bit32disp/bit32disp.srcs/sources_1/bd/bit_32_disp/ipshared/c49f/xlslice.v:14]
INFO: [Synth 8-256] done synthesizing module 'bit_32_disp_xlslice_0_2' (6#1) [c:/Users/Joao/Desktop/cr/Git/Reconfigurable_Computing/Projecto_final/bit32disp/bit32disp.srcs/sources_1/bd/bit_32_disp/ip/bit_32_disp_xlslice_0_2/synth/bit_32_disp_xlslice_0_2.v:57]
INFO: [Synth 8-638] synthesizing module 'bit_32_disp_xlslice_0_3' [c:/Users/Joao/Desktop/cr/Git/Reconfigurable_Computing/Projecto_final/bit32disp/bit32disp.srcs/sources_1/bd/bit_32_disp/ip/bit_32_disp_xlslice_0_3/synth/bit_32_disp_xlslice_0_3.v:57]
INFO: [Synth 8-638] synthesizing module 'xlslice__parameterized1' [c:/Users/Joao/Desktop/cr/Git/Reconfigurable_Computing/Projecto_final/bit32disp/bit32disp.srcs/sources_1/bd/bit_32_disp/ipshared/c49f/xlslice.v:14]
	Parameter DIN_WIDTH bound to: 32 - type: integer 
	Parameter DIN_FROM bound to: 23 - type: integer 
	Parameter DIN_TO bound to: 20 - type: integer 
INFO: [Synth 8-256] done synthesizing module 'xlslice__parameterized1' (6#1) [c:/Users/Joao/Desktop/cr/Git/Reconfigurable_Computing/Projecto_final/bit32disp/bit32disp.srcs/sources_1/bd/bit_32_disp/ipshared/c49f/xlslice.v:14]
INFO: [Synth 8-256] done synthesizing module 'bit_32_disp_xlslice_0_3' (7#1) [c:/Users/Joao/Desktop/cr/Git/Reconfigurable_Computing/Projecto_final/bit32disp/bit32disp.srcs/sources_1/bd/bit_32_disp/ip/bit_32_disp_xlslice_0_3/synth/bit_32_disp_xlslice_0_3.v:57]
INFO: [Synth 8-638] synthesizing module 'bit_32_disp_xlslice_0_4' [c:/Users/Joao/Desktop/cr/Git/Reconfigurable_Computing/Projecto_final/bit32disp/bit32disp.srcs/sources_1/bd/bit_32_disp/ip/bit_32_disp_xlslice_0_4/synth/bit_32_disp_xlslice_0_4.v:57]
INFO: [Synth 8-638] synthesizing module 'xlslice__parameterized2' [c:/Users/Joao/Desktop/cr/Git/Reconfigurable_Computing/Projecto_final/bit32disp/bit32disp.srcs/sources_1/bd/bit_32_disp/ipshared/c49f/xlslice.v:14]
	Parameter DIN_WIDTH bound to: 32 - type: integer 
	Parameter DIN_FROM bound to: 19 - type: integer 
	Parameter DIN_TO bound to: 16 - type: integer 
INFO: [Synth 8-256] done synthesizing module 'xlslice__parameterized2' (7#1) [c:/Users/Joao/Desktop/cr/Git/Reconfigurable_Computing/Projecto_final/bit32disp/bit32disp.srcs/sources_1/bd/bit_32_disp/ipshared/c49f/xlslice.v:14]
INFO: [Synth 8-256] done synthesizing module 'bit_32_disp_xlslice_0_4' (8#1) [c:/Users/Joao/Desktop/cr/Git/Reconfigurable_Computing/Projecto_final/bit32disp/bit32disp.srcs/sources_1/bd/bit_32_disp/ip/bit_32_disp_xlslice_0_4/synth/bit_32_disp_xlslice_0_4.v:57]
INFO: [Synth 8-638] synthesizing module 'bit_32_disp_xlslice_0_5' [c:/Users/Joao/Desktop/cr/Git/Reconfigurable_Computing/Projecto_final/bit32disp/bit32disp.srcs/sources_1/bd/bit_32_disp/ip/bit_32_disp_xlslice_0_5/synth/bit_32_disp_xlslice_0_5.v:57]
INFO: [Synth 8-638] synthesizing module 'xlslice__parameterized3' [c:/Users/Joao/Desktop/cr/Git/Reconfigurable_Computing/Projecto_final/bit32disp/bit32disp.srcs/sources_1/bd/bit_32_disp/ipshared/c49f/xlslice.v:14]
	Parameter DIN_WIDTH bound to: 32 - type: integer 
	Parameter DIN_FROM bound to: 15 - type: integer 
	Parameter DIN_TO bound to: 12 - type: integer 
INFO: [Synth 8-256] done synthesizing module 'xlslice__parameterized3' (8#1) [c:/Users/Joao/Desktop/cr/Git/Reconfigurable_Computing/Projecto_final/bit32disp/bit32disp.srcs/sources_1/bd/bit_32_disp/ipshared/c49f/xlslice.v:14]
INFO: [Synth 8-256] done synthesizing module 'bit_32_disp_xlslice_0_5' (9#1) [c:/Users/Joao/Desktop/cr/Git/Reconfigurable_Computing/Projecto_final/bit32disp/bit32disp.srcs/sources_1/bd/bit_32_disp/ip/bit_32_disp_xlslice_0_5/synth/bit_32_disp_xlslice_0_5.v:57]
INFO: [Synth 8-638] synthesizing module 'bit_32_disp_xlslice_0_6' [c:/Users/Joao/Desktop/cr/Git/Reconfigurable_Computing/Projecto_final/bit32disp/bit32disp.srcs/sources_1/bd/bit_32_disp/ip/bit_32_disp_xlslice_0_6/synth/bit_32_disp_xlslice_0_6.v:57]
INFO: [Synth 8-638] synthesizing module 'xlslice__parameterized4' [c:/Users/Joao/Desktop/cr/Git/Reconfigurable_Computing/Projecto_final/bit32disp/bit32disp.srcs/sources_1/bd/bit_32_disp/ipshared/c49f/xlslice.v:14]
	Parameter DIN_WIDTH bound to: 32 - type: integer 
	Parameter DIN_FROM bound to: 11 - type: integer 
	Parameter DIN_TO bound to: 8 - type: integer 
INFO: [Synth 8-256] done synthesizing module 'xlslice__parameterized4' (9#1) [c:/Users/Joao/Desktop/cr/Git/Reconfigurable_Computing/Projecto_final/bit32disp/bit32disp.srcs/sources_1/bd/bit_32_disp/ipshared/c49f/xlslice.v:14]
INFO: [Synth 8-256] done synthesizing module 'bit_32_disp_xlslice_0_6' (10#1) [c:/Users/Joao/Desktop/cr/Git/Reconfigurable_Computing/Projecto_final/bit32disp/bit32disp.srcs/sources_1/bd/bit_32_disp/ip/bit_32_disp_xlslice_0_6/synth/bit_32_disp_xlslice_0_6.v:57]
INFO: [Synth 8-638] synthesizing module 'bit_32_disp_xlslice_0_7' [c:/Users/Joao/Desktop/cr/Git/Reconfigurable_Computing/Projecto_final/bit32disp/bit32disp.srcs/sources_1/bd/bit_32_disp/ip/bit_32_disp_xlslice_0_7/synth/bit_32_disp_xlslice_0_7.v:57]
INFO: [Synth 8-638] synthesizing module 'xlslice__parameterized5' [c:/Users/Joao/Desktop/cr/Git/Reconfigurable_Computing/Projecto_final/bit32disp/bit32disp.srcs/sources_1/bd/bit_32_disp/ipshared/c49f/xlslice.v:14]
	Parameter DIN_WIDTH bound to: 32 - type: integer 
	Parameter DIN_FROM bound to: 7 - type: integer 
	Parameter DIN_TO bound to: 4 - type: integer 
INFO: [Synth 8-256] done synthesizing module 'xlslice__parameterized5' (10#1) [c:/Users/Joao/Desktop/cr/Git/Reconfigurable_Computing/Projecto_final/bit32disp/bit32disp.srcs/sources_1/bd/bit_32_disp/ipshared/c49f/xlslice.v:14]
INFO: [Synth 8-256] done synthesizing module 'bit_32_disp_xlslice_0_7' (11#1) [c:/Users/Joao/Desktop/cr/Git/Reconfigurable_Computing/Projecto_final/bit32disp/bit32disp.srcs/sources_1/bd/bit_32_disp/ip/bit_32_disp_xlslice_0_7/synth/bit_32_disp_xlslice_0_7.v:57]
INFO: [Synth 8-638] synthesizing module 'bit_32_disp_xlslice_0_8' [c:/Users/Joao/Desktop/cr/Git/Reconfigurable_Computing/Projecto_final/bit32disp/bit32disp.srcs/sources_1/bd/bit_32_disp/ip/bit_32_disp_xlslice_0_8/synth/bit_32_disp_xlslice_0_8.v:57]
INFO: [Synth 8-638] synthesizing module 'xlslice__parameterized6' [c:/Users/Joao/Desktop/cr/Git/Reconfigurable_Computing/Projecto_final/bit32disp/bit32disp.srcs/sources_1/bd/bit_32_disp/ipshared/c49f/xlslice.v:14]
	Parameter DIN_WIDTH bound to: 32 - type: integer 
	Parameter DIN_FROM bound to: 3 - type: integer 
	Parameter DIN_TO bound to: 0 - type: integer 
INFO: [Synth 8-256] done synthesizing module 'xlslice__parameterized6' (11#1) [c:/Users/Joao/Desktop/cr/Git/Reconfigurable_Computing/Projecto_final/bit32disp/bit32disp.srcs/sources_1/bd/bit_32_disp/ipshared/c49f/xlslice.v:14]
INFO: [Synth 8-256] done synthesizing module 'bit_32_disp_xlslice_0_8' (12#1) [c:/Users/Joao/Desktop/cr/Git/Reconfigurable_Computing/Projecto_final/bit32disp/bit32disp.srcs/sources_1/bd/bit_32_disp/ip/bit_32_disp_xlslice_0_8/synth/bit_32_disp_xlslice_0_8.v:57]
INFO: [Synth 8-256] done synthesizing module 'bit_32_disp' (13#1) [C:/Users/Joao/Desktop/cr/Git/Reconfigurable_Computing/Projecto_final/bit32disp/bit32disp.srcs/sources_1/bd/bit_32_disp/hdl/bit_32_disp.v:13]
INFO: [Synth 8-256] done synthesizing module 'bit_32_disp_wrapper' (14#1) [C:/Users/Joao/Desktop/cr/Git/Reconfigurable_Computing/Projecto_final/bit32disp/bit32disp.srcs/sources_1/bd/bit_32_disp/hdl/bit_32_disp_wrapper.v:12]
WARNING: [Synth 8-3331] design xlslice__parameterized6 has unconnected port Din[31]
WARNING: [Synth 8-3331] design xlslice__parameterized6 has unconnected port Din[30]
WARNING: [Synth 8-3331] design xlslice__parameterized6 has unconnected port Din[29]
WARNING: [Synth 8-3331] design xlslice__parameterized6 has unconnected port Din[28]
WARNING: [Synth 8-3331] design xlslice__parameterized6 has unconnected port Din[27]
WARNING: [Synth 8-3331] design xlslice__parameterized6 has unconnected port Din[26]
WARNING: [Synth 8-3331] design xlslice__parameterized6 has unconnected port Din[25]
WARNING: [Synth 8-3331] design xlslice__parameterized6 has unconnected port Din[24]
WARNING: [Synth 8-3331] design xlslice__parameterized6 has unconnected port Din[23]
WARNING: [Synth 8-3331] design xlslice__parameterized6 has unconnected port Din[22]
WARNING: [Synth 8-3331] design xlslice__parameterized6 has unconnected port Din[21]
WARNING: [Synth 8-3331] design xlslice__parameterized6 has unconnected port Din[20]
WARNING: [Synth 8-3331] design xlslice__parameterized6 has unconnected port Din[19]
WARNING: [Synth 8-3331] design xlslice__parameterized6 has unconnected port Din[18]
WARNING: [Synth 8-3331] design xlslice__parameterized6 has unconnected port Din[17]
WARNING: [Synth 8-3331] design xlslice__parameterized6 has unconnected port Din[16]
WARNING: [Synth 8-3331] design xlslice__parameterized6 has unconnected port Din[15]
WARNING: [Synth 8-3331] design xlslice__parameterized6 has unconnected port Din[14]
WARNING: [Synth 8-3331] design xlslice__parameterized6 has unconnected port Din[13]
WARNING: [Synth 8-3331] design xlslice__parameterized6 has unconnected port Din[12]
WARNING: [Synth 8-3331] design xlslice__parameterized6 has unconnected port Din[11]
WARNING: [Synth 8-3331] design xlslice__parameterized6 has unconnected port Din[10]
WARNING: [Synth 8-3331] design xlslice__parameterized6 has unconnected port Din[9]
WARNING: [Synth 8-3331] design xlslice__parameterized6 has unconnected port Din[8]
WARNING: [Synth 8-3331] design xlslice__parameterized6 has unconnected port Din[7]
WARNING: [Synth 8-3331] design xlslice__parameterized6 has unconnected port Din[6]
WARNING: [Synth 8-3331] design xlslice__parameterized6 has unconnected port Din[5]
WARNING: [Synth 8-3331] design xlslice__parameterized6 has unconnected port Din[4]
WARNING: [Synth 8-3331] design xlslice__parameterized5 has unconnected port Din[31]
WARNING: [Synth 8-3331] design xlslice__parameterized5 has unconnected port Din[30]
WARNING: [Synth 8-3331] design xlslice__parameterized5 has unconnected port Din[29]
WARNING: [Synth 8-3331] design xlslice__parameterized5 has unconnected port Din[28]
WARNING: [Synth 8-3331] design xlslice__parameterized5 has unconnected port Din[27]
WARNING: [Synth 8-3331] design xlslice__parameterized5 has unconnected port Din[26]
WARNING: [Synth 8-3331] design xlslice__parameterized5 has unconnected port Din[25]
WARNING: [Synth 8-3331] design xlslice__parameterized5 has unconnected port Din[24]
WARNING: [Synth 8-3331] design xlslice__parameterized5 has unconnected port Din[23]
WARNING: [Synth 8-3331] design xlslice__parameterized5 has unconnected port Din[22]
WARNING: [Synth 8-3331] design xlslice__parameterized5 has unconnected port Din[21]
WARNING: [Synth 8-3331] design xlslice__parameterized5 has unconnected port Din[20]
WARNING: [Synth 8-3331] design xlslice__parameterized5 has unconnected port Din[19]
WARNING: [Synth 8-3331] design xlslice__parameterized5 has unconnected port Din[18]
WARNING: [Synth 8-3331] design xlslice__parameterized5 has unconnected port Din[17]
WARNING: [Synth 8-3331] design xlslice__parameterized5 has unconnected port Din[16]
WARNING: [Synth 8-3331] design xlslice__parameterized5 has unconnected port Din[15]
WARNING: [Synth 8-3331] design xlslice__parameterized5 has unconnected port Din[14]
WARNING: [Synth 8-3331] design xlslice__parameterized5 has unconnected port Din[13]
WARNING: [Synth 8-3331] design xlslice__parameterized5 has unconnected port Din[12]
WARNING: [Synth 8-3331] design xlslice__parameterized5 has unconnected port Din[11]
WARNING: [Synth 8-3331] design xlslice__parameterized5 has unconnected port Din[10]
WARNING: [Synth 8-3331] design xlslice__parameterized5 has unconnected port Din[9]
WARNING: [Synth 8-3331] design xlslice__parameterized5 has unconnected port Din[8]
WARNING: [Synth 8-3331] design xlslice__parameterized5 has unconnected port Din[3]
WARNING: [Synth 8-3331] design xlslice__parameterized5 has unconnected port Din[2]
WARNING: [Synth 8-3331] design xlslice__parameterized5 has unconnected port Din[1]
WARNING: [Synth 8-3331] design xlslice__parameterized5 has unconnected port Din[0]
WARNING: [Synth 8-3331] design xlslice__parameterized4 has unconnected port Din[31]
WARNING: [Synth 8-3331] design xlslice__parameterized4 has unconnected port Din[30]
WARNING: [Synth 8-3331] design xlslice__parameterized4 has unconnected port Din[29]
WARNING: [Synth 8-3331] design xlslice__parameterized4 has unconnected port Din[28]
WARNING: [Synth 8-3331] design xlslice__parameterized4 has unconnected port Din[27]
WARNING: [Synth 8-3331] design xlslice__parameterized4 has unconnected port Din[26]
WARNING: [Synth 8-3331] design xlslice__parameterized4 has unconnected port Din[25]
WARNING: [Synth 8-3331] design xlslice__parameterized4 has unconnected port Din[24]
WARNING: [Synth 8-3331] design xlslice__parameterized4 has unconnected port Din[23]
WARNING: [Synth 8-3331] design xlslice__parameterized4 has unconnected port Din[22]
WARNING: [Synth 8-3331] design xlslice__parameterized4 has unconnected port Din[21]
WARNING: [Synth 8-3331] design xlslice__parameterized4 has unconnected port Din[20]
WARNING: [Synth 8-3331] design xlslice__parameterized4 has unconnected port Din[19]
WARNING: [Synth 8-3331] design xlslice__parameterized4 has unconnected port Din[18]
WARNING: [Synth 8-3331] design xlslice__parameterized4 has unconnected port Din[17]
WARNING: [Synth 8-3331] design xlslice__parameterized4 has unconnected port Din[16]
WARNING: [Synth 8-3331] design xlslice__parameterized4 has unconnected port Din[15]
WARNING: [Synth 8-3331] design xlslice__parameterized4 has unconnected port Din[14]
WARNING: [Synth 8-3331] design xlslice__parameterized4 has unconnected port Din[13]
WARNING: [Synth 8-3331] design xlslice__parameterized4 has unconnected port Din[12]
WARNING: [Synth 8-3331] design xlslice__parameterized4 has unconnected port Din[7]
WARNING: [Synth 8-3331] design xlslice__parameterized4 has unconnected port Din[6]
WARNING: [Synth 8-3331] design xlslice__parameterized4 has unconnected port Din[5]
WARNING: [Synth 8-3331] design xlslice__parameterized4 has unconnected port Din[4]
WARNING: [Synth 8-3331] design xlslice__parameterized4 has unconnected port Din[3]
WARNING: [Synth 8-3331] design xlslice__parameterized4 has unconnected port Din[2]
WARNING: [Synth 8-3331] design xlslice__parameterized4 has unconnected port Din[1]
WARNING: [Synth 8-3331] design xlslice__parameterized4 has unconnected port Din[0]
WARNING: [Synth 8-3331] design xlslice__parameterized3 has unconnected port Din[31]
WARNING: [Synth 8-3331] design xlslice__parameterized3 has unconnected port Din[30]
WARNING: [Synth 8-3331] design xlslice__parameterized3 has unconnected port Din[29]
WARNING: [Synth 8-3331] design xlslice__parameterized3 has unconnected port Din[28]
WARNING: [Synth 8-3331] design xlslice__parameterized3 has unconnected port Din[27]
WARNING: [Synth 8-3331] design xlslice__parameterized3 has unconnected port Din[26]
WARNING: [Synth 8-3331] design xlslice__parameterized3 has unconnected port Din[25]
WARNING: [Synth 8-3331] design xlslice__parameterized3 has unconnected port Din[24]
WARNING: [Synth 8-3331] design xlslice__parameterized3 has unconnected port Din[23]
WARNING: [Synth 8-3331] design xlslice__parameterized3 has unconnected port Din[22]
WARNING: [Synth 8-3331] design xlslice__parameterized3 has unconnected port Din[21]
WARNING: [Synth 8-3331] design xlslice__parameterized3 has unconnected port Din[20]
WARNING: [Synth 8-3331] design xlslice__parameterized3 has unconnected port Din[19]
WARNING: [Synth 8-3331] design xlslice__parameterized3 has unconnected port Din[18]
WARNING: [Synth 8-3331] design xlslice__parameterized3 has unconnected port Din[17]
WARNING: [Synth 8-3331] design xlslice__parameterized3 has unconnected port Din[16]
INFO: [Common 17-14] Message 'Synth 8-3331' appears 100 times and further instances of the messages will be disabled. Use the Tcl command set_msg_config to change the current settings.
---------------------------------------------------------------------------------
Finished RTL Elaboration : Time (s): cpu = 00:00:10 ; elapsed = 00:00:21 . Memory (MB): peak = 329.746 ; gain = 119.516
---------------------------------------------------------------------------------

Report Check Netlist: 
+------+------------------+-------+---------+-------+------------------+
|      |Item              |Errors |Warnings |Status |Description       |
+------+------------------+-------+---------+-------+------------------+
|1     |multi_driven_nets |      0|        0|Passed |Multi driven nets |
+------+------------------+-------+---------+-------+------------------+
---------------------------------------------------------------------------------
Finished RTL Optimization Phase 1 : Time (s): cpu = 00:00:10 ; elapsed = 00:00:21 . Memory (MB): peak = 329.746 ; gain = 119.516
---------------------------------------------------------------------------------
INFO: [Device 21-403] Loading part xc7a100tcsg324-1
INFO: [Project 1-570] Preparing netlist for logic optimization

Processing XDC Constraints
Initializing timing engine
Parsing XDC File [C:/users/joao/desktop/cr/git/reconfigurable_computing/projecto_final/Nexys4_Master.xdc]
WARNING: [Vivado 12-584] No ports matched 'sw[0]'. [C:/users/joao/desktop/cr/git/reconfigurable_computing/projecto_final/Nexys4_Master.xdc:14]
CRITICAL WARNING: [Common 17-55] 'set_property' expects at least one object. [C:/users/joao/desktop/cr/git/reconfigurable_computing/projecto_final/Nexys4_Master.xdc:14]
Resolution: If [get_<value>] was used to populate the object, check to make sure this command returns at least one valid object.
WARNING: [Vivado 12-584] No ports matched 'sw[0]'. [C:/users/joao/desktop/cr/git/reconfigurable_computing/projecto_final/Nexys4_Master.xdc:15]
CRITICAL WARNING: [Common 17-55] 'set_property' expects at least one object. [C:/users/joao/desktop/cr/git/reconfigurable_computing/projecto_final/Nexys4_Master.xdc:15]
Resolution: If [get_<value>] was used to populate the object, check to make sure this command returns at least one valid object.
WARNING: [Vivado 12-584] No ports matched 'sw[1]'. [C:/users/joao/desktop/cr/git/reconfigurable_computing/projecto_final/Nexys4_Master.xdc:17]
CRITICAL WARNING: [Common 17-55] 'set_property' expects at least one object. [C:/users/joao/desktop/cr/git/reconfigurable_computing/projecto_final/Nexys4_Master.xdc:17]
Resolution: If [get_<value>] was used to populate the object, check to make sure this command returns at least one valid object.
WARNING: [Vivado 12-584] No ports matched 'sw[1]'. [C:/users/joao/desktop/cr/git/reconfigurable_computing/projecto_final/Nexys4_Master.xdc:18]
CRITICAL WARNING: [Common 17-55] 'set_property' expects at least one object. [C:/users/joao/desktop/cr/git/reconfigurable_computing/projecto_final/Nexys4_Master.xdc:18]
Resolution: If [get_<value>] was used to populate the object, check to make sure this command returns at least one valid object.
WARNING: [Vivado 12-584] No ports matched 'sw[2]'. [C:/users/joao/desktop/cr/git/reconfigurable_computing/projecto_final/Nexys4_Master.xdc:20]
CRITICAL WARNING: [Common 17-55] 'set_property' expects at least one object. [C:/users/joao/desktop/cr/git/reconfigurable_computing/projecto_final/Nexys4_Master.xdc:20]
Resolution: If [get_<value>] was used to populate the object, check to make sure this command returns at least one valid object.
WARNING: [Vivado 12-584] No ports matched 'sw[2]'. [C:/users/joao/desktop/cr/git/reconfigurable_computing/projecto_final/Nexys4_Master.xdc:21]
CRITICAL WARNING: [Common 17-55] 'set_property' expects at least one object. [C:/users/joao/desktop/cr/git/reconfigurable_computing/projecto_final/Nexys4_Master.xdc:21]
Resolution: If [get_<value>] was used to populate the object, check to make sure this command returns at least one valid object.
WARNING: [Vivado 12-584] No ports matched 'sw[3]'. [C:/users/joao/desktop/cr/git/reconfigurable_computing/projecto_final/Nexys4_Master.xdc:23]
CRITICAL WARNING: [Common 17-55] 'set_property' expects at least one object. [C:/users/joao/desktop/cr/git/reconfigurable_computing/projecto_final/Nexys4_Master.xdc:23]
Resolution: If [get_<value>] was used to populate the object, check to make sure this command returns at least one valid object.
WARNING: [Vivado 12-584] No ports matched 'sw[3]'. [C:/users/joao/desktop/cr/git/reconfigurable_computing/projecto_final/Nexys4_Master.xdc:24]
CRITICAL WARNING: [Common 17-55] 'set_property' expects at least one object. [C:/users/joao/desktop/cr/git/reconfigurable_computing/projecto_final/Nexys4_Master.xdc:24]
Resolution: If [get_<value>] was used to populate the object, check to make sure this command returns at least one valid object.
WARNING: [Vivado 12-584] No ports matched 'sw[4]'. [C:/users/joao/desktop/cr/git/reconfigurable_computing/projecto_final/Nexys4_Master.xdc:26]
CRITICAL WARNING: [Common 17-55] 'set_property' expects at least one object. [C:/users/joao/desktop/cr/git/reconfigurable_computing/projecto_final/Nexys4_Master.xdc:26]
Resolution: If [get_<value>] was used to populate the object, check to make sure this command returns at least one valid object.
WARNING: [Vivado 12-584] No ports matched 'sw[4]'. [C:/users/joao/desktop/cr/git/reconfigurable_computing/projecto_final/Nexys4_Master.xdc:27]
CRITICAL WARNING: [Common 17-55] 'set_property' expects at least one object. [C:/users/joao/desktop/cr/git/reconfigurable_computing/projecto_final/Nexys4_Master.xdc:27]
Resolution: If [get_<value>] was used to populate the object, check to make sure this command returns at least one valid object.
WARNING: [Vivado 12-584] No ports matched 'sw[5]'. [C:/users/joao/desktop/cr/git/reconfigurable_computing/projecto_final/Nexys4_Master.xdc:29]
CRITICAL WARNING: [Common 17-55] 'set_property' expects at least one object. [C:/users/joao/desktop/cr/git/reconfigurable_computing/projecto_final/Nexys4_Master.xdc:29]
Resolution: If [get_<value>] was used to populate the object, check to make sure this command returns at least one valid object.
WARNING: [Vivado 12-584] No ports matched 'sw[5]'. [C:/users/joao/desktop/cr/git/reconfigurable_computing/projecto_final/Nexys4_Master.xdc:30]
CRITICAL WARNING: [Common 17-55] 'set_property' expects at least one object. [C:/users/joao/desktop/cr/git/reconfigurable_computing/projecto_final/Nexys4_Master.xdc:30]
Resolution: If [get_<value>] was used to populate the object, check to make sure this command returns at least one valid object.
WARNING: [Vivado 12-584] No ports matched 'sw[6]'. [C:/users/joao/desktop/cr/git/reconfigurable_computing/projecto_final/Nexys4_Master.xdc:32]
CRITICAL WARNING: [Common 17-55] 'set_property' expects at least one object. [C:/users/joao/desktop/cr/git/reconfigurable_computing/projecto_final/Nexys4_Master.xdc:32]
Resolution: If [get_<value>] was used to populate the object, check to make sure this command returns at least one valid object.
WARNING: [Vivado 12-584] No ports matched 'sw[6]'. [C:/users/joao/desktop/cr/git/reconfigurable_computing/projecto_final/Nexys4_Master.xdc:33]
CRITICAL WARNING: [Common 17-55] 'set_property' expects at least one object. [C:/users/joao/desktop/cr/git/reconfigurable_computing/projecto_final/Nexys4_Master.xdc:33]
Resolution: If [get_<value>] was used to populate the object, check to make sure this command returns at least one valid object.
WARNING: [Vivado 12-584] No ports matched 'sw[7]'. [C:/users/joao/desktop/cr/git/reconfigurable_computing/projecto_final/Nexys4_Master.xdc:35]
CRITICAL WARNING: [Common 17-55] 'set_property' expects at least one object. [C:/users/joao/desktop/cr/git/reconfigurable_computing/projecto_final/Nexys4_Master.xdc:35]
Resolution: If [get_<value>] was used to populate the object, check to make sure this command returns at least one valid object.
WARNING: [Vivado 12-584] No ports matched 'sw[7]'. [C:/users/joao/desktop/cr/git/reconfigurable_computing/projecto_final/Nexys4_Master.xdc:36]
CRITICAL WARNING: [Common 17-55] 'set_property' expects at least one object. [C:/users/joao/desktop/cr/git/reconfigurable_computing/projecto_final/Nexys4_Master.xdc:36]
Resolution: If [get_<value>] was used to populate the object, check to make sure this command returns at least one valid object.
WARNING: [Vivado 12-584] No ports matched 'sw[8]'. [C:/users/joao/desktop/cr/git/reconfigurable_computing/projecto_final/Nexys4_Master.xdc:38]
CRITICAL WARNING: [Common 17-55] 'set_property' expects at least one object. [C:/users/joao/desktop/cr/git/reconfigurable_computing/projecto_final/Nexys4_Master.xdc:38]
Resolution: If [get_<value>] was used to populate the object, check to make sure this command returns at least one valid object.
WARNING: [Vivado 12-584] No ports matched 'sw[8]'. [C:/users/joao/desktop/cr/git/reconfigurable_computing/projecto_final/Nexys4_Master.xdc:39]
CRITICAL WARNING: [Common 17-55] 'set_property' expects at least one object. [C:/users/joao/desktop/cr/git/reconfigurable_computing/projecto_final/Nexys4_Master.xdc:39]
Resolution: If [get_<value>] was used to populate the object, check to make sure this command returns at least one valid object.
WARNING: [Vivado 12-584] No ports matched 'sw[9]'. [C:/users/joao/desktop/cr/git/reconfigurable_computing/projecto_final/Nexys4_Master.xdc:41]
CRITICAL WARNING: [Common 17-55] 'set_property' expects at least one object. [C:/users/joao/desktop/cr/git/reconfigurable_computing/projecto_final/Nexys4_Master.xdc:41]
Resolution: If [get_<value>] was used to populate the object, check to make sure this command returns at least one valid object.
WARNING: [Vivado 12-584] No ports matched 'sw[9]'. [C:/users/joao/desktop/cr/git/reconfigurable_computing/projecto_final/Nexys4_Master.xdc:42]
CRITICAL WARNING: [Common 17-55] 'set_property' expects at least one object. [C:/users/joao/desktop/cr/git/reconfigurable_computing/projecto_final/Nexys4_Master.xdc:42]
Resolution: If [get_<value>] was used to populate the object, check to make sure this command returns at least one valid object.
WARNING: [Vivado 12-584] No ports matched 'sw[10]'. [C:/users/joao/desktop/cr/git/reconfigurable_computing/projecto_final/Nexys4_Master.xdc:44]
CRITICAL WARNING: [Common 17-55] 'set_property' expects at least one object. [C:/users/joao/desktop/cr/git/reconfigurable_computing/projecto_final/Nexys4_Master.xdc:44]
Resolution: If [get_<value>] was used to populate the object, check to make sure this command returns at least one valid object.
WARNING: [Vivado 12-584] No ports matched 'sw[10]'. [C:/users/joao/desktop/cr/git/reconfigurable_computing/projecto_final/Nexys4_Master.xdc:45]
CRITICAL WARNING: [Common 17-55] 'set_property' expects at least one object. [C:/users/joao/desktop/cr/git/reconfigurable_computing/projecto_final/Nexys4_Master.xdc:45]
Resolution: If [get_<value>] was used to populate the object, check to make sure this command returns at least one valid object.
WARNING: [Vivado 12-584] No ports matched 'sw[11]'. [C:/users/joao/desktop/cr/git/reconfigurable_computing/projecto_final/Nexys4_Master.xdc:47]
CRITICAL WARNING: [Common 17-55] 'set_property' expects at least one object. [C:/users/joao/desktop/cr/git/reconfigurable_computing/projecto_final/Nexys4_Master.xdc:47]
Resolution: If [get_<value>] was used to populate the object, check to make sure this command returns at least one valid object.
WARNING: [Vivado 12-584] No ports matched 'sw[11]'. [C:/users/joao/desktop/cr/git/reconfigurable_computing/projecto_final/Nexys4_Master.xdc:48]
CRITICAL WARNING: [Common 17-55] 'set_property' expects at least one object. [C:/users/joao/desktop/cr/git/reconfigurable_computing/projecto_final/Nexys4_Master.xdc:48]
Resolution: If [get_<value>] was used to populate the object, check to make sure this command returns at least one valid object.
WARNING: [Vivado 12-584] No ports matched 'sw[12]'. [C:/users/joao/desktop/cr/git/reconfigurable_computing/projecto_final/Nexys4_Master.xdc:50]
CRITICAL WARNING: [Common 17-55] 'set_property' expects at least one object. [C:/users/joao/desktop/cr/git/reconfigurable_computing/projecto_final/Nexys4_Master.xdc:50]
Resolution: If [get_<value>] was used to populate the object, check to make sure this command returns at least one valid object.
WARNING: [Vivado 12-584] No ports matched 'sw[12]'. [C:/users/joao/desktop/cr/git/reconfigurable_computing/projecto_final/Nexys4_Master.xdc:51]
CRITICAL WARNING: [Common 17-55] 'set_property' expects at least one object. [C:/users/joao/desktop/cr/git/reconfigurable_computing/projecto_final/Nexys4_Master.xdc:51]
Resolution: If [get_<value>] was used to populate the object, check to make sure this command returns at least one valid object.
WARNING: [Vivado 12-584] No ports matched 'sw[13]'. [C:/users/joao/desktop/cr/git/reconfigurable_computing/projecto_final/Nexys4_Master.xdc:53]
CRITICAL WARNING: [Common 17-55] 'set_property' expects at least one object. [C:/users/joao/desktop/cr/git/reconfigurable_computing/projecto_final/Nexys4_Master.xdc:53]
Resolution: If [get_<value>] was used to populate the object, check to make sure this command returns at least one valid object.
WARNING: [Vivado 12-584] No ports matched 'sw[13]'. [C:/users/joao/desktop/cr/git/reconfigurable_computing/projecto_final/Nexys4_Master.xdc:54]
CRITICAL WARNING: [Common 17-55] 'set_property' expects at least one object. [C:/users/joao/desktop/cr/git/reconfigurable_computing/projecto_final/Nexys4_Master.xdc:54]
Resolution: If [get_<value>] was used to populate the object, check to make sure this command returns at least one valid object.
WARNING: [Vivado 12-584] No ports matched 'sw[14]'. [C:/users/joao/desktop/cr/git/reconfigurable_computing/projecto_final/Nexys4_Master.xdc:56]
CRITICAL WARNING: [Common 17-55] 'set_property' expects at least one object. [C:/users/joao/desktop/cr/git/reconfigurable_computing/projecto_final/Nexys4_Master.xdc:56]
Resolution: If [get_<value>] was used to populate the object, check to make sure this command returns at least one valid object.
WARNING: [Vivado 12-584] No ports matched 'sw[14]'. [C:/users/joao/desktop/cr/git/reconfigurable_computing/projecto_final/Nexys4_Master.xdc:57]
CRITICAL WARNING: [Common 17-55] 'set_property' expects at least one object. [C:/users/joao/desktop/cr/git/reconfigurable_computing/projecto_final/Nexys4_Master.xdc:57]
Resolution: If [get_<value>] was used to populate the object, check to make sure this command returns at least one valid object.
WARNING: [Vivado 12-584] No ports matched 'sw[15]'. [C:/users/joao/desktop/cr/git/reconfigurable_computing/projecto_final/Nexys4_Master.xdc:59]
CRITICAL WARNING: [Common 17-55] 'set_property' expects at least one object. [C:/users/joao/desktop/cr/git/reconfigurable_computing/projecto_final/Nexys4_Master.xdc:59]
Resolution: If [get_<value>] was used to populate the object, check to make sure this command returns at least one valid object.
WARNING: [Vivado 12-584] No ports matched 'sw[15]'. [C:/users/joao/desktop/cr/git/reconfigurable_computing/projecto_final/Nexys4_Master.xdc:60]
CRITICAL WARNING: [Common 17-55] 'set_property' expects at least one object. [C:/users/joao/desktop/cr/git/reconfigurable_computing/projecto_final/Nexys4_Master.xdc:60]
Resolution: If [get_<value>] was used to populate the object, check to make sure this command returns at least one valid object.
WARNING: [Vivado 12-584] No ports matched 'led[0]'. [C:/users/joao/desktop/cr/git/reconfigurable_computing/projecto_final/Nexys4_Master.xdc:66]
CRITICAL WARNING: [Common 17-55] 'set_property' expects at least one object. [C:/users/joao/desktop/cr/git/reconfigurable_computing/projecto_final/Nexys4_Master.xdc:66]
Resolution: If [get_<value>] was used to populate the object, check to make sure this command returns at least one valid object.
WARNING: [Vivado 12-584] No ports matched 'led[0]'. [C:/users/joao/desktop/cr/git/reconfigurable_computing/projecto_final/Nexys4_Master.xdc:67]
CRITICAL WARNING: [Common 17-55] 'set_property' expects at least one object. [C:/users/joao/desktop/cr/git/reconfigurable_computing/projecto_final/Nexys4_Master.xdc:67]
Resolution: If [get_<value>] was used to populate the object, check to make sure this command returns at least one valid object.
WARNING: [Vivado 12-584] No ports matched 'led[1]'. [C:/users/joao/desktop/cr/git/reconfigurable_computing/projecto_final/Nexys4_Master.xdc:69]
CRITICAL WARNING: [Common 17-55] 'set_property' expects at least one object. [C:/users/joao/desktop/cr/git/reconfigurable_computing/projecto_final/Nexys4_Master.xdc:69]
Resolution: If [get_<value>] was used to populate the object, check to make sure this command returns at least one valid object.
WARNING: [Vivado 12-584] No ports matched 'led[1]'. [C:/users/joao/desktop/cr/git/reconfigurable_computing/projecto_final/Nexys4_Master.xdc:70]
CRITICAL WARNING: [Common 17-55] 'set_property' expects at least one object. [C:/users/joao/desktop/cr/git/reconfigurable_computing/projecto_final/Nexys4_Master.xdc:70]
Resolution: If [get_<value>] was used to populate the object, check to make sure this command returns at least one valid object.
WARNING: [Vivado 12-584] No ports matched 'led[2]'. [C:/users/joao/desktop/cr/git/reconfigurable_computing/projecto_final/Nexys4_Master.xdc:72]
CRITICAL WARNING: [Common 17-55] 'set_property' expects at least one object. [C:/users/joao/desktop/cr/git/reconfigurable_computing/projecto_final/Nexys4_Master.xdc:72]
Resolution: If [get_<value>] was used to populate the object, check to make sure this command returns at least one valid object.
WARNING: [Vivado 12-584] No ports matched 'led[2]'. [C:/users/joao/desktop/cr/git/reconfigurable_computing/projecto_final/Nexys4_Master.xdc:73]
CRITICAL WARNING: [Common 17-55] 'set_property' expects at least one object. [C:/users/joao/desktop/cr/git/reconfigurable_computing/projecto_final/Nexys4_Master.xdc:73]
Resolution: If [get_<value>] was used to populate the object, check to make sure this command returns at least one valid object.
WARNING: [Vivado 12-584] No ports matched 'led[3]'. [C:/users/joao/desktop/cr/git/reconfigurable_computing/projecto_final/Nexys4_Master.xdc:75]
CRITICAL WARNING: [Common 17-55] 'set_property' expects at least one object. [C:/users/joao/desktop/cr/git/reconfigurable_computing/projecto_final/Nexys4_Master.xdc:75]
Resolution: If [get_<value>] was used to populate the object, check to make sure this command returns at least one valid object.
WARNING: [Vivado 12-584] No ports matched 'led[3]'. [C:/users/joao/desktop/cr/git/reconfigurable_computing/projecto_final/Nexys4_Master.xdc:76]
CRITICAL WARNING: [Common 17-55] 'set_property' expects at least one object. [C:/users/joao/desktop/cr/git/reconfigurable_computing/projecto_final/Nexys4_Master.xdc:76]
Resolution: If [get_<value>] was used to populate the object, check to make sure this command returns at least one valid object.
WARNING: [Vivado 12-584] No ports matched 'led[4]'. [C:/users/joao/desktop/cr/git/reconfigurable_computing/projecto_final/Nexys4_Master.xdc:78]
CRITICAL WARNING: [Common 17-55] 'set_property' expects at least one object. [C:/users/joao/desktop/cr/git/reconfigurable_computing/projecto_final/Nexys4_Master.xdc:78]
Resolution: If [get_<value>] was used to populate the object, check to make sure this command returns at least one valid object.
WARNING: [Vivado 12-584] No ports matched 'led[4]'. [C:/users/joao/desktop/cr/git/reconfigurable_computing/projecto_final/Nexys4_Master.xdc:79]
CRITICAL WARNING: [Common 17-55] 'set_property' expects at least one object. [C:/users/joao/desktop/cr/git/reconfigurable_computing/projecto_final/Nexys4_Master.xdc:79]
Resolution: If [get_<value>] was used to populate the object, check to make sure this command returns at least one valid object.
WARNING: [Vivado 12-584] No ports matched 'led[5]'. [C:/users/joao/desktop/cr/git/reconfigurable_computing/projecto_final/Nexys4_Master.xdc:81]
CRITICAL WARNING: [Common 17-55] 'set_property' expects at least one object. [C:/users/joao/desktop/cr/git/reconfigurable_computing/projecto_final/Nexys4_Master.xdc:81]
Resolution: If [get_<value>] was used to populate the object, check to make sure this command returns at least one valid object.
WARNING: [Vivado 12-584] No ports matched 'led[5]'. [C:/users/joao/desktop/cr/git/reconfigurable_computing/projecto_final/Nexys4_Master.xdc:82]
CRITICAL WARNING: [Common 17-55] 'set_property' expects at least one object. [C:/users/joao/desktop/cr/git/reconfigurable_computing/projecto_final/Nexys4_Master.xdc:82]
Resolution: If [get_<value>] was used to populate the object, check to make sure this command returns at least one valid object.
WARNING: [Vivado 12-584] No ports matched 'led[6]'. [C:/users/joao/desktop/cr/git/reconfigurable_computing/projecto_final/Nexys4_Master.xdc:84]
CRITICAL WARNING: [Common 17-55] 'set_property' expects at least one object. [C:/users/joao/desktop/cr/git/reconfigurable_computing/projecto_final/Nexys4_Master.xdc:84]
Resolution: If [get_<value>] was used to populate the object, check to make sure this command returns at least one valid object.
WARNING: [Vivado 12-584] No ports matched 'led[6]'. [C:/users/joao/desktop/cr/git/reconfigurable_computing/projecto_final/Nexys4_Master.xdc:85]
CRITICAL WARNING: [Common 17-55] 'set_property' expects at least one object. [C:/users/joao/desktop/cr/git/reconfigurable_computing/projecto_final/Nexys4_Master.xdc:85]
Resolution: If [get_<value>] was used to populate the object, check to make sure this command returns at least one valid object.
WARNING: [Vivado 12-584] No ports matched 'led[7]'. [C:/users/joao/desktop/cr/git/reconfigurable_computing/projecto_final/Nexys4_Master.xdc:87]
CRITICAL WARNING: [Common 17-55] 'set_property' expects at least one object. [C:/users/joao/desktop/cr/git/reconfigurable_computing/projecto_final/Nexys4_Master.xdc:87]
Resolution: If [get_<value>] was used to populate the object, check to make sure this command returns at least one valid object.
WARNING: [Vivado 12-584] No ports matched 'led[7]'. [C:/users/joao/desktop/cr/git/reconfigurable_computing/projecto_final/Nexys4_Master.xdc:88]
CRITICAL WARNING: [Common 17-55] 'set_property' expects at least one object. [C:/users/joao/desktop/cr/git/reconfigurable_computing/projecto_final/Nexys4_Master.xdc:88]
Resolution: If [get_<value>] was used to populate the object, check to make sure this command returns at least one valid object.
WARNING: [Vivado 12-584] No ports matched 'led[8]'. [C:/users/joao/desktop/cr/git/reconfigurable_computing/projecto_final/Nexys4_Master.xdc:90]
CRITICAL WARNING: [Common 17-55] 'set_property' expects at least one object. [C:/users/joao/desktop/cr/git/reconfigurable_computing/projecto_final/Nexys4_Master.xdc:90]
Resolution: If [get_<value>] was used to populate the object, check to make sure this command returns at least one valid object.
WARNING: [Vivado 12-584] No ports matched 'led[8]'. [C:/users/joao/desktop/cr/git/reconfigurable_computing/projecto_final/Nexys4_Master.xdc:91]
CRITICAL WARNING: [Common 17-55] 'set_property' expects at least one object. [C:/users/joao/desktop/cr/git/reconfigurable_computing/projecto_final/Nexys4_Master.xdc:91]
Resolution: If [get_<value>] was used to populate the object, check to make sure this command returns at least one valid object.
WARNING: [Vivado 12-584] No ports matched 'led[9]'. [C:/users/joao/desktop/cr/git/reconfigurable_computing/projecto_final/Nexys4_Master.xdc:93]
CRITICAL WARNING: [Common 17-55] 'set_property' expects at least one object. [C:/users/joao/desktop/cr/git/reconfigurable_computing/projecto_final/Nexys4_Master.xdc:93]
Resolution: If [get_<value>] was used to populate the object, check to make sure this command returns at least one valid object.
WARNING: [Vivado 12-584] No ports matched 'led[9]'. [C:/users/joao/desktop/cr/git/reconfigurable_computing/projecto_final/Nexys4_Master.xdc:94]
CRITICAL WARNING: [Common 17-55] 'set_property' expects at least one object. [C:/users/joao/desktop/cr/git/reconfigurable_computing/projecto_final/Nexys4_Master.xdc:94]
Resolution: If [get_<value>] was used to populate the object, check to make sure this command returns at least one valid object.
WARNING: [Vivado 12-584] No ports matched 'led[10]'. [C:/users/joao/desktop/cr/git/reconfigurable_computing/projecto_final/Nexys4_Master.xdc:96]
CRITICAL WARNING: [Common 17-55] 'set_property' expects at least one object. [C:/users/joao/desktop/cr/git/reconfigurable_computing/projecto_final/Nexys4_Master.xdc:96]
Resolution: If [get_<value>] was used to populate the object, check to make sure this command returns at least one valid object.
WARNING: [Vivado 12-584] No ports matched 'led[10]'. [C:/users/joao/desktop/cr/git/reconfigurable_computing/projecto_final/Nexys4_Master.xdc:97]
CRITICAL WARNING: [Common 17-55] 'set_property' expects at least one object. [C:/users/joao/desktop/cr/git/reconfigurable_computing/projecto_final/Nexys4_Master.xdc:97]
Resolution: If [get_<value>] was used to populate the object, check to make sure this command returns at least one valid object.
WARNING: [Vivado 12-584] No ports matched 'led[11]'. [C:/users/joao/desktop/cr/git/reconfigurable_computing/projecto_final/Nexys4_Master.xdc:99]
CRITICAL WARNING: [Common 17-55] 'set_property' expects at least one object. [C:/users/joao/desktop/cr/git/reconfigurable_computing/projecto_final/Nexys4_Master.xdc:99]
Resolution: If [get_<value>] was used to populate the object, check to make sure this command returns at least one valid object.
WARNING: [Vivado 12-584] No ports matched 'led[11]'. [C:/users/joao/desktop/cr/git/reconfigurable_computing/projecto_final/Nexys4_Master.xdc:100]
CRITICAL WARNING: [Common 17-55] 'set_property' expects at least one object. [C:/users/joao/desktop/cr/git/reconfigurable_computing/projecto_final/Nexys4_Master.xdc:100]
Resolution: If [get_<value>] was used to populate the object, check to make sure this command returns at least one valid object.
WARNING: [Vivado 12-584] No ports matched 'led[12]'. [C:/users/joao/desktop/cr/git/reconfigurable_computing/projecto_final/Nexys4_Master.xdc:102]
CRITICAL WARNING: [Common 17-55] 'set_property' expects at least one object. [C:/users/joao/desktop/cr/git/reconfigurable_computing/projecto_final/Nexys4_Master.xdc:102]
Resolution: If [get_<value>] was used to populate the object, check to make sure this command returns at least one valid object.
WARNING: [Vivado 12-584] No ports matched 'led[12]'. [C:/users/joao/desktop/cr/git/reconfigurable_computing/projecto_final/Nexys4_Master.xdc:103]
CRITICAL WARNING: [Common 17-55] 'set_property' expects at least one object. [C:/users/joao/desktop/cr/git/reconfigurable_computing/projecto_final/Nexys4_Master.xdc:103]
Resolution: If [get_<value>] was used to populate the object, check to make sure this command returns at least one valid object.
WARNING: [Vivado 12-584] No ports matched 'led[13]'. [C:/users/joao/desktop/cr/git/reconfigurable_computing/projecto_final/Nexys4_Master.xdc:105]
CRITICAL WARNING: [Common 17-55] 'set_property' expects at least one object. [C:/users/joao/desktop/cr/git/reconfigurable_computing/projecto_final/Nexys4_Master.xdc:105]
Resolution: If [get_<value>] was used to populate the object, check to make sure this command returns at least one valid object.
WARNING: [Vivado 12-584] No ports matched 'led[13]'. [C:/users/joao/desktop/cr/git/reconfigurable_computing/projecto_final/Nexys4_Master.xdc:106]
CRITICAL WARNING: [Common 17-55] 'set_property' expects at least one object. [C:/users/joao/desktop/cr/git/reconfigurable_computing/projecto_final/Nexys4_Master.xdc:106]
Resolution: If [get_<value>] was used to populate the object, check to make sure this command returns at least one valid object.
WARNING: [Vivado 12-584] No ports matched 'led[14]'. [C:/users/joao/desktop/cr/git/reconfigurable_computing/projecto_final/Nexys4_Master.xdc:108]
CRITICAL WARNING: [Common 17-55] 'set_property' expects at least one object. [C:/users/joao/desktop/cr/git/reconfigurable_computing/projecto_final/Nexys4_Master.xdc:108]
Resolution: If [get_<value>] was used to populate the object, check to make sure this command returns at least one valid object.
WARNING: [Vivado 12-584] No ports matched 'led[14]'. [C:/users/joao/desktop/cr/git/reconfigurable_computing/projecto_final/Nexys4_Master.xdc:109]
CRITICAL WARNING: [Common 17-55] 'set_property' expects at least one object. [C:/users/joao/desktop/cr/git/reconfigurable_computing/projecto_final/Nexys4_Master.xdc:109]
Resolution: If [get_<value>] was used to populate the object, check to make sure this command returns at least one valid object.
WARNING: [Vivado 12-584] No ports matched 'led[15]'. [C:/users/joao/desktop/cr/git/reconfigurable_computing/projecto_final/Nexys4_Master.xdc:111]
CRITICAL WARNING: [Common 17-55] 'set_property' expects at least one object. [C:/users/joao/desktop/cr/git/reconfigurable_computing/projecto_final/Nexys4_Master.xdc:111]
Resolution: If [get_<value>] was used to populate the object, check to make sure this command returns at least one valid object.
WARNING: [Vivado 12-584] No ports matched 'led[15]'. [C:/users/joao/desktop/cr/git/reconfigurable_computing/projecto_final/Nexys4_Master.xdc:112]
CRITICAL WARNING: [Common 17-55] 'set_property' expects at least one object. [C:/users/joao/desktop/cr/git/reconfigurable_computing/projecto_final/Nexys4_Master.xdc:112]
Resolution: If [get_<value>] was used to populate the object, check to make sure this command returns at least one valid object.
WARNING: [Vivado 12-584] No ports matched 'btnCpuReset'. [C:/users/joao/desktop/cr/git/reconfigurable_computing/projecto_final/Nexys4_Master.xdc:191]
CRITICAL WARNING: [Common 17-55] 'set_property' expects at least one object. [C:/users/joao/desktop/cr/git/reconfigurable_computing/projecto_final/Nexys4_Master.xdc:191]
Resolution: If [get_<value>] was used to populate the object, check to make sure this command returns at least one valid object.
WARNING: [Vivado 12-584] No ports matched 'btnCpuReset'. [C:/users/joao/desktop/cr/git/reconfigurable_computing/projecto_final/Nexys4_Master.xdc:192]
CRITICAL WARNING: [Common 17-55] 'set_property' expects at least one object. [C:/users/joao/desktop/cr/git/reconfigurable_computing/projecto_final/Nexys4_Master.xdc:192]
Resolution: If [get_<value>] was used to populate the object, check to make sure this command returns at least one valid object.
WARNING: [Vivado 12-584] No ports matched 'btnC'. [C:/users/joao/desktop/cr/git/reconfigurable_computing/projecto_final/Nexys4_Master.xdc:194]
CRITICAL WARNING: [Common 17-55] 'set_property' expects at least one object. [C:/users/joao/desktop/cr/git/reconfigurable_computing/projecto_final/Nexys4_Master.xdc:194]
Resolution: If [get_<value>] was used to populate the object, check to make sure this command returns at least one valid object.
WARNING: [Vivado 12-584] No ports matched 'btnC'. [C:/users/joao/desktop/cr/git/reconfigurable_computing/projecto_final/Nexys4_Master.xdc:195]
CRITICAL WARNING: [Common 17-55] 'set_property' expects at least one object. [C:/users/joao/desktop/cr/git/reconfigurable_computing/projecto_final/Nexys4_Master.xdc:195]
Resolution: If [get_<value>] was used to populate the object, check to make sure this command returns at least one valid object.
WARNING: [Vivado 12-584] No ports matched 'btnU'. [C:/users/joao/desktop/cr/git/reconfigurable_computing/projecto_final/Nexys4_Master.xdc:197]
CRITICAL WARNING: [Common 17-55] 'set_property' expects at least one object. [C:/users/joao/desktop/cr/git/reconfigurable_computing/projecto_final/Nexys4_Master.xdc:197]
Resolution: If [get_<value>] was used to populate the object, check to make sure this command returns at least one valid object.
WARNING: [Vivado 12-584] No ports matched 'btnU'. [C:/users/joao/desktop/cr/git/reconfigurable_computing/projecto_final/Nexys4_Master.xdc:198]
CRITICAL WARNING: [Common 17-55] 'set_property' expects at least one object. [C:/users/joao/desktop/cr/git/reconfigurable_computing/projecto_final/Nexys4_Master.xdc:198]
Resolution: If [get_<value>] was used to populate the object, check to make sure this command returns at least one valid object.
WARNING: [Vivado 12-584] No ports matched 'btnL'. [C:/users/joao/desktop/cr/git/reconfigurable_computing/projecto_final/Nexys4_Master.xdc:200]
CRITICAL WARNING: [Common 17-55] 'set_property' expects at least one object. [C:/users/joao/desktop/cr/git/reconfigurable_computing/projecto_final/Nexys4_Master.xdc:200]
Resolution: If [get_<value>] was used to populate the object, check to make sure this command returns at least one valid object.
WARNING: [Vivado 12-584] No ports matched 'btnL'. [C:/users/joao/desktop/cr/git/reconfigurable_computing/projecto_final/Nexys4_Master.xdc:201]
CRITICAL WARNING: [Common 17-55] 'set_property' expects at least one object. [C:/users/joao/desktop/cr/git/reconfigurable_computing/projecto_final/Nexys4_Master.xdc:201]
Resolution: If [get_<value>] was used to populate the object, check to make sure this command returns at least one valid object.
WARNING: [Vivado 12-584] No ports matched 'btnR'. [C:/users/joao/desktop/cr/git/reconfigurable_computing/projecto_final/Nexys4_Master.xdc:203]
CRITICAL WARNING: [Common 17-55] 'set_property' expects at least one object. [C:/users/joao/desktop/cr/git/reconfigurable_computing/projecto_final/Nexys4_Master.xdc:203]
Resolution: If [get_<value>] was used to populate the object, check to make sure this command returns at least one valid object.
WARNING: [Vivado 12-584] No ports matched 'btnR'. [C:/users/joao/desktop/cr/git/reconfigurable_computing/projecto_final/Nexys4_Master.xdc:204]
CRITICAL WARNING: [Common 17-55] 'set_property' expects at least one object. [C:/users/joao/desktop/cr/git/reconfigurable_computing/projecto_final/Nexys4_Master.xdc:204]
Resolution: If [get_<value>] was used to populate the object, check to make sure this command returns at least one valid object.
WARNING: [Vivado 12-584] No ports matched 'btnD'. [C:/users/joao/desktop/cr/git/reconfigurable_computing/projecto_final/Nexys4_Master.xdc:206]
CRITICAL WARNING: [Common 17-55] 'set_property' expects at least one object. [C:/users/joao/desktop/cr/git/reconfigurable_computing/projecto_final/Nexys4_Master.xdc:206]
Resolution: If [get_<value>] was used to populate the object, check to make sure this command returns at least one valid object.
WARNING: [Vivado 12-584] No ports matched 'btnD'. [C:/users/joao/desktop/cr/git/reconfigurable_computing/projecto_final/Nexys4_Master.xdc:207]
CRITICAL WARNING: [Common 17-55] 'set_property' expects at least one object. [C:/users/joao/desktop/cr/git/reconfigurable_computing/projecto_final/Nexys4_Master.xdc:207]
Resolution: If [get_<value>] was used to populate the object, check to make sure this command returns at least one valid object.
Finished Parsing XDC File [C:/users/joao/desktop/cr/git/reconfigurable_computing/projecto_final/Nexys4_Master.xdc]
INFO: [Project 1-236] Implementation specific constraints were found while reading constraint file [C:/users/joao/desktop/cr/git/reconfigurable_computing/projecto_final/Nexys4_Master.xdc]. These constraints will be ignored for synthesis but will be used in implementation. Impacted constraints are listed in the file [.Xil/bit_32_disp_wrapper_propImpl.xdc].
Resolution: To avoid this warning, move constraints listed in [.Xil/bit_32_disp_wrapper_propImpl.xdc] to another XDC file and exclude this new file from synthesis with the used_in_synthesis property (File Properties dialog in GUI) and re-run elaboration/synthesis.
Parsing XDC File [C:/Users/Joao/Desktop/cr/Git/Reconfigurable_Computing/Projecto_final/bit32disp/bit32disp.runs/synth_1/dont_touch.xdc]
Finished Parsing XDC File [C:/Users/Joao/Desktop/cr/Git/Reconfigurable_Computing/Projecto_final/bit32disp/bit32disp.runs/synth_1/dont_touch.xdc]
Completed Processing XDC Constraints

INFO: [Project 1-111] Unisim Transformation Summary:
No Unisim elements were transformed.

Constraint Validation Runtime : Time (s): cpu = 00:00:00 ; elapsed = 00:00:00.035 . Memory (MB): peak = 634.094 ; gain = 0.000
---------------------------------------------------------------------------------
Finished Constraint Validation : Time (s): cpu = 00:00:22 ; elapsed = 00:00:39 . Memory (MB): peak = 634.094 ; gain = 423.863
---------------------------------------------------------------------------------
---------------------------------------------------------------------------------
Start Loading Part and Timing Information
---------------------------------------------------------------------------------
Loading part: xc7a100tcsg324-1
---------------------------------------------------------------------------------
Finished Loading Part and Timing Information : Time (s): cpu = 00:00:22 ; elapsed = 00:00:39 . Memory (MB): peak = 634.094 ; gain = 423.863
---------------------------------------------------------------------------------
---------------------------------------------------------------------------------
Start Applying 'set_property' XDC Constraints
---------------------------------------------------------------------------------
Applied set_property DONT_TOUCH = true for bit_32_disp_i. (constraint file  auto generated constraint, line ).
Applied set_property DONT_TOUCH = true for bit_32_disp_i/EightDispControl_0. (constraint file  auto generated constraint, line ).
Applied set_property DONT_TOUCH = true for bit_32_disp_i/xlslice_0. (constraint file  auto generated constraint, line ).
Applied set_property DONT_TOUCH = true for bit_32_disp_i/xlslice_2. (constraint file  auto generated constraint, line ).
Applied set_property DONT_TOUCH = true for bit_32_disp_i/xlslice_3. (constraint file  auto generated constraint, line ).
Applied set_property DONT_TOUCH = true for bit_32_disp_i/xlslice_4. (constraint file  auto generated constraint, line ).
Applied set_property DONT_TOUCH = true for bit_32_disp_i/xlslice_5. (constraint file  auto generated constraint, line ).
Applied set_property DONT_TOUCH = true for bit_32_disp_i/xlslice_6. (constraint file  auto generated constraint, line ).
Applied set_property DONT_TOUCH = true for bit_32_disp_i/xlslice_7. (constraint file  auto generated constraint, line ).
Applied set_property DONT_TOUCH = true for bit_32_disp_i/xlslice_8. (constraint file  auto generated constraint, line ).
---------------------------------------------------------------------------------
Finished applying 'set_property' XDC Constraints : Time (s): cpu = 00:00:22 ; elapsed = 00:00:39 . Memory (MB): peak = 634.094 ; gain = 423.863
---------------------------------------------------------------------------------
---------------------------------------------------------------------------------
Finished RTL Optimization Phase 2 : Time (s): cpu = 00:00:22 ; elapsed = 00:00:40 . Memory (MB): peak = 634.094 ; gain = 423.863
---------------------------------------------------------------------------------

Report RTL Partitions: 
+-+--------------+------------+----------+
| |RTL Partition |Replication |Instances |
+-+--------------+------------+----------+
+-+--------------+------------+----------+
---------------------------------------------------------------------------------
Start RTL Component Statistics 
---------------------------------------------------------------------------------
Detailed RTL Component Info : 
+---Muxes : 
	   8 Input      8 Bit        Muxes := 1     
---------------------------------------------------------------------------------
Finished RTL Component Statistics 
---------------------------------------------------------------------------------
---------------------------------------------------------------------------------
Start RTL Hierarchical Component Statistics 
---------------------------------------------------------------------------------
Hierarchical RTL Component report 
Module EightDispControl 
Detailed RTL Component Info : 
+---Muxes : 
	   8 Input      8 Bit        Muxes := 1     
---------------------------------------------------------------------------------
Finished RTL Hierarchical Component Statistics
---------------------------------------------------------------------------------
---------------------------------------------------------------------------------
Start Part Resource Summary
---------------------------------------------------------------------------------
Part Resources:
DSPs: 240 (col length:80)
BRAMs: 270 (col length: RAMB18 80 RAMB36 40)
---------------------------------------------------------------------------------
Finished Part Resource Summary
---------------------------------------------------------------------------------
---------------------------------------------------------------------------------
Start Cross Boundary and Area Optimization
---------------------------------------------------------------------------------
INFO: [Synth 8-5544] ROM "p_0_out" won't be mapped to Block RAM because address size (4) smaller than threshold (5)
---------------------------------------------------------------------------------
Finished Cross Boundary and Area Optimization : Time (s): cpu = 00:00:23 ; elapsed = 00:00:49 . Memory (MB): peak = 634.094 ; gain = 423.863
---------------------------------------------------------------------------------

Report RTL Partitions: 
+-+--------------+------------+----------+
| |RTL Partition |Replication |Instances |
+-+--------------+------------+----------+
+-+--------------+------------+----------+
---------------------------------------------------------------------------------
Start Timing Optimization
---------------------------------------------------------------------------------
---------------------------------------------------------------------------------
Start Applying XDC Timing Constraints
---------------------------------------------------------------------------------
---------------------------------------------------------------------------------
Finished Applying XDC Timing Constraints : Time (s): cpu = 00:00:36 ; elapsed = 00:01:05 . Memory (MB): peak = 634.094 ; gain = 423.863
---------------------------------------------------------------------------------
---------------------------------------------------------------------------------
Finished Timing Optimization : Time (s): cpu = 00:00:36 ; elapsed = 00:01:05 . Memory (MB): peak = 634.094 ; gain = 423.863
---------------------------------------------------------------------------------

Report RTL Partitions: 
+-+--------------+------------+----------+
| |RTL Partition |Replication |Instances |
+-+--------------+------------+----------+
+-+--------------+------------+----------+
---------------------------------------------------------------------------------
Start Technology Mapping
---------------------------------------------------------------------------------
---------------------------------------------------------------------------------
Finished Technology Mapping : Time (s): cpu = 00:00:36 ; elapsed = 00:01:05 . Memory (MB): peak = 634.094 ; gain = 423.863
---------------------------------------------------------------------------------

Report RTL Partitions: 
+-+--------------+------------+----------+
| |RTL Partition |Replication |Instances |
+-+--------------+------------+----------+
+-+--------------+------------+----------+
---------------------------------------------------------------------------------
Start IO Insertion
---------------------------------------------------------------------------------
---------------------------------------------------------------------------------
Start Flattening Before IO Insertion
---------------------------------------------------------------------------------
---------------------------------------------------------------------------------
Finished Flattening Before IO Insertion
---------------------------------------------------------------------------------
---------------------------------------------------------------------------------
Start Final Netlist Cleanup
---------------------------------------------------------------------------------
---------------------------------------------------------------------------------
Finished Final Netlist Cleanup
---------------------------------------------------------------------------------
---------------------------------------------------------------------------------
Finished IO Insertion : Time (s): cpu = 00:00:37 ; elapsed = 00:01:06 . Memory (MB): peak = 634.094 ; gain = 423.863
---------------------------------------------------------------------------------

Report Check Netlist: 
+------+------------------+-------+---------+-------+------------------+
|      |Item              |Errors |Warnings |Status |Description       |
+------+------------------+-------+---------+-------+------------------+
|1     |multi_driven_nets |      0|        0|Passed |Multi driven nets |
+------+------------------+-------+---------+-------+------------------+
---------------------------------------------------------------------------------
Start Renaming Generated Instances
---------------------------------------------------------------------------------
---------------------------------------------------------------------------------
Finished Renaming Generated Instances : Time (s): cpu = 00:00:37 ; elapsed = 00:01:06 . Memory (MB): peak = 634.094 ; gain = 423.863
---------------------------------------------------------------------------------

Report RTL Partitions: 
+-+--------------+------------+----------+
| |RTL Partition |Replication |Instances |
+-+--------------+------------+----------+
+-+--------------+------------+----------+
---------------------------------------------------------------------------------
Start Rebuilding User Hierarchy
---------------------------------------------------------------------------------
---------------------------------------------------------------------------------
Finished Rebuilding User Hierarchy : Time (s): cpu = 00:00:37 ; elapsed = 00:01:06 . Memory (MB): peak = 634.094 ; gain = 423.863
---------------------------------------------------------------------------------
---------------------------------------------------------------------------------
Start Renaming Generated Ports
---------------------------------------------------------------------------------
---------------------------------------------------------------------------------
Finished Renaming Generated Ports : Time (s): cpu = 00:00:37 ; elapsed = 00:01:06 . Memory (MB): peak = 634.094 ; gain = 423.863
---------------------------------------------------------------------------------
---------------------------------------------------------------------------------
Start Handling Custom Attributes
---------------------------------------------------------------------------------
---------------------------------------------------------------------------------
Finished Handling Custom Attributes : Time (s): cpu = 00:00:38 ; elapsed = 00:01:06 . Memory (MB): peak = 634.094 ; gain = 423.863
---------------------------------------------------------------------------------
---------------------------------------------------------------------------------
Start Renaming Generated Nets
---------------------------------------------------------------------------------
---------------------------------------------------------------------------------
Finished Renaming Generated Nets : Time (s): cpu = 00:00:38 ; elapsed = 00:01:06 . Memory (MB): peak = 634.094 ; gain = 423.863
---------------------------------------------------------------------------------
---------------------------------------------------------------------------------
Start Writing Synthesis Report
---------------------------------------------------------------------------------

Report BlackBoxes: 
+-+--------------+----------+
| |BlackBox name |Instances |
+-+--------------+----------+
+-+--------------+----------+

Report Cell Usage: 
+------+-------+------+
|      |Cell   |Count |
+------+-------+------+
|1     |BUFG   |     1|
|2     |CARRY4 |     5|
|3     |LUT1   |    17|
|4     |LUT3   |     8|
|5     |LUT4   |     7|
|6     |LUT6   |     8|
|7     |MUXF7  |     4|
|8     |FDRE   |    17|
|9     |IBUF   |    33|
|10    |OBUF   |    15|
+------+-------+------+

Report Instance Areas: 
+------+-----------------------+---------------------------------+------+
|      |Instance               |Module                           |Cells |
+------+-----------------------+---------------------------------+------+
|1     |top                    |                                 |   115|
|2     |  bit_32_disp_i        |bit_32_disp                      |    66|
|3     |    EightDispControl_0 |bit_32_disp_EightDispControl_0_0 |    66|
|4     |      U0               |EightDispControl                 |    66|
|5     |    xlslice_0          |bit_32_disp_xlslice_0_0          |     0|
|6     |    xlslice_2          |bit_32_disp_xlslice_0_2          |     0|
|7     |    xlslice_3          |bit_32_disp_xlslice_0_3          |     0|
|8     |    xlslice_4          |bit_32_disp_xlslice_0_4          |     0|
|9     |    xlslice_5          |bit_32_disp_xlslice_0_5          |     0|
|10    |    xlslice_6          |bit_32_disp_xlslice_0_6          |     0|
|11    |    xlslice_7          |bit_32_disp_xlslice_0_7          |     0|
|12    |    xlslice_8          |bit_32_disp_xlslice_0_8          |     0|
+------+-----------------------+---------------------------------+------+
---------------------------------------------------------------------------------
Finished Writing Synthesis Report : Time (s): cpu = 00:00:38 ; elapsed = 00:01:06 . Memory (MB): peak = 634.094 ; gain = 423.863
---------------------------------------------------------------------------------
Synthesis finished with 0 errors, 0 critical warnings and 224 warnings.
Synthesis Optimization Runtime : Time (s): cpu = 00:00:21 ; elapsed = 00:00:42 . Memory (MB): peak = 634.094 ; gain = 112.227
Synthesis Optimization Complete : Time (s): cpu = 00:00:38 ; elapsed = 00:01:07 . Memory (MB): peak = 634.094 ; gain = 423.863
INFO: [Project 1-571] Translating synthesized netlist
INFO: [Netlist 29-17] Analyzing 38 Unisim elements for replacement
INFO: [Netlist 29-28] Unisim Transformation completed in 0 CPU seconds
INFO: [Project 1-570] Preparing netlist for logic optimization
INFO: [Opt 31-138] Pushed 0 inverter(s) to 0 load pin(s).
INFO: [Project 1-111] Unisim Transformation Summary:
No Unisim elements were transformed.

INFO: [Common 17-83] Releasing license: Synthesis
63 Infos, 177 Warnings, 76 Critical Warnings and 0 Errors encountered.
synth_design completed successfully
synth_design: Time (s): cpu = 00:00:35 ; elapsed = 00:01:00 . Memory (MB): peak = 634.094 ; gain = 418.645
INFO: [Common 17-1381] The checkpoint 'C:/Users/Joao/Desktop/cr/Git/Reconfigurable_Computing/Projecto_final/bit32disp/bit32disp.runs/synth_1/bit_32_disp_wrapper.dcp' has been generated.
report_utilization: Time (s): cpu = 00:00:00 ; elapsed = 00:00:00.299 . Memory (MB): peak = 634.094 ; gain = 0.000
INFO: [Common 17-206] Exiting Vivado at Sun May 28 23:48:29 2017...
