
*** Running vivado
    with args -log Find1000_RandomGenerator_0_1.vds -m64 -product Vivado -mode batch -messageDb vivado.pb -notrace -source Find1000_RandomGenerator_0_1.tcl


****** Vivado v2016.4 (64-bit)
  **** SW Build 1756540 on Mon Jan 23 19:11:23 MST 2017
  **** IP Build 1755317 on Mon Jan 23 20:30:07 MST 2017
    ** Copyright 1986-2016 Xilinx, Inc. All Rights Reserved.

source Find1000_RandomGenerator_0_1.tcl -notrace
Command: synth_design -top Find1000_RandomGenerator_0_1 -part xc7a100tcsg324-1 -mode out_of_context
Starting synth_design
Attempting to get a license for feature 'Synthesis' and/or device 'xc7a100t'
INFO: [Common 17-349] Got license for feature 'Synthesis' and/or device 'xc7a100t'
INFO: Launching helper process for spawning children vivado processes
INFO: Helper process launched with PID 18172 
---------------------------------------------------------------------------------
Starting Synthesize : Time (s): cpu = 00:00:08 ; elapsed = 00:00:11 . Memory (MB): peak = 289.586 ; gain = 79.418
---------------------------------------------------------------------------------
INFO: [Synth 8-638] synthesizing module 'Find1000_RandomGenerator_0_1' [c:/Users/Joao/Desktop/cr/Git/Reconfigurable_Computing/Lesson3/Ex3/Ex3.srcs/sources_1/bd/Find1000/ip/Find1000_RandomGenerator_0_1/synth/Find1000_RandomGenerator_0_1.vhd:63]
	Parameter width bound to: 1000 - type: integer 
INFO: [Synth 8-3491] module 'RandomGenerator' declared at 'c:/Users/Joao/Desktop/cr/Git/Reconfigurable_Computing/Lesson3/Ex3/Ex3.srcs/sources_1/bd/Find1000/ipshared/7f8a/RandomGenerator.vhd:7' bound to instance 'U0' of component 'RandomGenerator' [c:/Users/Joao/Desktop/cr/Git/Reconfigurable_Computing/Lesson3/Ex3/Ex3.srcs/sources_1/bd/Find1000/ip/Find1000_RandomGenerator_0_1/synth/Find1000_RandomGenerator_0_1.vhd:84]
INFO: [Synth 8-638] synthesizing module 'RandomGenerator' [c:/Users/Joao/Desktop/cr/Git/Reconfigurable_Computing/Lesson3/Ex3/Ex3.srcs/sources_1/bd/Find1000/ipshared/7f8a/RandomGenerator.vhd:15]
	Parameter width bound to: 1000 - type: integer 
WARNING: [Synth 8-3848] Net random_number in module/entity RandomGenerator does not have driver. [c:/Users/Joao/Desktop/cr/Git/Reconfigurable_Computing/Lesson3/Ex3/Ex3.srcs/sources_1/bd/Find1000/ipshared/7f8a/RandomGenerator.vhd:11]
INFO: [Synth 8-256] done synthesizing module 'RandomGenerator' (1#1) [c:/Users/Joao/Desktop/cr/Git/Reconfigurable_Computing/Lesson3/Ex3/Ex3.srcs/sources_1/bd/Find1000/ipshared/7f8a/RandomGenerator.vhd:15]
INFO: [Synth 8-256] done synthesizing module 'Find1000_RandomGenerator_0_1' (2#1) [c:/Users/Joao/Desktop/cr/Git/Reconfigurable_Computing/Lesson3/Ex3/Ex3.srcs/sources_1/bd/Find1000/ip/Find1000_RandomGenerator_0_1/synth/Find1000_RandomGenerator_0_1.vhd:63]
WARNING: [Synth 8-3331] design RandomGenerator has unconnected port random_number[999]
WARNING: [Synth 8-3331] design RandomGenerator has unconnected port random_number[998]
WARNING: [Synth 8-3331] design RandomGenerator has unconnected port random_number[997]
WARNING: [Synth 8-3331] design RandomGenerator has unconnected port random_number[996]
WARNING: [Synth 8-3331] design RandomGenerator has unconnected port random_number[995]
WARNING: [Synth 8-3331] design RandomGenerator has unconnected port random_number[994]
WARNING: [Synth 8-3331] design RandomGenerator has unconnected port random_number[993]
WARNING: [Synth 8-3331] design RandomGenerator has unconnected port random_number[992]
WARNING: [Synth 8-3331] design RandomGenerator has unconnected port random_number[991]
WARNING: [Synth 8-3331] design RandomGenerator has unconnected port random_number[990]
WARNING: [Synth 8-3331] design RandomGenerator has unconnected port random_number[989]
WARNING: [Synth 8-3331] design RandomGenerator has unconnected port random_number[988]
WARNING: [Synth 8-3331] design RandomGenerator has unconnected port random_number[987]
WARNING: [Synth 8-3331] design RandomGenerator has unconnected port random_number[986]
WARNING: [Synth 8-3331] design RandomGenerator has unconnected port random_number[985]
WARNING: [Synth 8-3331] design RandomGenerator has unconnected port random_number[984]
WARNING: [Synth 8-3331] design RandomGenerator has unconnected port random_number[983]
WARNING: [Synth 8-3331] design RandomGenerator has unconnected port random_number[982]
WARNING: [Synth 8-3331] design RandomGenerator has unconnected port random_number[981]
WARNING: [Synth 8-3331] design RandomGenerator has unconnected port random_number[980]
WARNING: [Synth 8-3331] design RandomGenerator has unconnected port random_number[979]
WARNING: [Synth 8-3331] design RandomGenerator has unconnected port random_number[978]
WARNING: [Synth 8-3331] design RandomGenerator has unconnected port random_number[977]
WARNING: [Synth 8-3331] design RandomGenerator has unconnected port random_number[976]
WARNING: [Synth 8-3331] design RandomGenerator has unconnected port random_number[975]
WARNING: [Synth 8-3331] design RandomGenerator has unconnected port random_number[974]
WARNING: [Synth 8-3331] design RandomGenerator has unconnected port random_number[973]
WARNING: [Synth 8-3331] design RandomGenerator has unconnected port random_number[972]
WARNING: [Synth 8-3331] design RandomGenerator has unconnected port random_number[971]
WARNING: [Synth 8-3331] design RandomGenerator has unconnected port random_number[970]
WARNING: [Synth 8-3331] design RandomGenerator has unconnected port random_number[969]
WARNING: [Synth 8-3331] design RandomGenerator has unconnected port random_number[968]
WARNING: [Synth 8-3331] design RandomGenerator has unconnected port random_number[967]
WARNING: [Synth 8-3331] design RandomGenerator has unconnected port random_number[966]
WARNING: [Synth 8-3331] design RandomGenerator has unconnected port random_number[965]
WARNING: [Synth 8-3331] design RandomGenerator has unconnected port random_number[964]
WARNING: [Synth 8-3331] design RandomGenerator has unconnected port random_number[963]
WARNING: [Synth 8-3331] design RandomGenerator has unconnected port random_number[962]
WARNING: [Synth 8-3331] design RandomGenerator has unconnected port random_number[961]
WARNING: [Synth 8-3331] design RandomGenerator has unconnected port random_number[960]
WARNING: [Synth 8-3331] design RandomGenerator has unconnected port random_number[959]
WARNING: [Synth 8-3331] design RandomGenerator has unconnected port random_number[958]
WARNING: [Synth 8-3331] design RandomGenerator has unconnected port random_number[957]
WARNING: [Synth 8-3331] design RandomGenerator has unconnected port random_number[956]
WARNING: [Synth 8-3331] design RandomGenerator has unconnected port random_number[955]
WARNING: [Synth 8-3331] design RandomGenerator has unconnected port random_number[954]
WARNING: [Synth 8-3331] design RandomGenerator has unconnected port random_number[953]
WARNING: [Synth 8-3331] design RandomGenerator has unconnected port random_number[952]
WARNING: [Synth 8-3331] design RandomGenerator has unconnected port random_number[951]
WARNING: [Synth 8-3331] design RandomGenerator has unconnected port random_number[950]
WARNING: [Synth 8-3331] design RandomGenerator has unconnected port random_number[949]
WARNING: [Synth 8-3331] design RandomGenerator has unconnected port random_number[948]
WARNING: [Synth 8-3331] design RandomGenerator has unconnected port random_number[947]
WARNING: [Synth 8-3331] design RandomGenerator has unconnected port random_number[946]
WARNING: [Synth 8-3331] design RandomGenerator has unconnected port random_number[945]
WARNING: [Synth 8-3331] design RandomGenerator has unconnected port random_number[944]
WARNING: [Synth 8-3331] design RandomGenerator has unconnected port random_number[943]
WARNING: [Synth 8-3331] design RandomGenerator has unconnected port random_number[942]
WARNING: [Synth 8-3331] design RandomGenerator has unconnected port random_number[941]
WARNING: [Synth 8-3331] design RandomGenerator has unconnected port random_number[940]
WARNING: [Synth 8-3331] design RandomGenerator has unconnected port random_number[939]
WARNING: [Synth 8-3331] design RandomGenerator has unconnected port random_number[938]
WARNING: [Synth 8-3331] design RandomGenerator has unconnected port random_number[937]
WARNING: [Synth 8-3331] design RandomGenerator has unconnected port random_number[936]
WARNING: [Synth 8-3331] design RandomGenerator has unconnected port random_number[935]
WARNING: [Synth 8-3331] design RandomGenerator has unconnected port random_number[934]
WARNING: [Synth 8-3331] design RandomGenerator has unconnected port random_number[933]
WARNING: [Synth 8-3331] design RandomGenerator has unconnected port random_number[932]
WARNING: [Synth 8-3331] design RandomGenerator has unconnected port random_number[931]
WARNING: [Synth 8-3331] design RandomGenerator has unconnected port random_number[930]
WARNING: [Synth 8-3331] design RandomGenerator has unconnected port random_number[929]
WARNING: [Synth 8-3331] design RandomGenerator has unconnected port random_number[928]
WARNING: [Synth 8-3331] design RandomGenerator has unconnected port random_number[927]
WARNING: [Synth 8-3331] design RandomGenerator has unconnected port random_number[926]
WARNING: [Synth 8-3331] design RandomGenerator has unconnected port random_number[925]
WARNING: [Synth 8-3331] design RandomGenerator has unconnected port random_number[924]
WARNING: [Synth 8-3331] design RandomGenerator has unconnected port random_number[923]
WARNING: [Synth 8-3331] design RandomGenerator has unconnected port random_number[922]
WARNING: [Synth 8-3331] design RandomGenerator has unconnected port random_number[921]
WARNING: [Synth 8-3331] design RandomGenerator has unconnected port random_number[920]
WARNING: [Synth 8-3331] design RandomGenerator has unconnected port random_number[919]
WARNING: [Synth 8-3331] design RandomGenerator has unconnected port random_number[918]
WARNING: [Synth 8-3331] design RandomGenerator has unconnected port random_number[917]
WARNING: [Synth 8-3331] design RandomGenerator has unconnected port random_number[916]
WARNING: [Synth 8-3331] design RandomGenerator has unconnected port random_number[915]
WARNING: [Synth 8-3331] design RandomGenerator has unconnected port random_number[914]
WARNING: [Synth 8-3331] design RandomGenerator has unconnected port random_number[913]
WARNING: [Synth 8-3331] design RandomGenerator has unconnected port random_number[912]
WARNING: [Synth 8-3331] design RandomGenerator has unconnected port random_number[911]
WARNING: [Synth 8-3331] design RandomGenerator has unconnected port random_number[910]
WARNING: [Synth 8-3331] design RandomGenerator has unconnected port random_number[909]
WARNING: [Synth 8-3331] design RandomGenerator has unconnected port random_number[908]
WARNING: [Synth 8-3331] design RandomGenerator has unconnected port random_number[907]
WARNING: [Synth 8-3331] design RandomGenerator has unconnected port random_number[906]
WARNING: [Synth 8-3331] design RandomGenerator has unconnected port random_number[905]
WARNING: [Synth 8-3331] design RandomGenerator has unconnected port random_number[904]
WARNING: [Synth 8-3331] design RandomGenerator has unconnected port random_number[903]
WARNING: [Synth 8-3331] design RandomGenerator has unconnected port random_number[902]
WARNING: [Synth 8-3331] design RandomGenerator has unconnected port random_number[901]
WARNING: [Synth 8-3331] design RandomGenerator has unconnected port random_number[900]
INFO: [Common 17-14] Message 'Synth 8-3331' appears 100 times and further instances of the messages will be disabled. Use the Tcl command set_msg_config to change the current settings.
---------------------------------------------------------------------------------
Finished Synthesize : Time (s): cpu = 00:00:09 ; elapsed = 00:00:12 . Memory (MB): peak = 327.090 ; gain = 116.922
---------------------------------------------------------------------------------
---------------------------------------------------------------------------------
Finished Constraint Validation : Time (s): cpu = 00:00:09 ; elapsed = 00:00:12 . Memory (MB): peak = 327.090 ; gain = 116.922
---------------------------------------------------------------------------------
---------------------------------------------------------------------------------
Start Loading Part and Timing Information
---------------------------------------------------------------------------------
Loading part: xc7a100tcsg324-1
---------------------------------------------------------------------------------
Finished Loading Part and Timing Information : Time (s): cpu = 00:00:09 ; elapsed = 00:00:12 . Memory (MB): peak = 327.090 ; gain = 116.922
---------------------------------------------------------------------------------
INFO: [Device 21-403] Loading part xc7a100tcsg324-1
---------------------------------------------------------------------------------
Finished RTL Optimization Phase 2 : Time (s): cpu = 00:00:09 ; elapsed = 00:00:12 . Memory (MB): peak = 335.684 ; gain = 125.516
---------------------------------------------------------------------------------

Report RTL Partitions: 
+-+--------------+------------+----------+
| |RTL Partition |Replication |Instances |
+-+--------------+------------+----------+
+-+--------------+------------+----------+
No constraint files found.
---------------------------------------------------------------------------------
Start RTL Component Statistics 
---------------------------------------------------------------------------------
Detailed RTL Component Info : 
---------------------------------------------------------------------------------
Finished RTL Component Statistics 
---------------------------------------------------------------------------------
---------------------------------------------------------------------------------
Start RTL Hierarchical Component Statistics 
---------------------------------------------------------------------------------
Hierarchical RTL Component report 
---------------------------------------------------------------------------------
Finished RTL Hierarchical Component Statistics
---------------------------------------------------------------------------------
---------------------------------------------------------------------------------
Start Part Resource Summary
---------------------------------------------------------------------------------
Part Resources:
DSPs: 240 (col length:80)
BRAMs: 270 (col length: RAMB18 80 RAMB36 40)
---------------------------------------------------------------------------------
Finished Part Resource Summary
---------------------------------------------------------------------------------
No constraint files found.
---------------------------------------------------------------------------------
Start Cross Boundary and Area Optimization
---------------------------------------------------------------------------------
WARNING: [Synth 8-3330] design Find1000_RandomGenerator_0_1 has an empty top module
---------------------------------------------------------------------------------
Finished Cross Boundary and Area Optimization : Time (s): cpu = 00:00:14 ; elapsed = 00:00:17 . Memory (MB): peak = 446.742 ; gain = 236.574
---------------------------------------------------------------------------------

Report RTL Partitions: 
+-+--------------+------------+----------+
| |RTL Partition |Replication |Instances |
+-+--------------+------------+----------+
+-+--------------+------------+----------+
---------------------------------------------------------------------------------
Start Timing Optimization
---------------------------------------------------------------------------------
No constraint files found.
---------------------------------------------------------------------------------
Finished Timing Optimization : Time (s): cpu = 00:00:14 ; elapsed = 00:00:17 . Memory (MB): peak = 446.742 ; gain = 236.574
---------------------------------------------------------------------------------

Report RTL Partitions: 
+-+--------------+------------+----------+
| |RTL Partition |Replication |Instances |
+-+--------------+------------+----------+
+-+--------------+------------+----------+
---------------------------------------------------------------------------------
Start Technology Mapping
---------------------------------------------------------------------------------
---------------------------------------------------------------------------------
Finished Technology Mapping : Time (s): cpu = 00:00:14 ; elapsed = 00:00:17 . Memory (MB): peak = 449.410 ; gain = 239.242
---------------------------------------------------------------------------------

Report RTL Partitions: 
+-+--------------+------------+----------+
| |RTL Partition |Replication |Instances |
+-+--------------+------------+----------+
+-+--------------+------------+----------+
---------------------------------------------------------------------------------
Start IO Insertion
---------------------------------------------------------------------------------
---------------------------------------------------------------------------------
Start Flattening Before IO Insertion
---------------------------------------------------------------------------------
---------------------------------------------------------------------------------
Finished Flattening Before IO Insertion
---------------------------------------------------------------------------------
---------------------------------------------------------------------------------
Start Final Netlist Cleanup
---------------------------------------------------------------------------------
---------------------------------------------------------------------------------
Finished Final Netlist Cleanup
---------------------------------------------------------------------------------
---------------------------------------------------------------------------------
Finished IO Insertion : Time (s): cpu = 00:00:14 ; elapsed = 00:00:18 . Memory (MB): peak = 449.410 ; gain = 239.242
---------------------------------------------------------------------------------

Report Check Netlist: 
+------+------------------+-------+---------+-------+------------------+
|      |Item              |Errors |Warnings |Status |Description       |
+------+------------------+-------+---------+-------+------------------+
|1     |multi_driven_nets |      0|        0|Passed |Multi driven nets |
+------+------------------+-------+---------+-------+------------------+
---------------------------------------------------------------------------------
Start Renaming Generated Instances
---------------------------------------------------------------------------------
---------------------------------------------------------------------------------
Finished Renaming Generated Instances : Time (s): cpu = 00:00:14 ; elapsed = 00:00:18 . Memory (MB): peak = 449.410 ; gain = 239.242
---------------------------------------------------------------------------------

Report RTL Partitions: 
+-+--------------+------------+----------+
| |RTL Partition |Replication |Instances |
+-+--------------+------------+----------+
+-+--------------+------------+----------+
---------------------------------------------------------------------------------
Start Rebuilding User Hierarchy
---------------------------------------------------------------------------------
---------------------------------------------------------------------------------
Finished Rebuilding User Hierarchy : Time (s): cpu = 00:00:14 ; elapsed = 00:00:18 . Memory (MB): peak = 449.410 ; gain = 239.242
---------------------------------------------------------------------------------
---------------------------------------------------------------------------------
Start Renaming Generated Ports
---------------------------------------------------------------------------------
---------------------------------------------------------------------------------
Finished Renaming Generated Ports : Time (s): cpu = 00:00:14 ; elapsed = 00:00:18 . Memory (MB): peak = 449.410 ; gain = 239.242
---------------------------------------------------------------------------------
---------------------------------------------------------------------------------
Start Handling Custom Attributes
---------------------------------------------------------------------------------
---------------------------------------------------------------------------------
Finished Handling Custom Attributes : Time (s): cpu = 00:00:15 ; elapsed = 00:00:18 . Memory (MB): peak = 449.410 ; gain = 239.242
---------------------------------------------------------------------------------
---------------------------------------------------------------------------------
Start Renaming Generated Nets
---------------------------------------------------------------------------------
---------------------------------------------------------------------------------
Finished Renaming Generated Nets : Time (s): cpu = 00:00:15 ; elapsed = 00:00:18 . Memory (MB): peak = 449.410 ; gain = 239.242
---------------------------------------------------------------------------------
---------------------------------------------------------------------------------
Start Writing Synthesis Report
---------------------------------------------------------------------------------

Report BlackBoxes: 
+-+--------------+----------+
| |BlackBox name |Instances |
+-+--------------+----------+
+-+--------------+----------+

Report Cell Usage: 
+-+-----+------+
| |Cell |Count |
+-+-----+------+
+-+-----+------+

Report Instance Areas: 
+------+---------+-------+------+
|      |Instance |Module |Cells |
+------+---------+-------+------+
|1     |top      |       |     0|
+------+---------+-------+------+
---------------------------------------------------------------------------------
Finished Writing Synthesis Report : Time (s): cpu = 00:00:15 ; elapsed = 00:00:18 . Memory (MB): peak = 449.410 ; gain = 239.242
---------------------------------------------------------------------------------
Synthesis finished with 0 errors, 0 critical warnings and 2004 warnings.
Synthesis Optimization Runtime : Time (s): cpu = 00:00:11 ; elapsed = 00:00:12 . Memory (MB): peak = 449.410 ; gain = 233.969
Synthesis Optimization Complete : Time (s): cpu = 00:00:15 ; elapsed = 00:00:18 . Memory (MB): peak = 449.410 ; gain = 239.242
INFO: [Project 1-571] Translating synthesized netlist
INFO: [Project 1-570] Preparing netlist for logic optimization
INFO: [Opt 31-138] Pushed 0 inverter(s) to 0 load pin(s).
INFO: [Project 1-111] Unisim Transformation Summary:
No Unisim elements were transformed.

INFO: [Common 17-83] Releasing license: Synthesis
13 Infos, 102 Warnings, 0 Critical Warnings and 0 Errors encountered.
synth_design completed successfully
synth_design: Time (s): cpu = 00:00:14 ; elapsed = 00:00:15 . Memory (MB): peak = 526.461 ; gain = 311.020
INFO: [Timing 38-35] Done setting XDC timing constraints.
INFO: [Common 17-1381] The checkpoint 'C:/Users/Joao/Desktop/cr/Git/Reconfigurable_Computing/Lesson3/Ex3/Ex3.runs/Find1000_RandomGenerator_0_1_synth_1/Find1000_RandomGenerator_0_1.dcp' has been generated.
write_checkpoint: Time (s): cpu = 00:00:16 ; elapsed = 00:00:17 . Memory (MB): peak = 908.375 ; gain = 381.914
