
*** Running vivado
    with args -log Find1000_RandomGenerator_0_2.vds -m64 -product Vivado -mode batch -messageDb vivado.pb -notrace -source Find1000_RandomGenerator_0_2.tcl


****** Vivado v2016.4 (64-bit)
  **** SW Build 1756540 on Mon Jan 23 19:11:23 MST 2017
  **** IP Build 1755317 on Mon Jan 23 20:30:07 MST 2017
    ** Copyright 1986-2016 Xilinx, Inc. All Rights Reserved.

source Find1000_RandomGenerator_0_2.tcl -notrace
Command: synth_design -top Find1000_RandomGenerator_0_2 -part xc7a100tcsg324-1 -mode out_of_context
Starting synth_design
Attempting to get a license for feature 'Synthesis' and/or device 'xc7a100t'
INFO: [Common 17-349] Got license for feature 'Synthesis' and/or device 'xc7a100t'
INFO: Launching helper process for spawning children vivado processes
INFO: Helper process launched with PID 12672 
---------------------------------------------------------------------------------
Starting Synthesize : Time (s): cpu = 00:00:07 ; elapsed = 00:00:10 . Memory (MB): peak = 289.867 ; gain = 79.727
---------------------------------------------------------------------------------
INFO: [Synth 8-638] synthesizing module 'Find1000_RandomGenerator_0_2' [c:/Users/Joao/Desktop/cr/Git/Reconfigurable_Computing/Lesson3/Ex3/Ex3.srcs/sources_1/bd/Find1000/ip/Find1000_RandomGenerator_0_2/synth/Find1000_RandomGenerator_0_2.vhd:63]
	Parameter width bound to: 16 - type: integer 
INFO: [Synth 8-3491] module 'RandomGenerator' declared at 'c:/Users/Joao/Desktop/cr/Git/Reconfigurable_Computing/Lesson3/Ex3/Ex3.srcs/sources_1/bd/Find1000/ipshared/41af/RandomGenerator.vhd:7' bound to instance 'U0' of component 'RandomGenerator' [c:/Users/Joao/Desktop/cr/Git/Reconfigurable_Computing/Lesson3/Ex3/Ex3.srcs/sources_1/bd/Find1000/ip/Find1000_RandomGenerator_0_2/synth/Find1000_RandomGenerator_0_2.vhd:84]
INFO: [Synth 8-638] synthesizing module 'RandomGenerator' [c:/Users/Joao/Desktop/cr/Git/Reconfigurable_Computing/Lesson3/Ex3/Ex3.srcs/sources_1/bd/Find1000/ipshared/41af/RandomGenerator.vhd:15]
	Parameter width bound to: 16 - type: integer 
WARNING: [Synth 8-3848] Net random_number in module/entity RandomGenerator does not have driver. [c:/Users/Joao/Desktop/cr/Git/Reconfigurable_Computing/Lesson3/Ex3/Ex3.srcs/sources_1/bd/Find1000/ipshared/41af/RandomGenerator.vhd:11]
INFO: [Synth 8-256] done synthesizing module 'RandomGenerator' (1#1) [c:/Users/Joao/Desktop/cr/Git/Reconfigurable_Computing/Lesson3/Ex3/Ex3.srcs/sources_1/bd/Find1000/ipshared/41af/RandomGenerator.vhd:15]
INFO: [Synth 8-256] done synthesizing module 'Find1000_RandomGenerator_0_2' (2#1) [c:/Users/Joao/Desktop/cr/Git/Reconfigurable_Computing/Lesson3/Ex3/Ex3.srcs/sources_1/bd/Find1000/ip/Find1000_RandomGenerator_0_2/synth/Find1000_RandomGenerator_0_2.vhd:63]
WARNING: [Synth 8-3331] design RandomGenerator has unconnected port random_number[15]
WARNING: [Synth 8-3331] design RandomGenerator has unconnected port random_number[14]
WARNING: [Synth 8-3331] design RandomGenerator has unconnected port random_number[13]
WARNING: [Synth 8-3331] design RandomGenerator has unconnected port random_number[12]
WARNING: [Synth 8-3331] design RandomGenerator has unconnected port random_number[11]
WARNING: [Synth 8-3331] design RandomGenerator has unconnected port random_number[10]
WARNING: [Synth 8-3331] design RandomGenerator has unconnected port random_number[9]
WARNING: [Synth 8-3331] design RandomGenerator has unconnected port random_number[8]
WARNING: [Synth 8-3331] design RandomGenerator has unconnected port random_number[7]
WARNING: [Synth 8-3331] design RandomGenerator has unconnected port random_number[6]
WARNING: [Synth 8-3331] design RandomGenerator has unconnected port random_number[5]
WARNING: [Synth 8-3331] design RandomGenerator has unconnected port random_number[4]
WARNING: [Synth 8-3331] design RandomGenerator has unconnected port random_number[3]
WARNING: [Synth 8-3331] design RandomGenerator has unconnected port random_number[2]
WARNING: [Synth 8-3331] design RandomGenerator has unconnected port random_number[1]
WARNING: [Synth 8-3331] design RandomGenerator has unconnected port random_number[0]
WARNING: [Synth 8-3331] design RandomGenerator has unconnected port clk
---------------------------------------------------------------------------------
Finished Synthesize : Time (s): cpu = 00:00:08 ; elapsed = 00:00:10 . Memory (MB): peak = 327.348 ; gain = 117.207
---------------------------------------------------------------------------------
---------------------------------------------------------------------------------
Finished Constraint Validation : Time (s): cpu = 00:00:08 ; elapsed = 00:00:11 . Memory (MB): peak = 327.348 ; gain = 117.207
---------------------------------------------------------------------------------
---------------------------------------------------------------------------------
Start Loading Part and Timing Information
---------------------------------------------------------------------------------
Loading part: xc7a100tcsg324-1
---------------------------------------------------------------------------------
Finished Loading Part and Timing Information : Time (s): cpu = 00:00:08 ; elapsed = 00:00:11 . Memory (MB): peak = 327.348 ; gain = 117.207
---------------------------------------------------------------------------------
INFO: [Device 21-403] Loading part xc7a100tcsg324-1
---------------------------------------------------------------------------------
Finished RTL Optimization Phase 2 : Time (s): cpu = 00:00:08 ; elapsed = 00:00:11 . Memory (MB): peak = 334.773 ; gain = 124.633
---------------------------------------------------------------------------------

Report RTL Partitions: 
+-+--------------+------------+----------+
| |RTL Partition |Replication |Instances |
+-+--------------+------------+----------+
+-+--------------+------------+----------+
No constraint files found.
---------------------------------------------------------------------------------
Start RTL Component Statistics 
---------------------------------------------------------------------------------
Detailed RTL Component Info : 
---------------------------------------------------------------------------------
Finished RTL Component Statistics 
---------------------------------------------------------------------------------
---------------------------------------------------------------------------------
Start RTL Hierarchical Component Statistics 
---------------------------------------------------------------------------------
Hierarchical RTL Component report 
---------------------------------------------------------------------------------
Finished RTL Hierarchical Component Statistics
---------------------------------------------------------------------------------
---------------------------------------------------------------------------------
Start Part Resource Summary
---------------------------------------------------------------------------------
Part Resources:
DSPs: 240 (col length:80)
BRAMs: 270 (col length: RAMB18 80 RAMB36 40)
---------------------------------------------------------------------------------
Finished Part Resource Summary
---------------------------------------------------------------------------------
No constraint files found.
---------------------------------------------------------------------------------
Start Cross Boundary and Area Optimization
---------------------------------------------------------------------------------
WARNING: [Synth 8-3330] design Find1000_RandomGenerator_0_2 has an empty top module
WARNING: [Synth 8-3331] design Find1000_RandomGenerator_0_2 has unconnected port random_number[15]
WARNING: [Synth 8-3331] design Find1000_RandomGenerator_0_2 has unconnected port random_number[14]
WARNING: [Synth 8-3331] design Find1000_RandomGenerator_0_2 has unconnected port random_number[13]
WARNING: [Synth 8-3331] design Find1000_RandomGenerator_0_2 has unconnected port random_number[12]
WARNING: [Synth 8-3331] design Find1000_RandomGenerator_0_2 has unconnected port random_number[11]
WARNING: [Synth 8-3331] design Find1000_RandomGenerator_0_2 has unconnected port random_number[10]
WARNING: [Synth 8-3331] design Find1000_RandomGenerator_0_2 has unconnected port random_number[9]
WARNING: [Synth 8-3331] design Find1000_RandomGenerator_0_2 has unconnected port random_number[8]
WARNING: [Synth 8-3331] design Find1000_RandomGenerator_0_2 has unconnected port random_number[7]
WARNING: [Synth 8-3331] design Find1000_RandomGenerator_0_2 has unconnected port random_number[6]
WARNING: [Synth 8-3331] design Find1000_RandomGenerator_0_2 has unconnected port random_number[5]
WARNING: [Synth 8-3331] design Find1000_RandomGenerator_0_2 has unconnected port random_number[4]
WARNING: [Synth 8-3331] design Find1000_RandomGenerator_0_2 has unconnected port random_number[3]
WARNING: [Synth 8-3331] design Find1000_RandomGenerator_0_2 has unconnected port random_number[2]
WARNING: [Synth 8-3331] design Find1000_RandomGenerator_0_2 has unconnected port random_number[1]
WARNING: [Synth 8-3331] design Find1000_RandomGenerator_0_2 has unconnected port random_number[0]
WARNING: [Synth 8-3331] design Find1000_RandomGenerator_0_2 has unconnected port clk
---------------------------------------------------------------------------------
Finished Cross Boundary and Area Optimization : Time (s): cpu = 00:00:11 ; elapsed = 00:00:14 . Memory (MB): peak = 449.500 ; gain = 239.359
---------------------------------------------------------------------------------

Report RTL Partitions: 
+-+--------------+------------+----------+
| |RTL Partition |Replication |Instances |
+-+--------------+------------+----------+
+-+--------------+------------+----------+
---------------------------------------------------------------------------------
Start Timing Optimization
---------------------------------------------------------------------------------
No constraint files found.
---------------------------------------------------------------------------------
Finished Timing Optimization : Time (s): cpu = 00:00:11 ; elapsed = 00:00:14 . Memory (MB): peak = 449.500 ; gain = 239.359
---------------------------------------------------------------------------------

Report RTL Partitions: 
+-+--------------+------------+----------+
| |RTL Partition |Replication |Instances |
+-+--------------+------------+----------+
+-+--------------+------------+----------+
---------------------------------------------------------------------------------
Start Technology Mapping
---------------------------------------------------------------------------------
---------------------------------------------------------------------------------
Finished Technology Mapping : Time (s): cpu = 00:00:11 ; elapsed = 00:00:14 . Memory (MB): peak = 451.500 ; gain = 241.359
---------------------------------------------------------------------------------

Report RTL Partitions: 
+-+--------------+------------+----------+
| |RTL Partition |Replication |Instances |
+-+--------------+------------+----------+
+-+--------------+------------+----------+
---------------------------------------------------------------------------------
Start IO Insertion
---------------------------------------------------------------------------------
---------------------------------------------------------------------------------
Start Flattening Before IO Insertion
---------------------------------------------------------------------------------
---------------------------------------------------------------------------------
Finished Flattening Before IO Insertion
---------------------------------------------------------------------------------
---------------------------------------------------------------------------------
Start Final Netlist Cleanup
---------------------------------------------------------------------------------
---------------------------------------------------------------------------------
Finished Final Netlist Cleanup
---------------------------------------------------------------------------------
---------------------------------------------------------------------------------
Finished IO Insertion : Time (s): cpu = 00:00:12 ; elapsed = 00:00:15 . Memory (MB): peak = 451.500 ; gain = 241.359
---------------------------------------------------------------------------------

Report Check Netlist: 
+------+------------------+-------+---------+-------+------------------+
|      |Item              |Errors |Warnings |Status |Description       |
+------+------------------+-------+---------+-------+------------------+
|1     |multi_driven_nets |      0|        0|Passed |Multi driven nets |
+------+------------------+-------+---------+-------+------------------+
---------------------------------------------------------------------------------
Start Renaming Generated Instances
---------------------------------------------------------------------------------
---------------------------------------------------------------------------------
Finished Renaming Generated Instances : Time (s): cpu = 00:00:12 ; elapsed = 00:00:15 . Memory (MB): peak = 451.500 ; gain = 241.359
---------------------------------------------------------------------------------

Report RTL Partitions: 
+-+--------------+------------+----------+
| |RTL Partition |Replication |Instances |
+-+--------------+------------+----------+
+-+--------------+------------+----------+
---------------------------------------------------------------------------------
Start Rebuilding User Hierarchy
---------------------------------------------------------------------------------
---------------------------------------------------------------------------------
Finished Rebuilding User Hierarchy : Time (s): cpu = 00:00:12 ; elapsed = 00:00:15 . Memory (MB): peak = 451.500 ; gain = 241.359
---------------------------------------------------------------------------------
---------------------------------------------------------------------------------
Start Renaming Generated Ports
---------------------------------------------------------------------------------
---------------------------------------------------------------------------------
Finished Renaming Generated Ports : Time (s): cpu = 00:00:12 ; elapsed = 00:00:15 . Memory (MB): peak = 451.500 ; gain = 241.359
---------------------------------------------------------------------------------
---------------------------------------------------------------------------------
Start Handling Custom Attributes
---------------------------------------------------------------------------------
---------------------------------------------------------------------------------
Finished Handling Custom Attributes : Time (s): cpu = 00:00:12 ; elapsed = 00:00:15 . Memory (MB): peak = 451.500 ; gain = 241.359
---------------------------------------------------------------------------------
---------------------------------------------------------------------------------
Start Renaming Generated Nets
---------------------------------------------------------------------------------
---------------------------------------------------------------------------------
Finished Renaming Generated Nets : Time (s): cpu = 00:00:12 ; elapsed = 00:00:15 . Memory (MB): peak = 451.500 ; gain = 241.359
---------------------------------------------------------------------------------
---------------------------------------------------------------------------------
Start Writing Synthesis Report
---------------------------------------------------------------------------------

Report BlackBoxes: 
+-+--------------+----------+
| |BlackBox name |Instances |
+-+--------------+----------+
+-+--------------+----------+

Report Cell Usage: 
+-+-----+------+
| |Cell |Count |
+-+-----+------+
+-+-----+------+

Report Instance Areas: 
+------+---------+-------+------+
|      |Instance |Module |Cells |
+------+---------+-------+------+
|1     |top      |       |     0|
+------+---------+-------+------+
---------------------------------------------------------------------------------
Finished Writing Synthesis Report : Time (s): cpu = 00:00:12 ; elapsed = 00:00:15 . Memory (MB): peak = 451.500 ; gain = 241.359
---------------------------------------------------------------------------------
Synthesis finished with 0 errors, 0 critical warnings and 36 warnings.
Synthesis Optimization Runtime : Time (s): cpu = 00:00:09 ; elapsed = 00:00:09 . Memory (MB): peak = 451.500 ; gain = 236.195
Synthesis Optimization Complete : Time (s): cpu = 00:00:12 ; elapsed = 00:00:15 . Memory (MB): peak = 451.500 ; gain = 241.359
INFO: [Project 1-571] Translating synthesized netlist
INFO: [Project 1-570] Preparing netlist for logic optimization
INFO: [Opt 31-138] Pushed 0 inverter(s) to 0 load pin(s).
INFO: [Project 1-111] Unisim Transformation Summary:
No Unisim elements were transformed.

INFO: [Common 17-83] Releasing license: Synthesis
12 Infos, 36 Warnings, 0 Critical Warnings and 0 Errors encountered.
synth_design completed successfully
synth_design: Time (s): cpu = 00:00:12 ; elapsed = 00:00:12 . Memory (MB): peak = 529.340 ; gain = 314.035
INFO: [Timing 38-35] Done setting XDC timing constraints.
INFO: [Common 17-1381] The checkpoint 'C:/Users/Joao/Desktop/cr/Git/Reconfigurable_Computing/Lesson3/Ex3/Ex3.runs/Find1000_RandomGenerator_0_2_synth_1/Find1000_RandomGenerator_0_2.dcp' has been generated.
write_checkpoint: Time (s): cpu = 00:00:15 ; elapsed = 00:00:15 . Memory (MB): peak = 908.180 ; gain = 378.840
INFO: [Coretcl 2-1482] Added synthesis output to IP cache for IP c:/Users/Joao/Desktop/cr/Git/Reconfigurable_Computing/Lesson3/Ex3/Ex3.srcs/sources_1/bd/Find1000/ip/Find1000_RandomGenerator_0_2/Find1000_RandomGenerator_0_2.xci
INFO: [Common 17-1381] The checkpoint 'C:/Users/Joao/Desktop/cr/Git/Reconfigurable_Computing/Lesson3/Ex3/Ex3.runs/Find1000_RandomGenerator_0_2_synth_1/Find1000_RandomGenerator_0_2.dcp' has been generated.
report_utilization: Time (s): cpu = 00:00:00 ; elapsed = 00:00:00.031 . Memory (MB): peak = 910.430 ; gain = 0.000
INFO: [Common 17-206] Exiting Vivado at Sun Mar 19 10:55:19 2017...
