#-----------------------------------------------------------
# Vivado v2016.4 (64-bit)
# SW Build 1756540 on Mon Jan 23 19:11:23 MST 2017
# IP Build 1755317 on Mon Jan 23 20:30:07 MST 2017
# Start of session at: Mon Mar 27 11:43:37 2017
# Process ID: 10564
# Current directory: C:/Users/Joao/Desktop/cr/Git/Reconfigurable_Computing/Lesson4/32bitstodisp
# Command line: vivado.exe -gui_launcher_event rodinguilauncherevent17392 C:\Users\Joao\Desktop\cr\Git\Reconfigurable_Computing\Lesson4\32bitstodisp\32bitstodisp.xpr
# Log file: C:/Users/Joao/Desktop/cr/Git/Reconfigurable_Computing/Lesson4/32bitstodisp/vivado.log
# Journal file: C:/Users/Joao/Desktop/cr/Git/Reconfigurable_Computing/Lesson4/32bitstodisp\vivado.jou
#-----------------------------------------------------------
start_gui
open_project C:/Users/Joao/Desktop/cr/Git/Reconfigurable_Computing/Lesson4/32bitstodisp/32bitstodisp.xpr
Scanning sources...
Finished scanning sources
INFO: [IP_Flow 19-234] Refreshing IP repositories
INFO: [IP_Flow 19-1700] Loaded user IP repository 'c:/Users/Joao/Desktop/cr/Git/Reconfigurable_Computing'.
WARNING: [IP_Flow 19-3656] If you move the project, the path for repository 'c:/Users/Joao/Desktop/cr/Git/Reconfigurable_Computing' may become invalid. A better location for the repository would be in a path adjacent to the project. (Current project location is 'c:/Users/Joao/Desktop/cr/Git/Reconfigurable_Computing/Lesson4/32bitstodisp'.)
INFO: [IP_Flow 19-2313] Loaded Vivado IP repository 'C:/Xilinx/Vivado/2016.4/data/ip'.
CRITICAL WARNING: [IP_Flow 19-1663] Duplicate IP found for 'xilinx.com:user:counter:1.0'. The one found in IP location 'c:/Users/Joao/Desktop/cr/Git/Reconfigurable_Computing/Lesson3/Counter/Counter.srcs/sources_1/imports/new' will take precedence over the same IP in location c:/Users/Joao/Desktop/cr/Git/Reconfigurable_Computing/Lesson3/Counter
CRITICAL WARNING: [IP_Flow 19-1663] Duplicate IP found for 'xilinx.com:user:ex1:1.0'. The one found in IP location 'c:/Users/Joao/Desktop/cr/Git/Reconfigurable_Computing/Lesson3/Ex1/ex1.srcs' will take precedence over the same IP in location c:/Users/Joao/Desktop/cr/Git/Reconfigurable_Computing/Lesson3/Ex1/ex1.srcs/sources_1/imports/ex1.srcs
WARNING: [BD 41-1661] One or more IPs have been locked in the design 'disp32bits.bd'. Please run report_ip_status for more details and recommendations on how to fix this issue.
List of locked IPs:
disp32bits_clockdivider_0_0

open_project: Time (s): cpu = 00:00:17 ; elapsed = 00:00:13 . Memory (MB): peak = 773.910 ; gain = 137.887
open_bd_design {C:/Users/Joao/Desktop/cr/Git/Reconfigurable_Computing/Lesson4/32bitstodisp/32bitstodisp.srcs/sources_1/bd/disp32bits/disp32bits.bd}
Adding cell -- xilinx.com:ip:xlslice:1.0 - xlslice_0
Adding cell -- xilinx.com:ip:xlslice:1.0 - xlslice_1
Adding cell -- xilinx.com:ip:xlslice:1.0 - xlslice_2
Adding cell -- xilinx.com:ip:xlslice:1.0 - xlslice_3
Adding cell -- xilinx.com:ip:xlslice:1.0 - xlslice_4
Adding cell -- xilinx.com:ip:xlslice:1.0 - xlslice_5
Adding cell -- xilinx.com:ip:xlslice:1.0 - xlslice_6
Adding cell -- xilinx.com:ip:xlslice:1.0 - xlslice_7
Adding cell -- xilinx.com:ip:xlslice:1.0 - xlslice_8
Adding cell -- xilinx.com:ip:xlslice:1.0 - xlslice_9
Adding cell -- ua.pt:user:EightDispControl:1.0 - EightDispControl_0
Adding cell -- xilinx.com:user:clockdivider:1.0 - clockdivider_0
WARNING: [BD 41-1731] Type mismatch between connected pins: /clockdivider_0/led(undef) and /EightDispControl_0/clk(clk)
Successfully read diagram <disp32bits> from BD file <C:/Users/Joao/Desktop/cr/Git/Reconfigurable_Computing/Lesson4/32bitstodisp/32bitstodisp.srcs/sources_1/bd/disp32bits/disp32bits.bd>
open_bd_design: Time (s): cpu = 00:00:09 ; elapsed = 00:00:07 . Memory (MB): peak = 795.500 ; gain = 21.590
report_ip_status -name ip_status 
upgrade_ip -vlnv xilinx.com:user:clockdivider:1.0 [get_ips  disp32bits_clockdivider_0_0] -log ip_upgrade.log
Upgrading 'C:/Users/Joao/Desktop/cr/Git/Reconfigurable_Computing/Lesson4/32bitstodisp/32bitstodisp.srcs/sources_1/bd/disp32bits/disp32bits.bd'
INFO: [IP_Flow 19-3422] Upgraded disp32bits_clockdivider_0_0 (clockdivider_v1_0 1.0) from revision 7 to revision 10
WARNING: [BD 41-1731] Type mismatch between connected pins: /EightDispControl_0/clk(clk) and /clockdivider_0_upgraded_ipi/led(undef)
Wrote  : <C:/Users/Joao/Desktop/cr/Git/Reconfigurable_Computing/Lesson4/32bitstodisp/32bitstodisp.srcs/sources_1/bd/disp32bits/disp32bits.bd> 
Wrote  : <C:/Users/Joao/Desktop/cr/Git/Reconfigurable_Computing/Lesson4/32bitstodisp/32bitstodisp.srcs/sources_1/bd/disp32bits/ui/bd_306dc847.ui> 
INFO: [Coretcl 2-1525] Wrote upgrade log to 'C:/Users/Joao/Desktop/cr/Git/Reconfigurable_Computing/Lesson4/32bitstodisp/ip_upgrade.log'.
export_ip_user_files -of_objects [get_ips disp32bits_clockdivider_0_0] -no_script -sync -force -quiet
report_ip_status -name ip_status 
delete_bd_objs [get_bd_nets clk_1] [get_bd_nets btnC_1] [get_bd_nets clockdivider_0_led] [get_bd_cells clockdivider_0]
connect_bd_net [get_bd_ports clk] [get_bd_pins EightDispControl_0/clk]
delete_bd_objs [get_bd_ports btnC]
save_bd_design
Wrote  : <C:/Users/Joao/Desktop/cr/Git/Reconfigurable_Computing/Lesson4/32bitstodisp/32bitstodisp.srcs/sources_1/bd/disp32bits/disp32bits.bd> 
Wrote  : <C:/Users/Joao/Desktop/cr/Git/Reconfigurable_Computing/Lesson4/32bitstodisp/32bitstodisp.srcs/sources_1/bd/disp32bits/ui/bd_306dc847.ui> 
ipx::open_ipxact_file {c:\users\joao\desktop\cr\git\reconfigurable_computing\lesson4\component.xml}
ipx::unload_core c:/users/joao/desktop/cr/git/reconfigurable_computing/lesson4/component.xml
ipx::package_project -root_dir C:/Users/Joao/Desktop/cr/Git/Reconfigurable_Computing/Lesson4/32bitstodisp -vendor xilinx.com -library user -taxonomy /UserIP -import_files -set_current false -force
WARNING: [IP_Flow 19-1834] The constraints file "Nexys4_Master.xdc" is added to the synthesis file group only, but will be used for both synthesis and implementation in the IP generation.
INFO: [IP_Flow 19-4753] Inferred signal 'clock' from port 'clk' as interface 'clk'.
ipx::unload_core c:/Users/Joao/Desktop/cr/Git/Reconfigurable_Computing/Lesson4/32bitstodisp/component.xml
ipx::edit_ip_in_project -upgrade true -name tmp_edit_project -directory C:/Users/Joao/Desktop/cr/Git/Reconfigurable_Computing/Lesson4/32bitstodisp c:/Users/Joao/Desktop/cr/Git/Reconfigurable_Computing/Lesson4/32bitstodisp/component.xml
INFO: [IP_Flow 19-234] Refreshing IP repositories
INFO: [IP_Flow 19-1704] No user IP repositories specified
INFO: [IP_Flow 19-2313] Loaded Vivado IP repository 'C:/Xilinx/Vivado/2016.4/data/ip'.
INFO: [IP_Flow 19-234] Refreshing IP repositories
INFO: [IP_Flow 19-1700] Loaded user IP repository 'c:/Users/Joao/Desktop/cr/Git/Reconfigurable_Computing'.
CRITICAL WARNING: [IP_Flow 19-1663] Duplicate IP found for 'xilinx.com:user:counter:1.0'. The one found in IP location 'c:/Users/Joao/Desktop/cr/Git/Reconfigurable_Computing/Lesson3/Counter/Counter.srcs/sources_1/imports/new' will take precedence over the same IP in location c:/Users/Joao/Desktop/cr/Git/Reconfigurable_Computing/Lesson3/Counter
CRITICAL WARNING: [IP_Flow 19-1663] Duplicate IP found for 'xilinx.com:user:ex1:1.0'. The one found in IP location 'c:/Users/Joao/Desktop/cr/Git/Reconfigurable_Computing/Lesson3/Ex1/ex1.srcs' will take precedence over the same IP in location c:/Users/Joao/Desktop/cr/Git/Reconfigurable_Computing/Lesson3/Ex1/ex1.srcs/sources_1/imports/ex1.srcs
INFO: [IP_Flow 19-795] Syncing license key meta-data
INFO: [IP_Flow 19-793] Syncing display name meta-data
INFO: [IP_Flow 19-798] Syncing taxonomy meta-data
ipx::edit_ip_in_project: Time (s): cpu = 00:00:10 ; elapsed = 00:00:12 . Memory (MB): peak = 864.527 ; gain = 11.074
set_property core_revision 2 [ipx::current_core]
ipx::create_xgui_files [ipx::current_core]
ipx::update_checksums [ipx::current_core]
ipx::save_core [ipx::current_core]
close_project -delete
update_ip_catalog -rebuild -repo_path c:/Users/Joao/Desktop/cr/Git/Reconfigurable_Computing
INFO: [IP_Flow 19-725] Reloaded user IP repository 'c:/Users/Joao/Desktop/cr/Git/Reconfigurable_Computing'
CRITICAL WARNING: [IP_Flow 19-1663] Duplicate IP found for 'xilinx.com:user:counter:1.0'. The one found in IP location 'c:/Users/Joao/Desktop/cr/Git/Reconfigurable_Computing/Lesson3/Counter/Counter.srcs/sources_1/imports/new' will take precedence over the same IP in location c:/Users/Joao/Desktop/cr/Git/Reconfigurable_Computing/Lesson3/Counter
CRITICAL WARNING: [IP_Flow 19-1663] Duplicate IP found for 'xilinx.com:user:ex1:1.0'. The one found in IP location 'c:/Users/Joao/Desktop/cr/Git/Reconfigurable_Computing/Lesson3/Ex1/ex1.srcs' will take precedence over the same IP in location c:/Users/Joao/Desktop/cr/Git/Reconfigurable_Computing/Lesson3/Ex1/ex1.srcs/sources_1/imports/ex1.srcs
update_ip_catalog: Time (s): cpu = 00:00:03 ; elapsed = 00:00:06 . Memory (MB): peak = 892.652 ; gain = 0.000
exit
INFO: [Common 17-206] Exiting Vivado at Mon Mar 27 11:49:07 2017...
