#-----------------------------------------------------------
# Vivado v2016.4 (64-bit)
# SW Build 1756540 on Mon Jan 23 19:11:23 MST 2017
# IP Build 1755317 on Mon Jan 23 20:30:07 MST 2017
# Start of session at: Mon Mar 27 11:51:49 2017
# Process ID: 5216
# Current directory: C:/Users/Joao/Desktop/cr/Git/Reconfigurable_Computing/Lesson4/32bitstodisp
# Command line: vivado.exe -gui_launcher_event rodinguilauncherevent16200 C:\Users\Joao\Desktop\cr\Git\Reconfigurable_Computing\Lesson4\32bitstodisp\32bitstodisp.xpr
# Log file: C:/Users/Joao/Desktop/cr/Git/Reconfigurable_Computing/Lesson4/32bitstodisp/vivado.log
# Journal file: C:/Users/Joao/Desktop/cr/Git/Reconfigurable_Computing/Lesson4/32bitstodisp\vivado.jou
#-----------------------------------------------------------
start_gui
open_project C:/Users/Joao/Desktop/cr/Git/Reconfigurable_Computing/Lesson4/32bitstodisp/32bitstodisp.xpr
CRITICAL WARNING: [Project 1-19] Could not find the file 'C:/Users/Joao/Desktop/cr/Git/Reconfigurable_Computing/Lesson4/32bitstodisp/32bitstodisp.srcs/sources_1/bd/disp32bits/hdl/disp32bits_wrapper.vhd'.
Scanning sources...
Finished scanning sources
INFO: [IP_Flow 19-234] Refreshing IP repositories
INFO: [IP_Flow 19-1700] Loaded user IP repository 'c:/Users/Joao/Desktop/cr/Git/Reconfigurable_Computing'.
WARNING: [IP_Flow 19-3656] If you move the project, the path for repository 'c:/Users/Joao/Desktop/cr/Git/Reconfigurable_Computing' may become invalid. A better location for the repository would be in a path adjacent to the project. (Current project location is 'c:/Users/Joao/Desktop/cr/Git/Reconfigurable_Computing/Lesson4/32bitstodisp'.)
INFO: [IP_Flow 19-2313] Loaded Vivado IP repository 'C:/Xilinx/Vivado/2016.4/data/ip'.
CRITICAL WARNING: [IP_Flow 19-1663] Duplicate IP found for 'xilinx.com:user:counter:1.0'. The one found in IP location 'c:/Users/Joao/Desktop/cr/Git/Reconfigurable_Computing/Lesson3/Counter/Counter.srcs/sources_1/imports/new' will take precedence over the same IP in location c:/Users/Joao/Desktop/cr/Git/Reconfigurable_Computing/Lesson3/Counter
CRITICAL WARNING: [IP_Flow 19-1663] Duplicate IP found for 'xilinx.com:user:ex1:1.0'. The one found in IP location 'c:/Users/Joao/Desktop/cr/Git/Reconfigurable_Computing/Lesson3/Ex1/ex1.srcs' will take precedence over the same IP in location c:/Users/Joao/Desktop/cr/Git/Reconfigurable_Computing/Lesson3/Ex1/ex1.srcs/sources_1/imports/ex1.srcs
WARNING: [Project 1-533] File 'C:/Users/Joao/Desktop/cr/Git/Reconfigurable_Computing/Lesson4/32bitstodisp/32bitstodisp.srcs/sources_1/bd/disp32bits/ip/disp32bits_clockdivider_0_0/ip/disp32bits_EightDispControl_0_0/disp32bits_EightDispControl_0_0.xci' could not be found in the subdesign 'C:/Users/Joao/Desktop/cr/Git/Reconfigurable_Computing/Lesson4/32bitstodisp/32bitstodisp.srcs/sources_1/bd/disp32bits/disp32bits.bd', but fileset 'disp32bits_EightDispControl_0_0' still exists. The fileset and corresponding run(s) will be deleted the next time top-level synthesis is run.
WARNING: [Project 1-533] File 'C:/Users/Joao/Desktop/cr/Git/Reconfigurable_Computing/Lesson4/32bitstodisp/32bitstodisp.srcs/sources_1/bd/disp32bits/ip/disp32bits_clockdivider_0_0/ip/disp32bits_xlslice_5_0/disp32bits_xlslice_5_0.xci' could not be found in the subdesign 'C:/Users/Joao/Desktop/cr/Git/Reconfigurable_Computing/Lesson4/32bitstodisp/32bitstodisp.srcs/sources_1/bd/disp32bits/disp32bits.bd', but fileset 'disp32bits_xlslice_5_0' still exists. The fileset and corresponding run(s) will be deleted the next time top-level synthesis is run.
WARNING: [Project 1-533] File 'C:/Users/Joao/Desktop/cr/Git/Reconfigurable_Computing/Lesson4/32bitstodisp/32bitstodisp.srcs/sources_1/bd/disp32bits/ip/disp32bits_clockdivider_0_0/ip/disp32bits_xlslice_4_0/disp32bits_xlslice_4_0.xci' could not be found in the subdesign 'C:/Users/Joao/Desktop/cr/Git/Reconfigurable_Computing/Lesson4/32bitstodisp/32bitstodisp.srcs/sources_1/bd/disp32bits/disp32bits.bd', but fileset 'disp32bits_xlslice_4_0' still exists. The fileset and corresponding run(s) will be deleted the next time top-level synthesis is run.
WARNING: [Project 1-533] File 'C:/Users/Joao/Desktop/cr/Git/Reconfigurable_Computing/Lesson4/32bitstodisp/32bitstodisp.srcs/sources_1/bd/disp32bits/ip/disp32bits_clockdivider_0_0/ip/disp32bits_xlslice_3_0/disp32bits_xlslice_3_0.xci' could not be found in the subdesign 'C:/Users/Joao/Desktop/cr/Git/Reconfigurable_Computing/Lesson4/32bitstodisp/32bitstodisp.srcs/sources_1/bd/disp32bits/disp32bits.bd', but fileset 'disp32bits_xlslice_3_0' still exists. The fileset and corresponding run(s) will be deleted the next time top-level synthesis is run.
WARNING: [Project 1-533] File 'C:/Users/Joao/Desktop/cr/Git/Reconfigurable_Computing/Lesson4/32bitstodisp/32bitstodisp.srcs/sources_1/bd/disp32bits/ip/disp32bits_clockdivider_0_0/ip/disp32bits_xlslice_2_5/disp32bits_xlslice_2_5.xci' could not be found in the subdesign 'C:/Users/Joao/Desktop/cr/Git/Reconfigurable_Computing/Lesson4/32bitstodisp/32bitstodisp.srcs/sources_1/bd/disp32bits/disp32bits.bd', but fileset 'disp32bits_xlslice_2_5' still exists. The fileset and corresponding run(s) will be deleted the next time top-level synthesis is run.
WARNING: [Project 1-533] File 'C:/Users/Joao/Desktop/cr/Git/Reconfigurable_Computing/Lesson4/32bitstodisp/32bitstodisp.srcs/sources_1/bd/disp32bits/ip/disp32bits_clockdivider_0_0/ip/disp32bits_xlslice_2_3/disp32bits_xlslice_2_3.xci' could not be found in the subdesign 'C:/Users/Joao/Desktop/cr/Git/Reconfigurable_Computing/Lesson4/32bitstodisp/32bitstodisp.srcs/sources_1/bd/disp32bits/disp32bits.bd', but fileset 'disp32bits_xlslice_2_3' still exists. The fileset and corresponding run(s) will be deleted the next time top-level synthesis is run.
WARNING: [Project 1-533] File 'C:/Users/Joao/Desktop/cr/Git/Reconfigurable_Computing/Lesson4/32bitstodisp/32bitstodisp.srcs/sources_1/bd/disp32bits/ip/disp32bits_clockdivider_0_0/ip/disp32bits_xlslice_2_2/disp32bits_xlslice_2_2.xci' could not be found in the subdesign 'C:/Users/Joao/Desktop/cr/Git/Reconfigurable_Computing/Lesson4/32bitstodisp/32bitstodisp.srcs/sources_1/bd/disp32bits/disp32bits.bd', but fileset 'disp32bits_xlslice_2_2' still exists. The fileset and corresponding run(s) will be deleted the next time top-level synthesis is run.
WARNING: [Project 1-533] File 'C:/Users/Joao/Desktop/cr/Git/Reconfigurable_Computing/Lesson4/32bitstodisp/32bitstodisp.srcs/sources_1/bd/disp32bits/ip/disp32bits_clockdivider_0_0/ip/disp32bits_xlslice_2_1/disp32bits_xlslice_2_1.xci' could not be found in the subdesign 'C:/Users/Joao/Desktop/cr/Git/Reconfigurable_Computing/Lesson4/32bitstodisp/32bitstodisp.srcs/sources_1/bd/disp32bits/disp32bits.bd', but fileset 'disp32bits_xlslice_2_1' still exists. The fileset and corresponding run(s) will be deleted the next time top-level synthesis is run.
WARNING: [Project 1-533] File 'C:/Users/Joao/Desktop/cr/Git/Reconfigurable_Computing/Lesson4/32bitstodisp/32bitstodisp.srcs/sources_1/bd/disp32bits/ip/disp32bits_clockdivider_0_0/ip/disp32bits_xlslice_1_0/disp32bits_xlslice_1_0.xci' could not be found in the subdesign 'C:/Users/Joao/Desktop/cr/Git/Reconfigurable_Computing/Lesson4/32bitstodisp/32bitstodisp.srcs/sources_1/bd/disp32bits/disp32bits.bd', but fileset 'disp32bits_xlslice_1_0' still exists. The fileset and corresponding run(s) will be deleted the next time top-level synthesis is run.
WARNING: [Project 1-533] File 'C:/Users/Joao/Desktop/cr/Git/Reconfigurable_Computing/Lesson4/32bitstodisp/32bitstodisp.srcs/sources_1/bd/disp32bits/ip/disp32bits_clockdivider_0_0/ip/disp32bits_xlslice_0_1/disp32bits_xlslice_0_1.xci' could not be found in the subdesign 'C:/Users/Joao/Desktop/cr/Git/Reconfigurable_Computing/Lesson4/32bitstodisp/32bitstodisp.srcs/sources_1/bd/disp32bits/disp32bits.bd', but fileset 'disp32bits_xlslice_0_1' still exists. The fileset and corresponding run(s) will be deleted the next time top-level synthesis is run.
WARNING: [Project 1-533] File 'C:/Users/Joao/Desktop/cr/Git/Reconfigurable_Computing/Lesson4/32bitstodisp/32bitstodisp.srcs/sources_1/bd/disp32bits/ip/disp32bits_clockdivider_0_0/ip/disp32bits_xlslice_0_0/disp32bits_xlslice_0_0.xci' could not be found in the subdesign 'C:/Users/Joao/Desktop/cr/Git/Reconfigurable_Computing/Lesson4/32bitstodisp/32bitstodisp.srcs/sources_1/bd/disp32bits/disp32bits.bd', but fileset 'disp32bits_xlslice_0_0' still exists. The fileset and corresponding run(s) will be deleted the next time top-level synthesis is run.
open_project: Time (s): cpu = 00:00:16 ; elapsed = 00:00:10 . Memory (MB): peak = 732.938 ; gain = 92.238
make_wrapper -files [get_files C:/Users/Joao/Desktop/cr/Git/Reconfigurable_Computing/Lesson4/32bitstodisp/32bitstodisp.srcs/sources_1/bd/disp32bits/disp32bits.bd] -top
Adding cell -- xilinx.com:ip:xlslice:1.0 - xlslice_0
INFO: [BD 41-434] Could not find an IP with XCI file by name: disp32bits_xlslice_0_0 
Adding cell -- xilinx.com:ip:xlslice:1.0 - xlslice_1
INFO: [BD 41-434] Could not find an IP with XCI file by name: disp32bits_xlslice_0_1 
Adding cell -- xilinx.com:ip:xlslice:1.0 - xlslice_2
Adding cell -- xilinx.com:ip:xlslice:1.0 - xlslice_3
INFO: [BD 41-434] Could not find an IP with XCI file by name: disp32bits_xlslice_2_1 
Adding cell -- xilinx.com:ip:xlslice:1.0 - xlslice_4
INFO: [BD 41-434] Could not find an IP with XCI file by name: disp32bits_xlslice_2_2 
Adding cell -- xilinx.com:ip:xlslice:1.0 - xlslice_5
INFO: [BD 41-434] Could not find an IP with XCI file by name: disp32bits_xlslice_2_3 
Adding cell -- xilinx.com:ip:xlslice:1.0 - xlslice_6
INFO: [BD 41-434] Could not find an IP with XCI file by name: disp32bits_xlslice_2_5 
Adding cell -- xilinx.com:ip:xlslice:1.0 - xlslice_7
Adding cell -- xilinx.com:ip:xlslice:1.0 - xlslice_8
Adding cell -- xilinx.com:ip:xlslice:1.0 - xlslice_9
Adding cell -- ua.pt:user:EightDispControl:1.0 - EightDispControl_0
INFO: [BD 41-434] Could not find an IP with XCI file by name: disp32bits_EightDispControl_0_0 
Successfully read diagram <disp32bits> from BD file <C:/Users/Joao/Desktop/cr/Git/Reconfigurable_Computing/Lesson4/32bitstodisp/32bitstodisp.srcs/sources_1/bd/disp32bits/disp32bits.bd>
INFO: [BD 41-433] 
Design successfully migrated to use XCI files...
VHDL Output written to : C:/Users/Joao/Desktop/cr/Git/Reconfigurable_Computing/Lesson4/32bitstodisp/32bitstodisp.srcs/sources_1/bd/disp32bits/hdl/disp32bits.vhd
VHDL Output written to : C:/Users/Joao/Desktop/cr/Git/Reconfigurable_Computing/Lesson4/32bitstodisp/32bitstodisp.srcs/sources_1/bd/disp32bits/hdl/disp32bits_wrapper.vhd
Wrote  : <C:/Users/Joao/Desktop/cr/Git/Reconfigurable_Computing/Lesson4/32bitstodisp/32bitstodisp.srcs/sources_1/bd/disp32bits/disp32bits.bd> 
make_wrapper: Time (s): cpu = 00:00:06 ; elapsed = 00:00:07 . Memory (MB): peak = 825.172 ; gain = 83.594
open_bd_design {C:/Users/Joao/Desktop/cr/Git/Reconfigurable_Computing/Lesson4/32bitstodisp/32bitstodisp.srcs/sources_1/bd/disp32bits/disp32bits.bd}
Adding cell -- xilinx.com:ip:xlslice:1.0 - xlslice_0
Adding cell -- xilinx.com:ip:xlslice:1.0 - xlslice_1
Adding cell -- xilinx.com:ip:xlslice:1.0 - xlslice_2
Adding cell -- xilinx.com:ip:xlslice:1.0 - xlslice_3
Adding cell -- xilinx.com:ip:xlslice:1.0 - xlslice_4
Adding cell -- xilinx.com:ip:xlslice:1.0 - xlslice_5
Adding cell -- xilinx.com:ip:xlslice:1.0 - xlslice_6
Adding cell -- xilinx.com:ip:xlslice:1.0 - xlslice_7
Adding cell -- xilinx.com:ip:xlslice:1.0 - xlslice_8
Adding cell -- xilinx.com:ip:xlslice:1.0 - xlslice_9
Adding cell -- ua.pt:user:EightDispControl:1.0 - EightDispControl_0
Successfully read diagram <disp32bits> from BD file <C:/Users/Joao/Desktop/cr/Git/Reconfigurable_Computing/Lesson4/32bitstodisp/32bitstodisp.srcs/sources_1/bd/disp32bits/disp32bits.bd>
open_bd_design: Time (s): cpu = 00:00:13 ; elapsed = 00:00:08 . Memory (MB): peak = 918.238 ; gain = 74.297
reset_run synth_1
launch_runs impl_1 -jobs 4
INFO: [BD 41-1662] The design 'disp32bits.bd' is already validated. Therefore parameter propagation will not be re-run.
VHDL Output written to : C:/Users/Joao/Desktop/cr/Git/Reconfigurable_Computing/Lesson4/32bitstodisp/32bitstodisp.srcs/sources_1/bd/disp32bits/hdl/disp32bits.vhd
VHDL Output written to : C:/Users/Joao/Desktop/cr/Git/Reconfigurable_Computing/Lesson4/32bitstodisp/32bitstodisp.srcs/sources_1/bd/disp32bits/hdl/disp32bits_wrapper.vhd
INFO: [BD 41-1029] Generation completed for the IP Integrator block xlslice_0 .
INFO: [BD 41-1029] Generation completed for the IP Integrator block xlslice_1 .
INFO: [BD 41-1029] Generation completed for the IP Integrator block xlslice_2 .
INFO: [BD 41-1029] Generation completed for the IP Integrator block xlslice_3 .
INFO: [BD 41-1029] Generation completed for the IP Integrator block xlslice_4 .
INFO: [BD 41-1029] Generation completed for the IP Integrator block xlslice_5 .
INFO: [BD 41-1029] Generation completed for the IP Integrator block xlslice_6 .
INFO: [BD 41-1029] Generation completed for the IP Integrator block xlslice_7 .
INFO: [BD 41-1029] Generation completed for the IP Integrator block xlslice_8 .
INFO: [BD 41-1029] Generation completed for the IP Integrator block xlslice_9 .
INFO: [BD 41-1029] Generation completed for the IP Integrator block EightDispControl_0 .
Exporting to file C:/Users/Joao/Desktop/cr/Git/Reconfigurable_Computing/Lesson4/32bitstodisp/32bitstodisp.srcs/sources_1/bd/disp32bits/hw_handoff/disp32bits.hwh
Generated Block Design Tcl file C:/Users/Joao/Desktop/cr/Git/Reconfigurable_Computing/Lesson4/32bitstodisp/32bitstodisp.srcs/sources_1/bd/disp32bits/hw_handoff/disp32bits_bd.tcl
Generated Hardware Definition File C:/Users/Joao/Desktop/cr/Git/Reconfigurable_Computing/Lesson4/32bitstodisp/32bitstodisp.srcs/sources_1/bd/disp32bits/hdl/disp32bits.hwdef
INFO: [IP_Flow 19-4993] Using cached IP synthesis design for IP disp32bits_xlslice_0_0, cache-ID = d4154f6b28a8b037; cache size = 0.149 MB.
INFO: [IP_Flow 19-4993] Using cached IP synthesis design for IP disp32bits_xlslice_1_0, cache-ID = 55e9f9654b67dbd9; cache size = 0.149 MB.
INFO: [IP_Flow 19-4993] Using cached IP synthesis design for IP disp32bits_xlslice_2_0, cache-ID = e67120ddae372d06; cache size = 0.149 MB.
INFO: [IP_Flow 19-4993] Using cached IP synthesis design for IP disp32bits_xlslice_3_0, cache-ID = d343b799cfbabc09; cache size = 0.149 MB.
INFO: [IP_Flow 19-4993] Using cached IP synthesis design for IP disp32bits_xlslice_4_0, cache-ID = 8b541de2e9496f93; cache size = 0.149 MB.
INFO: [IP_Flow 19-4993] Using cached IP synthesis design for IP disp32bits_xlslice_5_0, cache-ID = e13a2c379751cb66; cache size = 0.149 MB.
INFO: [IP_Flow 19-4993] Using cached IP synthesis design for IP disp32bits_xlslice_6_0, cache-ID = e67120ddae372d06; cache size = 0.149 MB.
INFO: [IP_Flow 19-4993] Using cached IP synthesis design for IP disp32bits_xlslice_7_0, cache-ID = d343b799cfbabc09; cache size = 0.149 MB.
INFO: [IP_Flow 19-4993] Using cached IP synthesis design for IP disp32bits_xlslice_8_0, cache-ID = 8b541de2e9496f93; cache size = 0.149 MB.
INFO: [IP_Flow 19-4993] Using cached IP synthesis design for IP disp32bits_xlslice_9_0, cache-ID = e13a2c379751cb66; cache size = 0.149 MB.
[Mon Mar 27 11:53:27 2017] Launched disp32bits_EightDispControl_0_0_synth_1, synth_1...
Run output will be captured here:
disp32bits_EightDispControl_0_0_synth_1: C:/Users/Joao/Desktop/cr/Git/Reconfigurable_Computing/Lesson4/32bitstodisp/32bitstodisp.runs/disp32bits_EightDispControl_0_0_synth_1/runme.log
synth_1: C:/Users/Joao/Desktop/cr/Git/Reconfigurable_Computing/Lesson4/32bitstodisp/32bitstodisp.runs/synth_1/runme.log
[Mon Mar 27 11:53:27 2017] Launched impl_1...
Run output will be captured here: C:/Users/Joao/Desktop/cr/Git/Reconfigurable_Computing/Lesson4/32bitstodisp/32bitstodisp.runs/impl_1/runme.log
launch_runs: Time (s): cpu = 00:00:17 ; elapsed = 00:00:15 . Memory (MB): peak = 950.324 ; gain = 30.820
ipx::package_project -root_dir C:/Users/Joao/Desktop/cr/Git/Reconfigurable_Computing/Lesson4/32bitstodisp -vendor xilinx.com -library user -taxonomy /UserIP -import_files -set_current false
WARNING: [IP_Flow 19-1834] The constraints file "Nexys4_Master.xdc" is added to the synthesis file group only, but will be used for both synthesis and implementation in the IP generation.
INFO: [IP_Flow 19-4753] Inferred signal 'clock' from port 'clk' as interface 'clk'.
ipx::unload_core c:/Users/Joao/Desktop/cr/Git/Reconfigurable_Computing/Lesson4/32bitstodisp/component.xml
ipx::edit_ip_in_project -upgrade true -name tmp_edit_project -directory C:/Users/Joao/Desktop/cr/Git/Reconfigurable_Computing/Lesson4/32bitstodisp c:/Users/Joao/Desktop/cr/Git/Reconfigurable_Computing/Lesson4/32bitstodisp/component.xml
INFO: [IP_Flow 19-234] Refreshing IP repositories
INFO: [IP_Flow 19-1704] No user IP repositories specified
INFO: [IP_Flow 19-2313] Loaded Vivado IP repository 'C:/Xilinx/Vivado/2016.4/data/ip'.
INFO: [IP_Flow 19-234] Refreshing IP repositories
INFO: [IP_Flow 19-1700] Loaded user IP repository 'c:/Users/Joao/Desktop/cr/Git/Reconfigurable_Computing'.
CRITICAL WARNING: [IP_Flow 19-1663] Duplicate IP found for 'xilinx.com:user:counter:1.0'. The one found in IP location 'c:/Users/Joao/Desktop/cr/Git/Reconfigurable_Computing/Lesson3/Counter/Counter.srcs/sources_1/imports/new' will take precedence over the same IP in location c:/Users/Joao/Desktop/cr/Git/Reconfigurable_Computing/Lesson3/Counter
CRITICAL WARNING: [IP_Flow 19-1663] Duplicate IP found for 'xilinx.com:user:ex1:1.0'. The one found in IP location 'c:/Users/Joao/Desktop/cr/Git/Reconfigurable_Computing/Lesson3/Ex1/ex1.srcs' will take precedence over the same IP in location c:/Users/Joao/Desktop/cr/Git/Reconfigurable_Computing/Lesson3/Ex1/ex1.srcs/sources_1/imports/ex1.srcs
INFO: [IP_Flow 19-795] Syncing license key meta-data
INFO: [IP_Flow 19-793] Syncing display name meta-data
INFO: [IP_Flow 19-798] Syncing taxonomy meta-data
ipx::edit_ip_in_project: Time (s): cpu = 00:00:10 ; elapsed = 00:00:09 . Memory (MB): peak = 967.496 ; gain = 5.586
current_project 32bitstodisp
set_property core_revision 2 [ipx::current_core]
ipx::create_xgui_files [ipx::current_core]
ipx::update_checksums [ipx::current_core]
ipx::save_core [ipx::current_core]
current_project tmp_edit_project
close_project -delete
update_ip_catalog -rebuild -repo_path c:/Users/Joao/Desktop/cr/Git/Reconfigurable_Computing
INFO: [IP_Flow 19-725] Reloaded user IP repository 'c:/Users/Joao/Desktop/cr/Git/Reconfigurable_Computing'
CRITICAL WARNING: [IP_Flow 19-1663] Duplicate IP found for 'xilinx.com:user:counter:1.0'. The one found in IP location 'c:/Users/Joao/Desktop/cr/Git/Reconfigurable_Computing/Lesson3/Counter/Counter.srcs/sources_1/imports/new' will take precedence over the same IP in location c:/Users/Joao/Desktop/cr/Git/Reconfigurable_Computing/Lesson3/Counter
CRITICAL WARNING: [IP_Flow 19-1663] Duplicate IP found for 'xilinx.com:user:ex1:1.0'. The one found in IP location 'c:/Users/Joao/Desktop/cr/Git/Reconfigurable_Computing/Lesson3/Ex1/ex1.srcs' will take precedence over the same IP in location c:/Users/Joao/Desktop/cr/Git/Reconfigurable_Computing/Lesson3/Ex1/ex1.srcs/sources_1/imports/ex1.srcs
exit
INFO: [Common 17-206] Exiting Vivado at Mon Mar 27 11:58:44 2017...
