
*** Running vivado
    with args -log vlock_design_xlconstant_1_0.vds -m64 -product Vivado -mode batch -messageDb vivado.pb -notrace -source vlock_design_xlconstant_1_0.tcl


****** Vivado v2016.4 (64-bit)
  **** SW Build 1756540 on Mon Jan 23 19:11:23 MST 2017
  **** IP Build 1755317 on Mon Jan 23 20:30:07 MST 2017
    ** Copyright 1986-2016 Xilinx, Inc. All Rights Reserved.

source vlock_design_xlconstant_1_0.tcl -notrace
Starting RTL Elaboration : Time (s): cpu = 00:00:14 ; elapsed = 00:00:22 . Memory (MB): peak = 292.492 ; gain = 82.789
INFO: [Synth 8-638] synthesizing module 'vlock_design_xlconstant_1_0' [c:/Users/Joao/Desktop/cr/Git/Reconfigurable_Computing/Lesson6/Ex6_1/Ex6_1.srcs/sources_1/bd/vlock_design/ip/vlock_design_xlconstant_1_0/sim/vlock_design_xlconstant_1_0.v:56]
INFO: [Synth 8-638] synthesizing module 'xlconstant' [c:/Users/Joao/Desktop/cr/Git/Reconfigurable_Computing/Lesson6/Ex6_1/Ex6_1.srcs/sources_1/bd/vlock_design/ipshared/e147/xlconstant.v:23]
INFO: [Synth 8-256] done synthesizing module 'xlconstant' (1#1) [c:/Users/Joao/Desktop/cr/Git/Reconfigurable_Computing/Lesson6/Ex6_1/Ex6_1.srcs/sources_1/bd/vlock_design/ipshared/e147/xlconstant.v:23]
INFO: [Synth 8-256] done synthesizing module 'vlock_design_xlconstant_1_0' (2#1) [c:/Users/Joao/Desktop/cr/Git/Reconfigurable_Computing/Lesson6/Ex6_1/Ex6_1.srcs/sources_1/bd/vlock_design/ip/vlock_design_xlconstant_1_0/sim/vlock_design_xlconstant_1_0.v:56]
Finished RTL Elaboration : Time (s): cpu = 00:00:15 ; elapsed = 00:00:24 . Memory (MB): peak = 328.918 ; gain = 119.215
Finished RTL Optimization Phase 1 : Time (s): cpu = 00:00:16 ; elapsed = 00:00:24 . Memory (MB): peak = 328.918 ; gain = 119.215
INFO: [Device 21-403] Loading part xc7a100tcsg324-1
Constraint Validation Runtime : Time (s): cpu = 00:00:00 ; elapsed = 00:00:00.015 . Memory (MB): peak = 530.238 ; gain = 0.000
Finished Constraint Validation : Time (s): cpu = 00:00:33 ; elapsed = 00:00:46 . Memory (MB): peak = 530.238 ; gain = 320.535
Finished Loading Part and Timing Information : Time (s): cpu = 00:00:33 ; elapsed = 00:00:46 . Memory (MB): peak = 530.238 ; gain = 320.535
Finished applying 'set_property' XDC Constraints : Time (s): cpu = 00:00:33 ; elapsed = 00:00:46 . Memory (MB): peak = 530.238 ; gain = 320.535
Finished RTL Optimization Phase 2 : Time (s): cpu = 00:00:33 ; elapsed = 00:00:46 . Memory (MB): peak = 530.238 ; gain = 320.535
Finished Cross Boundary and Area Optimization : Time (s): cpu = 00:00:34 ; elapsed = 00:00:47 . Memory (MB): peak = 530.238 ; gain = 320.535
Finished Applying XDC Timing Constraints : Time (s): cpu = 00:00:50 ; elapsed = 00:01:05 . Memory (MB): peak = 566.543 ; gain = 356.840
Finished Timing Optimization : Time (s): cpu = 00:00:50 ; elapsed = 00:01:05 . Memory (MB): peak = 566.543 ; gain = 356.840
Finished Technology Mapping : Time (s): cpu = 00:00:50 ; elapsed = 00:01:05 . Memory (MB): peak = 576.152 ; gain = 366.449
Finished IO Insertion : Time (s): cpu = 00:00:51 ; elapsed = 00:01:05 . Memory (MB): peak = 576.152 ; gain = 366.449
Finished Renaming Generated Instances : Time (s): cpu = 00:00:51 ; elapsed = 00:01:05 . Memory (MB): peak = 576.152 ; gain = 366.449
Finished Rebuilding User Hierarchy : Time (s): cpu = 00:00:51 ; elapsed = 00:01:05 . Memory (MB): peak = 576.152 ; gain = 366.449
Finished Renaming Generated Ports : Time (s): cpu = 00:00:51 ; elapsed = 00:01:05 . Memory (MB): peak = 576.152 ; gain = 366.449
Finished Handling Custom Attributes : Time (s): cpu = 00:00:51 ; elapsed = 00:01:05 . Memory (MB): peak = 576.152 ; gain = 366.449
Finished Renaming Generated Nets : Time (s): cpu = 00:00:51 ; elapsed = 00:01:05 . Memory (MB): peak = 576.152 ; gain = 366.449

Report Cell Usage: 
+-+-----+------+
| |Cell |Count |
+-+-----+------+
+-+-----+------+
Finished Writing Synthesis Report : Time (s): cpu = 00:00:51 ; elapsed = 00:01:06 . Memory (MB): peak = 576.152 ; gain = 366.449
synth_design: Time (s): cpu = 00:00:46 ; elapsed = 00:00:52 . Memory (MB): peak = 600.473 ; gain = 384.512
